Set value for option 'direction_computation' as Gradient.
+--------------------------------------------------------------+
|       NonOpt = Nonlinear/Nonconvex/Nonsmooth Optimizer       |
| NonOpt is released as open source code under the MIT License |
| Please visit http://coral.ise.lehigh.edu/frankecurtis/nonopt |
+--------------------------------------------------------------+

This is NonOpt version 2.0

Number of variables.................. : 1000
Initial objective.................... : 6.908755e+00
Initial objective (unscaled)......... : 6.908755e+00

Approximate Hessian update strategy.. : BFGS
Derivative checker strategy.......... : FiniteDifference
Direction computation strategy....... : Gradient
Line search strategy................. : WeakWolfe
Point set update strategy............ : Proximity
QP solver (small scale) strategy..... : DualActiveSet
QP solver (large scale) strategy..... : InteriorPoint
Symmetric matrix strategy............ : Dense
Termination strategy................. : Basic

-----------------------------------------------------------------------------------------------------------------------------------------------------
  Iter.  Objective   St. Rad.  Tr. Rad.  |Pts| In. Its.  QP Pts.  QP Its. QP   QP KKT    |Step|   |Step|_H  |Grad.|  |G. Cmb.|  Stepsize Up. Fact. U?
-----------------------------------------------------------------------------------------------------------------------------------------------------
      0 +6.9088e+00 +1.00e-02 +9.99e+06      0        1        1        1  0 +2.82e-16 +9.99e-04 +9.98e-04 +9.99e-04 +9.99e-04 +1.00e+02 +1.00e+00  1
      1 +6.8036e+00 +1.00e-03 +9.99e+05      0        1        1        1  0 +2.71e-16 +1.11e-03 +1.23e-03 +1.11e-03 +1.11e-03 +1.00e+02 +1.00e+00  1
      2 +6.6722e+00 +1.00e-03 +9.99e+05      0        1        1        1  0 +0.00e+00 +1.27e-03 +1.60e-03 +1.27e-03 +1.27e-03 +1.00e+02 +1.00e+00  1
      3 +6.4976e+00 +1.00e-03 +9.99e+05      0        1        1        1  0 +0.00e+00 +1.51e-03 +2.27e-03 +1.51e-03 +1.51e-03 +1.00e+02 +1.00e+00  1
      4 +6.2400e+00 +1.00e-03 +9.99e+05      0        1        1        1  0 +0.00e+00 +1.95e-03 +3.80e-03 +1.95e-03 +1.95e-03 +1.00e+02 +1.00e+00  1
      5 +5.7617e+00 +1.00e-03 +9.99e+05      0        1        1        1  0 +0.00e+00 +3.15e-03 +9.90e-03 +3.15e-03 +3.15e-03 +1.00e+02 +1.00e+00  1
      6 +1.1899e+00 +1.00e-03 +9.99e+05      0        1        1        1  0 +0.00e+00 +3.04e-01 +9.26e+01 +3.04e-01 +3.04e-01 +7.81e-03 +0.00e+00  1
      7 +8.6484e-02 +1.00e-03 +9.99e+05      1        1        1        1  0 +0.00e+00 +1.78e-03 +1.64e+00 +9.17e-01 +9.17e-01 +7.81e-02 +0.00e+00  1
      8 +4.7943e-02 +1.00e-03 +9.99e+05      2        1        1        1  0 +0.00e+00 +7.11e-05 +6.77e-02 +9.53e-01 +9.53e-01 +7.81e-01 +0.00e+00  1
      9 +6.3891e-03 +1.00e-03 +9.99e+05      3        1        1        1  0 +0.00e+00 +2.83e-05 +2.82e-02 +9.94e-01 +9.94e-01 +2.50e-01 +0.00e+00  1
     10 +6.7444e-04 +1.00e-03 +9.99e+05      4        1        1        1  0 +0.00e+00 +3.55e-06 +3.55e-03 +9.99e-01 +9.99e-01 +2.50e-01 +0.00e+00  1
     11 +2.1336e-04 +1.00e-03 +9.99e+05      5        1        1        1  0 +0.00e+00 +4.44e-07 +4.44e-04 +1.00e+00 +1.00e+00 +5.00e-01 +0.00e+00  1
     12 +8.6817e-06 +1.00e-03 +9.99e+05      6        1        1        1  0 +0.00e+00 +1.11e-07 +1.11e-04 +1.00e+00 +1.00e+00 +1.25e-01 +3.06e-01  1
     13 +5.1987e-06 +1.00e-03 +9.99e+05      7        1        1        1  0 +0.00e+00 +1.00e-08 +1.00e-05 +1.00e+00 +1.00e+00 +1.00e+00 +5.00e-01  1
     14 +4.8012e-06 +1.00e-03 +9.99e+05      8        1        1        1  0 +0.00e+00 +1.00e-08 +1.00e-05 +1.00e+00 +1.00e+00 +5.00e-01 +7.50e-01  1
     15 +1.9878e-07 +1.00e-03 +9.99e+05      9        1        1        1  0 +0.00e+00 +1.00e-08 +1.00e-05 +1.00e+00 +1.00e+00 +3.12e-02 +0.00e+00  0
     16 +1.1372e-07 +1.00e-03 +9.99e+05     10        1        1        1  0 +0.00e+00 +1.00e-08 +1.00e-05 +1.00e+00 +1.00e+00 +1.95e-02 +0.00e+00  0
     17 +8.1590e-08 +1.00e-03 +9.99e+05     11        1        1        1  0 +0.00e+00 +1.00e-08 +1.00e-05 +1.00e+00 +1.00e+00 +1.22e-02 +0.00e+00  0
     18 +4.0481e-08 +1.00e-03 +9.99e+05     12        1        1        1  0 +0.00e+00 +1.00e-08 +1.00e-05 +1.00e+00 +1.00e+00 +7.63e-03 +0.00e+00  0
     19 +3.5813e-08 +1.00e-03 +9.99e+05     13        1        1        1  0 +0.00e+00 +1.00e-08 +1.00e-05 +1.00e+00 +1.00e+00 +4.77e-03 +0.00e+00  0
-----------------------------------------------------------------------------------------------------------------------------------------------------
  Iter.  Objective   St. Rad.  Tr. Rad.  |Pts| In. Its.  QP Pts.  QP Its. QP   QP KKT    |Step|   |Step|_H  |Grad.|  |G. Cmb.|  Stepsize Up. Fact. U?
-----------------------------------------------------------------------------------------------------------------------------------------------------
     20 +1.1870e-08 +1.00e-03 +9.99e+05     14        1        1        1  0 +0.00e+00 +1.00e-08 +1.00e-05 +1.00e+00 +1.00e+00 +1.49e-03 +0.00e+00  0
     21 +3.0308e-09 +1.00e-03 +9.99e+05     15        1        1        1  0 +0.00e+00 +1.00e-08 +1.00e-05 +1.00e+00 +1.00e+00 +4.66e-04 +0.00e+00  0
     22 +1.6258e-09 +1.00e-03 +9.99e+05     16        1        1        1  0 +0.00e+00 +1.00e-08 +1.00e-05 +1.00e+00 +1.00e+00 +2.91e-04 +0.00e+00  0
     23 +1.2846e-09 +1.00e-03 +9.99e+05     17        1        1        1  0 +0.00e+00 +1.00e-08 +1.00e-05 +1.00e+00 +1.00e+00 +1.82e-04 +0.00e+00  0
     24 +5.3438e-10 +1.00e-03 +9.99e+05     18        1        1        1  0 +0.00e+00 +1.00e-08 +1.00e-05 +1.00e+00 +1.00e+00 +1.14e-04 +0.00e+00  0
     25 +6.0249e-10 +1.00e-03 +9.99e+05     19        1        1        1  0 +0.00e+00 +1.00e-08 +1.00e-05 +1.00e+00 +1.00e+00 +7.11e-05 +0.00e+00  0
     26 +1.0805e-10 +1.00e-03 +9.99e+05     20        1        1        1  0 +0.00e+00 +1.00e-08 +1.00e-05 +1.00e+00 +1.00e+00 +2.22e-05 +0.00e+00  0
     27 +1.1399e-10 +1.00e-03 +9.99e+05     21        1        1        1  0 +0.00e+00 +1.00e-08 +1.00e-05 +1.00e+00 +1.00e+00 +2.78e-05 +0.00e+00  0
     28 +1.6356e-10 +1.00e-03 +9.99e+05     22        1        1        1  0 +0.00e+00 +1.00e-08 +1.00e-05 +1.00e+00 +1.00e+00 +3.47e-05 +0.00e+00  0
     29 +1.8338e-10 +1.00e-03 +9.99e+05     23        1        1        1  0 +0.00e+00 +1.00e-08 +1.00e-05 +1.00e+00 +1.00e+00 +4.34e-05 +0.00e+00  0
     30 +2.5030e-10 +1.00e-03 +9.99e+05     24        1        1        1  0 +0.00e+00 +1.00e-08 +1.00e-05 +1.00e+00 +1.00e+00 +5.42e-05 +0.00e+00  0
     31 +2.9180e-10 +1.00e-03 +9.99e+05     25        1        1        1  0 +0.00e+00 +1.00e-08 +1.00e-05 +1.00e+00 +1.00e+00 +6.78e-05 +0.00e+00  0
     32 +3.8582e-10 +1.00e-03 +9.99e+05     26        1        1        1  0 +0.00e+00 +1.00e-08 +1.00e-05 +1.00e+00 +1.00e+00 +8.47e-05 +0.00e+00  0
     33 +4.6121e-10 +1.00e-03 +9.99e+05     27        1        1        1  0 +0.00e+00 +1.00e-08 +1.00e-05 +1.00e+00 +1.00e+00 +5.29e-05 +0.00e+00  0
     34 +6.8185e-11 +1.00e-03 +9.99e+05     28        1        1        1  0 +0.00e+00 +1.00e-08 +1.00e-05 +1.00e+00 +1.00e+00 +1.65e-05 +0.00e+00  0
     35 +9.7251e-11 +1.00e-03 +9.99e+05     29        1        1        1  0 +0.00e+00 +1.00e-08 +1.00e-05 +1.00e+00 +1.00e+00 +2.07e-05 +0.00e+00  0
     36 +1.0954e-10 +1.00e-03 +9.99e+05     30        1        1        1  0 +0.00e+00 +1.00e-08 +1.00e-05 +1.00e+00 +1.00e+00 +2.58e-05 +0.00e+00  0
     37 +1.4895e-10 +1.00e-03 +9.99e+05     31        1        1        1  0 +0.00e+00 +1.00e-08 +1.00e-05 +1.00e+00 +1.00e+00 +3.23e-05 +0.00e+00  0
     38 +1.7417e-10 +1.00e-03 +9.99e+05     32        1        1        1  0 +0.00e+00 +1.00e-08 +1.00e-05 +1.00e+00 +1.00e+00 +4.04e-05 +0.00e+00  0
     39 +2.2973e-10 +1.00e-03 +9.99e+05     33        1        1        1  0 +0.00e+00 +1.00e-08 +1.00e-05 +1.00e+00 +1.00e+00 +5.05e-05 +0.00e+00  0
-----------------------------------------------------------------------------------------------------------------------------------------------------
  Iter.  Objective   St. Rad.  Tr. Rad.  |Pts| In. Its.  QP Pts.  QP Its. QP   QP KKT    |Step|   |Step|_H  |Grad.|  |G. Cmb.|  Stepsize Up. Fact. U?
-----------------------------------------------------------------------------------------------------------------------------------------------------
     40 +2.7514e-10 +1.00e-03 +9.99e+05     34        1        1        1  0 +0.00e+00 +1.00e-08 +1.00e-05 +1.00e+00 +1.00e+00 +6.31e-05 +0.00e+00  0
     41 +3.5595e-10 +1.00e-03 +9.99e+05     35        1        1        1  0 +0.00e+00 +1.00e-08 +1.00e-05 +1.00e+00 +1.00e+00 +6.10e-05 +0.00e+00  0
     42 +2.5440e-10 +1.00e-04 +9.99e+04     35        1        1        1  0 +0.00e+00 +1.00e-08 +1.00e-05 +1.00e+00 +1.00e+00 +3.81e-05 +0.00e+00  0
     43 +1.2707e-10 +1.00e-04 +9.99e+04     36        1        1        1  0 +0.00e+00 +1.00e-08 +1.00e-05 +1.00e+00 +1.00e+00 +2.38e-05 +0.00e+00  0
     44 +1.1135e-10 +1.00e-04 +9.99e+04     37        1        1        1  0 +0.00e+00 +1.00e-08 +1.00e-05 +1.00e+00 +1.00e+00 +2.98e-05 +0.00e+00  0
     45 +1.8667e-10 +1.00e-04 +9.99e+04     38        1        1        1  0 +0.00e+00 +1.00e-08 +1.00e-05 +1.00e+00 +1.00e+00 +3.73e-05 +0.00e+00  0
     46 +1.8586e-10 +1.00e-04 +9.99e+04     39        1        1        1  0 +0.00e+00 +1.00e-08 +1.00e-05 +1.00e+00 +1.00e+00 +4.66e-05 +0.00e+00  0
     47 +2.7980e-10 +1.00e-04 +9.99e+04     40        1        1        1  0 +0.00e+00 +1.00e-08 +1.00e-05 +1.00e+00 +1.00e+00 +5.82e-05 +0.00e+00  0
     48 +3.0227e-10 +1.00e-04 +9.99e+04     41        1        1        1  0 +0.00e+00 +1.00e-08 +1.00e-05 +1.00e+00 +1.00e+00 +3.64e-05 +0.00e+00  0
     49 +6.1523e-11 +1.00e-04 +9.99e+04     42        1        1        1  0 +0.00e+00 +1.00e-08 +1.00e-05 +1.00e+00 +1.00e+00 +1.14e-05 +0.00e+00  0
     50 +5.2164e-11 +1.00e-04 +9.99e+04     43        1        1        1  0 +0.00e+00 +1.00e-08 +1.00e-05 +1.00e+00 +1.00e+00 +1.42e-05 +0.00e+00  0
     51 +8.9945e-11 +1.00e-04 +9.99e+04     44        1        1        1  0 +0.00e+00 +1.00e-08 +1.00e-05 +1.00e+00 +1.00e+00 +1.78e-05 +0.00e+00  0
     52 +8.7691e-11 +1.00e-04 +9.99e+04     45        1        1        1  0 +0.00e+00 +1.00e-08 +1.00e-05 +1.00e+00 +1.00e+00 +2.22e-05 +0.00e+00  0
     53 +1.3435e-10 +1.00e-04 +9.99e+04     46        1        1        1  0 +0.00e+00 +1.00e-08 +1.00e-05 +1.00e+00 +1.00e+00 +2.78e-05 +0.00e+00  0
     54 +1.4320e-10 +1.00e-04 +9.99e+04     47        1        1        1  0 +0.00e+00 +1.00e-08 +1.00e-05 +1.00e+00 +1.00e+00 +3.47e-05 +0.00e+00  0
     55 +2.0374e-10 +1.00e-04 +9.99e+04     48        1        1        1  0 +0.00e+00 +1.00e-08 +1.00e-05 +1.00e+00 +1.00e+00 +4.34e-05 +0.00e+00  0
     56 +2.2994e-10 +1.00e-04 +9.99e+04     49        1        1        1  0 +0.00e+00 +1.00e-08 +1.00e-05 +1.00e+00 +1.00e+00 +5.42e-05 +0.00e+00  0
     57 +3.1216e-10 +1.00e-04 +9.99e+04     50        1        1        1  0 +0.00e+00 +1.00e-08 +1.00e-05 +1.00e+00 +1.00e+00 +6.78e-05 +0.00e+00  0
     58 +3.6546e-10 +1.00e-04 +9.99e+04     50        1        1        1  0 +0.00e+00 +1.00e-08 +1.00e-05 +1.00e+00 +1.00e+00 +4.24e-05 +0.00e+00  0
     59 +5.8053e-11 +1.00e-04 +9.99e+04     50        1        1        1  0 +0.00e+00 +1.00e-08 +1.00e-05 +1.00e+00 +1.00e+00 +1.32e-05 +0.00e+00  0
-----------------------------------------------------------------------------------------------------------------------------------------------------
  Iter.  Objective   St. Rad.  Tr. Rad.  |Pts| In. Its.  QP Pts.  QP Its. QP   QP KKT    |Step|   |Step|_H  |Grad.|  |G. Cmb.|  Stepsize Up. Fact. U?
-----------------------------------------------------------------------------------------------------------------------------------------------------
     60 +7.4295e-11 +1.00e-04 +9.99e+04     50        1        1        1  0 +0.00e+00 +1.00e-08 +1.00e-05 +1.00e+00 +1.00e+00 +1.65e-05 +0.00e+00  0
     61 +9.1141e-11 +1.00e-04 +9.99e+04     50        1        1        1  0 +0.00e+00 +1.00e-08 +1.00e-05 +1.00e+00 +1.00e+00 +2.07e-05 +0.00e+00  0
     62 +1.1565e-10 +1.00e-04 +9.99e+04     50        1        1        1  0 +0.00e+00 +1.00e-08 +1.00e-05 +1.00e+00 +1.00e+00

EXIT: Objective not improving sufficiently.

Objective............................ : 1.156546e-10
Objective (unscaled)................. : 1.156546e-10

Number of iterations................. : 62
Number of inner iterations........... : 63
Number of QP iterations.............. : 63
Number of function evaluations....... : 582
Number of gradient evaluations....... : 387

CPU seconds.......................... : 0.130724
CPU seconds in evaluations........... : 0.006452
CPU seconds in direction computations : 0.094121
CPU seconds in line searches......... : 0.009339
