Set value for option 'print_level' as 0.
Set value for option 'TB_objective_similarity_limit' as 10.
Set value for option 'TB_objective_similarity_tolerance' as 1e-05.
Set value for option 'direction_computation' as CuttingPlane.
+--------------------------------------------------------------+
|       NonOpt = Nonlinear/Nonconvex/Nonsmooth Optimizer       |
| NonOpt is released as open source code under the MIT License |
| Please visit http://coral.ise.lehigh.edu/frankecurtis/nonopt |
+--------------------------------------------------------------+

This is NonOpt version 2.0

Number of variables.................. : 1000
Initial objective.................... : 6.908755e+00
Initial objective (unscaled)......... : 6.908755e+00

Approximate Hessian update strategy.. : BFGS
Derivative checker strategy.......... : FiniteDifference
Direction computation strategy....... : CuttingPlane
Line search strategy................. : WeakWolfe
Point set update strategy............ : Proximity
QP solver (small scale) strategy..... : DualActiveSet
QP solver (large scale) strategy..... : InteriorPoint
Symmetric matrix strategy............ : Dense
Termination strategy................. : Basic

--------------------------------------------------------------------------------------------------------------------------------------------------
  Iter.  Objective   St. Rad.  Tr. Rad.  |Pts| In Its QP Pts L? QP Its S?   QP KKT    |Step|   |Step|_H  |Grad.|  |G. Cmb.|  Stepsize Up. Fact. U?
--------------------------------------------------------------------------------------------------------------------------------------------------
      0 +6.9088e+00 +1.00e-02 +9.99e+06      0      1      1  0      1  0 +2.82e-16 +9.99e-04 +9.98e-04 +9.99e-04 +9.99e-04 +1.00e+02 +1.00e+00  1
      1 +6.8036e+00 +1.00e-03 +9.99e+05      0      1      1  0      1  0 +2.71e-16 +1.11e-03 +1.23e-03 +1.11e-03 +1.11e-03 +1.00e+02 +1.00e+00  1
      2 +6.6722e+00 +1.00e-03 +9.99e+05      0      1      1  0      1  0 +0.00e+00 +1.27e-03 +1.60e-03 +1.27e-03 +1.27e-03 +1.00e+02 +1.00e+00  1
      3 +6.4976e+00 +1.00e-03 +9.99e+05      0      1      1  0      1  0 +0.00e+00 +1.51e-03 +2.27e-03 +1.51e-03 +1.51e-03 +1.00e+02 +1.00e+00  1
      4 +6.2400e+00 +1.00e-03 +9.99e+05      0      1      1  0      1  0 +0.00e+00 +1.95e-03 +3.80e-03 +1.95e-03 +1.95e-03 +1.00e+02 +1.00e+00  1
      5 +5.7617e+00 +1.00e-03 +9.99e+05      0      1      1  0      1  0 +0.00e+00 +3.15e-03 +9.90e-03 +3.15e-03 +3.15e-03 +1.00e+02 +1.00e+00  1
      6 +1.1899e+00 +1.00e-03 +9.99e+05      0      1      1  0      1  0 +0.00e+00 +3.04e-01 +9.26e+01 +3.04e-01 +3.04e-01 +7.81e-03 +0.00e+00  1
      7 +8.6484e-02 +1.00e-03 +9.99e+05      1      1      1  0      1  0 +0.00e+00 +1.78e-03 +1.64e+00 +9.17e-01 +9.17e-01 +7.81e-02 +0.00e+00  1
      8 +4.7943e-02 +1.00e-03 +9.99e+05      2      1      1  0      1  0 +0.00e+00 +7.11e-05 +6.77e-02 +9.53e-01 +9.53e-01 +7.81e-01 +0.00e+00  1
      9 +6.3891e-03 +1.00e-03 +9.99e+05      3      1      1  0      1  0 +0.00e+00 +2.83e-05 +2.82e-02 +9.94e-01 +9.94e-01 +2.50e-01 +0.00e+00  1
     10 +6.7444e-04 +1.00e-03 +9.99e+05      4      1      1  0      1  0 +0.00e+00 +3.55e-06 +3.55e-03 +9.99e-01 +9.99e-01 +2.50e-01 +0.00e+00  1
     11 +2.1336e-04 +1.00e-03 +9.99e+05      5      1      1  0      1  0 +0.00e+00 +4.44e-07 +4.44e-04 +1.00e+00 +1.00e+00 +5.00e-01 +0.00e+00  1
     12 +8.6817e-06 +1.00e-03 +9.99e+05      6      1      1  0      1  0 +0.00e+00 +1.11e-07 +1.11e-04 +1.00e+00 +1.00e+00 +1.25e-01 +3.06e-01  1
     13 +5.1987e-06 +1.00e-03 +9.99e+05      7      1      1  0      1  0 +0.00e+00 +1.00e-08 +1.00e-05 +1.00e+00 +1.00e+00 +1.00e+00 +5.00e-01  1
     14 +4.8012e-06 +1.00e-03 +9.99e+05      8      1      1  0      1  0 +0.00e+00 +1.00e-08 +1.00e-05 +1.00e+00 +1.00e+00 +5.00e-01 +7.50e-01  1
     15 +1.9878e-07 +1.00e-03 +9.99e+05      9      1      1  0      1  0 +0.00e+00 +1.00e-08 +1.00e-05 +1.00e+00 +1.00e+00 +3.12e-02 +0.00e+00  0
     16 +1.1372e-07 +1.00e-03 +9.99e+05     10      1      1  0      1  0 +0.00e+00 +1.00e-08 +1.00e-05 +1.00e+00 +1.00e+00 +1.95e-02 +0.00e+00  0
     17 +8.1590e-08 +1.00e-03 +9.99e+05     11      1      1  0      1  0 +0.00e+00 +1.00e-08 +1.00e-05 +1.00e+00 +1.00e+00 +1.22e-02 +0.00e+00  0
     18 +4.0481e-08 +1.00e-03 +9.99e+05     12      1      1  0      1  0 +0.00e+00 +1.00e-08 +1.00e-05 +1.00e+00 +1.00e+00 +7.63e-03 +0.00e+00  0
     19 +3.5813e-08 +1.00e-03 +9.99e+05     13      1      1  0      1  0 +0.00e+00 +1.00e-08 +1.00e-05 +1.00e+00 +1.00e+00 +4.77e-03 +0.00e+00  0
--------------------------------------------------------------------------------------------------------------------------------------------------
  Iter.  Objective   St. Rad.  Tr. Rad.  |Pts| In Its QP Pts L? QP Its S?   QP KKT    |Step|   |Step|_H  |Grad.|  |G. Cmb.|  Stepsize Up. Fact. U?
--------------------------------------------------------------------------------------------------------------------------------------------------
     20 +1.1870e-08 +1.00e-03 +9.99e+05     14      1      1  0      1  0 +0.00e+00 +1.00e-08 +1.00e-05 +1.00e+00 +1.00e+00 +1.49e-03 +0.00e+00  0
     21 +3.0308e-09 +1.00e-03 +9.99e+05     15      2     15  0      4  0 +1.33e-15 +2.28e-14 +5.18e-17 +1.00e+00 +2.28e-06 +1.00e+00 +0.00e+00  0
     22 +3.0081e-09 +1.00e-04 +9.99e+04     15      2     16  0      4  0 +1.11e-13 +2.29e-14 +5.23e-17 +1.00e+00 +2.29e-06

EXIT: Stationary point found.

Objective............................ : 3.008077e-09
Objective (unscaled)................. : 3.008077e-09

Number of iterations................. : 22
Number of inner iterations........... : 25
Number of QP iterations.............. : 29
Number of function evaluations....... : 414
Number of gradient evaluations....... : 347

CPU seconds.......................... : 0.107499
CPU seconds in evaluations........... : 0.007807
CPU seconds in direction computations : 0.065921
CPU seconds in line searches......... : 0.010402
