Set value for option 'direction_computation' as CuttingPlane.
+--------------------------------------------------------------+
|       NonOpt = Nonlinear/Nonconvex/Nonsmooth Optimizer       |
| NonOpt is released as open source code under the MIT License |
| Please visit http://coral.ise.lehigh.edu/frankecurtis/nonopt |
+--------------------------------------------------------------+

This is NonOpt version 2.0

Number of variables.................. : 1000
Initial objective.................... : 1.998000e+03
Initial objective (unscaled)......... : 1.998000e+03

Approximate Hessian update strategy.. : BFGS
Derivative checker strategy.......... : FiniteDifference
Direction computation strategy....... : CuttingPlane
Line search strategy................. : WeakWolfe
Point set update strategy............ : Proximity
QP solver (small scale) strategy..... : DualActiveSet
QP solver (large scale) strategy..... : InteriorPoint
Symmetric matrix strategy............ : Dense
Termination strategy................. : Basic

--------------------------------------------------------------------------------------------------------------------------------------------------
  Iter.  Objective   St. Rad.  Tr. Rad.  |Pts| In Its QP Pts L? QP Its S?   QP KKT    |Step|   |Step|_H  |Grad.|  |G. Cmb.|  Stepsize Up. Fact. U?
--------------------------------------------------------------------------------------------------------------------------------------------------
      0 +1.9980e+03 +4.00e-01 +4.00e+10      0      1      1  0      1  0 +0.00e+00 +4.00e+00 +1.60e+04 +4.00e+00 +4.00e+00 +1.25e-01 +0.00e+00  1
      1 +8.4045e+02 +4.00e-01 +4.00e+10      1      1      1  0      1  0 +0.00e+00 +4.63e-01 +4.65e+02 +1.62e+00 +1.62e+00 +2.55e+00 +0.00e+00  1
      2 +5.0612e+02 +4.00e-01 +4.00e+10      1      1      1  0      1  0 +0.00e+00 +5.73e-01 +6.34e+02 +1.63e+00 +1.63e+00 +1.00e+00 +0.00e+00  1
      3 +2.3141e+02 +4.00e-01 +4.00e+10      2      1      1  0      1  0 +0.00e+00 +1.43e+00 +3.99e+02 +1.90e+00 +1.90e+00 +1.00e+00 +0.00e+00  1
      4 +1.8847e+02 +4.00e-01 +4.00e+10      3      1      1  0      1  0 +0.00e+00 +7.81e-01 +2.07e+02 +2.00e+00 +2.00e+00 +1.00e+00 +0.00e+00  1
      5 +3.3376e+01 +4.00e-01 +4.00e+10      4      1      1  0      1  0 +0.00e+00 +1.72e+00 +1.25e+02 +2.00e+00 +2.00e+00 +5.00e-01 +0.00e+00  1
      6 +3.0540e+01 +4.00e-01 +4.00e+10      5      1      1  0      1  0 +0.00e+00 +6.94e-01 +3.27e+01 +2.00e+00 +2.00e+00 +1.00e+00 +0.00e+00  1
      7 +7.8557e+00 +4.00e-01 +4.00e+10      6      1      1  0      1  0 +3.55e-15 +1.69e+00 +3.02e+01 +2.00e+00 +2.00e+00 +2.50e-01 +0.00e+00  1
      8 +5.2742e+00 +4.00e-01 +4.00e+10      7      1      1  0      1  0 +0.00e+00 +2.53e+00 +2.40e+01 +2.00e+00 +2.00e+00 +1.25e-01 +0.00e+00  1
      9 +5.2002e+00 +4.00e-01 +4.00e+10      8      1      1  0      1  0 +0.00e+00 +2.19e+00 +1.41e+01 +2.00e+00 +2.00e+00 +6.25e-02 +0.00e+00  1
     10 +4.7158e+00 +4.00e-01 +4.00e+10      9      1      1  0      1  0 +0.00e+00 +1.87e+00 +1.19e+01 +2.00e+00 +2.00e+00 +3.12e-01 +0.00e+00  1
     11 +4.0223e+00 +4.00e-01 +4.00e+10     10      1      1  0      1  0 +7.11e-15 +5.87e+00 +4.43e+01 +2.00e+00 +2.00e+00 +3.12e-02 +0.00e+00  1
     12 +3.5325e+00 +4.00e-01 +4.00e+10     11      1      1  0      1  0 +0.00e+00 +3.60e+00 +1.77e+01 +2.00e+00 +2.00e+00 +3.91e-02 +0.00e+00  1
     13 +3.3596e+00 +4.00e-01 +4.00e+10     12      1      1  0      1  0 +0.00e+00 +1.03e+00 +6.29e+00 +2.00e+00 +2.00e+00 +1.95e-01 +0.00e+00  1
     14 +3.0557e+00 +4.00e-01 +4.00e+10     13      1      1  0      1  0 +0.00e+00 +6.02e-01 +4.72e+00 +2.00e+00 +2.00e+00 +1.00e+00 +0.00e+00  1
     15 +2.8703e+00 +4.00e-01 +4.00e+10     14      1      1  0      1  0 +0.00e+00 +1.87e+00 +1.29e+01 +2.00e+00 +2.00e+00 +6.25e-02 +0.00e+00  1
     16 +2.8482e+00 +4.00e-01 +4.00e+10     15      1      1  0      1  0 +0.00e+00 +1.82e+00 +1.70e+01 +2.00e+00 +2.00e+00 +1.95e-02 +0.00e+00  1
     17 +2.8218e+00 +4.00e-01 +4.00e+10     16      1      1  0      1  0 +0.00e+00 +3.31e+00 +2.29e+01 +2.00e+00 +2.00e+00 +2.44e-02 +0.00e+00  1
     18 +2.7854e+00 +4.00e-01 +4.00e+10     17      1      1  0      1  0 +0.00e+00 +8.87e-01 +5.39e+00 +2.00e+00 +2.00e+00 +2.44e-01 +0.00e+00  1
     19 +1.5886e+00 +4.00e-01 +4.00e+10     18      1      1  0      1  0 +0.00e+00 +7.01e+00 +4.02e+01 +2.00e+00 +2.00e+00 +3.12e-02 +0.00e+00  1
--------------------------------------------------------------------------------------------------------------------------------------------------
  Iter.  Objective   St. Rad.  Tr. Rad.  |Pts| In Its QP Pts L? QP Its S?   QP KKT    |Step|   |Step|_H  |Grad.|  |G. Cmb.|  Stepsize Up. Fact. U?
--------------------------------------------------------------------------------------------------------------------------------------------------
     20 +1.3222e+00 +4.00e-01 +4.00e+10     19      2      8  0      3  0 +2.81e+00 +4.62e-01 +1.81e+00 +2.00e+00 +2.00e+00 +1.22e-03 +0.00e+00  1
     21 +1.3218e+00 +4.00e-01 +4.00e+10     20      1      1  0      1  0 +0.00e+00 +3.98e-01 +4.07e+00 +2.00e+00 +2.00e+00 +2.07e-01 +0.00e+00  1
     22 +1.0557e+00 +4.00e-01 +4.00e+10     21      1      1  0      1  0 +0.00e+00 +2.03e-01 +2.39e+00 +2.00e+00 +2.00e+00 +2.50e-01 +0.00e+00  1
     23 +9.5743e-01 +4.00e-01 +4.00e+10     22      1      1  0      1  0 +0.00e+00 +2.27e-01 +2.04e+00 +2.00e+00 +2.00e+00 +2.50e-01 +0.00e+00  1
     24 +6.4881e-01 +4.00e-01 +4.00e+10     23      1      1  0      1  0 +0.00e+00 +4.06e-01 +2.54e+00 +2.00e+00 +2.00e+00 +1.25e-01 +0.00e+00  1
     25 +6.3482e-01 +4.00e-01 +4.00e+10     24      1      1  0      1  0 +0.00e+00 +9.55e-02 +1.15e+00 +2.00e+00 +2.00e+00 +5.00e-01 +0.00e+00  1
     26 +2.5719e-01 +4.00e-01 +4.00e+10     25      1      1  0      1  0 +0.00e+00 +1.14e-01 +1.16e+00 +2.00e+00 +2.00e+00 +1.25e-01 +0.00e+00  1
     27 +2.0184e-01 +4.00e-01 +4.00e+10     26      1      1  0      1  0 +0.00e+00 +6.90e-02 +8.51e-01 +2.00e+00 +2.00e+00 +2.50e-01 +0.00e+00  1
     28 +1.7520e-01 +4.00e-01 +4.00e+10     27      1      1  0      1  0 +0.00e+00 +5.71e-02 +5.03e-01 +2.00e+00 +2.00e+00 +1.25e-01 +0.00e+00  1
     29 +1.7498e-01 +4.00e-01 +4.00e+10     28      2     20  0     10  0 +7.05e-14 +1.36e-02 +2.80e-02 +2.00e+00 +1.27e+00 +5.00e-01 +0.00e+00  1
     30 +1.6399e-01 +4.00e-02 +4.00e+09     27      2      5  0      2  0 +0.00e+00 +1.30e+00 +3.52e+00 +2.00e+00 +2.00e+00 +4.88e-04 +0.00e+00  1
     31 +1.6193e-01 +4.00e-02 +4.00e+09     28      1      1  0      1  0 +0.00e+00 +9.20e-02 +7.02e-01 +2.00e+00 +2.00e+00 +1.03e-01 +0.00e+00  1
     32 +1.4181e-01 +4.00e-02 +4.00e+09     29      1      1  0      1  0 +0.00e+00 +2.70e-02 +3.89e-01 +2.00e+00 +2.00e+00 +2.50e-01 +0.00e+00  1
     33 +1.0756e-01 +4.00e-02 +4.00e+09     30      1      1  0      1  0 +0.00e+00 +4.94e-02 +4.05e-01 +2.00e+00 +2.00e+00 +1.25e-01 +0.00e+00  1
     34 +1.0124e-01 +4.00e-02 +4.00e+09     31      3     11  0      6  0 +2.31e-14 +8.94e-03 +5.34e-02 +2.00e+00 +2.00e+00 +1.00e+00 +0.00e+00  1
     35 +6.1729e-02 +4.00e-02 +4.00e+09     34      1      1  0      1  0 +0.00e+00 +3.18e-01 +4.19e-01 +2.00e+00 +2.00e+00 +1.95e-03 +0.00e+00  1
     36 +6.1711e-02 +4.00e-02 +4.00e+09     35      1      1  0      1  0 +0.00e+00 +4.64e-02 +3.48e-01 +2.00e+00 +2.00e+00 +4.39e-02 +0.00e+00  1
     37 +5.6650e-02 +4.00e-02 +4.00e+09     36      1      1  0      1  0 +0.00e+00 +2.66e-01 +2.51e+00 +2.00e+00 +2.00e+00 +6.87e-03 +0.00e+00  1
     38 +4.7871e-02 +4.00e-02 +4.00e+09     37      1      1  0      1  0 +0.00e+00 +2.12e-02 +2.87e-01 +2.00e+00 +2.00e+00 +6.87e-02 +0.00e+00  1
     39 +4.2193e-02 +4.00e-02 +4.00e+09     38      1      1  0      1  0 +0.00e+00 +6.15e-03 +8.84e-02 +2.00e+00 +2.00e+00 +3.43e-01 +0.00e+00  1
--------------------------------------------------------------------------------------------------------------------------------------------------
  Iter.  Objective   St. Rad.  Tr. Rad.  |Pts| In Its QP Pts L? QP Its S?   QP KKT    |Step|   |Step|_H  |Grad.|  |G. Cmb.|  Stepsize Up. Fact. U?
--------------------------------------------------------------------------------------------------------------------------------------------------
     40 +3.0884e-02 +4.00e-02 +4.00e+09     39      2     17  0      6  0 +4.67e-03 +1.86e-03 +1.25e-02 +2.00e+00 +1.28e+00 +1.00e+00 +0.00e+00  1
     41 +1.5393e-02 +4.00e-02 +4.00e+09     40      2     18  0     11  0 +3.50e-03 +2.70e-03 +2.56e-03 +2.00e+00 +9.96e-01 +2.50e-01 +0.00e+00  1
     42 +1.3630e-02 +4.00e-02 +4.00e+09     42      2     20  0      6  0 +2.20e-02 +1.90e-03 +1.08e-02 +2.00e+00 +1.01e+00 +1.25e-01 +0.00e+00  1
     43 +1.3576e-02 +4.00e-02 +4.00e+09     44      2     22  0      7  0 +4.81e-03 +1.44e-03 +2.16e-03 +2.00e+00 +1.71e+00 +1.00e+00 +0.00e+00  1
     44 +1.1070e-02 +4.00e-02 +4.00e+09     45      2     23  0      7  0 +7.86e-03 +6.23e-04 +8.66e-03 +2.00e+00 +1.82e+00 +5.00e-01 +0.00e+00  1
     45 +9.0449e-03 +4.00e-02 +4.00e+09     47      2     25  0      8  0 +5.21e-03 +3.78e-04 +3.57e-03 +2.00e+00 +1.45e+00 +5.00e-01 +0.00e+00  1
     46 +7.4785e-03 +4.00e-02 +4.00e+09     49      2     27  1      8  0 +1.43e-04 +3.46e-04 +7.57e-04 +2.00e+00 +8.67e-01 +1.00e+00 +0.00e+00  1
     47 +7.3676e-03 +4.00e-02 +4.00e+09     50      2     28  1      8  0 +5.28e-05 +3.42e-04 +1.00e-03 +2.00e+00 +9.18e-01 +1.00e+00 +0.00e+00  1
     48 +5.5038e-03 +4.00e-02 +4.00e+09     50      2     29  1      9  0 +4.16e-04 +4.84e-04 +4.90e-04 +2.00e+00 +7.79e-01 +2.50e-01 +0.00e+00  1
     49 +5.4944e-03 +4.00e-02 +4.00e+09     50      2     31  1      9  0 +1.10e-04 +2.40e-04 +7.98e-04 +2.00e+00 +1.01e+00 +1.00e+00 +0.00e+00  1
     50 +1.5260e-03 +4.00e-02 +4.00e+09     50      2     32  1      9  0 +1.59e-04 +8.38e-05 +2.08e-04 +2.00e+00 +7.44e-01 +1.00e+00 +0.00e+00  1
     51 +7.1909e-04 +4.00e-02 +4.00e+09     50      2     33  1     10  0 +2.72e-05 +2.58e-05 +5.32e-05 +2.00e+00 +6.57e-01 +1.00e+00 +0.00e+00  1
     52 +4.2090e-04 +4.00e-02 +4.00e+09     50      2     34  1     10  0 +1.69e-05 +1.40e-05 +8.42e-05 +2.00e+00 +8.53e-01 +1.00e+00 +0.00e+00  1
     53 +3.3270e-04 +4.00e-02 +4.00e+09     50      2     35  1     10  0 +1.73e-05 +2.31e-05 +1.77e-05 +2.00e+00 +5.42e-01 +5.00e-01 +0.00e+00  1
     54 +2.9703e-04 +4.00e-02 +4.00e+09     50      2     37  1     11  0 +6.05e-06 +1.08e-05 +9.02e-06 +2.00e+00 +3.80e-01 +1.00e+00 +0.00e+00  1
     55 +2.1739e-04 +4.00e-02 +4.00e+09     50      2     38  1     11  0 +1.20e-05 +1.26e-05 +1.30e-05 +2.00e+00 +5.23e-01 +5.00e-01 +2.46e-01  1
     56 +1.8347e-04 +4.00e-02 +4.00e+09     50      2     40  1     11  0 +1.05e-05 +7.76e-06 +1.74e-05 +2.00e+00 +4.39e-01 +1.00e+00 +0.00e+00  1
     57 +1.6091e-04 +4.00e-02 +4.00e+09     50      2     41  1     12  0 +9.41e-06 +6.73e-06 +1.73e-05 +2.00e+00 +5.16e-01 +1.00e+00 +0.00e+00  1
     58 +1.2387e-04 +4.00e-02 +4.00e+09     50      2     42  1     12  0 +2.41e-06 +3.79e-06 +4.81e-06 +2.00e+00 +5.82e-01 +5.00e-01 +0.00e+00  1
     59 +1.1918e-04 +4.00e-02 +4.00e+09     50      2     44  1     12  0 +1.06e-05 +5.52e-06 +3.71e-06 +2.00e+00 +2.32e-01 +1.00e+00 +0.00e+00  1
--------------------------------------------------------------------------------------------------------------------------------------------------
  Iter.  Objective   St. Rad.  Tr. Rad.  |Pts| In Its QP Pts L? QP Its S?   QP KKT    |Step|   |Step|_H  |Grad.|  |G. Cmb.|  Stepsize Up. Fact. U?
--------------------------------------------------------------------------------------------------------------------------------------------------
     60 +9.4125e-05 +4.00e-02 +4.00e+09     50      3     47  1     25  0 +5.08e-06 +5.92e-06 +5.67e-06 +2.00e+00 +5.56e-01 +1.00e+00 +0.00e+00  1
     61 +8.2334e-05 +4.00e-02 +4.00e+09     50      2     48  1     13  0 +3.26e-06 +3.90e-06 +3.00e-06 +2.00e+00 +3.45e-01 +5.00e-01 +7.64e-01  1
     62 +7.4759e-05 +4.00e-02 +4.00e+09     50      2     50  1     14  0 +5.43e-06 +2.53e-06 +6.90e-06 +2.00e+00 +8.50e-01 +1.00e+00 +0.00e+00  1
     63 +4.6300e-05 +4.00e-02 +4.00e+09     50      2     51  1     14  0 +2.30e-06 +2.04e-06 +2.96e-06 +2.00e+00 +5.99e-01 +5.00e-01 +0.00e+00  1
     64 +3.9822e-05 +4.00e-02 +4.00e+09     50      2     51  1     14  0 +2.73e-06 +2.73e-06 +3.40e-06 +2.00e+00 +7.34e-01 +1.25e-01 +0.00e+00  1
     65 +3.8424e-05 +4.00e-02 +4.00e+09     50      2     51  1     14  0 +8.38e-07 +2.11e-06 +3.88e-06 +2.00e+00 +1.33e+00 +5.00e-01 +8.92e-01  1
     66 +3.4578e-05 +4.00e-02 +4.00e+09     50      2     51  1     14  0 +7.45e-06 +1.88e-06 +6.91e-07 +2.00e+00 +4.87e-01 +5.00e-01 +8.77e-01  1
     67 +2.9628e-05 +4.00e-02 +4.00e+09     50      2     51  1     14  0 +1.71e-06 +2.53e-06 +1.68e-06 +2.00e+00 +7.53e-01 +1.00e+00 +7.20e-01  1
     68 +2.0651e-05 +4.00e-02 +4.00e+09     50      2     51  1     14  0 +2.16e-06 +6.07e-07 +2.06e-06 +2.00e+00 +8.50e-01 +1.00e+00 +8.24e-01  1
     69 +1.3759e-05 +4.00e-02 +4.00e+09     50      2     51  1     14  0 +6.67e-07 +5.75e-07 +1.00e-06 +2.00e+00 +4.62e-01 +1.00e+00 +8.79e-01  1
     70 +7.4757e-06 +4.00e-02 +4.00e+09     50      2     51  1     14  0 +2.09e-06 +7.13e-07 +3.22e-07 +2.00e+00 +3.30e-01 +1.25e-01 +0.00e+00  1
     71 +7.3184e-06 +4.00e-02 +4.00e+09     50      2     51  1     14  0 +1.09e-06 +2.24e-07 +3.70e-07 +2.00e+00 +8.74e-01 +1.00e+00 +9.57e-01  1
     72 +2.7671e-06 +4.00e-02 +4.00e+09     50      2     51  1     14  0 +4.45e-07 +9.87e-08 +7.81e-08 +2.00e+00 +3.56e-01 +1.00e+00 +0.00e+00  1
     73 +1.5835e-06 +4.00e-02 +4.00e+09     50      2     51  1     14  0 +1.06e-06 +7.01e-08 +3.63e-08 +2.00e+00 +2.16e-01 +2.50e-01 +5.89e-01  1
     74 +1.5047e-06 +4.00e-02 +4.00e+09     50      2     51  1     14  0 +1.90e-05 +3.10e-06 +2.94e-06 +2.00e+00 +7.71e-01 +7.81e-03 +6.50e-01  1
     75 +1.4942e-06 +4.00e-02 +4.00e+09     50      2     51  1     14  0 +1.22e-07 +1.27e-07 +1.44e-07 +2.00e+00 +1.24e+00 +7.81e-02 +1.00e+00  1
     76 +1.4100e-06 +4.00e-02 +4.00e+09     50      2     51  1     13  0 +5.61e-09 +6.93e-08 +8.75e-08 +2.00e+00 +8.68e-01 +7.81e-01 +6.36e-01  1
     77 +4.3820e-07 +4.00e-02 +4.00e+09     50      2     51  1     14  0 +1.03e-07 +1.76e-08 +1.29e-08 +2.00e+00 +4.67e-01 +1.00e+00 +9.97e-01  1
     78 +2.0175e-07 +4.00e-02 +4.00e+09     50      2     51  1     14  0 +1.16e-07 +5.78e-08 +5.11e-09 +2.00e+00 +2.39e-01 +3.12e-02 +0.00e+00  0
     79 +1.9824e-07 +4.00e-02 +4.00e+09     50      2     51  1     14  0 +6.86e-09 +9.84e-09 +3.89e-09 +2.00e+00 +2.26e-01 +1.87e+00 +9.95e-01  1
--------------------------------------------------------------------------------------------------------------------------------------------------
  Iter.  Objective   St. Rad.  Tr. Rad.  |Pts| In Its QP Pts L? QP Its S?   QP KKT    |Step|   |Step|_H  |Grad.|  |G. Cmb.|  Stepsize Up. Fact. U?
--------------------------------------------------------------------------------------------------------------------------------------------------
     80 +1.8302e-07 +4.00e-02 +4.00e+09     50      1      1  0      1  0 +0.00e+00 +1.96e-06 +3.99e-05 +2.00e+00 +2.00e+00 +3.91e-03 +9.98e-01  1
     81 +1.5239e-07 +4.00e-02 +4.00e+09     50      2     51  1     12  0 +9.16e-08 +5.26e-07 +2.06e-07 +2.00e+00 +4.06e-01 +2.44e-03 +0.00e+00  0
     82 +1.5202e-07 +4.00e-02 +4.00e+09     50      2     51  1     12  0 +9.28e-08 +1.43e-08 +2.21e-09 +2.00e+00 +1.37e-01 +5.00e-01 +9.65e-01  1
     83 +1.0925e-07 +4.00e-03 +4.00e+08     50      2     51  1     13  0 +6.58e-08 +5.53e-09 +3.48e-10 +2.00e+00 +3.71e-02 +1.00e+00 +9.99e-01  1
     84 +6.0302e-08 +4.00e-03 +4.00e+08     50      2     51  1     13  0 +3.44e-08 +1.66e-09 +3.97e-10 +2.00e+00 +5.96e-02 +1.00e+00 +0.00e+00  0
     85 +2.3651e-08 +4.00e-03 +4.00e+08     50      2     51  1     13  0 +4.37e-08 +8.82e-10 +4.05e-11 +2.00e+00 +2.17e-02 +2.50e-01 +0.00e+00  0
     86 +2.1566e-08 +4.00e-03 +4.00e+08     50      3     53  1     26  0 +6.32e-08 +1.18e-05 +6.34e-08 +2.00e+00 +6.10e-02 +2.24e-08 +0.00e+00  0
     87 +2.1641e-08 +4.00e-03 +4.00e+08     50      3     53  1     24  0 +8.20e-08 +9.83e-07 +9.39e-08 +2.00e+00 +2.76e-01 +2.24e-07 +0.00e+00  0
     88 +2.1641e-08 +4.00e-03 +4.00e+08     50      3     53  1     28  0 +1.66e-07 +2.96e-04 +2.89e-07 +2.00e+00 +3.20e-01 +1.75e-08 +0.00e+00  0
     89 +2.1695e-08 +4.00e-03 +4.00e+08     50      3     53  1     33  0 +1.80e-07 +6.52e-08 +5.12e-09 +2.00e+00 +2.63e-01 +1.91e-04 +0.00e+00  0
     90 +2.1780e-08 +4.00e-03 +4.00e+08     50      3     53  1     28  0 +1.14e-06 +1.69e-07 +2.11e-08 +2.00e+00 +3.89e-01 +1.19e-04 +0.00e+00  0
     91 +2.1830e-08 +4.00e-03 +4.00e+08     50      3     53  1     28  0 +3.16e-06 +4.00e-07 +1.43e-07 +2.00e+00 +4.87e-01 +7.46e-05 +0.00e+00  0
     92 +2.1927e-08 +4.00e-03 +4.00e+08     50      3     53  1     28  0 +1.06e-05 +1.51e-06 +7.27e-07 +2.00e+00 +4.54e-01 +2.33e-05 +0.00e+00  0
     93 +2.2012e-08 +4.00e-03 +4.00e+08     50      3     53  1     28  0 +2.41e-04 +2.96e-04 +1.51e-06 +2.00e+00 +4.56e-01 +5.69e-08 +0.00e+00  0
     94 +2.2072e-08 +4.00e-03 +4.00e+08     50      3     53  1     28  0 +2.04e-07 +6.07e-04 +1.84e-06 +2.00e+00 +4.27e-01 +2.84e-07 +0.00e+00  0
     95 +2.2121e-08 +4.00e-03 +4.00e+08     50      3     52  1     27  0 +1.27e-05 +6.91e-03 +1.86e-04 +2.00e+00 +3.85e-01 +5.56e-09 +0.00e+00  0
     96 +2.2125e-08 +4.00e-03 +4.00e+08     50      3     53  1     28  0 +2.78e-04 +9.14e-05 +2.07e-05 +2.00e+00 +6.50e-01 +5.56e-08 +0.00e+00  0
     97 +2.2119e-08 +4.00e-03 +4.00e+08     50      3     53  1     28  0 +2.32e-06 +9.79e-04 +1.95e-05 +2.00e+00 +5.19e-01 +8.68e-09 +0.00e+00  0
     98 +2.2186e-08 +4.00e-03 +4.00e+08     50      3     53  1     33  0 +1.55e-05 +6.53e-06 +2.30e-06 +2.00e+00 +5.17e-01 +1.20e-05 +0.00e+00  0
     99 +2.2150e-08 +4.00e-03 +4.00e+08     50      3     53  1     28  0 +4.36e-05 +1.73e-05 +4.80e-06 +2.00e+00 +7.29e-01 +1.88e-06 +0.00e+00  0
--------------------------------------------------------------------------------------------------------------------------------------------------
  Iter.  Objective   St. Rad.  Tr. Rad.  |Pts| In Its QP Pts L? QP Its S?   QP KKT    |Step|   |Step|_H  |Grad.|  |G. Cmb.|  Stepsize Up. Fact. U?
--------------------------------------------------------------------------------------------------------------------------------------------------
    100 +2.2221e-08 +4.00e-03 +4.00e+08     50      3     52  1     27  0 +5.77e-05 +6.52e-05 +5.65e-06 +2.00e+00 +1.10e+00 +5.86e-07 +0.00e+00  0
    101 +2.2286e-08 +4.00e-03 +4.00e+08     50      3     53  1     28  0 +2.04e-05 +2.19e-06 +2.95e-06 +2.00e+00 +9.34e-01 +5.86e-06 +0.00e+00  0
    102 +2.2186e-08 +4.00e-03 +4.00e+08     50      3     53  1     28  0 +2.06e-05 +5.40e-06 +2.76e-06 +2.00e+00 +7.36e-01 +1.47e-05 +0.00e+00  0
    103 +2.2070e-08 +4.00e-03 +4.00e+08     50      3     52  1     27  0 +3.23e-04 +6.33e-04 +3.20e-04 +2.00e+00 +1.11e+00 +7.16e-08 +0.00e+00  0
    104 +2.2164e-08 +4.00e-03 +4.00e+08     50      3     53  1     28  0 +8.28e-06 +4.04e-06 +5.03e-06 +2.00e+00 +1.34e+00 +6.68e-06 +0.00e+00  0
    105 +2.2184e-08 +4.00e-03 +4.00e+08     50      3     53  1     28  0 +2.11e-04 +2.60e-04 +3.06e-06 +2.00e+00 +1.18e+00 +1.04e-06 +0.00e+00  0
    106 +2.2186e-08 +4.00e-03 +4.00e+08     50      3     53  1     28  0 +1.84e-06 +1.03e-06 +1.94e-06 +2.00e+00 +1.00e+00 +3.05e-05 +0.00e+00  0
    107 +2.2246e-08 +4.00e-04 +4.00e+07     50      3     45  1     24  0 +5.99e-04 +2.56e-04 +1.07e-05 +2.00e+00 +1.10e+00 +2.98e-07 +0.00e+00  0
    108 +2.2316e-08 +4.00e-04 +4.00e+07     50      3     45  1     24  0 +1.66e-04 +8.31e-05 +1.69e-05 +2.00e+00 +1.05e+00 +7.45e-07 +0.00e+00  0
    109 +2.2386e-08 +4.00e-04 +4.00e+07     50      3     46  1     30  0 +1.34e-07 +1.30e-06 +1.36e-06 +2.00e+00 +7.73e-01 +3.13e-05 +0.00e+00  0
    110 +2.2415e-08 +4.00e-04 +4.00e+07     50      3     48  1     25  0 +6.60e-05 +4.82e-06 +1.96e-06 +2.00e+00 +9.02e-01 +9.78e-06 +0.00e+00  0
    111 +2.2418e-08 +4.00e-04 +4.00e+07     50      3     49  1     26  0 +1.10e-05 +2.91e-06 +2.23e-06 +2.00e+00 +9.73e-01 +6.11e-06 +0.00e+00  0
    112 +2.2459e-08 +4.00e-04 +4.00e+07     50      3     50  1     26  0 +2.22e-05 +3.06e-06 +1.78e-06 +2.00e+00 +8.57e-01 +3.06e-05 +0.00e+00  0
    113 +2.2454e-08 +4.00e-04 +4.00e+07     50      3     50  1     36  0 +3.61e-05 +7.98e-05 +4.35e-06 +2.00e+00 +7.52e-01 +3.73e-08 +0.00e+00  0
    114 +2.2474e-08 +4.00e-04 +4.00e+07     50      3     49  1     26  0 +5.38e-04 +1.50e-02 +2.18e-03 +2.00e+00 +8.56e-01 +2.91e-09 +0.00e+00  0
    115 +2.2502e-08 +4.00e-04 +4.00e+07     50      3     50  1     27  0 +9.24e-05 +2.30e-05 +1.55e-05 +2.00e+00 +1.01e+00 +3.01e-06 +0.00e+00  0
    116 +2.2499e-08 +4.00e-04 +4.00e+07     50      3     50  1     27  0 +5.07e-05 +2.37e-05 +1.48e-05 +2.00e+00 +1.03e+00 +9.40e-07 +0.00e+00  0
    117 +2.2521e-08 +4.00e-04 +4.00e+07     50      3     51  1     27  0 +8.92e-05 +3.28e-05 +1.71e-05 +2.00e+00 +1.00e+00 +5.88e-07 +0.00e+00  0
    118 +2.2585e-08 +4.00e-04 +4.00e+07     50      3     50  1     27  0 +1.33e-04 +1.79e-02 +4.52e-03 +2.00e+00 +9.23e-01 +1.43e-09 +0.00e+00  0
    119 +2.2521e-08 +4.00e-04 +4.00e+07     50      3     51  1     27  0 +8.78e-06 +1.69e-06 +1.25e-06 +2.00e+00 +8.67e-01 +1.19e-05 +0.00e+00  0
--------------------------------------------------------------------------------------------------------------------------------------------------
  Iter.  Objective   St. Rad.  Tr. Rad.  |Pts| In Its QP Pts L? QP Its S?   QP KKT    |Step|   |Step|_H  |Grad.|  |G. Cmb.|  Stepsize Up. Fact. U?
--------------------------------------------------------------------------------------------------------------------------------------------------
    120 +2.2569e-08 +4.00e-04 +4.00e+07     50      3     51  1     27  0 +7.72e-04 +1.14e-03 +7.80e-04 +2.00e+00 +1.02e+00 +2.91e-08 +0.00e+00  0
    121 +2.2474e-08 +4.00e-04 +4.00e+07     50      3     51  1     27  0 +9.56e-05 +6.14e-05 +1.22e-05 +2.00e+00 +9.88e-01 +2.91e-07 +0.00e+00  0
    122 +2.2472e-08 +4.00e-04 +4.00e+07     50      3     51  1     27  0 +3.57e-04 +5.82e-04 +1.02e-04 +2.00e+00 +9.36e-01 +1.82e-07 +0.00e+00  0
    123 +2.2164e-08 +4.00e-04 +4.00e+07     50      3     52  1     27  0 +2.19e-04 +2.43e-05 +2.12e-05 +2.00e+00 +7.74e-01 +4.55e-07 +0.00e+00  0
    124 +2.2200e-08 +4.00e-04 +4.00e+07     50      3     51  1     27  0 +5.88e-04 +7.10e-04 +2.23e-04 +2.00e+00 +7.28e-01 +7.11e-08 +0.00e+00  0
    125 +2.2269e-08 +4.00e-04 +4.00e+07     50      3     53  1     28  0 +1.36e-04 +4.33e-05 +2.20e-05 +2.00e+00 +7.16e-01 +3.69e-06 +0.00e+00  0
    126 +2.2116e-08 +4.00e-04 +4.00e+07     50      3     52  1     27  0 +5.04e-05 +1.97e-03 +7.50e-04 +2.00e+00 +7.02e-01 +1.80e-08 +0.00e+00  0
    127 +2.2127e-08 +4.00e-04 +4.00e+07     50      3     52  1     27  0 +4.16e-04 +8.42e-04 +1.14e-05 +2.00e+00 +8.88e-01 +2.98e-08 +0.00e+00  0
    128 +2.2213e-08 +1.00e-04 +4.00e+06     50      3     47  1     25  0 +7.75e-05 +6.25e-05 +9.14e-06 +2.00e+00 +9.46e-01 +2.98e-07 +0.00e+00  0
    129 +2.2231e-08 +1.00e-04 +4.00e+06     50      3     48  1     25  0 +1.56e-05 +1.73e-05 +1.82e-06 +2.00e+00 +9.29e-01 +1.49e-06 +0.00e+00  0
    130 +2.2257e-08 +1.00e-04 +4.00e+06     50      3     47  1     25  0 +3.49e-05 +9.15e-06 +3.71e-06 +2.00e+00 +8.83e-01 +3.73e-06 +0.00e+00  0
    131 +2.2300e-08 +1.00e-04 +4.00e+06     50      3     47  1     30  0 +2.36e-06 +2.63e-06 +1.10e-06 +2.00e+00 +7.43e-01 +9.31e-06 +0.00e+00  0
    132 +2.2300e-08 +1.00e-04 +4.00e+06     50      3     47  1     25  0 +7.74e-05 +7.04e-06 +1.59e-06 +2.00e+00 +1.05e+00 +2.91e-06 +0.00e+00  0
    133 +2.2352e-08 +1.00e-04 +4.00e+06     50      3     49  1     26  0 +5.27e-07 +6.11e-07 +8.93e-07 +2.00e+00 +8.65e-01 +2.91e-05 +0.00e+00  0
    134 +2.2285e-08 +1.00e-04 +4.00e+06     50      3     49  1     26  0 +7.75e-08 +4.75e-06 +1.15e-06 +2.00e+00 +9.24e-01 +9.09e-06 +0.00e+00  0
    135 +2.2144e-08 +1.00e-04 +4.00e+06     50      3     49  1     31  0 +4.99e-08 +2.23e-06 +1.14e-06 +2.00e+00 +7.91e-01 +2.27e-05 +0.00e+00  0
    136 +2.2199e-08 +1.00e-04 +4.00e+06     50      3     49  1     26  0 +2.53e-04 +1.38e-03 +3.10e-04 +2.00e+00 +8.05e-01 +1.39e-08 +0.00e+00  0
    137 +2.2275e-08 +1.00e-04 +4.00e+06     50      3     49  1     26  0 +1.15e-06 +2.15e-02 +4.56e-03 +2.00e+00 +7.21e-01 +1.08e-09 +0.00e+00  0
    138 +2.2348e-08 +1.00e-04 +4.00e+06     50      3     49  1     26  0 +9.47e-05 +1.01e-03 +5.90e-05 +2.00e+00 +7.21e-01 +1.04e-07 +0.00e+00  0
    139 +2.2381e-08 +1.00e-04 +4.00e+06     50      3     49  1     26  0 +6.17e-06 +1.72e-02 +2.34e-03 +2.00e+00 +6.70e-01 +1.02e-09 +0.00e+00  0
--------------------------------------------------------------------------------------------------------------------------------------------------
  Iter.  Objective   St. Rad.  Tr. Rad.  |Pts| In Its QP Pts L? QP Its S?   QP KKT    |Step|   |Step|_H  |Grad.|  |G. Cmb.|  Stepsize Up. Fact. U?
--------------------------------------------------------------------------------------------------------------------------------------------------
    140 +2.2405e-08 +1.00e-04 +4.00e+06     50      3     50  1     27  0 +1.45e-04 +2.59e-03 +4.11e-05 +2.00e+00 +6.90e-01 +1.02e-08 +0.00e+00  0
    141 +2.2484e-08 +1.00e-04 +4.00e+06     50      3     50  1     27  0 +7.09e-04 +3.18e-04 +6.01e-05 +2.00e+00 +8.52e-01 +1.02e-07 +0.00e+00  0
    142 +2.2483e-08 +1.00e-04 +4.00e+06     50      3     50  1     27  0 +1.65e-04 +2.00e-05 +6.43e-06 +2.00e+00 +9.01e-01 +1.02e-06 +0.00e+00  0
    143 +2.2520e-08 +1.00e-04 +4.00e+06     50      3     50  1     27  0 +6.04e-05 +1.30e-04 +3.08e-05 +2.00e+00 +8.66e-01 +3.17e-07 +0.00e+00  0
    144 +2.2537e-08 +1.00e-04 +4.00e+06     50      3     50  1     27  0 +3.92e-04 +1.50e-04 +1.24e-04 +2.00e+00 +8.34e-01 +9.92e-08 +0.00e+00  0
    145 +2.2605e-08 +1.00e-04 +4.00e+06     50      3     50  1     27  0 +4.05e-05 +9.25e-05 +4.53e-05 +2.00e+00 +8.41e-01 +2.48e-07 +0.00e+00  0
    146 +2.2693e-08 +1.00e-04 +4.00e+06     50      3     50  1     27  0 +2.11e-05 +9.51e-05 +4.57e-05 +2.00e+00 +8.05e-01 +6.20e-07 +0.00e+00  0
    147 +2.2752e-08 +1.00e-04 +4.00e+06     50      3     51  1     27  0 +3.99e-05 +5.84e-04 +9.47e-05 +2.00e+00 +8.12e-01 +4.84e-08 +0.00e+00  0
    148 +2.2806e-08 +1.00e-04 +4.00e+06     50      3     51  1     27  0 +1.75e-04 +1.33e-04 +9.61e-05 +2.00e+00 +8.11e-01

EXIT: Objective not improving sufficiently.

Objective............................ : 2.280562e-08
Objective (unscaled)................. : 2.280562e-08

Number of iterations................. : 148
Number of inner iterations........... : 326
Number of QP iterations.............. : 2315
Number of function evaluations....... : 1256
Number of gradient evaluations....... : 279

CPU seconds.......................... : 4.199453
CPU seconds in evaluations........... : 0.061981
CPU seconds in direction computations : 4.021864
CPU seconds in line searches......... : 0.042005
