Set value for option 'direction_computation' as GradientCombination.
+--------------------------------------------------------------+
|       NonOpt = Nonlinear/Nonconvex/Nonsmooth Optimizer       |
| NonOpt is released as open source code under the MIT License |
| Please visit http://coral.ise.lehigh.edu/frankecurtis/nonopt |
+--------------------------------------------------------------+

This is NonOpt version 2.0

Number of variables.................. : 1000
Initial objective.................... : 1.998000e+03
Initial objective (unscaled)......... : 1.998000e+03

Approximate Hessian update strategy.. : BFGS
Derivative checker strategy.......... : FiniteDifference
Direction computation strategy....... : GradientCombination
Line search strategy................. : WeakWolfe
Point set update strategy............ : Proximity
QP solver (small scale) strategy..... : DualActiveSet
QP solver (large scale) strategy..... : InteriorPoint
Symmetric matrix strategy............ : Dense
Termination strategy................. : Basic

--------------------------------------------------------------------------------------------------------------------------------------------------
  Iter.  Objective   St. Rad.  Tr. Rad.  |Pts| In Its QP Pts L? QP Its S?   QP KKT    |Step|   |Step|_H  |Grad.|  |G. Cmb.|  Stepsize Up. Fact. U?
--------------------------------------------------------------------------------------------------------------------------------------------------
      0 +1.9980e+03 +4.00e-01 +4.00e+10      0      1      1  0      1  0 +0.00e+00 +4.00e+00 +1.60e+04 +4.00e+00 +4.00e+00 +1.25e-01 +0.00e+00  1
      1 +8.4045e+02 +4.00e-01 +4.00e+10      1      1      1  0      1  0 +0.00e+00 +4.63e-01 +4.65e+02 +1.62e+00 +1.62e+00 +2.55e+00 +0.00e+00  1
      2 +5.0612e+02 +4.00e-01 +4.00e+10      1      1      1  0      1  0 +0.00e+00 +5.73e-01 +6.34e+02 +1.63e+00 +1.63e+00 +1.00e+00 +0.00e+00  1
      3 +2.3141e+02 +4.00e-01 +4.00e+10      2      1      1  0      1  0 +0.00e+00 +1.43e+00 +3.99e+02 +1.90e+00 +1.90e+00 +1.00e+00 +0.00e+00  1
      4 +1.8847e+02 +4.00e-01 +4.00e+10      3      1      1  0      1  0 +0.00e+00 +7.81e-01 +2.07e+02 +2.00e+00 +2.00e+00 +1.00e+00 +0.00e+00  1
      5 +3.3376e+01 +4.00e-01 +4.00e+10      4      1      1  0      1  0 +0.00e+00 +1.72e+00 +1.25e+02 +2.00e+00 +2.00e+00 +5.00e-01 +0.00e+00  1
      6 +3.0540e+01 +4.00e-01 +4.00e+10      5      1      1  0      1  0 +0.00e+00 +6.94e-01 +3.27e+01 +2.00e+00 +2.00e+00 +1.00e+00 +0.00e+00  1
      7 +7.8557e+00 +4.00e-01 +4.00e+10      6      1      1  0      1  0 +3.55e-15 +1.69e+00 +3.02e+01 +2.00e+00 +2.00e+00 +2.50e-01 +0.00e+00  1
      8 +5.2742e+00 +4.00e-01 +4.00e+10      7      1      1  0      1  0 +0.00e+00 +2.53e+00 +2.40e+01 +2.00e+00 +2.00e+00 +1.25e-01 +0.00e+00  1
      9 +5.2002e+00 +4.00e-01 +4.00e+10      8      1      1  0      1  0 +0.00e+00 +2.19e+00 +1.41e+01 +2.00e+00 +2.00e+00 +6.25e-02 +0.00e+00  1
     10 +4.7158e+00 +4.00e-01 +4.00e+10      9      1      1  0      1  0 +0.00e+00 +1.87e+00 +1.19e+01 +2.00e+00 +2.00e+00 +3.12e-01 +0.00e+00  1
     11 +4.0223e+00 +4.00e-01 +4.00e+10     10      1      1  0      1  0 +7.11e-15 +5.87e+00 +4.43e+01 +2.00e+00 +2.00e+00 +3.12e-02 +0.00e+00  1
     12 +3.5325e+00 +4.00e-01 +4.00e+10     11      1      1  0      1  0 +0.00e+00 +3.60e+00 +1.77e+01 +2.00e+00 +2.00e+00 +3.91e-02 +0.00e+00  1
     13 +3.3596e+00 +4.00e-01 +4.00e+10     12      1      1  0      1  0 +0.00e+00 +1.03e+00 +6.29e+00 +2.00e+00 +2.00e+00 +1.95e-01 +0.00e+00  1
     14 +3.0557e+00 +4.00e-01 +4.00e+10     13      1      1  0      1  0 +0.00e+00 +6.02e-01 +4.72e+00 +2.00e+00 +2.00e+00 +1.00e+00 +0.00e+00  1
     15 +2.8703e+00 +4.00e-01 +4.00e+10     14      1      1  0      1  0 +0.00e+00 +1.87e+00 +1.29e+01 +2.00e+00 +2.00e+00 +6.25e-02 +0.00e+00  1
     16 +2.8482e+00 +4.00e-01 +4.00e+10     15      1      1  0      1  0 +0.00e+00 +1.82e+00 +1.70e+01 +2.00e+00 +2.00e+00 +1.95e-02 +0.00e+00  1
     17 +2.8218e+00 +4.00e-01 +4.00e+10     16      1      1  0      1  0 +0.00e+00 +3.31e+00 +2.29e+01 +2.00e+00 +2.00e+00 +2.44e-02 +0.00e+00  1
     18 +2.7854e+00 +4.00e-01 +4.00e+10     17      1      1  0      1  0 +0.00e+00 +8.87e-01 +5.39e+00 +2.00e+00 +2.00e+00 +2.44e-01 +0.00e+00  1
     19 +1.5886e+00 +4.00e-01 +4.00e+10     18      1      1  0      1  0 +0.00e+00 +7.01e+00 +4.02e+01 +2.00e+00 +2.00e+00 +3.12e-02 +0.00e+00  1
--------------------------------------------------------------------------------------------------------------------------------------------------
  Iter.  Objective   St. Rad.  Tr. Rad.  |Pts| In Its QP Pts L? QP Its S?   QP KKT    |Step|   |Step|_H  |Grad.|  |G. Cmb.|  Stepsize Up. Fact. U?
--------------------------------------------------------------------------------------------------------------------------------------------------
     20 +1.3222e+00 +4.00e-01 +4.00e+10     19      2      8  0      3  0 +2.63e+00 +3.09e-01 +1.66e+00 +2.00e+00 +1.99e+00 +1.22e-03 +0.00e+00  1
     21 +1.3218e+00 +4.00e-01 +4.00e+10     21      1      1  0      1  0 +0.00e+00 +2.38e-01 +3.52e+00 +2.00e+00 +2.00e+00 +4.03e-01 +0.00e+00  1
     22 +1.2762e+00 +4.00e-01 +4.00e+10     22      1      1  0      1  0 +0.00e+00 +4.24e-01 +1.96e+00 +2.00e+00 +2.00e+00 +1.25e-01 +0.00e+00  1
     23 +1.2579e+00 +4.00e-01 +4.00e+10     23      1      1  0      1  0 +0.00e+00 +2.39e-01 +3.47e+00 +2.00e+00 +2.00e+00 +2.50e-01 +0.00e+00  1
     24 +7.2454e-01 +4.00e-01 +4.00e+10     24      1      1  0      1  0 +0.00e+00 +3.68e-01 +3.56e+00 +2.00e+00 +2.00e+00 +2.50e-01 +0.00e+00  1
     25 +6.8540e-01 +4.00e-01 +4.00e+10     25      1      1  0      1  0 +0.00e+00 +7.88e-02 +9.49e-01 +2.00e+00 +2.00e+00 +1.00e+00 +0.00e+00  1
     26 +4.4251e-01 +4.00e-01 +4.00e+10     26      1      1  0      1  0 +0.00e+00 +8.44e-02 +9.33e-01 +2.00e+00 +2.00e+00 +2.50e-01 +0.00e+00  1
     27 +3.9266e-01 +4.00e-01 +4.00e+10     27      1      1  0      1  0 +0.00e+00 +5.45e-02 +5.45e-01 +2.00e+00 +2.00e+00 +1.00e+00 +0.00e+00  1
     28 +2.5497e-01 +4.00e-01 +4.00e+10     28      1      1  0      1  0 +0.00e+00 +1.54e-01 +1.04e+00 +2.00e+00 +2.00e+00 +3.12e-02 +0.00e+00  1
     29 +2.4872e-01 +4.00e-01 +4.00e+10     29      1      1  0      1  0 +0.00e+00 +3.96e-02 +5.04e-01 +2.00e+00 +2.00e+00 +3.12e-01 +0.00e+00  1
     30 +1.9395e-01 +4.00e-01 +4.00e+10     30      1      1  0      1  0 +0.00e+00 +1.12e-01 +1.08e+00 +2.00e+00 +2.00e+00 +1.25e-01 +0.00e+00  1
     31 +1.5063e-01 +4.00e-01 +4.00e+10     31      1      1  0      1  0 +0.00e+00 +1.18e-01 +5.94e-01 +2.00e+00 +2.00e+00 +1.25e-01 +0.00e+00  1
     32 +1.4413e-01 +4.00e-01 +4.00e+10     32      1      1  0      1  0 +0.00e+00 +2.13e-02 +3.21e-01 +2.00e+00 +2.00e+00 +2.50e-01 +0.00e+00  1
     33 +1.1895e-01 +4.00e-01 +4.00e+10     33      1      1  0      1  0 +0.00e+00 +2.18e-02 +3.19e-01 +2.00e+00 +2.00e+00 +2.50e-01 +0.00e+00  1
     34 +9.9223e-02 +4.00e-01 +4.00e+10     34      1      1  0      1  0 +0.00e+00 +8.09e-02 +5.31e-01 +2.00e+00 +2.00e+00 +1.25e-01 +0.00e+00  1
     35 +7.3540e-02 +4.00e-01 +4.00e+10     35      2     27  1      8  0 +4.72e-04 +3.21e-04 +2.53e-05 +2.00e+00 +1.30e-01 +2.44e-04 +0.00e+00  1
     36 +7.3540e-02 +4.00e-02 +4.00e+09     34      1      1  0      1  0 +0.00e+00 +1.45e-01 +3.18e-01 +2.00e+00 +2.00e+00 +2.69e-02 +0.00e+00  1
     37 +7.3420e-02 +4.00e-02 +4.00e+09     35      1      1  0      1  0 +0.00e+00 +3.53e-02 +3.29e-01 +2.00e+00 +2.00e+00 +2.69e-01 +0.00e+00  1
     38 +5.2060e-02 +4.00e-02 +4.00e+09     36      1      1  0      1  0 +0.00e+00 +1.54e-01 +5.03e-01 +2.00e+00 +2.00e+00 +1.56e-02 +0.00e+00  1
     39 +4.9439e-02 +4.00e-02 +4.00e+09     37      1      1  0      1  0 +0.00e+00 +8.41e-03 +9.50e-02 +2.00e+00 +2.00e+00 +3.51e-01 +0.00e+00  1
--------------------------------------------------------------------------------------------------------------------------------------------------
  Iter.  Objective   St. Rad.  Tr. Rad.  |Pts| In Its QP Pts L? QP Its S?   QP KKT    |Step|   |Step|_H  |Grad.|  |G. Cmb.|  Stepsize Up. Fact. U?
--------------------------------------------------------------------------------------------------------------------------------------------------
     40 +4.0661e-02 +4.00e-02 +4.00e+09     38      1      1  0      1  0 +0.00e+00 +7.79e-03 +8.51e-02 +2.00e+00 +2.00e+00 +2.50e-01 +0.00e+00  1
     41 +3.8257e-02 +4.00e-02 +4.00e+09     39      1      1  0      1  0 +0.00e+00 +3.49e-02 +1.30e-01 +2.00e+00 +2.00e+00 +2.50e-01 +0.00e+00  1
     42 +2.9255e-02 +4.00e-02 +4.00e+09     40      1      1  0      1  0 +0.00e+00 +8.78e-03 +1.36e-01 +2.00e+00 +2.00e+00 +1.25e-01 +0.00e+00  1
     43 +2.4567e-02 +4.00e-02 +4.00e+09     41      1      1  0      1  0 +0.00e+00 +3.64e-03 +4.82e-02 +2.00e+00 +2.00e+00 +2.50e-01 +0.00e+00  1
     44 +1.7060e-02 +4.00e-02 +4.00e+09     42      1      1  0      1  0 +0.00e+00 +1.07e-02 +5.31e-02 +2.00e+00 +2.00e+00 +2.50e-01 +0.00e+00  1
     45 +1.0921e-02 +4.00e-02 +4.00e+09     43      1      1  0      1  0 +0.00e+00 +2.68e-02 +1.14e-01 +2.00e+00 +2.00e+00 +6.25e-02 +0.00e+00  1
     46 +7.9312e-03 +4.00e-02 +4.00e+09     44      1      1  0      1  0 +0.00e+00 +4.29e-03 +3.29e-02 +2.00e+00 +2.00e+00 +7.81e-02 +0.00e+00  1
     47 +6.4874e-03 +4.00e-02 +4.00e+09     45      1      1  0      1  0 +0.00e+00 +2.50e-03 +1.89e-02 +2.00e+00 +2.00e+00 +1.95e-01 +0.00e+00  1
     48 +6.3349e-03 +4.00e-02 +4.00e+09     46      1      1  0      1  0 +0.00e+00 +2.34e-03 +1.35e-02 +2.00e+00 +2.00e+00 +2.50e-01 +0.00e+00  1
     49 +5.9041e-03 +4.00e-02 +4.00e+09     47      1      1  0      1  0 +0.00e+00 +2.58e-03 +2.21e-02 +2.00e+00 +2.00e+00 +1.25e-01 +0.00e+00  1
     50 +4.9631e-03 +4.00e-02 +4.00e+09     48      1      1  0      1  0 +0.00e+00 +1.38e-03 +1.57e-02 +2.00e+00 +2.00e+00 +2.50e-01 +0.00e+00  1
     51 +4.4215e-03 +4.00e-02 +4.00e+09     49      1      1  0      1  0 +0.00e+00 +4.44e-04 +6.84e-03 +2.00e+00 +2.00e+00 +2.50e-01 +0.00e+00  1
     52 +3.8424e-03 +4.00e-02 +4.00e+09     50      1      1  0      1  0 +0.00e+00 +6.76e-04 +1.03e-02 +2.00e+00 +2.00e+00 +2.50e-01 +0.00e+00  1
     53 +2.6505e-03 +4.00e-02 +4.00e+09     50      1      1  0      1  0 +0.00e+00 +7.91e-04 +6.65e-03 +2.00e+00 +2.00e+00 +2.50e-01 +0.00e+00  1
     54 +2.4527e-03 +4.00e-02 +4.00e+09     50      1      1  0      1  0 +0.00e+00 +1.43e-03 +1.30e-02 +2.00e+00 +2.00e+00 +1.25e-01 +0.00e+00  1
     55 +2.0232e-03 +4.00e-02 +4.00e+09     50      1      1  0      1  0 +0.00e+00 +3.06e-04 +4.27e-03 +2.00e+00 +2.00e+00 +2.50e-01 +0.00e+00  1
     56 +1.7126e-03 +4.00e-02 +4.00e+09     50      1      1  0      1  0 +0.00e+00 +3.60e-04 +3.90e-03 +2.00e+00 +2.00e+00 +5.00e-01 +0.00e+00  1
     57 +1.0946e-03 +4.00e-02 +4.00e+09     50      1      1  0      1  0 +0.00e+00 +6.63e-04 +4.60e-03 +2.00e+00 +2.00e+00 +6.25e-02 +0.00e+00  1
     58 +9.9376e-04 +4.00e-02 +4.00e+09     50      1      1  0      1  0 +0.00e+00 +9.79e-05 +1.63e-03 +2.00e+00 +2.00e+00 +3.12e-01 +0.00e+00  1
     59 +7.6383e-04 +4.00e-02 +4.00e+09     50      1      1  0      1  0 +0.00e+00 +1.46e-04 +1.98e-03 +2.00e+00 +2.00e+00 +1.25e-01 +0.00e+00  1
--------------------------------------------------------------------------------------------------------------------------------------------------
  Iter.  Objective   St. Rad.  Tr. Rad.  |Pts| In Its QP Pts L? QP Its S?   QP KKT    |Step|   |Step|_H  |Grad.|  |G. Cmb.|  Stepsize Up. Fact. U?
--------------------------------------------------------------------------------------------------------------------------------------------------
     60 +6.4035e-04 +4.00e-02 +4.00e+09     50      1      1  0      1  0 +0.00e+00 +2.08e-04 +2.52e-03 +2.00e+00 +2.00e+00 +1.25e-01 +0.00e+00  1
     61 +6.0997e-04 +4.00e-02 +4.00e+09     50      1      1  0      1  0 +0.00e+00 +1.22e-04 +1.60e-03 +2.00e+00 +2.00e+00 +2.50e-01 +0.00e+00  1
     62 +4.0137e-04 +4.00e-02 +4.00e+09     50      1      1  0      1  0 +2.17e-19 +1.92e-04 +1.79e-03 +2.00e+00 +2.00e+00 +2.50e-01 +0.00e+00  1
     63 +3.8430e-04 +4.00e-02 +4.00e+09     50      1      1  0      1  0 +0.00e+00 +1.50e-04 +1.10e-03 +2.00e+00 +2.00e+00 +3.12e-02 +0.00e+00  1
     64 +3.7812e-04 +4.00e-02 +4.00e+09     50      1      1  0      1  0 +0.00e+00 +5.45e-05 +8.61e-04 +2.00e+00 +2.00e+00 +3.12e-01 +0.00e+00  1
     65 +3.4276e-04 +4.00e-02 +4.00e+09     50      1      1  0      1  0 +0.00e+00 +1.06e-04 +1.35e-03 +2.00e+00 +2.00e+00 +1.25e-01 +0.00e+00  1
     66 +3.0740e-04 +4.00e-02 +4.00e+09     50      1      1  0      1  0 +0.00e+00 +1.23e-04 +9.93e-04 +2.00e+00 +2.00e+00 +1.25e-01 +0.00e+00  1
     67 +3.0401e-04 +4.00e-02 +4.00e+09     50      1      1  0      1  0 +0.00e+00 +6.48e-05 +4.92e-04 +2.00e+00 +2.00e+00 +5.00e-01 +0.00e+00  1
     68 +2.3333e-04 +4.00e-02 +4.00e+09     50      1      1  0      1  0 +0.00e+00 +2.71e-05 +5.30e-04 +2.00e+00 +2.00e+00 +2.50e-01 +0.00e+00  1
     69 +2.1712e-04 +4.00e-02 +4.00e+09     50      1      1  0      1  0 +0.00e+00 +6.22e-05 +6.33e-04 +2.00e+00 +2.00e+00 +1.25e-01 +0.00e+00  1
     70 +2.0082e-04 +4.00e-02 +4.00e+09     50      1      1  0      1  0 +0.00e+00 +8.97e-05 +1.02e-03 +2.00e+00 +2.00e+00 +3.12e-02 +0.00e+00  1
     71 +1.9807e-04 +4.00e-02 +4.00e+09     50      1      1  0      1  0 +0.00e+00 +5.65e-05 +5.34e-04 +2.00e+00 +2.00e+00 +3.12e-01 +0.00e+00  1
     72 +1.6783e-04 +4.00e-02 +4.00e+09     50      1      1  0      1  0 +0.00e+00 +2.53e-05 +2.45e-04 +2.00e+00 +2.00e+00 +5.00e-01 +0.00e+00  1
     73 +1.5295e-04 +4.00e-02 +4.00e+09     50      1      1  0      1  0 +0.00e+00 +1.32e-05 +2.28e-04 +2.00e+00 +2.00e+00 +5.00e-01 +0.00e+00  1
     74 +1.1065e-04 +4.00e-02 +4.00e+09     50      2     49  1     14  0 +7.60e-08 +2.67e-08 +3.47e-10 +2.00e+00 +9.37e-03 +5.00e-01 +6.66e-01  1
     75 +1.1065e-04 +4.00e-03 +4.00e+08     50      2     35  1     10  0 +2.72e-07 +9.72e-09 +4.61e-09 +2.00e+00 +3.21e-01 +7.19e+00 +0.00e+00  1
     76 +1.1061e-04 +4.00e-03 +4.00e+08     50      2     36  1     10  0 +2.87e-07 +8.50e-09 +1.36e-09 +2.00e+00 +2.10e-01 +5.05e+01 +0.00e+00  1
     77 +1.0936e-04 +4.00e-03 +4.00e+08     50      2     37  1     11  0 +2.83e-08 +1.75e-09 +1.60e-10 +2.00e+00 +7.72e-02 +5.05e+01 +0.00e+00  1
     78 +1.0914e-04 +4.00e-03 +4.00e+08     50      2     38  1     10  0 +3.79e-08 +5.43e-09 +6.90e-10 +2.00e+00 +6.40e-02 +5.05e+01 +0.00e+00  1
     79 +1.0863e-04 +4.00e-03 +4.00e+08     50      3     51  1     25  0 +2.12e-06 +6.47e-05 +4.55e-07 +2.00e+00 +1.14e-01 +3.31e-05 +9.46e-01  1
--------------------------------------------------------------------------------------------------------------------------------------------------
  Iter.  Objective   St. Rad.  Tr. Rad.  |Pts| In Its QP Pts L? QP Its S?   QP KKT    |Step|   |Step|_H  |Grad.|  |G. Cmb.|  Stepsize Up. Fact. U?
--------------------------------------------------------------------------------------------------------------------------------------------------
     80 +1.0863e-04 +4.00e-03 +4.00e+08     50      3     62  1     27  0 +8.28e-08 +1.40e-04 +1.68e-06 +2.00e+00 +1.17e-01 +6.47e-07 +0.00e+00  0
     81 +1.0863e-04 +4.00e-03 +4.00e+08     50      3     63  1     30  0 +9.67e-09 +6.78e-05 +3.21e-07 +2.00e+00 +8.74e-02 +1.62e-06 +0.00e+00  0
     82 +1.0863e-04 +4.00e-03 +4.00e+08     50      3     63  1     30  0 +2.71e-05 +5.75e-04 +2.10e-05 +2.00e+00 +1.34e+00 +1.26e-07 +0.00e+00  0
     83 +1.0863e-04 +4.00e-03 +4.00e+08     50      3     62  1     29  0 +3.05e-08 +1.89e-01 +6.89e-01 +2.00e+00 +1.63e+00 +1.98e-08 +9.84e-01  1
     84 +1.0862e-04 +4.00e-03 +4.00e+08     50      3     62  1     28  0 +8.03e-08 +9.46e-01 +3.56e+00 +2.00e+00 +1.86e+00 +1.23e-08 +9.73e-01  1
     85 +1.0860e-04 +4.00e-03 +4.00e+08     50      3     62  1     28  0 +1.31e-12 +2.04e+00 +8.15e+00 +2.00e+00 +1.79e+00 +1.86e-09 +9.92e-01  1
     86 +1.0860e-04 +4.00e-04 +4.00e+07     50      3     26  0     12  0 +2.86e+01 +3.11e+01 +2.49e+01 +2.00e+00 +1.97e+00 +1.46e-10 +9.92e-01  1
     87 +1.0859e-04 +4.00e-04 +4.00e+07     50      3     36  0     17  0 +2.44e+01 +2.78e+00 +1.96e+01 +2.00e+00 +1.94e+00 +1.46e-09 +9.88e-01  1
     88 +1.0859e-04 +4.00e-04 +4.00e+07     50      3     45  1     22  0 +3.31e-05 +3.68e+00 +2.90e+01 +2.00e+00 +1.63e+00 +9.09e-10 +9.91e-01  1
     89 +1.0859e-04 +4.00e-04 +4.00e+07     50      3     52  1     23  0 +4.79e-08 +4.69e+00 +2.81e+01 +2.00e+00 +1.78e+00 +2.84e-10 +0.00e+00  0
     90 +1.0859e-04 +4.00e-04 +4.00e+07     50      3     61  1     27  0 +8.67e-08 +3.53e+00 +1.61e+01 +2.00e+00 +1.56e+00 +2.84e-09 +9.88e-01  1
     91 +1.0858e-04 +4.00e-04 +4.00e+07     50      3     62  1     29  0 +2.17e-12 +5.29e+00 +2.09e+01 +2.00e+00 +1.63e+00 +1.78e-09 +9.89e-01  1
     92 +1.0857e-04 +4.00e-04 +4.00e+07     50      3     62  1     28  0 +1.01e-12 +7.65e+00 +3.08e+01 +2.00e+00 +1.62e+00 +1.11e-09 +9.92e-01  1
     93 +1.0856e-04 +4.00e-04 +4.00e+07     50      3     62  1     28  0 +1.76e-12 +8.24e+00 +3.66e+01 +2.00e+00 +1.59e+00 +1.39e-09 +9.90e-01  1
     94 +1.0854e-04 +4.00e-04 +4.00e+07     50      3     62  1     27  0 +2.40e-12 +7.45e+00 +3.39e+01 +2.00e+00 +1.50e+00 +3.47e-09 +9.81e-01  1
     95 +1.0853e-04 +4.00e-04 +4.00e+07     50      3     62  1     26  0 +8.31e-09 +6.49e+00 +4.15e+01 +2.00e+00 +1.44e+00 +1.08e-09 +9.87e-01  1
     96 +1.0852e-04 +4.00e-04 +4.00e+07     50      3     62  1     28  0 +1.86e-08 +7.18e+00 +5.13e+01 +2.00e+00 +1.52e+00 +9.31e-10 +9.89e-01  1
     97 +1.0852e-04 +1.00e-04 +4.00e+06     50      3     62  1     25  0 +1.14e-08 +7.69e+00 +5.14e+01 +2.00e+00 +1.57e+00 +1.16e-09 +9.87e-01  1
     98 +1.0849e-04 +1.00e-04 +4.00e+06     50      3     62  1     25  0 +5.23e-08 +7.40e+00 +5.18e+01 +2.00e+00 +1.76e+00 +1.46e-09 +9.85e-01  1
     99 +1.0847e-04 +1.00e-04 +4.00e+06     50      3     62  1     27  0 +6.09e-08 +1.43e+01 +7.35e+01 +2.00e+00 +1.78e+00 +1.82e-09 +9.83e-01  1
--------------------------------------------------------------------------------------------------------------------------------------------------
  Iter.  Objective   St. Rad.  Tr. Rad.  |Pts| In Its QP Pts L? QP Its S?   QP KKT    |Step|   |Step|_H  |Grad.|  |G. Cmb.|  Stepsize Up. Fact. U?
--------------------------------------------------------------------------------------------------------------------------------------------------
    100 +1.0840e-04 +1.00e-04 +4.00e+06     50      3     62  1     28  0 +2.49e-09 +2.96e+01 +1.51e+02 +2.00e+00 +1.95e+00 +1.14e-09 +9.75e-01  1
    101 +1.0836e-04 +1.00e-04 +4.00e+06     50      3     62  1     28  0 +1.00e-12 +4.22e+01 +1.92e+02 +2.00e+00 +2.00e+00 +1.42e-09 +9.78e-01  1
    102 +1.0821e-04 +1.00e-04 +4.00e+06     50      3     62  1     28  0 +2.37e-08 +9.55e+01 +3.74e+02 +2.00e+00 +2.00e+00 +4.44e-10 +9.80e-01  1
    103 +1.0815e-04 +1.00e-04 +4.00e+06     50      3     62  1     28  0 +1.00e-12 +1.21e+02 +4.51e+02 +2.00e+00 +2.00e+00 +5.55e-10 +9.74e-01  1
    104 +1.0808e-04 +1.00e-04 +4.00e+06     50      2     51  1     14  0 +3.46e-07 +2.48e+02 +9.67e+02 +2.00e+00 +2.00e+00 +3.47e-10 +9.74e-01  1
    105 +1.0798e-04 +1.00e-04 +4.00e+06     50      3     62  1     26  0 +6.51e-09 +6.43e+01 +2.67e+02 +2.00e+00 +2.00e+00 +8.67e-10 +9.82e-01  1
    106 +1.0789e-04 +1.00e-04 +4.00e+06     50      3     62  1     27  0 +4.32e-08 +5.17e+01 +2.38e+02 +2.00e+00 +2.00e+00 +1.08e-09 +9.79e-01  1
    107 +1.0779e-04 +1.00e-04 +4.00e+06     50      3     62  1     27  0 +6.10e-08 +7.37e+01 +3.42e+02 +2.00e+00 +2.00e+00

EXIT: Objective not improving sufficiently.

Objective............................ : 1.077945e-04
Objective (unscaled)................. : 1.077945e-04

Number of iterations................. : 107
Number of inner iterations........... : 172
Number of QP iterations.............. : 885
Number of function evaluations....... : 700
Number of gradient evaluations....... : 434

CPU seconds.......................... : 1.978943
CPU seconds in evaluations........... : 0.074126
CPU seconds in direction computations : 1.779986
CPU seconds in line searches......... : 0.029796
