Set value for option 'direction_computation' as Gradient.
+--------------------------------------------------------------+
|       NonOpt = Nonlinear/Nonconvex/Nonsmooth Optimizer       |
| NonOpt is released as open source code under the MIT License |
| Please visit http://coral.ise.lehigh.edu/frankecurtis/nonopt |
+--------------------------------------------------------------+

This is NonOpt version 2.0

Number of variables.................. : 1000
Initial objective.................... : 1.998000e+03
Initial objective (unscaled)......... : 1.998000e+03

Approximate Hessian update strategy.. : BFGS
Derivative checker strategy.......... : FiniteDifference
Direction computation strategy....... : Gradient
Line search strategy................. : WeakWolfe
Point set update strategy............ : Proximity
QP solver (small scale) strategy..... : DualActiveSet
QP solver (large scale) strategy..... : InteriorPoint
Symmetric matrix strategy............ : Dense
Termination strategy................. : Basic

-----------------------------------------------------------------------------------------------------------------------------------------------------
  Iter.  Objective   St. Rad.  Tr. Rad.  |Pts| In. Its.  QP Pts.  QP Its. QP   QP KKT    |Step|   |Step|_H  |Grad.|  |G. Cmb.|  Stepsize Up. Fact. U?
-----------------------------------------------------------------------------------------------------------------------------------------------------
      0 +1.9980e+03 +4.00e-01 +4.00e+10      0        1        1        1  0 +0.00e+00 +4.00e+00 +1.60e+04 +4.00e+00 +4.00e+00 +1.25e-01 +0.00e+00  1
      1 +8.4045e+02 +4.00e-01 +4.00e+10      1        1        1        1  0 +0.00e+00 +4.63e-01 +4.65e+02 +1.62e+00 +1.62e+00 +2.55e+00 +0.00e+00  1
      2 +5.0612e+02 +4.00e-01 +4.00e+10      1        1        1        1  0 +0.00e+00 +5.73e-01 +6.34e+02 +1.63e+00 +1.63e+00 +1.00e+00 +0.00e+00  1
      3 +2.3141e+02 +4.00e-01 +4.00e+10      2        1        1        1  0 +0.00e+00 +1.43e+00 +3.99e+02 +1.90e+00 +1.90e+00 +1.00e+00 +0.00e+00  1
      4 +1.8847e+02 +4.00e-01 +4.00e+10      3        1        1        1  0 +0.00e+00 +7.81e-01 +2.07e+02 +2.00e+00 +2.00e+00 +1.00e+00 +0.00e+00  1
      5 +3.3376e+01 +4.00e-01 +4.00e+10      4        1        1        1  0 +0.00e+00 +1.72e+00 +1.25e+02 +2.00e+00 +2.00e+00 +5.00e-01 +0.00e+00  1
      6 +3.0540e+01 +4.00e-01 +4.00e+10      5        1        1        1  0 +0.00e+00 +6.94e-01 +3.27e+01 +2.00e+00 +2.00e+00 +1.00e+00 +0.00e+00  1
      7 +7.8557e+00 +4.00e-01 +4.00e+10      6        1        1        1  0 +3.55e-15 +1.69e+00 +3.02e+01 +2.00e+00 +2.00e+00 +2.50e-01 +0.00e+00  1
      8 +5.2742e+00 +4.00e-01 +4.00e+10      7        1        1        1  0 +0.00e+00 +2.53e+00 +2.40e+01 +2.00e+00 +2.00e+00 +1.25e-01 +0.00e+00  1
      9 +5.2002e+00 +4.00e-01 +4.00e+10      8        1        1        1  0 +0.00e+00 +2.19e+00 +1.41e+01 +2.00e+00 +2.00e+00 +6.25e-02 +0.00e+00  1
     10 +4.7158e+00 +4.00e-01 +4.00e+10      9        1        1        1  0 +0.00e+00 +1.87e+00 +1.19e+01 +2.00e+00 +2.00e+00 +3.12e-01 +0.00e+00  1
     11 +4.0223e+00 +4.00e-01 +4.00e+10     10        1        1        1  0 +7.11e-15 +5.87e+00 +4.43e+01 +2.00e+00 +2.00e+00 +3.12e-02 +0.00e+00  1
     12 +3.5325e+00 +4.00e-01 +4.00e+10     11        1        1        1  0 +0.00e+00 +3.60e+00 +1.77e+01 +2.00e+00 +2.00e+00 +3.91e-02 +0.00e+00  1
     13 +3.3596e+00 +4.00e-01 +4.00e+10     12        1        1        1  0 +0.00e+00 +1.03e+00 +6.29e+00 +2.00e+00 +2.00e+00 +1.95e-01 +0.00e+00  1
     14 +3.0557e+00 +4.00e-01 +4.00e+10     13        1        1        1  0 +0.00e+00 +6.02e-01 +4.72e+00 +2.00e+00 +2.00e+00 +1.00e+00 +0.00e+00  1
     15 +2.8703e+00 +4.00e-01 +4.00e+10     14        1        1        1  0 +0.00e+00 +1.87e+00 +1.29e+01 +2.00e+00 +2.00e+00 +6.25e-02 +0.00e+00  1
     16 +2.8482e+00 +4.00e-01 +4.00e+10     15        1        1        1  0 +0.00e+00 +1.82e+00 +1.70e+01 +2.00e+00 +2.00e+00 +1.95e-02 +0.00e+00  1
     17 +2.8218e+00 +4.00e-01 +4.00e+10     16        1        1        1  0 +0.00e+00 +3.31e+00 +2.29e+01 +2.00e+00 +2.00e+00 +2.44e-02 +0.00e+00  1
     18 +2.7854e+00 +4.00e-01 +4.00e+10     17        1        1        1  0 +0.00e+00 +8.87e-01 +5.39e+00 +2.00e+00 +2.00e+00 +2.44e-01 +0.00e+00  1
     19 +1.5886e+00 +4.00e-01 +4.00e+10     18        1        1        1  0 +0.00e+00 +7.01e+00 +4.02e+01 +2.00e+00 +2.00e+00 +3.12e-02 +0.00e+00  1
-----------------------------------------------------------------------------------------------------------------------------------------------------
  Iter.  Objective   St. Rad.  Tr. Rad.  |Pts| In. Its.  QP Pts.  QP Its. QP   QP KKT    |Step|   |Step|_H  |Grad.|  |G. Cmb.|  Stepsize Up. Fact. U?
-----------------------------------------------------------------------------------------------------------------------------------------------------
     20 +1.3222e+00 +4.00e-01 +4.00e+10     19        1        1        1  0 +0.00e+00 +2.41e+00 +1.52e+01 +2.00e+00 +2.00e+00 +3.05e-04 +0.00e+00  1
     21 +1.3219e+00 +4.00e-01 +4.00e+10     20        1        1        1  0 +0.00e+00 +3.13e-01 +4.58e+00 +2.00e+00 +2.00e+00 +1.98e-01 +0.00e+00  1
     22 +1.0128e+00 +4.00e-01 +4.00e+10     21        1        1        1  0 +0.00e+00 +1.93e-01 +1.59e+00 +2.00e+00 +2.00e+00 +5.00e-01 +0.00e+00  1
     23 +8.6728e-01 +4.00e-01 +4.00e+10     22        1        1        1  0 +0.00e+00 +2.23e-01 +3.13e+00 +2.00e+00 +2.00e+00 +2.50e-01 +0.00e+00  1
     24 +6.9536e-01 +4.00e-01 +4.00e+10     23        1        1        1  0 +0.00e+00 +1.55e-01 +1.13e+00 +2.00e+00 +2.00e+00 +2.50e-01 +0.00e+00  1
     25 +6.3068e-01 +4.00e-01 +4.00e+10     24        1        1        1  0 +0.00e+00 +1.09e-01 +1.77e+00 +2.00e+00 +2.00e+00 +2.50e-01 +0.00e+00  1
     26 +4.2458e-01 +4.00e-01 +4.00e+10     25        1        1        1  0 +0.00e+00 +1.04e-01 +1.70e+00 +2.00e+00 +2.00e+00 +2.50e-01 +0.00e+00  1
     27 +4.0654e-01 +4.00e-01 +4.00e+10     26        1        1        1  0 +0.00e+00 +8.73e-02 +8.73e-01 +2.00e+00 +2.00e+00 +1.25e-01 +0.00e+00  1
     28 +3.7109e-01 +4.00e-01 +4.00e+10     27        1        1        1  0 +0.00e+00 +4.35e-02 +7.24e-01 +2.00e+00 +2.00e+00 +5.00e-01 +0.00e+00  1
     29 +2.5508e-01 +4.00e-01 +4.00e+10     28        1        1        1  0 +0.00e+00 +8.93e-02 +9.12e-01 +2.00e+00 +2.00e+00 +1.25e-01 +0.00e+00  1
     30 +2.5056e-01 +4.00e-01 +4.00e+10     29        1        1        1  0 +0.00e+00 +3.09e-02 +4.20e-01 +2.00e+00 +2.00e+00 +5.00e-01 +0.00e+00  1
     31 +1.8180e-01 +4.00e-01 +4.00e+10     30        1        1        1  0 +0.00e+00 +1.87e-02 +3.57e-01 +2.00e+00 +2.00e+00 +2.50e-01 +0.00e+00  1
     32 +1.6279e-01 +4.00e-01 +4.00e+10     31        1        1        1  0 +0.00e+00 +2.09e-02 +2.77e-01 +2.00e+00 +2.00e+00 +5.00e-01 +0.00e+00  1
     33 +8.3928e-02 +4.00e-01 +4.00e+10     32        1        1        1  0 +0.00e+00 +3.19e-02 +2.66e-01 +2.00e+00 +2.00e+00 +2.50e-01 +0.00e+00  1
     34 +6.2318e-02 +4.00e-01 +4.00e+10     33        1        1        1  0 +0.00e+00 +2.09e-02 +1.75e-01 +2.00e+00 +2.00e+00 +2.50e-01 +0.00e+00  1
     35 +6.1075e-02 +4.00e-01 +4.00e+10     34        1        1        1  0 +0.00e+00 +2.26e+00 +1.05e+01 +2.00e+00 +2.00e+00 +9.54e-07 +0.00e+00  1
     36 +6.1068e-02 +4.00e-01 +4.00e+10     35        1        1        1  0 +0.00e+00 +2.02e-02 +2.37e-01 +2.00e+00 +2.00e+00 +1.95e-01 +0.00e+00  1
     37 +4.9675e-02 +4.00e-01 +4.00e+10     36        1        1        1  0 +0.00e+00 +3.73e-02 +3.34e-01 +2.00e+00 +2.00e+00 +6.25e-02 +0.00e+00  1
     38 +4.4690e-02 +4.00e-01 +4.00e+10     37        1        1        1  0 +0.00e+00 +1.14e-02 +1.16e-01 +2.00e+00 +2.00e+00 +1.56e-01 +0.00e+00  1
     39 +3.8617e-02 +4.00e-01 +4.00e+10     38        1        1        1  0 +0.00e+00 +4.42e-03 +6.25e-02 +2.00e+00 +2.00e+00 +5.00e-01 +0.00e+00  1
-----------------------------------------------------------------------------------------------------------------------------------------------------
  Iter.  Objective   St. Rad.  Tr. Rad.  |Pts| In. Its.  QP Pts.  QP Its. QP   QP KKT    |Step|   |Step|_H  |Grad.|  |G. Cmb.|  Stepsize Up. Fact. U?
-----------------------------------------------------------------------------------------------------------------------------------------------------
     40 +2.9399e-02 +4.00e-01 +4.00e+10     39        1        1        1  0 +0.00e+00 +1.91e-02 +2.12e-01 +2.00e+00 +2.00e+00 +6.25e-02 +0.00e+00  1
     41 +2.6694e-02 +4.00e-01 +4.00e+10     40        1        1        1  0 +0.00e+00 +6.72e-03 +4.90e-02 +2.00e+00 +2.00e+00 +1.56e-01 +0.00e+00  1
     42 +2.6386e-02 +4.00e-01 +4.00e+10     41        1        1        1  0 +0.00e+00 +5.41e-03 +8.23e-02 +2.00e+00 +2.00e+00 +2.50e-01 +0.00e+00  1
     43 +2.2220e-02 +4.00e-01 +4.00e+10     42        1        1        1  0 +0.00e+00 +9.44e-03 +9.71e-02 +2.00e+00 +2.00e+00 +1.25e-01 +0.00e+00  1
     44 +2.1611e-02 +4.00e-01 +4.00e+10     43        1        1        1  0 +0.00e+00 +1.00e-02 +8.99e-02 +2.00e+00 +2.00e+00 +6.25e-02 +0.00e+00  1
     45 +1.7835e-02 +4.00e-01 +4.00e+10     44        1        1        1  0 +0.00e+00 +4.80e-03 +4.04e-02 +2.00e+00 +2.00e+00 +3.12e-01 +0.00e+00  1
     46 +1.6522e-02 +4.00e-01 +4.00e+10     45        1        1        1  0 +0.00e+00 +2.43e-03 +2.76e-02 +2.00e+00 +2.00e+00 +5.00e-01 +0.00e+00  1
     47 +1.6398e-02 +4.00e-01 +4.00e+10     46        1        1        1  0 +0.00e+00 +5.11e-03 +4.44e-02 +2.00e+00 +2.00e+00 +2.50e-01 +0.00e+00  1
     48 +1.1063e-02 +4.00e-01 +4.00e+10     47        1        1        1  0 +0.00e+00 +4.24e-03 +3.62e-02 +2.00e+00 +2.00e+00 +1.25e-01 +0.00e+00  1
     49 +1.0662e-02 +4.00e-01 +4.00e+10     48        1        1        1  0 +0.00e+00 +1.40e-03 +1.77e-02 +2.00e+00 +2.00e+00 +5.00e-01 +0.00e+00  1
     50 +8.8654e-03 +4.00e-01 +4.00e+10     49        1        1        1  0 +0.00e+00 +3.30e-03 +2.58e-02 +2.00e+00 +2.00e+00 +2.50e-01 +0.00e+00  1
     51 +8.2235e-03 +4.00e-01 +4.00e+10     50        1        1        1  0 +0.00e+00 +5.84e-04 +1.17e-02 +2.00e+00 +2.00e+00 +1.00e+00 +0.00e+00  1
     52 +7.5490e-03 +4.00e-01 +4.00e+10     50        1        1        1  0 +0.00e+00 +1.63e-03 +1.66e-02 +2.00e+00 +2.00e+00 +1.25e-01 +0.00e+00  1
     53 +7.0808e-03 +4.00e-01 +4.00e+10     50        1        1        1  0 +0.00e+00 +1.05e-03 +1.31e-02 +2.00e+00 +2.00e+00 +5.00e-01 +0.00e+00  1
     54 +6.0609e-03 +4.00e-01 +4.00e+10     50        1        1        1  0 +0.00e+00 +4.90e-04 +8.58e-03 +2.00e+00 +2.00e+00 +1.00e+00 +0.00e+00  1
     55 +5.4161e-03 +4.00e-01 +4.00e+10     50        1        1        1  0 +0.00e+00 +3.34e-04 +6.86e-03 +2.00e+00 +2.00e+00 +5.00e-01 +0.00e+00  1
     56 +4.0193e-03 +4.00e-01 +4.00e+10     50        1        1        1  0 +0.00e+00 +8.43e-04 +1.03e-02 +2.00e+00 +2.00e+00 +5.00e-01 +0.00e+00  1
     57 +3.3833e-03 +4.00e-01 +4.00e+10     50        1        1        1  0 +0.00e+00 +4.95e-04 +5.28e-03 +2.00e+00 +2.00e+00 +1.25e-01 +0.00e+00  1
     58 +3.3723e-03 +4.00e-01 +4.00e+10     50        1        1        1  0 +0.00e+00 +3.58e-04 +4.53e-03 +2.00e+00 +2.00e+00 +1.00e+00 +0.00e+00  1
     59 +2.2041e-03 +4.00e-01 +4.00e+10     50        1        1        1  0 +0.00e+00 +4.97e-04 +4.92e-03 +2.00e+00 +2.00e+00 +1.25e-01 +0.00e+00  1
-----------------------------------------------------------------------------------------------------------------------------------------------------
  Iter.  Objective   St. Rad.  Tr. Rad.  |Pts| In. Its.  QP Pts.  QP Its. QP   QP KKT    |Step|   |Step|_H  |Grad.|  |G. Cmb.|  Stepsize Up. Fact. U?
-----------------------------------------------------------------------------------------------------------------------------------------------------
     60 +1.8667e-03 +4.00e-01 +4.00e+10     50        1        1        1  0 +0.00e+00 +4.18e-04 +4.09e-03 +2.00e+00 +2.00e+00 +5.00e-01 +0.00e+00  1
     61 +1.7237e-03 +4.00e-01 +4.00e+10     50        1        1        1  0 +0.00e+00 +3.56e-04 +4.03e-03 +2.00e+00 +2.00e+00 +1.25e-01 +0.00e+00  1
     62 +1.6321e-03 +4.00e-01 +4.00e+10     50        1        1        1  0 +0.00e+00 +6.34e-04 +9.08e-03 +2.00e+00 +2.00e+00 +1.25e-01 +0.00e+00  1
     63 +1.5104e-03 +4.00e-01 +4.00e+10     50        1        1        1  0 +0.00e+00 +1.41e-04 +1.67e-03 +2.00e+00 +2.00e+00 +1.00e+00 +0.00e+00  1
     64 +8.7069e-04 +4.00e-01 +4.00e+10     50        1        1        1  0 +0.00e+00 +4.27e-04 +3.67e-03 +2.00e+00 +2.00e+00 +3.12e-02 +0.00e+00  1
     65 +8.5063e-04 +4.00e-01 +4.00e+10     50        1        1        1  0 +0.00e+00 +1.58e-04 +2.25e-03 +2.00e+00 +2.00e+00 +3.12e-01 +0.00e+00  1
     66 +6.9990e-04 +4.00e-01 +4.00e+10     50        1        1        1  0 +0.00e+00 +6.31e-04 +3.54e-03 +2.00e+00 +2.00e+00 +1.25e-01 +0.00e+00  1
     67 +6.9080e-04 +4.00e-01 +4.00e+10     50        1        1        1  0 +0.00e+00 +1.59e-04 +1.91e-03 +2.00e+00 +2.00e+00 +1.25e-01 +0.00e+00  1
     68 +6.5864e-04 +4.00e-01 +4.00e+10     50        1        1        1  0 +0.00e+00 +9.51e-05 +1.32e-03 +2.00e+00 +2.00e+00 +2.50e-01 +0.00e+00  1
     69 +5.3939e-04 +4.00e-01 +4.00e+10     50        1        1        1  0 +0.00e+00 +1.30e-04 +1.56e-03 +2.00e+00 +2.00e+00 +2.50e-01 +0.00e+00  1
     70 +3.5314e-04 +4.00e-01 +4.00e+10     50        1        1        1  0 +0.00e+00 +5.11e-05 +6.55e-04 +2.00e+00 +2.00e+00 +5.00e-01 +0.00e+00  1
     71 +1.5093e-04 +4.00e-01 +4.00e+10     50        1        1        1  0 +0.00e+00 +5.92e-05 +6.54e-04 +2.00e+00 +2.00e+00 +1.25e-01 +0.00e+00  1
     72 +1.1800e-04 +4.00e-01 +4.00e+10     50        1        1        1  0 +0.00e+00 +2.61e+00 +1.37e+01 +2.00e+00 +2.00e+00 +3.73e-09 +7.57e-01  1
     73 +1.1799e-04 +4.00e-01 +4.00e+10     50        1        1        1  0 +0.00e+00 +8.92e-05 +1.22e-03 +2.00e+00 +2.00e+00 +2.44e-02 +7.01e-01  1
     74 +1.0068e-04 +4.00e-01 +4.00e+10     50        1        1        1  0 +0.00e+00 +6.38e-05 +3.67e-04 +2.00e+00 +2.00e+00 +1.22e-01 +0.00e+00  1
     75 +9.0682e-05 +4.00e-01 +4.00e+10     50        1        1        1  0 +0.00e+00 +9.27e-05 +5.99e-04 +2.00e+00 +2.00e+00 +6.25e-02 +0.00e+00  1
     76 +8.7869e-05 +4.00e-01 +4.00e+10     50        1        1        1  0 +0.00e+00 +1.68e-05 +2.74e-04 +2.00e+00 +2.00e+00 +1.56e-01 +0.00e+00  1
     77 +6.9528e-05 +4.00e-01 +4.00e+10     50        1        1        1  0 +0.00e+00 +2.18e-05 +4.28e-04 +2.00e+00 +2.00e+00 +1.25e-01 +3.38e-01  1
     78 +6.3803e-05 +4.00e-01 +4.00e+10     50        1        1        1  0 +0.00e+00 +6.90e-06 +1.04e-04 +2.00e+00 +2.00e+00 +2.50e-01 +0.00e+00  1
     79 +5.6227e-05 +4.00e-01 +4.00e+10     50        1        1        1  0 +0.00e+00 +2.64e-05 +3.05e-04 +2.00e+00 +2.00e+00 +6.25e-02 +0.00e+00  1
-----------------------------------------------------------------------------------------------------------------------------------------------------
  Iter.  Objective   St. Rad.  Tr. Rad.  |Pts| In. Its.  QP Pts.  QP Its. QP   QP KKT    |Step|   |Step|_H  |Grad.|  |G. Cmb.|  Stepsize Up. Fact. U?
-----------------------------------------------------------------------------------------------------------------------------------------------------
     80 +5.5832e-05 +4.00e-01 +4.00e+10     50        1        1        1  0 +0.00e+00 +1.34e-05 +1.72e-04 +2.00e+00 +2.00e+00 +3.12e-01 +0.00e+00  1
     81 +4.4584e-05 +4.00e-01 +4.00e+10     50        1        1        1  0 +0.00e+00 +1.20e-05 +1.53e-04 +2.00e+00 +2.00e+00 +6.25e-02 +9.17e-01  1
     82 +4.4116e-05 +4.00e-01 +4.00e+10     50        1        1        1  0 +0.00e+00 +9.24e-06 +1.00e-04 +2.00e+00 +2.00e+00 +6.25e-01 +2.22e-01  1
     83 +3.8521e-05 +4.00e-01 +4.00e+10     50        1        1        1  0 +0.00e+00 +7.89e-06 +8.80e-05 +2.00e+00 +2.00e+00 +2.50e-01 +0.00e+00  1
     84 +2.4521e-05 +4.00e-01 +4.00e+10     50        1        1        1  0 +0.00e+00 +8.74e-06 +7.13e-05 +2.00e+00 +2.00e+00 +5.00e-01 +5.27e-01  1
     85 +2.0318e-05 +4.00e-01 +4.00e+10     50        1        1        1  0 +0.00e+00 +4.91e-06 +8.14e-05 +2.00e+00 +2.00e+00 +2.50e-01 +8.06e-01  1
     86 +1.7946e-05 +4.00e-01 +4.00e+10     50        1        1        1  0 +0.00e+00 +1.17e-05 +8.13e-05 +2.00e+00 +2.00e+00 +1.25e-01 +9.22e-01  1
     87 +1.3516e-05 +4.00e-01 +4.00e+10     50        1        1        1  0 +0.00e+00 +3.90e-06 +9.21e-05 +2.00e+00 +2.00e+00 +1.25e-01 +0.00e+00  1
     88 +7.0456e-06 +4.00e-01 +4.00e+10     50        1        1        1  0 +0.00e+00 +4.18e-06 +5.50e-05 +2.00e+00 +2.00e+00 +6.25e-02 +9.62e-01  1
     89 +6.9232e-06 +4.00e-01 +4.00e+10     50        1        1        1  0 +0.00e+00 +7.59e-06 +5.73e-05 +2.00e+00 +2.00e+00 +7.81e-02 +9.70e-01  1
     90 +4.9573e-06 +4.00e-01 +4.00e+10     50        1        1        1  0 +0.00e+00 +3.87e-06 +6.64e-05 +2.00e+00 +2.00e+00 +4.88e-02 +0.00e+00  1
     91 +4.0302e-06 +4.00e-01 +4.00e+10     50        1        1        1  0 +0.00e+00 +5.42e-06 +4.53e-05 +2.00e+00 +2.00e+00 +3.12e-02 +9.87e-01  1
     92 +3.8634e-06 +4.00e-02 +4.00e+09     50        1        1        1  0 +0.00e+00 +7.02e-06 +6.49e-05 +2.00e+00 +2.00e+00 +3.91e-02 +9.79e-01  1
     93 +3.1324e-06 +4.00e-02 +4.00e+09     50        1        1        1  0 +0.00e+00 +3.26e-06 +4.46e-05 +2.00e+00 +2.00e+00 +4.88e-02 +9.77e-01  1
     94 +3.0721e-06 +4.00e-02 +4.00e+09     50        1        1        1  0 +0.00e+00 +1.08e-05 +5.62e-05 +2.00e+00 +2.00e+00 +3.05e-02 +0.00e+00  1
     95 +1.8483e-06 +4.00e-02 +4.00e+09     50        1        1        1  0 +0.00e+00 +8.22e-06 +6.11e-05 +2.00e+00 +2.00e+00 +2.38e-03 +9.99e-01  1
     96 +1.7725e-06 +4.00e-02 +4.00e+09     50        1        1        1  0 +0.00e+00 +2.73e-06 +4.52e-05 +2.00e+00 +2.00e+00 +1.19e-02 +9.94e-01  1
     97 +1.7512e-06 +4.00e-02 +4.00e+09     50        1        1        1  0 +0.00e+00 +2.19e+00 +9.62e+00 +2.00e+00 +2.00e+00 +6.94e-12 +0.00e+00  0
     98 +1.7513e-06 +4.00e-02 +4.00e+09     50        1        1        1  0 +0.00e+00 +1.80e+00 +6.50e+00 +2.00e+00 +2.00e+00 +1.73e-11 +0.00e+00  0
     99 +1.7513e-06 +4.00e-02 +4.00e+09     50        1        1        1  0 +0.00e+00 +2.19e+00 +9.62e+00 +2.00e+00 +2.00e+00 +2.17e-11 +0.00e+00  0
-----------------------------------------------------------------------------------------------------------------------------------------------------
  Iter.  Objective   St. Rad.  Tr. Rad.  |Pts| In. Its.  QP Pts.  QP Its. QP   QP KKT    |Step|   |Step|_H  |Grad.|  |G. Cmb.|  Stepsize Up. Fact. U?
-----------------------------------------------------------------------------------------------------------------------------------------------------
    100 +1.7513e-06 +4.00e-02 +4.00e+09     50        1        1        1  0 +0.00e+00 +1.80e+00 +6.50e+00 +2.00e+00 +2.00e+00 +2.71e-11 +0.00e+00  0
    101 +1.7513e-06 +4.00e-02 +4.00e+09     50        1        1        1  0 +0.00e+00 +2.19e+00 +9.62e+00 +2.00e+00 +2.00e+00 +1.69e-11 +0.00e+00  0
    102 +1.7513e-06 +4.00e-02 +4.00e+09     50        1        1        1  0 +0.00e+00 +1.80e+00 +6.50e+00 +2.00e+00 +2.00e+00 +2.91e-11 +0.00e+00  0
    103 +1.7514e-06 +4.00e-03 +4.00e+08     50        1        1        1  0 +0.00e+00 +2.19e+00 +9.62e+00 +2.00e+00 +2.00e+00 +3.64e-11 +0.00e+00  0
    104 +1.7514e-06 +4.00e-03 +4.00e+08     50        1        1        1  0 +0.00e+00 +1.80e+00 +6.50e+00 +2.00e+00 +2.00e+00 +4.55e-11 +0.00e+00  0
    105 +1.7514e-06 +4.00e-03 +4.00e+08     50        1        1        1  0 +0.00e+00 +2.19e+00 +9.62e+00 +2.00e+00 +2.00e+00 +2.84e-11 +0.00e+00  0
    106 +1.7513e-06 +4.00e-03 +4.00e+08     50        1        1        1  0 +0.00e+00 +1.80e+00 +6.50e+00 +2.00e+00 +2.00e+00 +3.55e-11 +0.00e+00  0
    107 +1.7514e-06 +4.00e-03 +4.00e+08     50        1        1        1  0 +0.00e+00 +2.19e+00 +9.62e+00 +2.00e+00 +2.00e+00 +4.44e-11 +0.00e+00  0
    108 +1.7515e-06 +4.00e-03 +4.00e+08     50        1        1        1  0 +0.00e+00 +1.80e+00 +6.50e+00 +2.00e+00 +2.00e+00 +5.55e-11 +0.00e+00  0
    109 +1.7514e-06 +4.00e-03 +4.00e+08     50        1        1        1  0 +0.00e+00 +2.19e+00 +9.62e+00 +2.00e+00 +2.00e+00 +3.47e-11 +0.00e+00  0
    110 +1.7514e-06 +4.00e-03 +4.00e+08     50        1        1        1  0 +0.00e+00 +1.80e+00 +6.50e+00 +2.00e+00 +2.00e+00 +4.34e-11 +0.00e+00  0
    111 +1.7514e-06 +4.00e-03 +4.00e+08     50        1        1        1  0 +0.00e+00 +2.19e+00 +9.62e+00 +2.00e+00 +2.00e+00 +5.42e-11 +0.00e+00  0
    112 +1.7515e-06 +4.00e-03 +4.00e+08     50        1        1        1  0 +0.00e+00 +1.80e+00 +6.50e+00 +2.00e+00 +2.00e+00 +6.78e-11 +0.00e+00  0
    113 +1.7514e-06 +4.00e-03 +4.00e+08     50        1        1        1  0 +0.00e+00 +2.19e+00 +9.62e+00 +2.00e+00 +2.00e+00 +5.82e-11 +0.00e+00  0
    114 +1.7515e-06 +4.00e-04 +4.00e+07     50        1        1        1  0 +0.00e+00 +1.80e+00 +6.50e+00 +2.00e+00 +2.00e+00 +7.28e-11 +0.00e+00  0
    115 +1.7515e-06 +4.00e-04 +4.00e+07     50        1        1        1  0 +0.00e+00 +2.19e+00 +9.62e+00 +2.00e+00 +2.00e+00 +4.55e-11 +0.00e+00  0
    116 +1.7514e-06 +4.00e-04 +4.00e+07     50        1        1        1  0 +0.00e+00 +1.80e+00 +6.50e+00 +2.00e+00 +2.00e+00 +5.68e-11 +0.00e+00  0
    117 +1.7515e-06 +4.00e-04 +4.00e+07     50        1        1        1  0 +0.00e+00 +2.19e+00 +9.62e+00 +2.00e+00 +2.00e+00 +3.55e-11 +0.00e+00  0
    118 +1.7513e-06 +4.00e-04 +4.00e+07     50        1        1        1  0 +0.00e+00 +1.80e+00 +6.50e+00 +2.00e+00 +2.00e+00 +2.22e-11 +0.00e+00  0
    119 +1.7513e-06 +4.00e-04 +4.00e+07     50        1        1        1  0 +0.00e+00 +2.19e+00 +9.62e+00 +2.00e+00 +2.00e+00 +1.39e-11 +0.00e+00  0
-----------------------------------------------------------------------------------------------------------------------------------------------------
  Iter.  Objective   St. Rad.  Tr. Rad.  |Pts| In. Its.  QP Pts.  QP Its. QP   QP KKT    |Step|   |Step|_H  |Grad.|  |G. Cmb.|  Stepsize Up. Fact. U?
-----------------------------------------------------------------------------------------------------------------------------------------------------
    120 +1.7513e-06 +4.00e-04 +4.00e+07     50        1        1        1  0 +0.00e+00 +1.80e+00 +6.50e+00 +2.00e+00 +2.00e+00 +1.73e-11 +0.00e+00  0
    121 +1.7513e-06 +4.00e-04 +4.00e+07     50        1        1        1  0 +0.00e+00 +2.19e+00 +9.62e+00 +2.00e+00 +2.00e+00 +2.17e-11 +0.00e+00  0
    122 +1.7514e-06 +4.00e-04 +4.00e+07     50        1        1        1  0 +0.00e+00 +1.80e+00 +6.50e+00 +2.00e+00 +2.00e+00 +2.71e-11 +0.00e+00  0
    123 +1.7513e-06 +4.00e-04 +4.00e+07     50        1        1        1  0 +0.00e+00 +2.19e+00 +9.62e+00 +2.00e+00 +2.00e+00 +1.69e-11 +0.00e+00  0
    124 +1.7513e-06 +4.00e-04 +4.00e+07     50        1        1        1  0 +0.00e+00 +1.80e+00 +6.50e+00 +2.00e+00 +2.00e+00 +2.91e-11 +0.00e+00  0
    125 +1.7514e-06 +1.00e-04 +4.00e+06     50        1        1        1  0 +0.00e+00 +2.19e+00 +9.62e+00 +2.00e+00 +2.00e+00 +3.64e-11 +0.00e+00  0
    126 +1.7514e-06 +1.00e-04 +4.00e+06     50        1        1        1  0 +0.00e+00 +1.80e+00 +6.50e+00 +2.00e+00 +2.00e+00 +4.55e-11 +0.00e+00  0
    127 +1.7514e-06 +1.00e-04 +4.00e+06     50        1        1        1  0 +0.00e+00 +2.19e+00 +9.62e+00 +2.00e+00 +2.00e+00 +2.84e-11 +0.00e+00  0
    128 +1.7513e-06 +1.00e-04 +4.00e+06     50        1        1        1  0 +0.00e+00 +1.80e+00 +6.50e+00 +2.00e+00 +2.00e+00 +3.55e-11 +0.00e+00  0
    129 +1.7514e-06 +1.00e-04 +4.00e+06     50        1        1        1  0 +0.00e+00 +2.19e+00 +9.62e+00 +2.00e+00 +2.00e+00 +4.44e-11 +0.00e+00  0
    130 +1.7515e-06 +1.00e-04 +4.00e+06     50        1        1        1  0 +0.00e+00 +1.80e+00 +6.50e+00 +2.00e+00 +2.00e+00 +5.55e-11 +0.00e+00  0
    131 +1.7514e-06 +1.00e-04 +4.00e+06     50        1        1        1  0 +0.00e+00 +2.19e+00 +9.62e+00 +2.00e+00 +2.00e+00 +3.47e-11 +0.00e+00  0
    132 +1.7514e-06 +1.00e-04 +4.00e+06     50        1        1        1  0 +0.00e+00 +1.80e+00 +6.50e+00 +2.00e+00 +2.00e+00 +4.34e-11 +0.00e+00  0
    133 +1.7514e-06 +1.00e-04 +4.00e+06     50        1        1        1  0 +0.00e+00 +2.19e+00 +9.62e+00 +2.00e+00 +2.00e+00 +2.71e-11 +0.00e+00  0
    134 +1.7513e-06 +1.00e-04 +4.00e+06     50        1        1        1  0 +0.00e+00 +1.80e+00 +6.50e+00 +2.00e+00 +2.00e+00 +1.69e-11 +0.00e+00  0
    135 +1.7513e-06 +1.00e-04 +4.00e+06     50        1        1        1  0 +0.00e+00 +2.19e+00 +9.62e+00 +2.00e+00 +2.00e+00

EXIT: Objective not improving sufficiently.

Objective............................ : 1.751286e-06
Objective (unscaled)................. : 1.751286e-06

Number of iterations................. : 135
Number of inner iterations........... : 136
Number of QP iterations.............. : 136
Number of function evaluations....... : 681
Number of gradient evaluations....... : 142

CPU seconds.......................... : 0.398779
CPU seconds in evaluations........... : 0.032388
CPU seconds in direction computations : 0.214092
CPU seconds in line searches......... : 0.035947
