Set value for option 'direction_computation' as CuttingPlane.
+--------------------------------------------------------------+
|       NonOpt = Nonlinear/Nonconvex/Nonsmooth Optimizer       |
| NonOpt is released as open source code under the MIT License |
| Please visit http://coral.ise.lehigh.edu/frankecurtis/nonopt |
+--------------------------------------------------------------+

This is NonOpt version 2.0

Number of variables.................. : 1000
Initial objective.................... : 1.998000e+03
Initial objective (unscaled)......... : 1.998000e+03

Approximate Hessian update strategy.. : BFGS
Derivative checker strategy.......... : FiniteDifference
Direction computation strategy....... : CuttingPlane
Line search strategy................. : WeakWolfe
Point set update strategy............ : Proximity
QP solver (small scale) strategy..... : DualActiveSet
QP solver (large scale) strategy..... : InteriorPoint
Symmetric matrix strategy............ : Dense
Termination strategy................. : Basic

--------------------------------------------------------------------------------------------------------------------------------------------------
  Iter.  Objective   St. Rad.  Tr. Rad.  |Pts| In Its QP Pts L? QP Its S?   QP KKT    |Step|   |Step|_H  |Grad.|  |G. Cmb.|  Stepsize Up. Fact. U?
--------------------------------------------------------------------------------------------------------------------------------------------------
      0 +1.9980e+03 +4.00e-01 +4.00e+10      0      1      1  0      1  0 +0.00e+00 +4.00e+00 +1.60e+04 +4.00e+00 +4.00e+00 +1.25e-01 +0.00e+00  1
      1 +8.4045e+02 +4.00e-01 +4.00e+10      1      1      1  0      1  0 +0.00e+00 +4.63e-01 +4.65e+02 +1.62e+00 +1.62e+00 +2.55e+00 +0.00e+00  1
      2 +5.0612e+02 +4.00e-01 +4.00e+10      1      1      1  0      1  0 +0.00e+00 +5.73e-01 +6.34e+02 +1.63e+00 +1.63e+00 +1.00e+00 +0.00e+00  1
      3 +2.3141e+02 +4.00e-01 +4.00e+10      2      1      1  0      1  0 +0.00e+00 +1.43e+00 +3.99e+02 +1.90e+00 +1.90e+00 +1.00e+00 +0.00e+00  1
      4 +1.8847e+02 +4.00e-01 +4.00e+10      3      1      1  0      1  0 +0.00e+00 +7.81e-01 +2.07e+02 +2.00e+00 +2.00e+00 +1.00e+00 +0.00e+00  1
      5 +3.3376e+01 +4.00e-01 +4.00e+10      4      1      1  0      1  0 +0.00e+00 +1.72e+00 +1.25e+02 +2.00e+00 +2.00e+00 +5.00e-01 +0.00e+00  1
      6 +3.0540e+01 +4.00e-01 +4.00e+10      5      1      1  0      1  0 +0.00e+00 +6.94e-01 +3.27e+01 +2.00e+00 +2.00e+00 +1.00e+00 +0.00e+00  1
      7 +7.8557e+00 +4.00e-01 +4.00e+10      6      1      1  0      1  0 +3.55e-15 +1.69e+00 +3.02e+01 +2.00e+00 +2.00e+00 +2.50e-01 +0.00e+00  1
      8 +5.2742e+00 +4.00e-01 +4.00e+10      7      1      1  0      1  0 +0.00e+00 +2.53e+00 +2.40e+01 +2.00e+00 +2.00e+00 +1.25e-01 +0.00e+00  1
      9 +5.2002e+00 +4.00e-01 +4.00e+10      8      1      1  0      1  0 +0.00e+00 +2.19e+00 +1.41e+01 +2.00e+00 +2.00e+00 +6.25e-02 +0.00e+00  1
     10 +4.7158e+00 +4.00e-01 +4.00e+10      9      1      1  0      1  0 +0.00e+00 +1.87e+00 +1.19e+01 +2.00e+00 +2.00e+00 +3.12e-01 +0.00e+00  1
     11 +4.0223e+00 +4.00e-01 +4.00e+10     10      1      1  0      1  0 +7.11e-15 +5.87e+00 +4.43e+01 +2.00e+00 +2.00e+00 +3.12e-02 +0.00e+00  1
     12 +3.5325e+00 +4.00e-01 +4.00e+10     11      1      1  0      1  0 +0.00e+00 +3.60e+00 +1.77e+01 +2.00e+00 +2.00e+00 +3.91e-02 +0.00e+00  1
     13 +3.3596e+00 +4.00e-01 +4.00e+10     12      1      1  0      1  0 +0.00e+00 +1.03e+00 +6.29e+00 +2.00e+00 +2.00e+00 +1.95e-01 +0.00e+00  1
     14 +3.0557e+00 +4.00e-01 +4.00e+10     13      1      1  0      1  0 +0.00e+00 +6.02e-01 +4.72e+00 +2.00e+00 +2.00e+00 +1.00e+00 +0.00e+00  1
     15 +2.8703e+00 +4.00e-01 +4.00e+10     14      1      1  0      1  0 +0.00e+00 +1.87e+00 +1.29e+01 +2.00e+00 +2.00e+00 +6.25e-02 +0.00e+00  1
     16 +2.8482e+00 +4.00e-01 +4.00e+10     15      1      1  0      1  0 +0.00e+00 +1.82e+00 +1.70e+01 +2.00e+00 +2.00e+00 +1.95e-02 +0.00e+00  1
     17 +2.8218e+00 +4.00e-01 +4.00e+10     16      1      1  0      1  0 +0.00e+00 +3.31e+00 +2.29e+01 +2.00e+00 +2.00e+00 +2.44e-02 +0.00e+00  1
     18 +2.7854e+00 +4.00e-01 +4.00e+10     17      1      1  0      1  0 +0.00e+00 +8.87e-01 +5.39e+00 +2.00e+00 +2.00e+00 +2.44e-01 +0.00e+00  1
     19 +1.5886e+00 +4.00e-01 +4.00e+10     18      1      1  0      1  0 +0.00e+00 +7.01e+00 +4.02e+01 +2.00e+00 +2.00e+00 +3.12e-02 +0.00e+00  1
--------------------------------------------------------------------------------------------------------------------------------------------------
  Iter.  Objective   St. Rad.  Tr. Rad.  |Pts| In Its QP Pts L? QP Its S?   QP KKT    |Step|   |Step|_H  |Grad.|  |G. Cmb.|  Stepsize Up. Fact. U?
--------------------------------------------------------------------------------------------------------------------------------------------------
     20 +1.3222e+00 +4.00e-01 +4.00e+10     19      2      8  0      3  0 +2.81e+00 +4.62e-01 +1.81e+00 +2.00e+00 +2.00e+00 +1.22e-03 +0.00e+00  1
     21 +1.3218e+00 +4.00e-01 +4.00e+10     20      1      1  0      1  0 +0.00e+00 +3.98e-01 +4.07e+00 +2.00e+00 +2.00e+00 +2.07e-01 +0.00e+00  1
     22 +1.0557e+00 +4.00e-01 +4.00e+10     21      1      1  0      1  0 +0.00e+00 +2.03e-01 +2.39e+00 +2.00e+00 +2.00e+00 +2.50e-01 +0.00e+00  1
     23 +9.5743e-01 +4.00e-01 +4.00e+10     22      1      1  0      1  0 +0.00e+00 +2.27e-01 +2.04e+00 +2.00e+00 +2.00e+00 +2.50e-01 +0.00e+00  1
     24 +6.4881e-01 +4.00e-01 +4.00e+10     23      1      1  0      1  0 +0.00e+00 +4.06e-01 +2.54e+00 +2.00e+00 +2.00e+00 +1.25e-01 +0.00e+00  1
     25 +6.3482e-01 +4.00e-01 +4.00e+10     24      1      1  0      1  0 +0.00e+00 +9.55e-02 +1.15e+00 +2.00e+00 +2.00e+00 +5.00e-01 +0.00e+00  1
     26 +2.5719e-01 +4.00e-01 +4.00e+10     25      1      1  0      1  0 +0.00e+00 +1.14e-01 +1.16e+00 +2.00e+00 +2.00e+00 +1.25e-01 +0.00e+00  1
     27 +2.0184e-01 +4.00e-01 +4.00e+10     26      1      1  0      1  0 +0.00e+00 +6.90e-02 +8.51e-01 +2.00e+00 +2.00e+00 +2.50e-01 +0.00e+00  1
     28 +1.7520e-01 +4.00e-01 +4.00e+10     27      1      1  0      1  0 +0.00e+00 +5.71e-02 +5.03e-01 +2.00e+00 +2.00e+00 +1.25e-01 +0.00e+00  1
     29 +1.7498e-01 +4.00e-01 +4.00e+10     28      2     20  0     10  0 +7.05e-14 +1.36e-02 +2.80e-02 +2.00e+00 +1.27e+00 +5.00e-01 +0.00e+00  1
     30 +1.6399e-01 +4.00e-02 +4.00e+09     27      2      5  0      2  0 +0.00e+00 +1.30e+00 +3.52e+00 +2.00e+00 +2.00e+00 +4.88e-04 +0.00e+00  1
     31 +1.6193e-01 +4.00e-02 +4.00e+09     28      1      1  0      1  0 +0.00e+00 +9.20e-02 +7.02e-01 +2.00e+00 +2.00e+00 +1.03e-01 +0.00e+00  1
     32 +1.4181e-01 +4.00e-02 +4.00e+09     29      1      1  0      1  0 +0.00e+00 +2.70e-02 +3.89e-01 +2.00e+00 +2.00e+00 +2.50e-01 +0.00e+00  1
     33 +1.0756e-01 +4.00e-02 +4.00e+09     30      1      1  0      1  0 +0.00e+00 +4.94e-02 +4.05e-01 +2.00e+00 +2.00e+00 +1.25e-01 +0.00e+00  1
     34 +1.0124e-01 +4.00e-02 +4.00e+09     31      3     11  0      6  0 +2.31e-14 +8.94e-03 +5.34e-02 +2.00e+00 +2.00e+00 +1.00e+00 +0.00e+00  1
     35 +6.1729e-02 +4.00e-02 +4.00e+09     34      1      1  0      1  0 +0.00e+00 +3.18e-01 +4.19e-01 +2.00e+00 +2.00e+00 +1.95e-03 +0.00e+00  1
     36 +6.1711e-02 +4.00e-02 +4.00e+09     35      1      1  0      1  0 +0.00e+00 +4.64e-02 +3.48e-01 +2.00e+00 +2.00e+00 +4.39e-02 +0.00e+00  1
     37 +5.6650e-02 +4.00e-02 +4.00e+09     36      1      1  0      1  0 +0.00e+00 +2.66e-01 +2.51e+00 +2.00e+00 +2.00e+00 +6.87e-03 +0.00e+00  1
     38 +4.7871e-02 +4.00e-02 +4.00e+09     37      1      1  0      1  0 +0.00e+00 +2.12e-02 +2.87e-01 +2.00e+00 +2.00e+00 +6.87e-02 +0.00e+00  1
     39 +4.2193e-02 +4.00e-02 +4.00e+09     38      1      1  0      1  0 +0.00e+00 +6.15e-03 +8.84e-02 +2.00e+00 +2.00e+00 +3.43e-01 +0.00e+00  1
--------------------------------------------------------------------------------------------------------------------------------------------------
  Iter.  Objective   St. Rad.  Tr. Rad.  |Pts| In Its QP Pts L? QP Its S?   QP KKT    |Step|   |Step|_H  |Grad.|  |G. Cmb.|  Stepsize Up. Fact. U?
--------------------------------------------------------------------------------------------------------------------------------------------------
     40 +3.0884e-02 +4.00e-02 +4.00e+09     39      2     17  0      6  0 +4.67e-03 +1.86e-03 +1.25e-02 +2.00e+00 +1.28e+00 +1.00e+00 +0.00e+00  1
     41 +1.5393e-02 +4.00e-02 +4.00e+09     40      2     18  0     11  0 +3.50e-03 +2.70e-03 +2.56e-03 +2.00e+00 +9.96e-01 +2.50e-01 +0.00e+00  1
     42 +1.3630e-02 +4.00e-02 +4.00e+09     42      2     20  0      6  0 +2.20e-02 +1.90e-03 +1.08e-02 +2.00e+00 +1.01e+00 +1.25e-01 +0.00e+00  1
     43 +1.3576e-02 +4.00e-02 +4.00e+09     44      2     22  0      7  0 +4.81e-03 +1.44e-03 +2.16e-03 +2.00e+00 +1.71e+00 +1.00e+00 +0.00e+00  1
     44 +1.1070e-02 +4.00e-02 +4.00e+09     45      2     23  0      7  0 +7.86e-03 +6.23e-04 +8.66e-03 +2.00e+00 +1.82e+00 +5.00e-01 +0.00e+00  1
     45 +9.0449e-03 +4.00e-02 +4.00e+09     47      2     25  0      8  0 +5.21e-03 +3.78e-04 +3.57e-03 +2.00e+00 +1.45e+00 +5.00e-01 +0.00e+00  1
     46 +7.4785e-03 +4.00e-02 +4.00e+09     49      2     27  1      8  0 +1.43e-04 +3.46e-04 +7.57e-04 +2.00e+00 +8.67e-01 +1.00e+00 +0.00e+00  1
     47 +7.3676e-03 +4.00e-02 +4.00e+09     50      2     28  1      8  0 +5.28e-05 +3.42e-04 +1.00e-03 +2.00e+00 +9.18e-01 +1.00e+00 +0.00e+00  1
     48 +5.5038e-03 +4.00e-02 +4.00e+09     50      2     29  1      9  0 +4.16e-04 +4.84e-04 +4.90e-04 +2.00e+00 +7.79e-01 +2.50e-01 +0.00e+00  1
     49 +5.4944e-03 +4.00e-02 +4.00e+09     50      2     31  1      9  0 +1.10e-04 +2.40e-04 +7.98e-04 +2.00e+00 +1.01e+00 +1.00e+00 +0.00e+00  1
     50 +1.5260e-03 +4.00e-02 +4.00e+09     50      2     32  1      9  0 +1.59e-04 +8.38e-05 +2.08e-04 +2.00e+00 +7.44e-01 +1.00e+00 +0.00e+00  1
     51 +7.1909e-04 +4.00e-02 +4.00e+09     50      2     33  1     10  0 +2.72e-05 +2.58e-05 +5.32e-05 +2.00e+00 +6.57e-01 +1.00e+00 +0.00e+00  1
     52 +4.2090e-04 +4.00e-02 +4.00e+09     50      2     34  1     10  0 +1.69e-05 +1.40e-05 +8.42e-05 +2.00e+00 +8.53e-01 +1.00e+00 +0.00e+00  1
     53 +3.3270e-04 +4.00e-02 +4.00e+09     50      2     35  1     10  0 +1.73e-05 +2.31e-05 +1.77e-05 +2.00e+00 +5.42e-01 +5.00e-01 +0.00e+00  1
     54 +2.9703e-04 +4.00e-02 +4.00e+09     50      2     37  1     11  0 +6.05e-06 +1.08e-05 +9.02e-06 +2.00e+00 +3.80e-01 +1.00e+00 +0.00e+00  1
     55 +2.1739e-04 +4.00e-02 +4.00e+09     50      2     38  1     11  0 +1.20e-05 +1.26e-05 +1.30e-05 +2.00e+00 +5.23e-01 +5.00e-01 +2.46e-01  1
     56 +1.8347e-04 +4.00e-02 +4.00e+09     50      2     40  1     11  0 +1.05e-05 +7.76e-06 +1.74e-05 +2.00e+00 +4.39e-01 +1.00e+00 +0.00e+00  1
     57 +1.6091e-04 +4.00e-02 +4.00e+09     50      2     41  1     12  0 +9.41e-06 +6.73e-06 +1.73e-05 +2.00e+00 +5.16e-01 +1.00e+00 +0.00e+00  1
     58 +1.2387e-04 +4.00e-02 +4.00e+09     50      2     42  1     12  0 +2.41e-06 +3.79e-06 +4.81e-06 +2.00e+00 +5.82e-01 +5.00e-01 +0.00e+00  1
     59 +1.1918e-04 +4.00e-02 +4.00e+09     50      2     44  1     12  0 +1.06e-05 +5.52e-06 +3.71e-06 +2.00e+00 +2.32e-01 +1.00e+00 +0.00e+00  1
--------------------------------------------------------------------------------------------------------------------------------------------------
  Iter.  Objective   St. Rad.  Tr. Rad.  |Pts| In Its QP Pts L? QP Its S?   QP KKT    |Step|   |Step|_H  |Grad.|  |G. Cmb.|  Stepsize Up. Fact. U?
--------------------------------------------------------------------------------------------------------------------------------------------------
     60 +9.4125e-05 +4.00e-02 +4.00e+09     50      3     47  1     25  0 +5.08e-06 +5.92e-06 +5.67e-06 +2.00e+00 +5.56e-01 +1.00e+00 +0.00e+00  1
     61 +8.2334e-05 +4.00e-02 +4.00e+09     50      2     48  1     13  0 +3.26e-06 +3.90e-06 +3.00e-06 +2.00e+00 +3.45e-01 +5.00e-01 +7.64e-01  1
     62 +7.4759e-05 +4.00e-02 +4.00e+09     50      2     50  1     14  0 +5.43e-06 +2.53e-06 +6.90e-06 +2.00e+00 +8.50e-01 +1.00e+00 +0.00e+00  1
     63 +4.6300e-05 +4.00e-02 +4.00e+09     50      2     51  1     14  0 +2.30e-06 +2.04e-06 +2.96e-06 +2.00e+00 +5.99e-01 +5.00e-01 +0.00e+00  1
     64 +3.9822e-05 +4.00e-02 +4.00e+09     50      2     51  1     14  0 +2.73e-06 +2.73e-06 +3.40e-06 +2.00e+00 +7.34e-01 +1.25e-01 +0.00e+00  1
     65 +3.8424e-05 +4.00e-02 +4.00e+09     50      2     51  1     14  0 +8.38e-07 +2.11e-06 +3.88e-06 +2.00e+00 +1.33e+00 +5.00e-01 +8.92e-01  1
     66 +3.4578e-05 +4.00e-02 +4.00e+09     50      2     51  1     14  0 +7.45e-06 +1.88e-06 +6.91e-07 +2.00e+00 +4.87e-01 +5.00e-01 +8.77e-01  1
     67 +2.9628e-05 +4.00e-02 +4.00e+09     50      2     51  1     14  0 +1.71e-06 +2.53e-06 +1.68e-06 +2.00e+00 +7.53e-01 +1.00e+00 +7.20e-01  1
     68 +2.0651e-05 +4.00e-02 +4.00e+09     50      2     51  1     14  0 +2.16e-06 +6.07e-07 +2.06e-06 +2.00e+00 +8.50e-01 +1.00e+00 +8.24e-01  1
     69 +1.3759e-05 +4.00e-02 +4.00e+09     50      2     51  1     14  0 +6.67e-07 +5.75e-07 +1.00e-06 +2.00e+00 +4.62e-01 +1.00e+00 +8.79e-01  1
     70 +7.4757e-06 +4.00e-02 +4.00e+09     50      2     51  1     14  0 +2.09e-06 +7.13e-07 +3.22e-07 +2.00e+00 +3.30e-01 +1.25e-01 +0.00e+00  1
     71 +7.3184e-06 +4.00e-02 +4.00e+09     50      2     51  1     14  0 +1.09e-06 +2.24e-07 +3.70e-07 +2.00e+00 +8.74e-01 +1.00e+00 +9.57e-01  1
     72 +2.7671e-06 +4.00e-02 +4.00e+09     50      2     51  1     14  0 +4.45e-07 +9.87e-08 +7.81e-08 +2.00e+00 +3.56e-01 +1.00e+00 +0.00e+00  1
     73 +1.5835e-06 +4.00e-02 +4.00e+09     50      2     51  1     14  0 +1.06e-06 +7.01e-08 +3.63e-08 +2.00e+00 +2.16e-01 +2.50e-01 +5.89e-01  1
     74 +1.5047e-06 +4.00e-02 +4.00e+09     50      2     51  1     14  0 +1.90e-05 +3.10e-06 +2.94e-06 +2.00e+00 +7.71e-01 +7.81e-03 +6.50e-01  1
     75 +1.4942e-06 +4.00e-03 +4.00e+08     50      2     51  1     14  0 +1.22e-07 +1.27e-07 +1.44e-07 +2.00e+00 +1.24e+00 +7.81e-02 +1.00e+00  1
     76 +1.4100e-06 +4.00e-03 +4.00e+08     50      2     51  1     13  0 +5.61e-09 +6.93e-08 +8.75e-08 +2.00e+00 +8.68e-01 +7.81e-01 +6.36e-01  1
     77 +4.3820e-07 +4.00e-03 +4.00e+08     50      2     51  1     14  0 +1.03e-07 +1.76e-08 +1.29e-08 +2.00e+00 +4.67e-01 +1.00e+00 +9.97e-01  1
     78 +2.0175e-07 +4.00e-03 +4.00e+08     50      2     51  1     14  0 +1.16e-07 +5.78e-08 +5.11e-09 +2.00e+00 +2.39e-01 +3.12e-02 +0.00e+00  0
     79 +1.9824e-07 +4.00e-03 +4.00e+08     50      2     51  1     14  0 +6.86e-09 +9.84e-09 +3.89e-09 +2.00e+00 +2.26e-01 +1.87e+00 +9.95e-01  1
--------------------------------------------------------------------------------------------------------------------------------------------------
  Iter.  Objective   St. Rad.  Tr. Rad.  |Pts| In Its QP Pts L? QP Its S?   QP KKT    |Step|   |Step|_H  |Grad.|  |G. Cmb.|  Stepsize Up. Fact. U?
--------------------------------------------------------------------------------------------------------------------------------------------------
     80 +1.8302e-07 +4.00e-03 +4.00e+08     50      1      1  0      1  0 +0.00e+00 +1.96e-06 +3.99e-05 +2.00e+00 +2.00e+00 +3.91e-03 +9.98e-01  1
     81 +1.5239e-07 +4.00e-03 +4.00e+08     50      2     51  1     12  0 +9.16e-08 +5.26e-07 +2.06e-07 +2.00e+00 +4.06e-01 +2.44e-03 +0.00e+00  0
     82 +1.5202e-07 +4.00e-03 +4.00e+08     50      2     51  1     12  0 +9.28e-08 +1.43e-08 +2.21e-09 +2.00e+00 +1.37e-01 +8.05e-01 +9.28e-01  1
     83 +1.3548e-07 +4.00e-03 +4.00e+08     50      2     51  1     13  0 +4.98e-08 +3.11e-09 +8.57e-10 +2.00e+00 +6.89e-02 +1.00e+00 +0.00e+00  0
     84 +5.6943e-08 +4.00e-03 +4.00e+08     50      3     53  1     26  0 +6.39e-08 +3.02e-09 +1.51e-09 +2.00e+00 +1.20e-01 +5.00e-01 +0.00e+00  0
     85 +4.4853e-08 +4.00e-03 +4.00e+08     50      3     53  1     27  0 +9.14e-08 +1.29e-08 +1.05e-09 +2.00e+00 +9.60e-02 +1.95e-03 +0.00e+00  0
     86 +4.4918e-08 +4.00e-04 +4.00e+07     50      3     53  1     28  0 +5.88e-08 +2.96e-08 +7.33e-10 +2.00e+00 +1.05e-01 +6.10e-04 +0.00e+00  0
     87 +4.4989e-08 +4.00e-04 +4.00e+07     50      3     52  1     27  0 +1.81e-07 +3.35e-08 +9.18e-09 +2.00e+00 +2.90e-01 +3.05e-03 +0.00e+00  0
     88 +4.4781e-08 +4.00e-04 +4.00e+07     50      3     53  1     28  0 +5.99e-08 +1.67e-07 +1.45e-08 +2.00e+00 +3.55e-01 +9.54e-04 +0.00e+00  0
     89 +4.4818e-08 +4.00e-04 +4.00e+07     50      3     53  1     28  0 +2.71e-07 +2.33e-07 +2.61e-08 +2.00e+00 +4.61e-01 +5.96e-04 +0.00e+00  0
     90 +4.4836e-08 +4.00e-04 +4.00e+07     50      3     53  1     28  0 +3.58e-08 +1.89e-08 +1.31e-08 +2.00e+00 +4.53e-01 +5.96e-03 +0.00e+00  0
     91 +4.4805e-08 +4.00e-04 +4.00e+07     50      3     52  1     32  0 +6.14e-07 +3.89e-07 +5.40e-08 +2.00e+00 +3.03e-01 +1.16e-03 +0.00e+00  0
     92 +4.4728e-08 +4.00e-04 +4.00e+07     50      3     53  1     32  0 +5.32e-06 +4.91e-07 +1.31e-07 +2.00e+00 +3.74e-01 +1.46e-03 +0.00e+00  0
     93 +4.2853e-08 +4.00e-04 +4.00e+07     50      2     51  1     19  0 +1.01e-07 +4.82e-09 +3.76e-09 +2.00e+00 +2.37e-01 +7.28e-03 +0.00e+00  0
     94 +4.2857e-08 +4.00e-04 +4.00e+07     50      3     52  1     30  0 +2.54e-08 +4.28e-08 +1.84e-08 +2.00e+00 +4.40e-01 +4.55e-03 +0.00e+00  0
     95 +4.2760e-08 +4.00e-04 +4.00e+07     50      2     51  1     17  0 +7.03e-08 +7.87e-09 +1.05e-08 +2.00e+00 +3.77e-01 +2.27e-02 +0.00e+00  0
     96 +4.2035e-08 +4.00e-04 +4.00e+07     50      3     53  1     28  0 +3.25e-06 +1.06e-06 +1.80e-07 +2.00e+00 +5.56e-01 +2.44e-04 +0.00e+00  0
     97 +4.2091e-08 +1.00e-04 +4.00e+06     50      3     48  1     25  0 +2.57e-05 +8.92e-06 +3.43e-06 +2.00e+00 +6.97e-01 +7.63e-05 +0.00e+00  0
     98 +4.1464e-08 +1.00e-04 +4.00e+06     50      3     48  1     25  0 +5.01e-05 +9.04e-06 +1.83e-06 +2.00e+00 +6.11e-01 +2.98e-06 +0.00e+00  0
     99 +4.1542e-08 +1.00e-04 +4.00e+06     50      3     47  1     25  0 +1.72e-04 +3.03e-05 +8.90e-06 +2.00e+00 +1.09e+00 +1.49e-05 +0.00e+00  0
--------------------------------------------------------------------------------------------------------------------------------------------------
  Iter.  Objective   St. Rad.  Tr. Rad.  |Pts| In Its QP Pts L? QP Its S?   QP KKT    |Step|   |Step|_H  |Grad.|  |G. Cmb.|  Stepsize Up. Fact. U?
--------------------------------------------------------------------------------------------------------------------------------------------------
    100 +4.1078e-08 +1.00e-04 +4.00e+06     50      3     47  1     25  0 +2.52e-04 +5.03e-04 +4.99e-05 +2.00e+00 +6.36e-01 +1.16e-06 +0.00e+00  0
    101 +4.0177e-08 +1.00e-04 +4.00e+06     50      3     47  1     30  0 +3.37e-06 +2.79e-04 +1.05e-04 +2.00e+00 +6.37e-01 +1.82e-07 +0.00e+00  0
    102 +4.0171e-08 +1.00e-04 +4.00e+06     50      3     47  1     25  0 +6.49e-05 +4.63e-05 +2.43e-05 +2.00e+00 +7.84e-01 +4.55e-07 +0.00e+00  0
    103 +4.0216e-08 +1.00e-04 +4.00e+06     50      3     48  1     25  0 +5.35e-06 +4.60e-06 +8.79e-06 +2.00e+00 +7.48e-01 +4.55e-06 +0.00e+00  0
    104 +4.0080e-08 +1.00e-04 +4.00e+06     50      3     48  1     25  0 +1.94e-04 +4.33e-05 +1.02e-05 +2.00e+00 +7.49e-01 +1.42e-06 +0.00e+00  0
    105 +4.0094e-08 +1.00e-04 +4.00e+06     50      3     48  1     25  0 +1.13e-05 +3.73e-06 +3.83e-06 +2.00e+00 +6.00e-01 +1.42e-05 +0.00e+00  0
    106 +4.0033e-08 +1.00e-04 +4.00e+06     50      3     50  1     26  0 +7.32e-06 +2.17e-06 +2.94e-06 +2.00e+00 +5.88e-01 +7.11e-05 +0.00e+00  0
    107 +3.9954e-08 +1.00e-04 +4.00e+06     50      3     51  1     32  0 +2.20e-05 +4.72e-06 +1.55e-06 +2.00e+00 +5.12e-01

EXIT: Objective not improving sufficiently.

Objective............................ : 3.995409e-08
Objective (unscaled)................. : 3.995409e-08

Number of iterations................. : 107
Number of inner iterations........... : 203
Number of QP iterations.............. : 1209
Number of function evaluations....... : 643
Number of gradient evaluations....... : 178

CPU seconds.......................... : 2.327747
CPU seconds in evaluations........... : 0.036305
CPU seconds in direction computations : 2.171204
CPU seconds in line searches......... : 0.025102
