Set value for option 'direction_computation' as GradientCombination.
+--------------------------------------------------------------+
|       NonOpt = Nonlinear/Nonconvex/Nonsmooth Optimizer       |
| NonOpt is released as open source code under the MIT License |
| Please visit http://coral.ise.lehigh.edu/frankecurtis/nonopt |
+--------------------------------------------------------------+

This is NonOpt version 2.0

Number of variables.................. : 1000
Initial objective.................... : 1.998000e+03
Initial objective (unscaled)......... : 1.998000e+03

Approximate Hessian update strategy.. : BFGS
Derivative checker strategy.......... : FiniteDifference
Direction computation strategy....... : GradientCombination
Line search strategy................. : WeakWolfe
Point set update strategy............ : Proximity
QP solver (small scale) strategy..... : DualActiveSet
QP solver (large scale) strategy..... : InteriorPoint
Symmetric matrix strategy............ : Dense
Termination strategy................. : Basic

--------------------------------------------------------------------------------------------------------------------------------------------------
  Iter.  Objective   St. Rad.  Tr. Rad.  |Pts| In Its QP Pts L? QP Its S?   QP KKT    |Step|   |Step|_H  |Grad.|  |G. Cmb.|  Stepsize Up. Fact. U?
--------------------------------------------------------------------------------------------------------------------------------------------------
      0 +1.9980e+03 +4.00e-01 +4.00e+10      0      1      1  0      1  0 +0.00e+00 +4.00e+00 +1.60e+04 +4.00e+00 +4.00e+00 +1.25e-01 +0.00e+00  1
      1 +8.4045e+02 +4.00e-01 +4.00e+10      1      1      1  0      1  0 +0.00e+00 +4.63e-01 +4.65e+02 +1.62e+00 +1.62e+00 +2.55e+00 +0.00e+00  1
      2 +5.0612e+02 +4.00e-01 +4.00e+10      1      1      1  0      1  0 +0.00e+00 +5.73e-01 +6.34e+02 +1.63e+00 +1.63e+00 +1.00e+00 +0.00e+00  1
      3 +2.3141e+02 +4.00e-01 +4.00e+10      2      1      1  0      1  0 +0.00e+00 +1.43e+00 +3.99e+02 +1.90e+00 +1.90e+00 +1.00e+00 +0.00e+00  1
      4 +1.8847e+02 +4.00e-01 +4.00e+10      3      1      1  0      1  0 +0.00e+00 +7.81e-01 +2.07e+02 +2.00e+00 +2.00e+00 +1.00e+00 +0.00e+00  1
      5 +3.3376e+01 +4.00e-01 +4.00e+10      4      1      1  0      1  0 +0.00e+00 +1.72e+00 +1.25e+02 +2.00e+00 +2.00e+00 +5.00e-01 +0.00e+00  1
      6 +3.0540e+01 +4.00e-01 +4.00e+10      5      1      1  0      1  0 +0.00e+00 +6.94e-01 +3.27e+01 +2.00e+00 +2.00e+00 +1.00e+00 +0.00e+00  1
      7 +7.8557e+00 +4.00e-01 +4.00e+10      6      1      1  0      1  0 +3.55e-15 +1.69e+00 +3.02e+01 +2.00e+00 +2.00e+00 +2.50e-01 +0.00e+00  1
      8 +5.2742e+00 +4.00e-01 +4.00e+10      7      1      1  0      1  0 +0.00e+00 +2.53e+00 +2.40e+01 +2.00e+00 +2.00e+00 +1.25e-01 +0.00e+00  1
      9 +5.2002e+00 +4.00e-01 +4.00e+10      8      1      1  0      1  0 +0.00e+00 +2.19e+00 +1.41e+01 +2.00e+00 +2.00e+00 +6.25e-02 +0.00e+00  1
     10 +4.7158e+00 +4.00e-01 +4.00e+10      9      1      1  0      1  0 +0.00e+00 +1.87e+00 +1.19e+01 +2.00e+00 +2.00e+00 +3.12e-01 +0.00e+00  1
     11 +4.0223e+00 +4.00e-01 +4.00e+10     10      1      1  0      1  0 +7.11e-15 +5.87e+00 +4.43e+01 +2.00e+00 +2.00e+00 +3.12e-02 +0.00e+00  1
     12 +3.5325e+00 +4.00e-01 +4.00e+10     11      1      1  0      1  0 +0.00e+00 +3.60e+00 +1.77e+01 +2.00e+00 +2.00e+00 +3.91e-02 +0.00e+00  1
     13 +3.3596e+00 +4.00e-01 +4.00e+10     12      1      1  0      1  0 +0.00e+00 +1.03e+00 +6.29e+00 +2.00e+00 +2.00e+00 +1.95e-01 +0.00e+00  1
     14 +3.0557e+00 +4.00e-01 +4.00e+10     13      1      1  0      1  0 +0.00e+00 +6.02e-01 +4.72e+00 +2.00e+00 +2.00e+00 +1.00e+00 +0.00e+00  1
     15 +2.8703e+00 +4.00e-01 +4.00e+10     14      1      1  0      1  0 +0.00e+00 +1.87e+00 +1.29e+01 +2.00e+00 +2.00e+00 +6.25e-02 +0.00e+00  1
     16 +2.8482e+00 +4.00e-01 +4.00e+10     15      1      1  0      1  0 +0.00e+00 +1.82e+00 +1.70e+01 +2.00e+00 +2.00e+00 +1.95e-02 +0.00e+00  1
     17 +2.8218e+00 +4.00e-01 +4.00e+10     16      1      1  0      1  0 +0.00e+00 +3.31e+00 +2.29e+01 +2.00e+00 +2.00e+00 +2.44e-02 +0.00e+00  1
     18 +2.7854e+00 +4.00e-01 +4.00e+10     17      1      1  0      1  0 +0.00e+00 +8.87e-01 +5.39e+00 +2.00e+00 +2.00e+00 +2.44e-01 +0.00e+00  1
     19 +1.5886e+00 +4.00e-01 +4.00e+10     18      1      1  0      1  0 +0.00e+00 +7.01e+00 +4.02e+01 +2.00e+00 +2.00e+00 +3.12e-02 +0.00e+00  1
--------------------------------------------------------------------------------------------------------------------------------------------------
  Iter.  Objective   St. Rad.  Tr. Rad.  |Pts| In Its QP Pts L? QP Its S?   QP KKT    |Step|   |Step|_H  |Grad.|  |G. Cmb.|  Stepsize Up. Fact. U?
--------------------------------------------------------------------------------------------------------------------------------------------------
     20 +1.3222e+00 +4.00e-01 +4.00e+10     19      2      8  0      3  0 +2.63e+00 +3.09e-01 +1.66e+00 +2.00e+00 +1.99e+00 +1.22e-03 +0.00e+00  1
     21 +1.3218e+00 +4.00e-01 +4.00e+10     21      1      1  0      1  0 +0.00e+00 +2.38e-01 +3.52e+00 +2.00e+00 +2.00e+00 +4.03e-01 +0.00e+00  1
     22 +1.2762e+00 +4.00e-01 +4.00e+10     22      1      1  0      1  0 +0.00e+00 +4.24e-01 +1.96e+00 +2.00e+00 +2.00e+00 +1.25e-01 +0.00e+00  1
     23 +1.2579e+00 +4.00e-01 +4.00e+10     23      1      1  0      1  0 +0.00e+00 +2.39e-01 +3.47e+00 +2.00e+00 +2.00e+00 +2.50e-01 +0.00e+00  1
     24 +7.2454e-01 +4.00e-01 +4.00e+10     24      1      1  0      1  0 +0.00e+00 +3.68e-01 +3.56e+00 +2.00e+00 +2.00e+00 +2.50e-01 +0.00e+00  1
     25 +6.8540e-01 +4.00e-01 +4.00e+10     25      1      1  0      1  0 +0.00e+00 +7.88e-02 +9.49e-01 +2.00e+00 +2.00e+00 +1.00e+00 +0.00e+00  1
     26 +4.4251e-01 +4.00e-01 +4.00e+10     26      1      1  0      1  0 +0.00e+00 +8.44e-02 +9.33e-01 +2.00e+00 +2.00e+00 +2.50e-01 +0.00e+00  1
     27 +3.9266e-01 +4.00e-01 +4.00e+10     27      1      1  0      1  0 +0.00e+00 +5.45e-02 +5.45e-01 +2.00e+00 +2.00e+00 +1.00e+00 +0.00e+00  1
     28 +2.5497e-01 +4.00e-01 +4.00e+10     28      1      1  0      1  0 +0.00e+00 +1.54e-01 +1.04e+00 +2.00e+00 +2.00e+00 +3.12e-02 +0.00e+00  1
     29 +2.4872e-01 +4.00e-01 +4.00e+10     29      1      1  0      1  0 +0.00e+00 +3.96e-02 +5.04e-01 +2.00e+00 +2.00e+00 +3.12e-01 +0.00e+00  1
     30 +1.9395e-01 +4.00e-01 +4.00e+10     30      1      1  0      1  0 +0.00e+00 +1.12e-01 +1.08e+00 +2.00e+00 +2.00e+00 +1.25e-01 +0.00e+00  1
     31 +1.5063e-01 +4.00e-01 +4.00e+10     31      1      1  0      1  0 +0.00e+00 +1.18e-01 +5.94e-01 +2.00e+00 +2.00e+00 +1.25e-01 +0.00e+00  1
     32 +1.4413e-01 +4.00e-01 +4.00e+10     32      1      1  0      1  0 +0.00e+00 +2.13e-02 +3.21e-01 +2.00e+00 +2.00e+00 +2.50e-01 +0.00e+00  1
     33 +1.1895e-01 +4.00e-01 +4.00e+10     33      1      1  0      1  0 +0.00e+00 +2.18e-02 +3.19e-01 +2.00e+00 +2.00e+00 +2.50e-01 +0.00e+00  1
     34 +9.9223e-02 +4.00e-01 +4.00e+10     34      1      1  0      1  0 +0.00e+00 +8.09e-02 +5.31e-01 +2.00e+00 +2.00e+00 +1.25e-01 +0.00e+00  1
     35 +7.3540e-02 +4.00e-01 +4.00e+10     35      2     27  1      8  0 +4.72e-04 +3.21e-04 +2.53e-05 +2.00e+00 +1.30e-01 +2.44e-04 +0.00e+00  1
     36 +7.3540e-02 +4.00e-02 +4.00e+09     34      1      1  0      1  0 +0.00e+00 +1.45e-01 +3.18e-01 +2.00e+00 +2.00e+00 +2.69e-02 +0.00e+00  1
     37 +7.3420e-02 +4.00e-02 +4.00e+09     35      1      1  0      1  0 +0.00e+00 +3.53e-02 +3.29e-01 +2.00e+00 +2.00e+00 +2.69e-01 +0.00e+00  1
     38 +5.2060e-02 +4.00e-02 +4.00e+09     36      1      1  0      1  0 +0.00e+00 +1.54e-01 +5.03e-01 +2.00e+00 +2.00e+00 +1.56e-02 +0.00e+00  1
     39 +4.9439e-02 +4.00e-02 +4.00e+09     37      1      1  0      1  0 +0.00e+00 +8.41e-03 +9.50e-02 +2.00e+00 +2.00e+00 +3.51e-01 +0.00e+00  1
--------------------------------------------------------------------------------------------------------------------------------------------------
  Iter.  Objective   St. Rad.  Tr. Rad.  |Pts| In Its QP Pts L? QP Its S?   QP KKT    |Step|   |Step|_H  |Grad.|  |G. Cmb.|  Stepsize Up. Fact. U?
--------------------------------------------------------------------------------------------------------------------------------------------------
     40 +4.0661e-02 +4.00e-02 +4.00e+09     38      1      1  0      1  0 +0.00e+00 +7.79e-03 +8.51e-02 +2.00e+00 +2.00e+00 +2.50e-01 +0.00e+00  1
     41 +3.8257e-02 +4.00e-02 +4.00e+09     39      1      1  0      1  0 +0.00e+00 +3.49e-02 +1.30e-01 +2.00e+00 +2.00e+00 +2.50e-01 +0.00e+00  1
     42 +2.9255e-02 +4.00e-02 +4.00e+09     40      1      1  0      1  0 +0.00e+00 +8.78e-03 +1.36e-01 +2.00e+00 +2.00e+00 +1.25e-01 +0.00e+00  1
     43 +2.4567e-02 +4.00e-02 +4.00e+09     41      1      1  0      1  0 +0.00e+00 +3.64e-03 +4.82e-02 +2.00e+00 +2.00e+00 +2.50e-01 +0.00e+00  1
     44 +1.7060e-02 +4.00e-02 +4.00e+09     42      1      1  0      1  0 +0.00e+00 +1.07e-02 +5.31e-02 +2.00e+00 +2.00e+00 +2.50e-01 +0.00e+00  1
     45 +1.0921e-02 +4.00e-02 +4.00e+09     43      1      1  0      1  0 +0.00e+00 +2.68e-02 +1.14e-01 +2.00e+00 +2.00e+00 +6.25e-02 +0.00e+00  1
     46 +7.9312e-03 +4.00e-02 +4.00e+09     44      1      1  0      1  0 +0.00e+00 +4.29e-03 +3.29e-02 +2.00e+00 +2.00e+00 +7.81e-02 +0.00e+00  1
     47 +6.4874e-03 +4.00e-02 +4.00e+09     45      1      1  0      1  0 +0.00e+00 +2.50e-03 +1.89e-02 +2.00e+00 +2.00e+00 +1.95e-01 +0.00e+00  1
     48 +6.3349e-03 +4.00e-02 +4.00e+09     46      1      1  0      1  0 +0.00e+00 +2.34e-03 +1.35e-02 +2.00e+00 +2.00e+00 +2.50e-01 +0.00e+00  1
     49 +5.9041e-03 +4.00e-02 +4.00e+09     47      1      1  0      1  0 +0.00e+00 +2.58e-03 +2.21e-02 +2.00e+00 +2.00e+00 +1.25e-01 +0.00e+00  1
     50 +4.9631e-03 +4.00e-02 +4.00e+09     48      1      1  0      1  0 +0.00e+00 +1.38e-03 +1.57e-02 +2.00e+00 +2.00e+00 +2.50e-01 +0.00e+00  1
     51 +4.4215e-03 +4.00e-02 +4.00e+09     49      1      1  0      1  0 +0.00e+00 +4.44e-04 +6.84e-03 +2.00e+00 +2.00e+00 +2.50e-01 +0.00e+00  1
     52 +3.8424e-03 +4.00e-02 +4.00e+09     50      1      1  0      1  0 +0.00e+00 +6.76e-04 +1.03e-02 +2.00e+00 +2.00e+00 +2.50e-01 +0.00e+00  1
     53 +2.6505e-03 +4.00e-02 +4.00e+09     50      1      1  0      1  0 +0.00e+00 +7.91e-04 +6.65e-03 +2.00e+00 +2.00e+00 +2.50e-01 +0.00e+00  1
     54 +2.4527e-03 +4.00e-02 +4.00e+09     50      1      1  0      1  0 +0.00e+00 +1.43e-03 +1.30e-02 +2.00e+00 +2.00e+00 +1.25e-01 +0.00e+00  1
     55 +2.0232e-03 +4.00e-02 +4.00e+09     50      1      1  0      1  0 +0.00e+00 +3.06e-04 +4.27e-03 +2.00e+00 +2.00e+00 +2.50e-01 +0.00e+00  1
     56 +1.7126e-03 +4.00e-02 +4.00e+09     50      1      1  0      1  0 +0.00e+00 +3.60e-04 +3.90e-03 +2.00e+00 +2.00e+00 +5.00e-01 +0.00e+00  1
     57 +1.0946e-03 +4.00e-02 +4.00e+09     50      1      1  0      1  0 +0.00e+00 +6.63e-04 +4.60e-03 +2.00e+00 +2.00e+00 +6.25e-02 +0.00e+00  1
     58 +9.9376e-04 +4.00e-02 +4.00e+09     50      1      1  0      1  0 +0.00e+00 +9.79e-05 +1.63e-03 +2.00e+00 +2.00e+00 +3.12e-01 +0.00e+00  1
     59 +7.6383e-04 +4.00e-02 +4.00e+09     50      1      1  0      1  0 +0.00e+00 +1.46e-04 +1.98e-03 +2.00e+00 +2.00e+00 +1.25e-01 +0.00e+00  1
--------------------------------------------------------------------------------------------------------------------------------------------------
  Iter.  Objective   St. Rad.  Tr. Rad.  |Pts| In Its QP Pts L? QP Its S?   QP KKT    |Step|   |Step|_H  |Grad.|  |G. Cmb.|  Stepsize Up. Fact. U?
--------------------------------------------------------------------------------------------------------------------------------------------------
     60 +6.4035e-04 +4.00e-02 +4.00e+09     50      1      1  0      1  0 +0.00e+00 +2.08e-04 +2.52e-03 +2.00e+00 +2.00e+00 +1.25e-01 +0.00e+00  1
     61 +6.0997e-04 +4.00e-02 +4.00e+09     50      1      1  0      1  0 +0.00e+00 +1.22e-04 +1.60e-03 +2.00e+00 +2.00e+00 +2.50e-01 +0.00e+00  1
     62 +4.0137e-04 +4.00e-02 +4.00e+09     50      1      1  0      1  0 +2.17e-19 +1.92e-04 +1.79e-03 +2.00e+00 +2.00e+00 +2.50e-01 +0.00e+00  1
     63 +3.8430e-04 +4.00e-02 +4.00e+09     50      1      1  0      1  0 +0.00e+00 +1.50e-04 +1.10e-03 +2.00e+00 +2.00e+00 +3.12e-02 +0.00e+00  1
     64 +3.7812e-04 +4.00e-02 +4.00e+09     50      1      1  0      1  0 +0.00e+00 +5.45e-05 +8.61e-04 +2.00e+00 +2.00e+00 +3.12e-01 +0.00e+00  1
     65 +3.4276e-04 +4.00e-02 +4.00e+09     50      1      1  0      1  0 +0.00e+00 +1.06e-04 +1.35e-03 +2.00e+00 +2.00e+00 +1.25e-01 +0.00e+00  1
     66 +3.0740e-04 +4.00e-02 +4.00e+09     50      1      1  0      1  0 +0.00e+00 +1.23e-04 +9.93e-04 +2.00e+00 +2.00e+00 +1.25e-01 +0.00e+00  1
     67 +3.0401e-04 +4.00e-02 +4.00e+09     50      1      1  0      1  0 +0.00e+00 +6.48e-05 +4.92e-04 +2.00e+00 +2.00e+00 +5.00e-01 +0.00e+00  1
     68 +2.3333e-04 +4.00e-02 +4.00e+09     50      1      1  0      1  0 +0.00e+00 +2.71e-05 +5.30e-04 +2.00e+00 +2.00e+00 +2.50e-01 +0.00e+00  1
     69 +2.1712e-04 +4.00e-02 +4.00e+09     50      1      1  0      1  0 +0.00e+00 +6.22e-05 +6.33e-04 +2.00e+00 +2.00e+00 +1.25e-01 +0.00e+00  1
     70 +2.0082e-04 +4.00e-02 +4.00e+09     50      1      1  0      1  0 +0.00e+00 +8.97e-05 +1.02e-03 +2.00e+00 +2.00e+00 +3.12e-02 +0.00e+00  1
     71 +1.9807e-04 +4.00e-02 +4.00e+09     50      1      1  0      1  0 +0.00e+00 +5.65e-05 +5.34e-04 +2.00e+00 +2.00e+00 +3.12e-01 +0.00e+00  1
     72 +1.6783e-04 +4.00e-02 +4.00e+09     50      1      1  0      1  0 +0.00e+00 +2.53e-05 +2.45e-04 +2.00e+00 +2.00e+00 +5.00e-01 +0.00e+00  1
     73 +1.5295e-04 +4.00e-02 +4.00e+09     50      1      1  0      1  0 +0.00e+00 +1.32e-05 +2.28e-04 +2.00e+00 +2.00e+00 +5.00e-01 +0.00e+00  1
     74 +1.1065e-04 +4.00e-02 +4.00e+09     50      2     49  1     14  0 +7.60e-08 +2.67e-08 +3.47e-10 +2.00e+00 +9.37e-03 +5.00e-01 +6.66e-01  1
     75 +1.1065e-04 +4.00e-03 +4.00e+08     50      2     35  1     10  0 +2.72e-07 +9.72e-09 +4.61e-09 +2.00e+00 +3.21e-01 +7.19e+00 +0.00e+00  1
     76 +1.1061e-04 +4.00e-03 +4.00e+08     50      2     36  1     10  0 +2.87e-07 +8.50e-09 +1.36e-09 +2.00e+00 +2.10e-01 +5.05e+01 +0.00e+00  1
     77 +1.0936e-04 +4.00e-03 +4.00e+08     50      2     37  1     11  0 +2.83e-08 +1.75e-09 +1.60e-10 +2.00e+00 +7.72e-02 +5.05e+01 +0.00e+00  1
     78 +1.0914e-04 +4.00e-03 +4.00e+08     50      2     38  1     10  0 +3.79e-08 +5.43e-09 +6.90e-10 +2.00e+00 +6.40e-02 +5.05e+01 +0.00e+00  1
     79 +1.0863e-04 +4.00e-03 +4.00e+08     50      3     51  1     25  0 +2.12e-06 +6.47e-05 +4.55e-07 +2.00e+00 +1.14e-01 +3.31e-05 +9.46e-01  1
--------------------------------------------------------------------------------------------------------------------------------------------------
  Iter.  Objective   St. Rad.  Tr. Rad.  |Pts| In Its QP Pts L? QP Its S?   QP KKT    |Step|   |Step|_H  |Grad.|  |G. Cmb.|  Stepsize Up. Fact. U?
--------------------------------------------------------------------------------------------------------------------------------------------------
     80 +1.0863e-04 +4.00e-03 +4.00e+08     50      3     62  1     27  0 +8.28e-08 +1.40e-04 +1.68e-06 +2.00e+00 +1.17e-01 +6.47e-07 +0.00e+00  0
     81 +1.0863e-04 +4.00e-03 +4.00e+08     50      3     63  1     30  0 +9.67e-09 +6.78e-05 +3.21e-07 +2.00e+00 +8.74e-02 +1.62e-06 +0.00e+00  0
     82 +1.0863e-04 +4.00e-03 +4.00e+08     50      3     63  1     30  0 +2.71e-05 +5.75e-04 +2.10e-05 +2.00e+00 +1.34e+00 +1.26e-07 +0.00e+00  0
     83 +1.0863e-04 +4.00e-03 +4.00e+08     50      3     62  1     29  0 +3.05e-08 +1.89e-01 +6.89e-01 +2.00e+00 +1.63e+00 +1.98e-08 +9.84e-01  1
     84 +1.0862e-04 +4.00e-03 +4.00e+08     50      3     62  1     28  0 +8.03e-08 +9.46e-01 +3.56e+00 +2.00e+00 +1.86e+00 +1.23e-08 +9.73e-01  1
     85 +1.0860e-04 +4.00e-03 +4.00e+08     50      3     62  1     28  0 +1.31e-12 +2.04e+00 +8.15e+00 +2.00e+00 +1.79e+00 +1.93e-09 +9.92e-01  1
     86 +1.0860e-04 +4.00e-03 +4.00e+08     50      3     62  1     29  0 +1.00e-12 +2.89e+00 +1.13e+01 +2.00e+00 +1.80e+00 +4.82e-09 +9.82e-01  1
     87 +1.0857e-04 +4.00e-03 +4.00e+08     50      3     62  1     27  0 +4.82e-08 +2.67e+00 +1.62e+01 +2.00e+00 +1.64e+00 +1.51e-09 +9.89e-01  1
     88 +1.0857e-04 +4.00e-03 +4.00e+08     50      3     62  1     30  0 +6.80e-08 +1.65e+00 +1.29e+01 +2.00e+00 +1.61e+00 +9.42e-10 +0.00e+00  0
     89 +1.0856e-04 +4.00e-03 +4.00e+08     50      3     62  1     27  0 +3.00e-08 +1.74e+00 +1.22e+01 +2.00e+00 +1.62e+00 +1.18e-09 +0.00e+00  0
     90 +1.0856e-04 +4.00e-03 +4.00e+08     50      3     62  1     27  0 +2.61e-11 +1.63e+00 +1.02e+01 +2.00e+00 +1.72e+00 +2.94e-09 +9.90e-01  1
     91 +1.0856e-04 +4.00e-03 +4.00e+08     50      3     62  1     27  0 +1.01e-12 +2.18e+00 +9.66e+00 +2.00e+00 +1.66e+00 +3.68e-09 +9.86e-01  1
     92 +1.0856e-04 +4.00e-03 +4.00e+08     50      3     62  1     29  0 +1.00e-12 +1.76e+00 +8.87e+00 +2.00e+00 +1.72e+00 +4.60e-09 +9.84e-01  1
     93 +1.0855e-04 +4.00e-03 +4.00e+08     50      3     62  1     28  0 +1.01e-12 +4.37e+00 +2.13e+01 +2.00e+00 +1.60e+00 +7.19e-10 +9.93e-01  1
     94 +1.0854e-04 +4.00e-03 +4.00e+08     50      3     62  1     26  0 +3.14e-09 +2.36e+00 +2.90e+01 +2.00e+00 +1.34e+00 +8.98e-10 +0.00e+00  0
     95 +1.0852e-04 +4.00e-03 +4.00e+08     50      3     62  1     25  0 +7.70e-09 +1.60e+00 +2.22e+01 +2.00e+00 +1.32e+00 +1.12e-09 +0.00e+00  0
     96 +1.0852e-04 +4.00e-03 +4.00e+08     50      3     62  1     27  0 +5.59e-10 +1.58e+00 +1.85e+01 +2.00e+00 +1.39e+00 +1.40e-09 +0.00e+00  0
     97 +1.0852e-04 +4.00e-03 +4.00e+08     50      3     62  1     24  0 +4.20e-08 +1.06e+00 +1.60e+01 +2.00e+00 +1.39e+00 +3.51e-09 +9.85e-01  1
     98 +1.0851e-04 +4.00e-03 +4.00e+08     50      3     62  1     28  0 +1.03e-12 +1.52e+00 +1.42e+01 +2.00e+00 +1.41e+00 +1.10e-09 +0.00e+00  0
     99 +1.0851e-04 +4.00e-03 +4.00e+08     50      3     62  1     25  0 +3.00e-08 +2.45e+00 +1.53e+01 +2.00e+00 +1.53e+00 +2.74e-09 +9.87e-01  1
--------------------------------------------------------------------------------------------------------------------------------------------------
  Iter.  Objective   St. Rad.  Tr. Rad.  |Pts| In Its QP Pts L? QP Its S?   QP KKT    |Step|   |Step|_H  |Grad.|  |G. Cmb.|  Stepsize Up. Fact. U?
--------------------------------------------------------------------------------------------------------------------------------------------------
    100 +1.0850e-04 +4.00e-03 +4.00e+08     50      3     62  1     23  0 +8.54e-09 +2.02e+00 +3.71e+01 +2.00e+00 +1.01e+00 +8.57e-10 +9.91e-01  1
    101 +1.0849e-04 +4.00e-03 +4.00e+08     50      3     62  1     26  0 +2.80e-08 +1.32e+00 +2.90e+01 +2.00e+00 +1.46e+00 +1.07e-09 +0.00e+00  0
    102 +1.0848e-04 +4.00e-03 +4.00e+08     50      3     62  1     22  0 +1.20e-08 +1.21e+00 +1.86e+01 +2.00e+00 +1.21e+00 +6.69e-10 +0.00e+00  0
    103 +1.0848e-04 +4.00e-03 +4.00e+08     50      3     62  1     23  0 +2.77e-09 +1.30e+00 +1.57e+01 +2.00e+00 +1.32e+00 +8.37e-10 +0.00e+00  0
    104 +1.0848e-04 +4.00e-03 +4.00e+08     50      3     62  1     20  0 +4.09e-08 +1.26e+00 +2.33e+01 +2.00e+00 +1.22e+00 +1.05e-09 +0.00e+00  0
    105 +1.0847e-04 +4.00e-03 +4.00e+08     50      3     62  1     22  0 +1.68e-08 +6.29e-01 +1.85e+01 +2.00e+00 +1.29e+00 +6.54e-10 +0.00e+00  0
    106 +1.0846e-04 +4.00e-03 +4.00e+08     50      3     62  1     22  0 +5.26e-08 +1.68e+00 +2.03e+01 +2.00e+00 +1.37e+00 +8.17e-10 +0.00e+00  0
    107 +1.0846e-04 +4.00e-03 +4.00e+08     50      3     62  1     19  0 +6.41e-09 +8.00e-01 +1.76e+01 +2.00e+00 +1.32e+00 +5.11e-10 +0.00e+00  0
    108 +1.0846e-04 +4.00e-03 +4.00e+08     50      3     62  1     22  0 +2.62e-08 +7.53e-01 +1.76e+01 +2.00e+00 +1.25e+00 +6.38e-10 +0.00e+00  0
    109 +1.0846e-04 +4.00e-03 +4.00e+08     50      3     62  1     26  0 +7.02e-08 +8.57e-01 +2.18e+01 +2.00e+00 +1.28e+00 +3.99e-10 +0.00e+00  0
    110 +1.0846e-04 +4.00e-03 +4.00e+08     50      3     62  1     19  0 +9.17e-08 +8.71e-01 +2.55e+01 +2.00e+00 +1.16e+00 +4.66e-10 +0.00e+00  0
    111 +1.0846e-04 +4.00e-04 +4.00e+07     50      3     28  0     13  0 +1.78e+02 +4.95e+00 +1.73e+02 +2.00e+00 +1.82e+00 +2.91e-10 +0.00e+00  0
    112 +1.0844e-04 +4.00e-04 +4.00e+07     50      3     35  0     21  0 +8.42e+01 +6.29e+00 +7.87e+01 +2.00e+00 +1.81e+00 +3.64e-10 +0.00e+00  0
    113 +1.0844e-04 +4.00e-04 +4.00e+07     50      3     43  1     20  0 +1.49e-06 +5.81e+00 +5.20e+01 +2.00e+00 +1.77e+00 +9.09e-10 +9.91e-01  1
    114 +1.0844e-04 +4.00e-04 +4.00e+07     50      3     53  1     24  0 +7.39e-08 +1.33e+01 +8.09e+01 +2.00e+00 +1.49e+00 +2.84e-10 +9.94e-01  1
    115 +1.0843e-04 +4.00e-04 +4.00e+07     50      3     61  1     27  0 +1.00e-12 +6.57e+00 +4.94e+01 +2.00e+00 +1.30e+00 +1.42e-09 +9.88e-01  1
    116 +1.0840e-04 +4.00e-04 +4.00e+07     50      3     62  1     27  0 +3.28e-12 +1.55e+01 +5.93e+01 +2.00e+00 +1.45e+00 +2.22e-10 +0.00e+00  0
    117 +1.0839e-04 +4.00e-04 +4.00e+07     50      3     62  1     26  0 +6.49e-08 +5.54e+00 +3.48e+01 +2.00e+00 +1.50e+00 +1.11e-09 +9.92e-01  1
    118 +1.0837e-04 +4.00e-04 +4.00e+07     50      3     62  1     28  0 +3.18e-08 +6.47e+00 +5.40e+01 +2.00e+00 +1.08e+00 +6.94e-10 +9.93e-01  1
    119 +1.0836e-04 +4.00e-04 +4.00e+07     50      3     62  1     27  0 +2.15e-12 +1.72e+01 +8.70e+01 +2.00e+00 +1.38e+00 +4.34e-10 +9.92e-01  1
--------------------------------------------------------------------------------------------------------------------------------------------------
  Iter.  Objective   St. Rad.  Tr. Rad.  |Pts| In Its QP Pts L? QP Its S?   QP KKT    |Step|   |Step|_H  |Grad.|  |G. Cmb.|  Stepsize Up. Fact. U?
--------------------------------------------------------------------------------------------------------------------------------------------------
    120 +1.0836e-04 +4.00e-04 +4.00e+07     50      3     62  1     27  0 +6.45e-08 +8.48e+00 +6.53e+01 +2.00e+00 +1.35e+00 +5.42e-10 +9.93e-01  1
    121 +1.0834e-04 +4.00e-04 +4.00e+07     50      3     62  1     25  0 +3.54e-09 +8.63e+00 +6.33e+01 +2.00e+00 +1.40e+00 +6.78e-10 +9.92e-01  1
    122 +1.0833e-04 +4.00e-04 +4.00e+07     50      3     62  1     26  0 +8.42e-10 +4.73e+00 +4.91e+01 +2.00e+00 +1.42e+00 +1.69e-09 +9.84e-01  1
    123 +1.0833e-04 +4.00e-04 +4.00e+07     50      3     62  1     23  0 +4.28e-08 +4.39e+00 +4.20e+01 +2.00e+00 +1.49e+00 +5.29e-10 +0.00e+00  0
    124 +1.0832e-04 +4.00e-04 +4.00e+07     50      3     62  1     25  0 +8.01e-10 +3.97e+00 +2.86e+01 +2.00e+00 +1.48e+00 +1.32e-09 +9.92e-01  1
    125 +1.0831e-04 +4.00e-04 +4.00e+07     50      3     62  1     26  0 +2.23e-12 +6.07e+00 +4.58e+01 +2.00e+00 +1.39e+00 +8.27e-10 +9.92e-01  1
    126 +1.0830e-04 +4.00e-04 +4.00e+07     50      3     62  1     27  0 +7.33e-08 +7.16e+00 +5.54e+01 +2.00e+00 +1.57e+00 +5.17e-10 +9.93e-01  1
    127 +1.0829e-04 +4.00e-04 +4.00e+07     50      3     62  1     27  0 +5.14e-11 +6.03e+00 +5.16e+01 +2.00e+00 +1.37e+00 +6.46e-10 +9.92e-01  1
    128 +1.0829e-04 +4.00e-04 +4.00e+07     50      3     62  1     26  0 +3.38e-09 +1.14e+01 +6.76e+01 +2.00e+00 +1.63e+00 +8.08e-10 +9.88e-01  1
    129 +1.0828e-04 +4.00e-04 +4.00e+07     50      3     62  1     26  0 +5.07e-08 +6.22e+00 +5.23e+01 +2.00e+00 +1.33e+00 +1.01e-09 +9.89e-01  1
    130 +1.0828e-04 +4.00e-04 +4.00e+07     50      3     62  1     28  0 +3.14e-09 +1.05e+01 +6.46e+01 +2.00e+00 +1.60e+00 +6.31e-10 +9.91e-01  1
    131 +1.0826e-04 +4.00e-04 +4.00e+07     50      3     62  1     27  0 +1.12e-12 +1.37e+01 +9.38e+01 +2.00e+00 +1.43e+00 +3.94e-10 +9.91e-01  1
    132 +1.0826e-04 +4.00e-04 +4.00e+07     50      3     62  1     27  0 +1.36e-12 +1.02e+01 +6.52e+01 +2.00e+00 +1.28e+00 +9.86e-10 +9.89e-01  1
    133 +1.0823e-04 +4.00e-04 +4.00e+07     50      3     62  1     27  0 +1.01e-12 +9.11e+00 +6.96e+01 +2.00e+00 +1.48e+00 +6.16e-10 +9.91e-01  1
    134 +1.0823e-04 +4.00e-04 +4.00e+07     50      3     62  1     27  0 +6.60e-08 +8.49e+00 +6.15e+01 +2.00e+00 +1.42e+00 +3.85e-10 +0.00e+00  0
    135 +1.0823e-04 +4.00e-04 +4.00e+07     50      3     62  1     26  0 +4.96e-09 +4.21e+00 +4.35e+01 +2.00e+00 +1.57e+00 +9.63e-10 +9.92e-01  1
    136 +1.0821e-04 +4.00e-04 +4.00e+07     50      3     62  1     22  0 +1.31e-08 +5.87e+00 +5.66e+01 +2.00e+00 +1.69e+00 +6.02e-10 +9.93e-01  1
    137 +1.0821e-04 +4.00e-04 +4.00e+07     50      3     62  1     27  0 +1.03e-08 +4.89e+00 +5.31e+01 +2.00e+00 +1.70e+00 +7.52e-10 +9.90e-01  1
    138 +1.0821e-04 +4.00e-04 +4.00e+07     50      3     62  1     26  0 +1.43e-12 +3.91e+00 +5.75e+01 +2.00e+00 +1.66e+00 +4.70e-10 +0.00e+00  0
    139 +1.0820e-04 +4.00e-04 +4.00e+07     50      3     62  1     22  0 +8.87e-09 +3.37e+00 +3.36e+01 +2.00e+00 +1.82e+00 +5.88e-10 +0.00e+00  0
--------------------------------------------------------------------------------------------------------------------------------------------------
  Iter.  Objective   St. Rad.  Tr. Rad.  |Pts| In Its QP Pts L? QP Its S?   QP KKT    |Step|   |Step|_H  |Grad.|  |G. Cmb.|  Stepsize Up. Fact. U?
--------------------------------------------------------------------------------------------------------------------------------------------------
    140 +1.0819e-04 +4.00e-04 +4.00e+07     50      3     62  1     21  0 +1.49e-08 +3.65e+00 +3.29e+01 +2.00e+00 +1.64e+00 +7.35e-10 +0.00e+00  0
    141 +1.0818e-04 +4.00e-04 +4.00e+07     50      3     62  1     23  0 +1.02e-12 +2.77e+00 +2.87e+01 +2.00e+00 +1.57e+00 +9.18e-10 +0.00e+00  0
    142 +1.0817e-04 +4.00e-04 +4.00e+07     50      3     62  1     24  0 +4.75e-08 +4.20e+00 +3.73e+01 +2.00e+00 +1.40e+00 +1.15e-09 +9.91e-01  1
    143 +1.0816e-04 +4.00e-04 +4.00e+07     50      3     62  1     24  0 +4.02e-08 +7.77e+00 +6.22e+01 +2.00e+00 +1.39e+00 +7.17e-10 +9.90e-01  1
    144 +1.0816e-04 +4.00e-04 +4.00e+07     50      3     62  1     26  0 +9.26e-08 +6.09e+00 +5.74e+01 +2.00e+00 +1.40e+00 +8.97e-10 +9.88e-01  1
    145 +1.0815e-04 +4.00e-04 +4.00e+07     50      3     62  1     25  0 +2.31e-08 +1.17e+01 +6.11e+01 +2.00e+00 +1.60e+00 +5.61e-10 +9.91e-01  1
    146 +1.0815e-04 +4.00e-04 +4.00e+07     50      3     62  1     23  0 +3.84e-08 +1.12e+01 +5.96e+01 +2.00e+00 +1.48e+00 +7.01e-10 +9.91e-01  1
    147 +1.0814e-04 +4.00e-04 +4.00e+07     50      3     62  1     24  0 +3.56e-08 +1.12e+01 +6.69e+01 +2.00e+00 +1.48e+00 +8.76e-10 +9.87e-01  1
    148 +1.0813e-04 +4.00e-04 +4.00e+07     50      3     62  1     27  0 +1.83e-08 +8.83e+00 +6.75e+01 +2.00e+00 +1.44e+00 +5.47e-10 +9.91e-01  1
    149 +1.0813e-04 +4.00e-04 +4.00e+07     50      3     62  1     25  0 +8.73e-08 +1.98e+01 +9.70e+01 +2.00e+00 +1.24e+00 +6.84e-10 +9.89e-01  1
    150 +1.0811e-04 +4.00e-04 +4.00e+07     50      3     62  1     27  0 +1.02e-12 +1.01e+01 +7.63e+01 +2.00e+00 +1.44e+00 +8.55e-10 +9.88e-01  1
    151 +1.0809e-04 +4.00e-04 +4.00e+07     50      3     62  1     26  0 +1.44e-12 +8.49e+00 +6.36e+01 +2.00e+00 +1.33e+00 +5.35e-10 +9.93e-01  1
    152 +1.0807e-04 +4.00e-04 +4.00e+07     50      3     62  1     26  0 +3.66e-08 +8.52e+00 +5.98e+01 +2.00e+00 +1.46e+00 +6.68e-10 +9.91e-01  1
    153 +1.0807e-04 +4.00e-04 +4.00e+07     50      3     62  1     24  0 +1.23e-08 +8.17e+00 +6.11e+01 +2.00e+00 +1.59e+00 +8.35e-10 +9.88e-01  1
    154 +1.0806e-04 +4.00e-04 +4.00e+07     50      3     62  1     27  0 +2.47e-09 +8.08e+00 +5.97e+01 +2.00e+00 +1.57e+00 +5.22e-10 +9.92e-01  1
    155 +1.0806e-04 +4.00e-04 +4.00e+07     50      3     62  1     26  0 +1.43e-12 +7.33e+00 +6.89e+01 +2.00e+00 +1.52e+00 +6.53e-10 +9.90e-01  1
    156 +1.0804e-04 +4.00e-04 +4.00e+07     50      3     62  1     27  0 +4.39e-08 +1.13e+01 +8.54e+01 +2.00e+00 +1.57e+00 +8.16e-10 +9.86e-01  1
    157 +1.0804e-04 +4.00e-04 +4.00e+07     50      3     62  1     25  0 +1.79e-08 +1.09e+01 +7.38e+01 +2.00e+00 +1.38e+00 +1.02e-09 +9.86e-01  1
    158 +1.0802e-04 +4.00e-04 +4.00e+07     50      3     62  1     28  0 +5.82e-08 +1.07e+01 +6.80e+01 +2.00e+00 +1.51e+00 +6.37e-10 +9.89e-01  1
    159 +1.0802e-04 +4.00e-04 +4.00e+07     50      3     62  1     26  0 +2.72e-12 +7.60e+00 +5.25e+01 +2.00e+00 +1.59e+00 +7.97e-10 +9.90e-01  1
--------------------------------------------------------------------------------------------------------------------------------------------------
  Iter.  Objective   St. Rad.  Tr. Rad.  |Pts| In Its QP Pts L? QP Its S?   QP KKT    |Step|   |Step|_H  |Grad.|  |G. Cmb.|  Stepsize Up. Fact. U?
--------------------------------------------------------------------------------------------------------------------------------------------------
    160 +1.0801e-04 +4.00e-04 +4.00e+07     50      3     62  1     27  0 +5.94e-08 +7.12e+00 +5.56e+01 +2.00e+00 +1.39e+00 +9.96e-10 +9.91e-01  1
    161 +1.0798e-04 +4.00e-04 +4.00e+07     50      3     62  1     27  0 +1.50e-08 +1.48e+01 +1.10e+02 +2.00e+00 +1.56e+00 +6.22e-10 +9.87e-01  1
    162 +1.0798e-04 +4.00e-04 +4.00e+07     50      3     62  1     25  0 +8.12e-10 +1.21e+01 +7.33e+01 +2.00e+00 +1.41e+00 +3.89e-10 +9.93e-01  1
    163 +1.0797e-04 +4.00e-04 +4.00e+07     50      3     62  1     27  0 +1.00e-12 +1.06e+01 +7.22e+01 +2.00e+00 +1.37e+00 +4.86e-10 +9.92e-01  1
    164 +1.0795e-04 +4.00e-04 +4.00e+07     50      3     62  1     25  0 +5.38e-08 +8.53e+00 +6.95e+01 +2.00e+00 +1.55e+00 +6.08e-10 +9.90e-01  1
    165 +1.0794e-04 +4.00e-04 +4.00e+07     50      3     62  1     26  0 +2.62e-09 +7.12e+00 +6.34e+01 +2.00e+00 +1.29e+00 +7.60e-10 +9.89e-01  1
    166 +1.0791e-04 +4.00e-04 +4.00e+07     50      3     62  1     24  0 +6.84e-08 +6.02e+00 +5.26e+01 +2.00e+00 +1.47e+00 +9.50e-10 +9.88e-01  1
    167 +1.0790e-04 +4.00e-04 +4.00e+07     50      3     62  1     25  0 +1.30e-12 +4.89e+00 +5.18e+01 +2.00e+00 +1.31e+00 +5.93e-10 +9.91e-01  1
    168 +1.0789e-04 +4.00e-04 +4.00e+07     50      3     62  1     25  0 +2.29e-12 +7.12e+00 +7.11e+01 +2.00e+00 +1.68e+00 +7.42e-10 +9.89e-01  1
    169 +1.0786e-04 +4.00e-04 +4.00e+07     50      3     62  1     27  0 +9.26e-09 +4.95e+00 +6.45e+01 +2.00e+00 +1.72e+00 +4.64e-10 +0.00e+00  0
    170 +1.0785e-04 +4.00e-04 +4.00e+07     50      3     62  1     24  0 +1.58e-12 +3.15e+00 +4.12e+01 +2.00e+00 +1.77e+00 +1.16e-09 +9.89e-01  1
    171 +1.0784e-04 +4.00e-04 +4.00e+07     50      3     62  1     28  0 +3.72e-12 +7.93e+00 +6.77e+01 +2.00e+00 +1.56e+00 +3.62e-10 +0.00e+00  0
    172 +1.0782e-04 +4.00e-04 +4.00e+07     50      3     62  1     24  0 +1.39e-09 +8.38e+00 +5.78e+01 +2.00e+00 +1.77e+00 +9.06e-10 +9.89e-01  1
    173 +1.0781e-04 +4.00e-04 +4.00e+07     50      3     62  1     24  0 +1.19e-10 +8.09e+00 +6.10e+01 +2.00e+00 +1.39e+00 +1.13e-09 +9.84e-01  1
    174 +1.0780e-04 +4.00e-04 +4.00e+07     50      3     62  1     26  0 +1.06e-12 +1.42e+01 +8.22e+01 +2.00e+00 +1.47e+00 +7.07e-10 +9.88e-01  1
    175 +1.0778e-04 +4.00e-04 +4.00e+07     50      3     62  1     29  0 +1.00e-12 +1.73e+01 +1.02e+02 +2.00e+00 +1.26e+00 +4.42e-10 +9.89e-01  1
    176 +1.0776e-04 +4.00e-04 +4.00e+07     50      3     62  1     25  0 +3.25e-09 +1.12e+01 +7.35e+01 +2.00e+00 +1.57e+00 +5.53e-10 +9.90e-01  1
    177 +1.0775e-04 +4.00e-04 +4.00e+07     50      3     62  1     25  0 +2.41e-09 +1.09e+01 +6.12e+01 +2.00e+00 +1.36e+00 +6.91e-10 +9.91e-01  1
    178 +1.0773e-04 +4.00e-04 +4.00e+07     50      3     62  1     27  0 +1.00e-12 +8.02e+00 +6.87e+01 +2.00e+00 +1.42e+00 +4.32e-10 +9.93e-01  1
    179 +1.0772e-04 +4.00e-04 +4.00e+07     50      3     62  1     26  0 +2.19e-09 +1.01e+01 +6.50e+01 +2.00e+00 +1.45e+00 +5.40e-10 +9.92e-01  1
--------------------------------------------------------------------------------------------------------------------------------------------------
  Iter.  Objective   St. Rad.  Tr. Rad.  |Pts| In Its QP Pts L? QP Its S?   QP KKT    |Step|   |Step|_H  |Grad.|  |G. Cmb.|  Stepsize Up. Fact. U?
--------------------------------------------------------------------------------------------------------------------------------------------------
    180 +1.0771e-04 +4.00e-04 +4.00e+07     50      3     62  1     24  0 +2.81e-08 +3.51e+00 +7.02e+01 +2.00e+00 +1.34e+00 +6.75e-10 +9.90e-01  1
    181 +1.0769e-04 +4.00e-04 +4.00e+07     50      3     62  1     25  0 +7.52e-09 +9.77e+00 +6.75e+01 +2.00e+00 +1.40e+00 +8.43e-10 +9.85e-01  1
    182 +1.0768e-04 +4.00e-04 +4.00e+07     50      3     62  1     24  0 +1.87e-08 +4.05e+00 +4.32e+01 +2.00e+00 +1.58e+00 +5.27e-10 +0.00e+00  0
    183 +1.0768e-04 +4.00e-04 +4.00e+07     50      3     62  1     22  0 +2.08e-09 +4.80e+00 +3.87e+01 +2.00e+00 +1.56e+00 +1.32e-09 +9.87e-01  1
    184 +1.0767e-04 +4.00e-04 +4.00e+07     50      3     62  1     27  0 +8.40e-08 +9.47e+00 +5.84e+01 +2.00e+00 +1.52e+00 +4.12e-10 +9.91e-01  1
    185 +1.0766e-04 +4.00e-04 +4.00e+07     50      3     62  1     27  0 +4.61e-08 +1.10e+01 +8.17e+01 +2.00e+00 +1.41e+00 +1.03e-09 +9.83e-01  1
    186 +1.0763e-04 +4.00e-04 +4.00e+07     50      3     62  1     23  0 +1.91e-09 +1.34e+01 +8.00e+01 +2.00e+00 +1.53e+00 +6.43e-10 +9.87e-01  1
    187 +1.0762e-04 +4.00e-04 +4.00e+07     50      3     62  1     26  0 +1.01e-09 +8.41e+00 +6.49e+01 +2.00e+00 +1.52e+00 +4.02e-10 +9.92e-01  1
    188 +1.0761e-04 +4.00e-04 +4.00e+07     50      3     62  1     24  0 +9.79e-09 +8.57e+00 +7.56e+01 +2.00e+00 +1.36e+00 +5.03e-10 +9.90e-01  1
    189 +1.0759e-04 +4.00e-04 +4.00e+07     50      3     62  1     27  0 +1.82e-08 +8.96e+00 +8.19e+01 +2.00e+00 +1.29e+00 +1.26e-09 +9.81e-01  1
    190 +1.0758e-04 +4.00e-04 +4.00e+07     50      3     62  1     26  0 +2.36e-08 +1.09e+01 +9.84e+01 +2.00e+00 +1.28e+00 +7.85e-10 +9.82e-01  1
    191 +1.0758e-04 +4.00e-04 +4.00e+07     50      3     62  1     25  0 +1.56e-08 +1.13e+01 +7.99e+01 +2.00e+00 +1.39e+00 +4.91e-10 +9.91e-01  1
    192 +1.0757e-04 +4.00e-04 +4.00e+07     50      3     62  1     27  0 +6.15e-12 +1.46e+01 +8.54e+01 +2.00e+00 +1.56e+00 +6.14e-10 +9.89e-01  1
    193 +1.0756e-04 +4.00e-04 +4.00e+07     50      3     62  1     24  0 +1.51e-12 +1.14e+01 +6.85e+01 +2.00e+00 +1.42e+00 +1.53e-09 +9.76e-01  1
    194 +1.0756e-04 +4.00e-04 +4.00e+07     50      3     62  1     23  0 +7.18e-08 +7.43e+00 +7.53e+01 +2.00e+00 +1.51e+00 +4.79e-10 +9.92e-01  1
    195 +1.0755e-04 +4.00e-04 +4.00e+07     50      3     62  1     27  0 +3.49e-08 +8.76e+00 +9.00e+01 +2.00e+00 +1.68e+00 +5.99e-10 +9.87e-01  1
    196 +1.0754e-04 +4.00e-04 +4.00e+07     50      3     62  1     24  0 +5.44e-08 +8.15e+00 +7.40e+01 +2.00e+00 +1.40e+00 +7.49e-10 +9.85e-01  1
    197 +1.0754e-04 +4.00e-04 +4.00e+07     50      3     62  1     27  0 +2.59e-10 +5.02e+00 +6.27e+01 +2.00e+00 +1.72e+00 +9.36e-10 +9.84e-01  1
    198 +1.0753e-04 +4.00e-04 +4.00e+07     50      3     62  1     25  0 +4.39e-08 +9.57e+00 +7.61e+01 +2.00e+00 +1.84e+00 +5.85e-10 +9.89e-01  1
    199 +1.0752e-04 +4.00e-04 +4.00e+07     50      3     62  1     25  0 +3.83e-08 +1.39e+01 +8.50e+01 +2.00e+00 +1.68e+00 +7.32e-10 +9.86e-01  1
--------------------------------------------------------------------------------------------------------------------------------------------------
  Iter.  Objective   St. Rad.  Tr. Rad.  |Pts| In Its QP Pts L? QP Its S?   QP KKT    |Step|   |Step|_H  |Grad.|  |G. Cmb.|  Stepsize Up. Fact. U?
--------------------------------------------------------------------------------------------------------------------------------------------------
    200 +1.0751e-04 +4.00e-04 +4.00e+07     50      3     62  1     25  0 +2.23e-08 +9.02e+00 +7.16e+01 +2.00e+00 +1.53e+00 +1.83e-09 +9.79e-01  1
    201 +1.0751e-04 +4.00e-04 +4.00e+07     50      3     62  1     26  0 +6.64e-08 +2.03e+01 +1.13e+02 +2.00e+00 +1.65e+00 +2.86e-10 +9.91e-01  1
    202 +1.0751e-04 +4.00e-04 +4.00e+07     50      3     62  1     27  0 +2.43e-09 +1.06e+01 +9.20e+01 +2.00e+00 +1.45e+00 +7.14e-10 +9.86e-01  1
    203 +1.0750e-04 +4.00e-04 +4.00e+07     50      3     62  1     26  0 +1.54e-08 +1.67e+01 +1.13e+02 +2.00e+00 +1.36e+00 +4.46e-10 +9.89e-01  1
    204 +1.0748e-04 +4.00e-04 +4.00e+07     50      3     62  1     26  0 +1.66e-08 +1.09e+01 +1.01e+02 +2.00e+00 +1.55e+00 +5.58e-10 +9.86e-01  1
    205 +1.0747e-04 +4.00e-04 +4.00e+07     50      3     62  1     24  0 +4.75e-09 +1.57e+01 +9.41e+01 +2.00e+00 +1.73e+00 +6.98e-10 +9.85e-01  1
    206 +1.0744e-04 +4.00e-04 +4.00e+07     50      3     62  1     28  0 +8.35e-08 +1.12e+01 +9.94e+01 +2.00e+00 +1.47e+00 +8.72e-10 +9.77e-01  1
    207 +1.0743e-04 +4.00e-04 +4.00e+07     50      3     62  1     24  0 +2.28e-08 +1.58e+01 +8.72e+01 +2.00e+00 +1.67e+00 +1.09e-09 +9.79e-01  1
    208 +1.0741e-04 +4.00e-04 +4.00e+07     50      3     62  1     26  0 +4.70e-09 +1.63e+01 +8.72e+01 +2.00e+00 +1.51e+00 +6.81e-10 +9.87e-01  1
    209 +1.0738e-04 +4.00e-04 +4.00e+07     50      3     62  1     25  0 +1.97e-09 +1.12e+01 +9.22e+01 +2.00e+00 +1.74e+00 +4.26e-10 +9.91e-01  1
    210 +1.0737e-04 +4.00e-04 +4.00e+07     50      3     62  1     25  0 +1.73e-12 +1.59e+01 +9.01e+01 +2.00e+00 +1.46e+00 +1.06e-09 +9.77e-01  1
    211 +1.0736e-04 +4.00e-04 +4.00e+07     50      3     62  1     28  0 +1.71e-12 +1.30e+01 +1.07e+02 +2.00e+00 +1.70e+00 +3.33e-10 +9.91e-01  1
    212 +1.0734e-04 +4.00e-04 +4.00e+07     50      3     62  1     26  0 +3.37e-11 +1.30e+01 +8.66e+01 +2.00e+00 +1.62e+00 +8.32e-10 +9.84e-01  1
    213 +1.0734e-04 +4.00e-04 +4.00e+07     50      3     62  1     25  0 +1.26e-08 +4.28e+00 +6.04e+01 +2.00e+00 +1.41e+00 +1.04e-09 +9.88e-01  1
    214 +1.0731e-04 +4.00e-04 +4.00e+07     50      3     62  1     23  0 +7.13e-10 +4.37e+00 +7.27e+01 +2.00e+00 +1.57e+00 +6.50e-10 +9.89e-01  1
    215 +1.0729e-04 +4.00e-04 +4.00e+07     50      3     62  1     29  0 +9.18e-12 +7.27e+00 +7.59e+01 +2.00e+00 +1.41e+00 +8.12e-10 +9.85e-01  1
    216 +1.0728e-04 +4.00e-04 +4.00e+07     50      3     62  1     26  0 +3.05e-08 +5.75e+00 +6.68e+01 +2.00e+00 +1.44e+00 +5.08e-10 +9.90e-01  1
    217 +1.0727e-04 +4.00e-04 +4.00e+07     50      3     62  1     27  0 +3.30e-12 +4.93e+00 +6.11e+01 +2.00e+00 +1.42e+00 +6.34e-10 +9.89e-01  1
    218 +1.0725e-04 +4.00e-04 +4.00e+07     50      3     62  1     25  0 +4.74e-08 +9.70e+00 +8.74e+01 +2.00e+00 +1.47e+00 +7.93e-10 +9.82e-01  1
    219 +1.0725e-04 +4.00e-04 +4.00e+07     50      3     62  1     27  0 +1.18e-08 +7.40e+00 +6.23e+01 +2.00e+00 +1.38e+00 +9.91e-10 +9.87e-01  1
--------------------------------------------------------------------------------------------------------------------------------------------------
  Iter.  Objective   St. Rad.  Tr. Rad.  |Pts| In Its QP Pts L? QP Its S?   QP KKT    |Step|   |Step|_H  |Grad.|  |G. Cmb.|  Stepsize Up. Fact. U?
--------------------------------------------------------------------------------------------------------------------------------------------------
    220 +1.0723e-04 +4.00e-04 +4.00e+07     50      3     62  1     28  0 +6.74e-08 +8.71e+00 +6.34e+01 +2.00e+00 +1.08e+00 +6.20e-10 +9.89e-01  1
    221 +1.0722e-04 +4.00e-04 +4.00e+07     50      3     62  1     24  0 +1.00e-08 +1.04e+01 +8.07e+01 +2.00e+00 +1.06e+00 +7.75e-10 +9.83e-01  1
    222 +1.0721e-04 +4.00e-04 +4.00e+07     50      3     62  1     24  0 +4.92e-10 +1.01e+01 +7.80e+01 +2.00e+00 +1.45e+00 +9.68e-10 +9.83e-01  1
    223 +1.0719e-04 +4.00e-04 +4.00e+07     50      3     62  1     26  0 +3.16e-12 +8.07e+00 +6.64e+01 +2.00e+00 +1.42e+00 +6.05e-10 +9.88e-01  1
    224 +1.0718e-04 +4.00e-04 +4.00e+07     50      3     62  1     23  0 +1.87e-09 +7.43e+00 +7.15e+01 +2.00e+00 +1.29e+00 +1.51e-09 +9.77e-01  1
    225 +1.0716e-04 +4.00e-04 +4.00e+07     50      3     62  1     28  0 +5.65e-08 +5.28e+00 +6.04e+01 +2.00e+00 +1.64e+00 +9.45e-10 +9.86e-01  1
    226 +1.0716e-04 +4.00e-04 +4.00e+07     50      3     62  1     24  0 +9.74e-09 +8.06e+00 +6.78e+01 +2.00e+00 +1.44e+00 +5.91e-10 +9.91e-01  1
    227 +1.0714e-04 +4.00e-04 +4.00e+07     50      3     62  1     26  0 +1.57e-08 +8.06e+00 +8.18e+01 +2.00e+00 +1.57e+00 +7.39e-10 +9.82e-01  1
    228 +1.0713e-04 +4.00e-04 +4.00e+07     50      3     62  1     25  0 +3.16e-12 +5.16e+00 +5.41e+01 +2.00e+00 +1.40e+00 +9.23e-10 +9.84e-01  1
    229 +1.0713e-04 +4.00e-04 +4.00e+07     50      3     62  1     24  0 +6.03e-09 +9.42e+00 +6.67e+01 +2.00e+00 +1.29e+00 +1.15e-09 +9.83e-01  1
    230 +1.0711e-04 +4.00e-04 +4.00e+07     50      3     62  1     25  0 +1.50e-09 +5.71e+00 +5.90e+01 +2.00e+00 +1.34e+00 +7.21e-10 +9.87e-01  1
    231 +1.0710e-04 +4.00e-04 +4.00e+07     50      3     62  1     29  0 +2.52e-12 +7.97e+00 +6.74e+01 +2.00e+00 +1.23e+00 +4.51e-10 +9.91e-01  1
    232 +1.0710e-04 +4.00e-04 +4.00e+07     50      3     62  1     24  0 +1.55e-08 +1.32e+01 +8.57e+01 +2.00e+00 +1.20e+00 +5.64e-10 +9.89e-01  1
    233 +1.0707e-04 +4.00e-04 +4.00e+07     50      3     62  1     24  0 +1.98e-08 +1.30e+01 +9.45e+01 +2.00e+00 +1.22e+00 +3.52e-10 +9.91e-01  1
    234 +1.0706e-04 +4.00e-04 +4.00e+07     50      3     62  1     26  0 +2.36e-12 +1.28e+01 +9.16e+01 +2.00e+00 +1.55e+00 +8.81e-10 +9.86e-01  1
    235 +1.0703e-04 +4.00e-04 +4.00e+07     50      3     62  1     24  0 +7.37e-08 +1.52e+01 +1.03e+02 +2.00e+00 +1.61e+00 +5.50e-10 +9.86e-01  1
    236 +1.0701e-04 +4.00e-04 +4.00e+07     50      3     62  1     27  0 +1.13e-08 +1.28e+01 +8.04e+01 +2.00e+00 +1.53e+00 +6.88e-10 +9.89e-01  1
    237 +1.0699e-04 +4.00e-04 +4.00e+07     50      3     62  1     24  0 +3.61e-09 +8.11e+00 +6.88e+01 +2.00e+00 +1.28e+00 +8.60e-10 +9.85e-01  1
    238 +1.0697e-04 +4.00e-04 +4.00e+07     50      3     62  1     24  0 +1.88e-08 +6.89e+00 +7.06e+01 +2.00e+00 +1.34e+00 +5.37e-10 +9.91e-01  1
    239 +1.0696e-04 +4.00e-04 +4.00e+07     50      3     62  1     25  0 +4.79e-08 +8.37e+00 +6.80e+01 +2.00e+00 +1.43e+00 +1.34e-09 +9.79e-01  1
--------------------------------------------------------------------------------------------------------------------------------------------------
  Iter.  Objective   St. Rad.  Tr. Rad.  |Pts| In Its QP Pts L? QP Its S?   QP KKT    |Step|   |Step|_H  |Grad.|  |G. Cmb.|  Stepsize Up. Fact. U?
--------------------------------------------------------------------------------------------------------------------------------------------------
    240 +1.0695e-04 +4.00e-04 +4.00e+07     50      3     62  1     27  0 +4.45e-10 +7.64e+00 +7.90e+01 +2.00e+00 +1.44e+00 +4.20e-10 +9.90e-01  1
    241 +1.0694e-04 +4.00e-04 +4.00e+07     50      3     62  1     26  0 +3.50e-12 +1.00e+01 +7.46e+01 +2.00e+00 +1.29e+00 +5.25e-10 +9.89e-01  1
    242 +1.0692e-04 +4.00e-04 +4.00e+07     50      3     62  1     27  0 +3.65e-12 +8.96e+00 +8.08e+01 +2.00e+00 +1.42e+00 +6.56e-10 +9.86e-01  1
    243 +1.0690e-04 +4.00e-04 +4.00e+07     50      3     62  1     26  0 +1.89e-08 +1.94e+01 +1.19e+02 +2.00e+00 +1.46e+00 +8.20e-10 +9.81e-01  1
    244 +1.0689e-04 +4.00e-04 +4.00e+07     50      3     62  1     28  0 +3.32e-08 +1.33e+01 +8.45e+01 +2.00e+00 +1.19e+00 +1.03e-09 +9.82e-01  1
    245 +1.0688e-04 +4.00e-04 +4.00e+07     50      3     62  1     26  0 +5.47e-09 +1.70e+01 +9.76e+01 +2.00e+00 +1.43e+00 +6.41e-10 +9.86e-01  1
    246 +1.0687e-04 +4.00e-04 +4.00e+07     50      3     62  1     25  0 +9.84e-10 +1.29e+01 +9.03e+01 +2.00e+00 +1.37e+00 +4.00e-10 +9.90e-01  1
    247 +1.0686e-04 +4.00e-04 +4.00e+07     50      3     62  1     26  0 +2.36e-12 +1.09e+01 +8.54e+01 +2.00e+00 +1.22e+00 +1.00e-09 +9.81e-01  1
    248 +1.0684e-04 +4.00e-04 +4.00e+07     50      3     62  1     26  0 +1.48e-09 +8.98e+00 +7.59e+01 +2.00e+00 +1.28e+00 +1.25e-09 +9.76e-01  1
    249 +1.0684e-04 +4.00e-04 +4.00e+07     50      3     62  1     26  0 +9.82e-08 +9.57e+00 +8.74e+01 +2.00e+00 +1.55e+00 +7.82e-10 +9.83e-01  1
    250 +1.0682e-04 +4.00e-04 +4.00e+07     50      3     62  1     26  0 +1.94e-12 +9.85e+00 +7.49e+01 +2.00e+00 +1.54e+00 +9.78e-10 +9.79e-01  1
    251 +1.0681e-04 +4.00e-04 +4.00e+07     50      3     62  1     27  0 +1.50e-08 +6.94e+00 +8.13e+01 +2.00e+00 +1.45e+00 +6.11e-10 +9.87e-01  1
    252 +1.0681e-04 +4.00e-04 +4.00e+07     50      3     62  1     26  0 +5.89e-12 +5.49e+00 +6.43e+01 +2.00e+00 +1.58e+00 +7.64e-10 +9.89e-01  1
    253 +1.0679e-04 +4.00e-04 +4.00e+07     50      3     62  1     24  0 +1.91e-12 +1.11e+01 +8.00e+01 +2.00e+00 +1.37e+00 +9.55e-10 +9.83e-01  1
    254 +1.0677e-04 +4.00e-04 +4.00e+07     50      3     62  1     24  0 +5.61e-08 +8.16e+00 +7.72e+01 +2.00e+00 +1.40e+00 +5.97e-10 +9.87e-01  1
    255 +1.0676e-04 +4.00e-04 +4.00e+07     50      3     62  1     28  0 +8.35e-08 +1.29e+01 +9.57e+01 +2.00e+00 +1.26e+00 +7.46e-10 +9.81e-01  1
    256 +1.0674e-04 +4.00e-04 +4.00e+07     50      3     62  1     26  0 +3.35e-08 +1.91e+01 +9.87e+01 +2.00e+00 +1.51e+00 +4.66e-10 +9.88e-01  1
    257 +1.0672e-04 +4.00e-04 +4.00e+07     50      3     62  1     27  0 +5.91e-12 +1.38e+01 +1.04e+02 +2.00e+00 +1.22e+00 +5.83e-10 +9.87e-01  1
    258 +1.0669e-04 +4.00e-04 +4.00e+07     50      3     62  1     27  0 +1.80e-12 +1.85e+01 +1.08e+02 +2.00e+00 +1.19e+00 +7.28e-10 +9.83e-01  1
    259 +1.0667e-04 +4.00e-04 +4.00e+07     50      3     62  1     27  0 +3.49e-08 +1.99e+01 +1.23e+02 +2.00e+00 +1.21e+00 +9.10e-10 +9.77e-01  1
--------------------------------------------------------------------------------------------------------------------------------------------------
  Iter.  Objective   St. Rad.  Tr. Rad.  |Pts| In Its QP Pts L? QP Its S?   QP KKT    |Step|   |Step|_H  |Grad.|  |G. Cmb.|  Stepsize Up. Fact. U?
--------------------------------------------------------------------------------------------------------------------------------------------------
    260 +1.0666e-04 +4.00e-04 +4.00e+07     50      3     62  1     27  0 +1.18e-08 +2.03e+01 +1.07e+02 +2.00e+00 +1.25e+00 +5.69e-10 +9.86e-01  1
    261 +1.0665e-04 +4.00e-04 +4.00e+07     50      3     62  1     27  0 +2.08e-12 +1.67e+01 +1.20e+02 +2.00e+00 +9.88e-01 +7.11e-10 +9.81e-01  1
    262 +1.0663e-04 +4.00e-04 +4.00e+07     50      3     62  1     27  0 +5.45e-08 +1.87e+01 +1.24e+02 +2.00e+00 +1.15e+00 +8.89e-10 +9.72e-01  1
    263 +1.0663e-04 +4.00e-04 +4.00e+07     50      3     62  1     27  0 +2.45e-12 +9.92e+00 +8.32e+01 +2.00e+00 +1.33e+00 +5.56e-10 +9.89e-01  1
    264 +1.0661e-04 +4.00e-04 +4.00e+07     50      3     62  1     26  0 +7.01e-11 +1.02e+01 +9.23e+01 +2.00e+00 +1.30e+00 +6.95e-10 +9.85e-01  1
    265 +1.0660e-04 +4.00e-04 +4.00e+07     50      3     62  1     27  0 +3.50e-08 +7.18e+00 +7.82e+01 +2.00e+00 +1.37e+00 +4.34e-10 +9.92e-01  1
    266 +1.0659e-04 +4.00e-04 +4.00e+07     50      3     62  1     25  0 +1.72e-08 +1.29e+01 +1.06e+02 +2.00e+00 +1.32e+00 +5.43e-10 +9.85e-01  1
    267 +1.0658e-04 +4.00e-04 +4.00e+07     50      3     62  1     24  0 +9.67e-08 +7.36e+00 +6.83e+01 +2.00e+00 +1.65e+00 +6.78e-10 +9.87e-01  1
    268 +1.0656e-04 +4.00e-04 +4.00e+07     50      3     62  1     27  0 +5.89e-09 +8.87e+00 +7.82e+01 +2.00e+00 +1.52e+00 +8.48e-10 +9.83e-01  1
    269 +1.0654e-04 +4.00e-04 +4.00e+07     50      3     62  1     26  0 +2.20e-09 +2.31e+01 +1.02e+02 +2.00e+00 +1.46e+00 +1.06e-09 +9.75e-01  1
    270 +1.0654e-04 +4.00e-04 +4.00e+07     50      3     62  1     26  0 +8.54e-08 +1.08e+01 +7.80e+01 +2.00e+00 +1.46e+00 +6.62e-10 +9.88e-01  1
    271 +1.0651e-04 +4.00e-04 +4.00e+07     50      3     62  1     26  0 +1.81e-08 +1.68e+01 +1.13e+02 +2.00e+00 +1.25e+00 +8.28e-10 +9.80e-01  1
    272 +1.0649e-04 +4.00e-04 +4.00e+07     50      3     62  1     28  0 +1.07e-08 +1.16e+01 +9.43e+01 +2.00e+00 +1.21e+00 +5.18e-10 +9.88e-01  1
    273 +1.0646e-04 +4.00e-04 +4.00e+07     50      3     62  1     27  0 +4.96e-12 +9.69e+00 +1.03e+02 +2.00e+00 +1.17e+00 +6.47e-10 +9.82e-01  1
    274 +1.0644e-04 +4.00e-04 +4.00e+07     50      3     62  1     24  0 +7.79e-08 +6.23e+00 +7.30e+01 +2.00e+00 +1.68e+00 +8.09e-10 +9.83e-01  1
    275 +1.0642e-04 +4.00e-04 +4.00e+07     50      3     62  1     26  0 +1.16e-08 +6.99e+00 +6.56e+01 +2.00e+00 +1.50e+00 +1.01e-09 +9.82e-01  1
    276 +1.0641e-04 +4.00e-04 +4.00e+07     50      3     62  1     25  0 +4.73e-08 +8.11e+00 +7.78e+01 +2.00e+00 +1.62e+00 +6.32e-10 +9.84e-01  1
    277 +1.0640e-04 +4.00e-04 +4.00e+07     50      3     62  1     23  0 +2.78e-08 +1.10e+01 +6.60e+01 +2.00e+00 +1.56e+00 +1.58e-09 +9.72e-01  1
    278 +1.0639e-04 +4.00e-04 +4.00e+07     50      3     62  1     28  0 +2.03e-12 +1.08e+01 +6.34e+01 +2.00e+00 +1.57e+00 +9.87e-10 +9.80e-01  1
    279 +1.0638e-04 +4.00e-04 +4.00e+07     50      3     62  1     26  0 +1.53e-12 +1.30e+01 +9.37e+01 +2.00e+00 +1.38e+00 +1.23e-09 +9.71e-01  1
--------------------------------------------------------------------------------------------------------------------------------------------------
  Iter.  Objective   St. Rad.  Tr. Rad.  |Pts| In Its QP Pts L? QP Its S?   QP KKT    |Step|   |Step|_H  |Grad.|  |G. Cmb.|  Stepsize Up. Fact. U?
--------------------------------------------------------------------------------------------------------------------------------------------------
    280 +1.0638e-04 +4.00e-04 +4.00e+07     50      3     62  1     25  0 +7.65e-08 +1.93e+01 +9.73e+01 +2.00e+00 +1.27e+00 +7.71e-10 +9.81e-01  1
    281 +1.0635e-04 +4.00e-04 +4.00e+07     50      3     62  1     27  0 +9.47e-09 +2.15e+01 +1.13e+02 +2.00e+00 +9.67e-01 +9.64e-10 +9.74e-01  1
    282 +1.0635e-04 +4.00e-04 +4.00e+07     50      3     62  1     25  0 +4.37e-09 +1.35e+01 +1.04e+02 +2.00e+00 +1.34e+00 +6.02e-10 +9.80e-01  1
    283 +1.0633e-04 +4.00e-04 +4.00e+07     50      3     62  1     24  0 +3.62e-08 +1.35e+01 +1.06e+02 +2.00e+00 +1.05e+00 +7.53e-10 +9.79e-01  1
    284 +1.0629e-04 +4.00e-04 +4.00e+07     50      3     62  1     27  0 +2.30e-12 +1.06e+01 +8.26e+01 +2.00e+00 +1.10e+00 +4.71e-10 +9.87e-01  1
    285 +1.0627e-04 +4.00e-04 +4.00e+07     50      3     62  1     25  0 +5.78e-08 +1.28e+01 +9.02e+01 +2.00e+00 +1.15e+00 +5.88e-10 +9.87e-01  1
    286 +1.0626e-04 +4.00e-04 +4.00e+07     50      3     62  1     27  0 +1.72e-08 +5.64e+00 +6.80e+01 +2.00e+00 +1.11e+00 +7.35e-10 +9.83e-01  1
    287 +1.0624e-04 +4.00e-04 +4.00e+07     50      3     62  1     26  0 +3.60e-12 +4.77e+00 +8.81e+01 +2.00e+00 +1.04e+00 +4.60e-10 +9.88e-01  1
    288 +1.0622e-04 +4.00e-04 +4.00e+07     50      3     62  1     28  0 +4.04e-12 +6.38e+00 +7.10e+01 +2.00e+00 +1.07e+00 +1.15e-09 +9.75e-01  1
    289 +1.0621e-04 +4.00e-04 +4.00e+07     50      3     62  1     26  0 +3.94e-12 +4.62e+00 +7.19e+01 +2.00e+00 +1.12e+00 +7.18e-10 +9.85e-01  1
    290 +1.0619e-04 +4.00e-04 +4.00e+07     50      3     62  1     27  0 +2.96e-12 +2.42e+00 +6.06e+01 +2.00e+00 +1.29e+00 +8.98e-10 +9.85e-01  1
    291 +1.0617e-04 +4.00e-04 +4.00e+07     50      3     62  1     22  0 +6.77e-08 +6.84e+00 +7.89e+01 +2.00e+00 +1.28e+00 +5.61e-10 +9.87e-01  1
    292 +1.0616e-04 +4.00e-04 +4.00e+07     50      3     62  1     24  0 +9.37e-08 +7.16e+00 +7.90e+01 +2.00e+00 +1.28e+00 +7.01e-10 +9.83e-01  1
    293 +1.0613e-04 +4.00e-04 +4.00e+07     50      3     62  1     25  0 +6.40e-08 +1.13e+01 +7.85e+01 +2.00e+00 +1.35e+00 +4.38e-10 +9.90e-01  1
    294 +1.0612e-04 +4.00e-04 +4.00e+07     50      3     62  1     27  0 +4.35e-12 +7.84e+00 +8.17e+01 +2.00e+00 +1.36e+00 +5.48e-10 +9.90e-01  1
    295 +1.0610e-04 +4.00e-04 +4.00e+07     50      3     62  1     24  0 +1.02e-08 +6.76e+00 +8.17e+01 +2.00e+00 +1.43e+00 +6.85e-10 +9.85e-01  1
    296 +1.0609e-04 +4.00e-04 +4.00e+07     50      3     62  1     26  0 +2.58e-08 +1.46e+01 +8.59e+01 +2.00e+00 +1.28e+00 +8.56e-10 +9.79e-01  1
    297 +1.0608e-04 +4.00e-04 +4.00e+07     50      3     62  1     24  0 +7.33e-08 +1.16e+01 +7.61e+01 +2.00e+00 +1.46e+00 +1.07e-09 +9.81e-01  1
    298 +1.0606e-04 +4.00e-04 +4.00e+07     50      3     62  1     26  0 +1.14e-08 +1.12e+01 +8.13e+01 +2.00e+00 +1.67e+00 +6.69e-10 +9.86e-01  1
    299 +1.0604e-04 +4.00e-04 +4.00e+07     50      3     62  1     26  0 +2.72e-10 +1.09e+01 +8.18e+01 +2.00e+00 +1.35e+00 +8.36e-10 +9.84e-01  1
--------------------------------------------------------------------------------------------------------------------------------------------------
  Iter.  Objective   St. Rad.  Tr. Rad.  |Pts| In Its QP Pts L? QP Its S?   QP KKT    |Step|   |Step|_H  |Grad.|  |G. Cmb.|  Stepsize Up. Fact. U?
--------------------------------------------------------------------------------------------------------------------------------------------------
    300 +1.0602e-04 +4.00e-04 +4.00e+07     50      3     62  1     26  0 +1.47e-10 +7.89e+00 +7.40e+01 +2.00e+00 +1.52e+00 +1.05e-09 +9.85e-01  1
    301 +1.0598e-04 +4.00e-04 +4.00e+07     50      3     62  1     28  0 +8.81e-12 +1.72e+01 +1.18e+02 +2.00e+00 +1.28e+00 +6.53e-10 +9.81e-01  1
    302 +1.0598e-04 +4.00e-04 +4.00e+07     50      3     62  1     24  0 +6.83e-08 +7.73e+00 +7.39e+01 +2.00e+00 +1.24e+00 +8.17e-10 +9.86e-01  1
    303 +1.0597e-04 +4.00e-04 +4.00e+07     50      3     62  1     27  0 +4.50e-09 +6.31e+00 +7.74e+01 +2.00e+00 +1.28e+00 +1.02e-09 +9.81e-01  1
    304 +1.0596e-04 +4.00e-04 +4.00e+07     50      3     62  1     24  0 +4.21e-08 +7.81e+00 +7.38e+01 +2.00e+00 +1.25e+00 +1.28e-09 +9.72e-01  1
    305 +1.0595e-04 +4.00e-04 +4.00e+07     50      3     62  1     27  0 +3.63e-08 +1.04e+01 +8.55e+01 +2.00e+00 +1.29e+00 +7.97e-10 +9.80e-01  1
    306 +1.0593e-04 +4.00e-04 +4.00e+07     50      3     62  1     26  0 +6.10e-10 +9.26e+00 +7.25e+01 +2.00e+00 +1.19e+00 +9.97e-10 +9.79e-01  1
    307 +1.0593e-04 +4.00e-04 +4.00e+07     50      3     62  1     24  0 +3.22e-08 +8.61e+00 +6.68e+01 +2.00e+00 +1.35e+00 +1.25e-09 +9.75e-01  1
    308 +1.0592e-04 +4.00e-04 +4.00e+07     50      3     62  1     28  0 +2.89e-08 +1.29e+01 +9.01e+01 +2.00e+00 +9.97e-01 +3.89e-10 +9.88e-01  1
    309 +1.0590e-04 +4.00e-04 +4.00e+07     50      3     62  1     26  0 +8.12e-08 +1.00e+01 +7.01e+01 +2.00e+00 +1.12e+00 +9.73e-10 +9.81e-01  1
    310 +1.0590e-04 +4.00e-04 +4.00e+07     50      3     62  1     24  0 +3.87e-08 +8.11e+00 +7.63e+01 +2.00e+00 +1.27e+00 +6.08e-10 +9.88e-01  1
    311 +1.0588e-04 +4.00e-04 +4.00e+07     50      3     62  1     26  0 +6.04e-10 +4.65e+00 +5.98e+01 +2.00e+00 +1.23e+00 +1.52e-09 +9.76e-01  1
    312 +1.0586e-04 +4.00e-04 +4.00e+07     50      3     62  1     27  0 +6.74e-11 +4.72e+00 +6.54e+01 +2.00e+00 +1.08e+00 +9.51e-10 +9.80e-01  1
    313 +1.0584e-04 +4.00e-04 +4.00e+07     50      3     62  1     28  0 +4.13e-12 +7.08e+00 +5.62e+01 +2.00e+00 +1.14e+00 +5.94e-10 +9.89e-01  1
    314 +1.0583e-04 +4.00e-04 +4.00e+07     50      3     62  1     25  0 +8.70e-08 +4.52e+00 +6.67e+01 +2.00e+00 +1.36e+00 +7.43e-10 +9.86e-01  1
    315 +1.0582e-04 +4.00e-04 +4.00e+07     50      3     62  1     25  0 +1.74e-08 +8.57e+00 +6.97e+01 +2.00e+00 +1.50e+00 +9.28e-10 +9.81e-01  1
    316 +1.0581e-04 +4.00e-04 +4.00e+07     50      3     62  1     25  0 +3.19e-09 +6.82e+00 +6.84e+01 +2.00e+00 +1.55e+00 +5.80e-10 +9.89e-01  1
    317 +1.0579e-04 +4.00e-04 +4.00e+07     50      3     62  1     22  0 +9.99e-08 +8.13e+00 +7.99e+01 +2.00e+00 +1.33e+00 +7.25e-10 +9.86e-01  1
    318 +1.0576e-04 +4.00e-04 +4.00e+07     50      3     62  1     25  0 +3.65e-12 +6.29e+00 +8.40e+01 +2.00e+00 +1.37e+00 +4.53e-10 +9.89e-01  1
    319 +1.0575e-04 +4.00e-04 +4.00e+07     50      3     62  1     24  0 +8.44e-08 +4.90e+00 +7.19e+01 +2.00e+00 +1.27e+00 +5.67e-10 +9.89e-01  1
--------------------------------------------------------------------------------------------------------------------------------------------------
  Iter.  Objective   St. Rad.  Tr. Rad.  |Pts| In Its QP Pts L? QP Its S?   QP KKT    |Step|   |Step|_H  |Grad.|  |G. Cmb.|  Stepsize Up. Fact. U?
--------------------------------------------------------------------------------------------------------------------------------------------------
    320 +1.0573e-04 +4.00e-04 +4.00e+07     50      3     62  1     26  0 +1.59e-09 +3.97e+00 +9.15e+01 +2.00e+00 +1.33e+00 +7.08e-10 +9.83e-01  1
    321 +1.0572e-04 +4.00e-04 +4.00e+07     50      3     62  1     26  0 +5.70e-08 +6.20e+00 +6.96e+01 +2.00e+00 +1.19e+00 +4.43e-10 +9.89e-01  1
    322 +1.0571e-04 +4.00e-04 +4.00e+07     50      3     62  1     27  0 +5.46e-12 +1.07e+01 +8.16e+01 +2.00e+00 +1.21e+00 +1.11e-09 +9.78e-01  1
    323 +1.0570e-04 +4.00e-04 +4.00e+07     50      3     62  1     27  0 +2.88e-08 +9.79e+00 +8.45e+01 +2.00e+00 +1.19e+00 +6.92e-10 +9.81e-01  1
    324 +1.0569e-04 +4.00e-04 +4.00e+07     50      3     62  1     23  0 +9.64e-09 +6.86e+00 +8.17e+01 +2.00e+00 +1.28e+00 +8.65e-10 +9.80e-01  1
    325 +1.0567e-04 +4.00e-04 +4.00e+07     50      3     62  1     27  0 +7.31e-08 +1.71e+01 +9.09e+01 +2.00e+00 +1.26e+00 +5.40e-10 +9.87e-01  1
    326 +1.0564e-04 +4.00e-04 +4.00e+07     50      3     62  1     24  0 +3.10e-09 +7.91e+00 +7.78e+01 +2.00e+00 +1.28e+00 +1.35e-09 +9.77e-01  1
    327 +1.0563e-04 +4.00e-04 +4.00e+07     50      3     62  1     26  0 +3.20e-12 +5.53e+00 +7.03e+01 +2.00e+00 +1.29e+00 +8.44e-10 +9.78e-01  1
    328 +1.0563e-04 +4.00e-04 +4.00e+07     50      3     62  1     23  0 +3.32e-08 +7.14e+00 +6.45e+01 +2.00e+00 +1.52e+00 +1.06e-09 +9.77e-01  1
    329 +1.0563e-04 +4.00e-04 +4.00e+07     50      3     62  1     24  0 +7.20e-08 +5.91e+00 +5.99e+01 +2.00e+00 +1.48e+00 +6.60e-10 +9.89e-01  1
    330 +1.0562e-04 +4.00e-04 +4.00e+07     50      3     62  1     24  0 +1.04e-08 +3.13e+00 +5.28e+01 +2.00e+00 +1.54e+00 +8.24e-10 +9.86e-01  1
    331 +1.0561e-04 +4.00e-04 +4.00e+07     50      3     62  1     26  0 +1.24e-08 +4.54e+00 +6.35e+01 +2.00e+00 +1.39e+00 +5.15e-10 +9.90e-01  1
    332 +1.0559e-04 +4.00e-04 +4.00e+07     50      3     62  1     26  0 +4.27e-09 +1.17e+01 +8.85e+01 +2.00e+00 +1.55e+00 +3.22e-10 +9.90e-01  1
    333 +1.0559e-04 +4.00e-04 +4.00e+07     50      3     62  1     23  0 +7.34e-08 +6.19e+00 +5.96e+01 +2.00e+00 +1.19e+00 +8.05e-10 +9.86e-01  1
    334 +1.0557e-04 +4.00e-04 +4.00e+07     50      3     62  1     25  0 +5.94e-08 +6.67e+00 +7.67e+01 +2.00e+00 +1.25e+00 +5.03e-10 +9.89e-01  1
    335 +1.0556e-04 +4.00e-04 +4.00e+07     50      3     62  1     24  0 +3.74e-10 +9.82e+00 +7.33e+01 +2.00e+00 +1.24e+00 +6.29e-10 +9.85e-01  1
    336 +1.0554e-04 +4.00e-04 +4.00e+07     50      3     62  1     24  0 +1.12e-08 +5.45e+00 +6.06e+01 +2.00e+00 +1.28e+00 +7.86e-10 +9.85e-01  1
    337 +1.0552e-04 +4.00e-04 +4.00e+07     50      3     62  1     26  0 +4.41e-09 +1.20e+01 +9.37e+01 +2.00e+00 +1.22e+00 +4.91e-10 +9.87e-01  1
    338 +1.0551e-04 +4.00e-04 +4.00e+07     50      3     62  1     27  0 +5.89e-09 +1.19e+01 +8.56e+01 +2.00e+00 +1.35e+00 +1.23e-09 +9.76e-01  1
    339 +1.0550e-04 +4.00e-04 +4.00e+07     50      3     62  1     27  0 +9.87e-09 +1.25e+01 +1.07e+02 +2.00e+00 +1.54e+00 +3.84e-10 +9.87e-01  1
--------------------------------------------------------------------------------------------------------------------------------------------------
  Iter.  Objective   St. Rad.  Tr. Rad.  |Pts| In Its QP Pts L? QP Its S?   QP KKT    |Step|   |Step|_H  |Grad.|  |G. Cmb.|  Stepsize Up. Fact. U?
--------------------------------------------------------------------------------------------------------------------------------------------------
    340 +1.0549e-04 +4.00e-04 +4.00e+07     50      3     62  1     26  0 +3.63e-12 +8.10e+00 +7.42e+01 +2.00e+00 +1.36e+00 +9.60e-10 +9.82e-01  1
    341 +1.0549e-04 +4.00e-04 +4.00e+07     50      3     62  1     23  0 +1.07e-08 +5.30e+00 +6.78e+01 +2.00e+00 +1.40e+00 +1.20e-09 +9.78e-01  1
    342 +1.0548e-04 +4.00e-04 +4.00e+07     50      3     62  1     24  0 +3.47e-12 +7.49e+00 +6.08e+01 +2.00e+00 +1.45e+00 +7.50e-10 +9.86e-01  1
    343 +1.0548e-04 +4.00e-04 +4.00e+07     50      3     62  1     27  0 +7.15e-09 +1.08e+01 +8.78e+01 +2.00e+00 +1.17e+00 +4.69e-10 +9.86e-01  1
    344 +1.0547e-04 +4.00e-04 +4.00e+07     50      3     62  1     25  0 +1.47e-08 +8.35e+00 +6.24e+01 +2.00e+00 +1.23e+00 +1.17e-09 +9.79e-01  1
    345 +1.0545e-04 +4.00e-04 +4.00e+07     50      3     62  1     25  0 +3.08e-08 +1.50e+01 +1.08e+02 +2.00e+00 +1.20e+00 +7.32e-10 +9.78e-01  1
    346 +1.0545e-04 +4.00e-04 +4.00e+07     50      3     62  1     27  0 +4.06e-12 +1.35e+01 +9.04e+01 +2.00e+00 +1.37e+00 +4.58e-10 +9.87e-01  1
    347 +1.0543e-04 +4.00e-04 +4.00e+07     50      3     62  1     27  0 +3.03e-12 +6.22e+00 +6.43e+01 +2.00e+00 +1.61e+00 +5.72e-10 +9.88e-01  1
    348 +1.0542e-04 +4.00e-04 +4.00e+07     50      3     62  1     25  0 +6.69e-10 +1.46e+01 +1.00e+02 +2.00e+00 +1.12e+00 +7.15e-10 +9.75e-01  1
    349 +1.0542e-04 +4.00e-04 +4.00e+07     50      3     62  1     25  0 +5.95e-12 +7.48e+00 +6.43e+01 +2.00e+00 +1.42e+00 +8.94e-10 +9.84e-01  1
    350 +1.0540e-04 +4.00e-04 +4.00e+07     50      3     62  1     25  0 +4.30e-09 +9.17e+00 +6.06e+01 +2.00e+00 +1.35e+00 +1.12e-09 +9.78e-01  1
    351 +1.0538e-04 +4.00e-04 +4.00e+07     50      3     62  1     26  0 +5.36e-09 +3.77e+00 +6.95e+01 +2.00e+00 +1.40e+00 +6.98e-10 +9.85e-01  1
    352 +1.0538e-04 +4.00e-04 +4.00e+07     50      3     62  1     24  0 +5.00e-08 +2.73e+00 +6.45e+01 +2.00e+00 +1.45e+00 +8.73e-10 +9.78e-01  1
    353 +1.0537e-04 +4.00e-04 +4.00e+07     50      3     62  1     25  0 +1.25e-08 +5.69e+00 +6.34e+01 +2.00e+00 +1.60e+00 +5.46e-10 +9.84e-01  1
    354 +1.0536e-04 +4.00e-04 +4.00e+07     50      3     62  1     25  0 +4.15e-08 +4.20e+00 +6.19e+01 +2.00e+00 +1.50e+00 +6.82e-10 +9.84e-01  1
    355 +1.0536e-04 +4.00e-04 +4.00e+07     50      3     62  1     24  0 +1.25e-08 +6.45e+00 +7.09e+01 +2.00e+00 +1.60e+00 +8.52e-10 +9.85e-01  1
    356 +1.0534e-04 +4.00e-04 +4.00e+07     50      3     62  1     21  0 +3.53e-09 +8.52e+00 +7.35e+01 +2.00e+00 +1.64e+00 +5.33e-10 +9.85e-01  1
    357 +1.0534e-04 +4.00e-04 +4.00e+07     50      3     62  1     28  0 +4.89e-12 +5.14e+00 +5.68e+01 +2.00e+00 +1.52e+00 +6.66e-10 +9.85e-01  1
    358 +1.0533e-04 +4.00e-04 +4.00e+07     50      3     62  1     23  0 +7.34e-09 +6.05e+00 +5.85e+01 +2.00e+00 +1.55e+00 +4.16e-10 +9.92e-01  1
    359 +1.0533e-04 +4.00e-04 +4.00e+07     50      3     62  1     23  0 +6.46e-08 +6.78e+00 +5.61e+01 +2.00e+00 +1.46e+00 +1.04e-09 +9.83e-01  1
--------------------------------------------------------------------------------------------------------------------------------------------------
  Iter.  Objective   St. Rad.  Tr. Rad.  |Pts| In Its QP Pts L? QP Its S?   QP KKT    |Step|   |Step|_H  |Grad.|  |G. Cmb.|  Stepsize Up. Fact. U?
--------------------------------------------------------------------------------------------------------------------------------------------------
    360 +1.0532e-04 +4.00e-04 +4.00e+07     50      3     62  1     27  0 +1.75e-09 +6.77e+00 +7.65e+01 +2.00e+00 +1.50e+00 +6.50e-10 +9.81e-01  1
    361 +1.0531e-04 +4.00e-04 +4.00e+07     50      3     62  1     28  0 +2.88e-09 +5.06e+00 +6.21e+01 +2.00e+00 +1.14e+00 +8.13e-10 +9.85e-01  1
    362 +1.0529e-04 +4.00e-04 +4.00e+07     50      3     62  1     25  0 +4.59e-08 +6.43e+00 +6.22e+01 +2.00e+00 +1.61e+00 +1.02e-09 +9.81e-01  1
    363 +1.0527e-04 +4.00e-04 +4.00e+07     50      3     62  1     26  0 +4.74e-12 +6.90e+00 +6.40e+01 +2.00e+00 +1.31e+00 +3.18e-10 +0.00e+00  0
    364 +1.0526e-04 +4.00e-04 +4.00e+07     50      3     62  1     24  0 +1.02e-08 +5.06e+00 +4.79e+01 +2.00e+00 +1.38e+00 +7.94e-10 +9.88e-01  1
    365 +1.0525e-04 +4.00e-04 +4.00e+07     50      3     62  1     23  0 +5.35e-08 +3.72e+00 +6.57e+01 +2.00e+00 +1.35e+00 +4.96e-10 +9.87e-01  1
    366 +1.0524e-04 +4.00e-04 +4.00e+07     50      3     62  1     26  0 +6.26e-10 +4.58e+00 +6.97e+01 +2.00e+00 +1.47e+00 +6.20e-10 +9.83e-01  1
    367 +1.0524e-04 +4.00e-04 +4.00e+07     50      3     62  1     26  0 +3.64e-12 +4.84e+00 +5.05e+01 +2.00e+00 +1.42e+00 +1.55e-09 +9.75e-01  1
    368 +1.0523e-04 +4.00e-04 +4.00e+07     50      3     62  1     26  0 +1.01e-09 +5.95e+00 +6.98e+01 +2.00e+00 +1.44e+00 +4.85e-10 +9.86e-01  1
    369 +1.0522e-04 +4.00e-04 +4.00e+07     50      3     62  1     29  0 +3.79e-08 +5.47e+00 +7.90e+01 +2.00e+00 +1.49e+00 +3.03e-10 +9.91e-01  1
    370 +1.0521e-04 +4.00e-04 +4.00e+07     50      3     62  1     23  0 +7.05e-09 +3.55e+00 +6.87e+01 +2.00e+00 +1.30e+00 +7.57e-10 +9.83e-01  1
    371 +1.0521e-04 +4.00e-04 +4.00e+07     50      3     62  1     24  0 +3.13e-08 +2.86e+00 +7.04e+01 +2.00e+00 +1.53e+00 +4.73e-10 +9.90e-01  1
    372 +1.0519e-04 +4.00e-04 +4.00e+07     50      3     62  1     26  0 +4.20e-12 +6.22e+00 +7.14e+01 +2.00e+00 +1.40e+00 +5.92e-10 +9.86e-01  1
    373 +1.0518e-04 +4.00e-04 +4.00e+07     50      3     62  1     23  0 +2.45e-08 +3.44e+00 +5.59e+01 +2.00e+00 +1.49e+00 +7.39e-10 +9.86e-01  1
    374 +1.0517e-04 +4.00e-04 +4.00e+07     50      3     62  1     27  0 +4.11e-12 +7.17e+00 +6.43e+01 +2.00e+00 +1.53e+00 +4.62e-10 +9.88e-01  1
    375 +1.0516e-04 +4.00e-04 +4.00e+07     50      3     62  1     26  0 +1.99e-11 +5.91e+00 +5.13e+01 +2.00e+00 +1.76e+00 +5.78e-10 +9.88e-01  1
    376 +1.0516e-04 +4.00e-04 +4.00e+07     50      3     62  1     27  0 +7.72e-12 +6.25e+00 +7.70e+01 +2.00e+00 +1.70e+00 +7.22e-10 +9.83e-01  1
    377 +1.0515e-04 +4.00e-04 +4.00e+07     50      3     62  1     22  0 +3.10e-08 +3.45e+00 +6.68e+01 +2.00e+00 +1.81e+00 +4.51e-10 +9.90e-01  1
    378 +1.0514e-04 +4.00e-04 +4.00e+07     50      3     62  1     24  0 +6.63e-09 +6.36e+00 +6.83e+01 +2.00e+00 +1.79e+00 +5.64e-10 +9.86e-01  1
    379 +1.0513e-04 +4.00e-04 +4.00e+07     50      3     62  1     26  0 +7.62e-10 +8.27e+00 +6.70e+01 +2.00e+00 +1.53e+00 +7.05e-10 +9.83e-01  1
--------------------------------------------------------------------------------------------------------------------------------------------------
  Iter.  Objective   St. Rad.  Tr. Rad.  |Pts| In Its QP Pts L? QP Its S?   QP KKT    |Step|   |Step|_H  |Grad.|  |G. Cmb.|  Stepsize Up. Fact. U?
--------------------------------------------------------------------------------------------------------------------------------------------------
    380 +1.0513e-04 +4.00e-04 +4.00e+07     50      3     62  1     29  0 +7.63e-12 +9.76e+00 +7.43e+01 +2.00e+00 +1.61e+00 +8.81e-10 +9.81e-01  1
    381 +1.0513e-04 +4.00e-04 +4.00e+07     50      3     62  1     25  0 +3.55e-08 +1.10e+01 +8.60e+01 +2.00e+00 +1.47e+00 +5.51e-10 +9.85e-01  1
    382 +1.0513e-04 +4.00e-04 +4.00e+07     50      3     62  1     28  0 +3.01e-08 +1.35e+01 +8.24e+01 +2.00e+00 +1.43e+00 +6.89e-10 +9.83e-01  1
    383 +1.0511e-04 +4.00e-04 +4.00e+07     50      3     62  1     24  0 +3.72e-09 +3.29e+00 +6.43e+01 +2.00e+00 +1.43e+00 +8.61e-10 +9.81e-01  1
    384 +1.0509e-04 +4.00e-04 +4.00e+07     50      3     62  1     28  0 +4.24e-10 +6.67e+00 +8.46e+01 +2.00e+00 +1.43e+00 +5.38e-10 +9.83e-01  1
    385 +1.0508e-04 +4.00e-04 +4.00e+07     50      3     62  1     21  0 +1.83e-08 +2.66e+00 +6.23e+01 +2.00e+00 +1.41e+00 +6.72e-10 +9.84e-01  1
    386 +1.0507e-04 +4.00e-04 +4.00e+07     50      3     62  1     26  0 +8.96e-10 +5.24e+00 +6.37e+01 +2.00e+00 +1.32e+00 +8.41e-10 +9.82e-01  1
    387 +1.0507e-04 +4.00e-04 +4.00e+07     50      3     62  1     23  0 +4.90e-08 +2.40e+00 +6.23e+01 +2.00e+00 +1.45e+00 +1.05e-09 +9.77e-01  1
    388 +1.0507e-04 +4.00e-04 +4.00e+07     50      3     62  1     27  0 +4.70e-08 +3.03e+00 +5.76e+01 +2.00e+00 +1.46e+00 +6.57e-10 +9.86e-01  1
    389 +1.0506e-04 +4.00e-04 +4.00e+07     50      3     62  1     25  0 +4.13e-09 +5.83e+00 +6.14e+01 +2.00e+00 +1.33e+00 +4.10e-10 +9.90e-01  1
    390 +1.0505e-04 +4.00e-04 +4.00e+07     50      3     62  1     29  0 +2.05e-10 +8.41e+00 +6.37e+01 +2.00e+00 +1.52e+00 +5.13e-10 +9.90e-01  1
    391 +1.0503e-04 +4.00e-04 +4.00e+07     50      3     62  1     26  0 +2.80e-08 +2.92e+00 +6.50e+01 +2.00e+00 +1.44e+00 +6.41e-10 +9.85e-01  1
    392 +1.0502e-04 +4.00e-04 +4.00e+07     50      3     62  1     25  0 +7.48e-09 +2.91e+00 +4.95e+01 +2.00e+00 +1.43e+00 +4.01e-10 +0.00e+00  0
    393 +1.0501e-04 +4.00e-04 +4.00e+07     50      3     62  1     20  0 +2.93e-09 +1.81e+00 +3.70e+01 +2.00e+00 +1.45e+00 +1.00e-09 +9.88e-01  1
    394 +1.0500e-04 +4.00e-04 +4.00e+07     50      3     62  1     25  0 +3.11e-10 +4.35e+00 +4.41e+01 +2.00e+00 +1.41e+00 +1.25e-09 +9.82e-01  1
    395 +1.0499e-04 +4.00e-04 +4.00e+07     50      3     62  1     25  0 +3.19e-12 +8.58e+00 +5.85e+01 +2.00e+00 +1.17e+00 +7.83e-10 +9.85e-01  1
    396 +1.0498e-04 +4.00e-04 +4.00e+07     50      3     62  1     27  0 +5.09e-09 +6.85e+00 +6.13e+01 +2.00e+00 +1.15e+00 +4.89e-10 +9.90e-01  1
    397 +1.0497e-04 +4.00e-04 +4.00e+07     50      3     62  1     24  0 +5.79e-09 +7.61e+00 +8.30e+01 +2.00e+00 +1.18e+00 +6.12e-10 +9.80e-01  1
    398 +1.0497e-04 +4.00e-04 +4.00e+07     50      3     62  1     26  0 +7.01e-09 +7.98e+00 +7.32e+01 +2.00e+00 +1.29e+00 +3.82e-10 +9.89e-01  1
    399 +1.0496e-04 +4.00e-04 +4.00e+07     50      3     62  1     25  0 +9.54e-09 +7.08e+00 +7.51e+01 +2.00e+00 +1.39e+00 +4.78e-10 +9.90e-01  1
--------------------------------------------------------------------------------------------------------------------------------------------------
  Iter.  Objective   St. Rad.  Tr. Rad.  |Pts| In Its QP Pts L? QP Its S?   QP KKT    |Step|   |Step|_H  |Grad.|  |G. Cmb.|  Stepsize Up. Fact. U?
--------------------------------------------------------------------------------------------------------------------------------------------------
    400 +1.0494e-04 +4.00e-04 +4.00e+07     50      3     62  1     25  0 +1.13e-08 +5.99e+00 +8.00e+01 +2.00e+00 +1.61e+00 +5.97e-10 +9.85e-01  1
    401 +1.0494e-04 +4.00e-04 +4.00e+07     50      3     62  1     23  0 +8.05e-08 +3.80e+00 +7.27e+01 +2.00e+00 +1.74e+00 +7.47e-10 +9.83e-01  1
    402 +1.0493e-04 +4.00e-04 +4.00e+07     50      3     62  1     22  0 +1.03e-08 +4.73e+00 +7.74e+01 +2.00e+00 +1.56e+00 +9.33e-10 +9.79e-01  1
    403 +1.0493e-04 +4.00e-04 +4.00e+07     50      3     62  1     23  0 +9.69e-08 +3.25e+00 +6.11e+01 +2.00e+00 +1.65e+00 +5.83e-10 +9.85e-01  1
    404 +1.0491e-04 +4.00e-04 +4.00e+07     50      3     62  1     24  0 +2.02e-09 +3.85e+00 +8.13e+01 +2.00e+00 +1.61e+00 +3.65e-10 +9.92e-01  1
    405 +1.0490e-04 +4.00e-04 +4.00e+07     50      3     62  1     25  0 +2.65e-08 +4.61e+00 +8.11e+01 +2.00e+00 +1.69e+00 +9.11e-10 +9.81e-01  1
    406 +1.0490e-04 +4.00e-04 +4.00e+07     50      3     62  1     24  0 +4.23e-08 +3.60e+00 +7.86e+01 +2.00e+00 +1.38e+00 +5.70e-10 +9.85e-01  1
    407 +1.0489e-04 +4.00e-04 +4.00e+07     50      3     62  1     26  0 +3.10e-08 +4.30e+00 +6.68e+01 +2.00e+00 +1.50e+00 +3.56e-10 +9.92e-01  1
    408 +1.0488e-04 +4.00e-04 +4.00e+07     50      3     62  1     25  0 +1.93e-08 +3.19e+00 +7.35e+01 +2.00e+00 +1.44e+00 +4.45e-10 +9.88e-01  1
    409 +1.0487e-04 +4.00e-04 +4.00e+07     50      3     62  1     27  0 +8.14e-12 +7.27e+00 +6.63e+01 +2.00e+00 +1.33e+00 +5.56e-10 +9.89e-01  1
    410 +1.0486e-04 +4.00e-04 +4.00e+07     50      3     62  1     26  0 +5.39e-12 +7.25e+00 +6.01e+01 +2.00e+00 +1.08e+00 +6.95e-10 +9.87e-01  1
    411 +1.0485e-04 +4.00e-04 +4.00e+07     50      3     62  1     24  0 +5.79e-08 +3.10e+00 +4.93e+01 +2.00e+00 +1.20e+00 +8.69e-10 +9.82e-01  1
    412 +1.0485e-04 +4.00e-04 +4.00e+07     50      3     62  1     28  0 +5.82e-12 +9.86e+00 +7.33e+01 +2.00e+00 +1.43e+00 +2.72e-10 +0.00e+00  0
    413 +1.0484e-04 +4.00e-04 +4.00e+07     50      3     62  1     23  0 +6.59e-09 +3.96e+00 +5.05e+01 +2.00e+00 +1.35e+00 +6.79e-10 +9.90e-01  1
    414 +1.0483e-04 +4.00e-04 +4.00e+07     50      3     62  1     30  0 +9.20e-12 +5.77e+00 +8.37e+01 +2.00e+00 +1.30e+00 +2.12e-10 +0.00e+00  0
    415 +1.0482e-04 +4.00e-04 +4.00e+07     50      3     62  1     24  0 +5.21e-12 +5.56e+00 +5.20e+01 +2.00e+00 +1.43e+00 +5.30e-10 +9.88e-01  1
    416 +1.0481e-04 +4.00e-04 +4.00e+07     50      3     62  1     25  0 +2.98e-11 +6.50e+00 +8.22e+01 +2.00e+00 +1.55e+00 +6.63e-10 +9.80e-01  1
    417 +1.0481e-04 +4.00e-04 +4.00e+07     50      3     62  1     26  0 +5.39e-12 +6.06e+00 +6.84e+01 +2.00e+00 +1.36e+00 +4.14e-10 +9.90e-01  1
    418 +1.0480e-04 +4.00e-04 +4.00e+07     50      3     62  1     24  0 +4.00e-08 +4.79e+00 +6.87e+01 +2.00e+00 +1.28e+00 +1.04e-09 +9.73e-01  1
    419 +1.0479e-04 +4.00e-04 +4.00e+07     50      3     62  1     23  0 +8.07e-10 +5.87e+00 +6.30e+01 +2.00e+00 +1.52e+00 +6.48e-10 +9.84e-01  1
--------------------------------------------------------------------------------------------------------------------------------------------------
  Iter.  Objective   St. Rad.  Tr. Rad.  |Pts| In Its QP Pts L? QP Its S?   QP KKT    |Step|   |Step|_H  |Grad.|  |G. Cmb.|  Stepsize Up. Fact. U?
--------------------------------------------------------------------------------------------------------------------------------------------------
    420 +1.0479e-04 +4.00e-04 +4.00e+07     50      3     62  1     26  0 +5.38e-08 +3.42e+00 +7.61e+01 +2.00e+00 +1.61e+00 +8.09e-10 +9.78e-01  1
    421 +1.0479e-04 +4.00e-04 +4.00e+07     50      3     62  1     22  0 +5.68e-08 +4.96e+00 +5.60e+01 +2.00e+00 +1.44e+00 +1.01e-09 +9.82e-01  1
    422 +1.0478e-04 +4.00e-04 +4.00e+07     50      3     62  1     25  0 +1.35e-08 +3.97e+00 +6.81e+01 +2.00e+00 +1.51e+00 +6.32e-10 +9.86e-01  1
    423 +1.0478e-04 +4.00e-04 +4.00e+07     50      3     62  1     28  0 +8.38e-12 +9.71e+00 +8.14e+01 +2.00e+00 +1.64e+00 +9.31e-10 +9.75e-01  1
    424 +1.0477e-04 +1.00e-04 +4.00e+06     50      3     62  1     27  0 +9.84e-12 +1.18e+01 +1.06e+02 +2.00e+00 +1.43e+00 +2.91e-10 +9.89e-01  1
    425 +1.0477e-04 +1.00e-04 +4.00e+06     50      3     62  1     24  0 +7.61e-09 +1.03e+01 +7.58e+01 +2.00e+00 +1.72e+00 +7.28e-10 +9.85e-01  1
    426 +1.0475e-04 +1.00e-04 +4.00e+06     50      3     62  1     25  0 +3.49e-09 +1.18e+01 +9.07e+01 +2.00e+00 +1.86e+00 +9.09e-10 +9.78e-01  1
    427 +1.0472e-04 +1.00e-04 +4.00e+06     50      3     62  1     26  0 +2.48e-08 +1.78e+01 +1.22e+02 +2.00e+00 +1.81e+00 +5.68e-10 +9.81e-01  1
    428 +1.0470e-04 +1.00e-04 +4.00e+06     50      3     62  1     25  0 +8.44e-09 +1.48e+01 +1.23e+02 +2.00e+00 +2.00e+00 +7.11e-10 +9.78e-01  1
    429 +1.0468e-04 +1.00e-04 +4.00e+06     50      3     62  1     25  0 +4.67e-09 +3.06e+01 +1.53e+02 +2.00e+00 +2.00e+00 +8.88e-10 +9.64e-01  1
    430 +1.0468e-04 +1.00e-04 +4.00e+06     50      3     62  1     28  0 +4.67e-09 +1.93e+01 +1.28e+02 +2.00e+00 +2.00e+00 +5.55e-10 +9.79e-01  1
    431 +1.0466e-04 +1.00e-04 +4.00e+06     50      3     62  1     25  0 +4.51e-08 +1.36e+01 +1.26e+02 +2.00e+00 +2.00e+00 +6.94e-10 +9.79e-01  1
    432 +1.0463e-04 +1.00e-04 +4.00e+06     50      3     62  1     29  0 +3.25e-08 +1.07e+01 +1.05e+02 +2.00e+00 +2.00e+00 +8.67e-10 +9.79e-01  1
    433 +1.0461e-04 +1.00e-04 +4.00e+06     50      3     62  1     28  0 +1.99e-12 +1.44e+01 +1.20e+02 +2.00e+00 +2.00e+00 +5.42e-10 +9.81e-01  1
    434 +1.0459e-04 +1.00e-04 +4.00e+06     50      3     62  1     27  0 +2.04e-12 +1.50e+01 +1.03e+02 +2.00e+00 +2.00e+00 +6.78e-10 +9.81e-01  1
    435 +1.0458e-04 +1.00e-04 +4.00e+06     50      3     62  1     25  0 +1.91e-08 +7.94e+00 +8.79e+01 +2.00e+00 +2.00e+00 +8.47e-10 +9.77e-01  1
    436 +1.0457e-04 +1.00e-04 +4.00e+06     50      3     62  1     27  0 +2.15e-08 +3.32e+00 +6.68e+01 +2.00e+00 +2.00e+00 +1.06e-09 +9.80e-01  1
    437 +1.0456e-04 +1.00e-04 +4.00e+06     50      3     62  1     25  0 +7.72e-09 +5.16e+00 +8.12e+01 +2.00e+00 +2.00e+00 +3.31e-10 +9.90e-01  1
    438 +1.0455e-04 +1.00e-04 +4.00e+06     50      3     62  1     27  0 +3.26e-08 +5.00e+00 +6.88e+01 +2.00e+00 +2.00e+00 +8.27e-10 +9.82e-01  1
    439 +1.0453e-04 +1.00e-04 +4.00e+06     50      3     62  1     27  0 +3.61e-12 +3.99e+00 +5.85e+01 +2.00e+00 +2.00e+00 +5.17e-10 +9.89e-01  1
--------------------------------------------------------------------------------------------------------------------------------------------------
  Iter.  Objective   St. Rad.  Tr. Rad.  |Pts| In Its QP Pts L? QP Its S?   QP KKT    |Step|   |Step|_H  |Grad.|  |G. Cmb.|  Stepsize Up. Fact. U?
--------------------------------------------------------------------------------------------------------------------------------------------------
    440 +1.0452e-04 +1.00e-04 +4.00e+06     50      3     62  1     26  0 +1.41e-08 +3.39e+00 +5.61e+01 +2.00e+00 +2.00e+00 +6.46e-10 +9.89e-01  1
    441 +1.0451e-04 +1.00e-04 +4.00e+06     50      3     62  1     26  0 +1.07e-09 +8.75e+00 +7.46e+01 +2.00e+00 +2.00e+00 +4.04e-10 +9.89e-01  1
    442 +1.0449e-04 +1.00e-04 +4.00e+06     50      3     62  1     28  0 +1.60e-09 +7.01e+00 +7.32e+01 +2.00e+00 +2.00e+00 +5.05e-10 +9.88e-01  1
    443 +1.0448e-04 +1.00e-04 +4.00e+06     50      3     62  1     28  0 +3.11e-11 +5.84e+00 +7.34e+01 +2.00e+00 +2.00e+00 +6.31e-10 +9.83e-01  1
    444 +1.0447e-04 +1.00e-04 +4.00e+06     50      3     62  1     26  0 +3.11e-10 +8.20e+00 +6.34e+01 +2.00e+00 +2.00e+00 +7.89e-10 +9.83e-01  1
    445 +1.0446e-04 +1.00e-04 +4.00e+06     50      3     62  1     24  0 +7.76e-09 +3.27e+00 +5.61e+01 +2.00e+00 +2.00e+00 +9.86e-10 +9.83e-01  1
    446 +1.0443e-04 +1.00e-04 +4.00e+06     50      3     62  1     26  0 +8.55e-09 +3.16e+00 +6.85e+01 +2.00e+00 +2.00e+00 +6.16e-10 +9.85e-01  1
    447 +1.0442e-04 +1.00e-04 +4.00e+06     50      3     62  1     26  0 +3.94e-08 +6.63e+00 +9.33e+01 +2.00e+00 +2.00e+00 +3.85e-10 +9.87e-01  1
    448 +1.0441e-04 +1.00e-04 +4.00e+06     50      3     62  1     25  0 +3.20e-08 +5.11e+00 +8.77e+01 +2.00e+00 +2.00e+00 +4.81e-10 +9.86e-01  1
    449 +1.0440e-04 +1.00e-04 +4.00e+06     50      3     62  1     23  0 +7.75e-08 +9.33e+00 +7.49e+01 +2.00e+00 +2.00e+00 +3.01e-10 +9.90e-01  1
    450 +1.0439e-04 +1.00e-04 +4.00e+06     50      3     62  1     25  0 +1.46e-09 +3.45e+00 +6.35e+01 +2.00e+00 +2.00e+00 +1.50e-09 +9.77e-01  1
    451 +1.0437e-04 +1.00e-04 +4.00e+06     50      3     62  1     26  0 +4.32e-09 +1.07e+01 +8.14e+01 +2.00e+00 +2.00e+00 +2.35e-10 +9.91e-01  1
    452 +1.0437e-04 +1.00e-04 +4.00e+06     50      3     62  1     27  0 +7.18e-10 +6.68e+00 +7.64e+01 +2.00e+00 +2.00e+00 +5.88e-10 +9.85e-01  1
    453 +1.0435e-04 +1.00e-04 +4.00e+06     50      3     62  1     25  0 +7.87e-09 +2.56e+00 +5.15e+01 +2.00e+00 +2.00e+00 +7.35e-10 +9.88e-01  1
    454 +1.0433e-04 +1.00e-04 +4.00e+06     50      3     62  1     26  0 +5.81e-08 +2.78e+00 +6.19e+01 +2.00e+00 +2.00e+00 +9.18e-10 +9.78e-01  1
    455 +1.0433e-04 +1.00e-04 +4.00e+06     50      3     62  1     24  0 +1.89e-08 +3.01e+00 +5.68e+01 +2.00e+00 +2.00e+00 +2.87e-10 +0.00e+00  0
    456 +1.0432e-04 +1.00e-04 +4.00e+06     50      3     62  1     24  0 +9.96e-08 +3.42e+00 +3.73e+01 +2.00e+00 +2.00e+00 +7.17e-10 +9.88e-01  1
    457 +1.0431e-04 +1.00e-04 +4.00e+06     50      3     62  1     25  0 +9.18e-08 +9.83e+00 +5.30e+01 +2.00e+00 +2.00e+00 +4.48e-10 +9.90e-01  1
    458 +1.0430e-04 +1.00e-04 +4.00e+06     50      3     62  1     27  0 +6.54e-08 +3.93e+00 +6.19e+01 +2.00e+00 +2.00e+00 +1.12e-09 +9.74e-01  1
    459 +1.0430e-04 +1.00e-04 +4.00e+06     50      3     62  1     24  0 +4.22e-09 +9.09e+00 +7.24e+01 +2.00e+00 +2.00e+00 +7.01e-10 +9.81e-01  1
--------------------------------------------------------------------------------------------------------------------------------------------------
  Iter.  Objective   St. Rad.  Tr. Rad.  |Pts| In Its QP Pts L? QP Its S?   QP KKT    |Step|   |Step|_H  |Grad.|  |G. Cmb.|  Stepsize Up. Fact. U?
--------------------------------------------------------------------------------------------------------------------------------------------------
    460 +1.0429e-04 +1.00e-04 +4.00e+06     50      3     62  1     27  0 +2.84e-12 +8.52e+00 +6.84e+01 +2.00e+00 +2.00e+00 +8.76e-10 +9.82e-01  1
    461 +1.0428e-04 +1.00e-04 +4.00e+06     50      3     62  1     28  0 +1.45e-11 +7.84e+00 +7.88e+01 +2.00e+00 +2.00e+00 +1.09e-09 +9.78e-01  1
    462 +1.0427e-04 +1.00e-04 +4.00e+06     50      3     62  1     25  0 +6.13e-08 +5.99e+00 +6.88e+01 +2.00e+00 +2.00e+00 +6.84e-10 +9.83e-01  1
    463 +1.0425e-04 +1.00e-04 +4.00e+06     50      3     62  1     24  0 +8.90e-09 +4.37e+00 +5.87e+01 +2.00e+00 +2.00e+00 +8.55e-10 +9.82e-01  1
    464 +1.0424e-04 +1.00e-04 +4.00e+06     50      3     62  1     24  0 +4.04e-12 +5.44e+00 +7.14e+01 +2.00e+00 +2.00e+00 +5.35e-10 +9.85e-01  1
    465 +1.0424e-04 +1.00e-04 +4.00e+06     50      3     62  1     25  0 +6.84e-12 +3.09e+00 +5.07e+01 +2.00e+00 +2.00e+00 +6.68e-10 +9.87e-01  1
    466 +1.0424e-04 +1.00e-04 +4.00e+06     50      3     62  1     25  0 +6.82e-09 +4.17e+00 +5.51e+01 +2.00e+00 +2.00e+00 +4.18e-10 +9.89e-01  1
    467 +1.0422e-04 +1.00e-04 +4.00e+06     50      3     62  1     24  0 +6.82e-09 +3.10e+00 +4.83e+01 +2.00e+00 +2.00e+00 +1.04e-09 +9.80e-01  1
    468 +1.0422e-04 +1.00e-04 +4.00e+06     50      3     62  1     24  0 +6.80e-08 +3.44e+00 +5.60e+01 +2.00e+00 +2.00e+00 +3.26e-10 +0.00e+00  0
    469 +1.0422e-04 +1.00e-04 +4.00e+06     50      3     62  1     28  0 +2.19e-12 +1.62e+00 +3.28e+01 +2.00e+00 +2.00e+00 +8.16e-10 +9.91e-01  1
    470 +1.0421e-04 +1.00e-04 +4.00e+06     50      3     62  1     25  0 +1.30e-08 +3.78e+00 +6.52e+01 +2.00e+00 +2.00e+00 +5.10e-10 +9.90e-01  1
    471 +1.0420e-04 +1.00e-04 +4.00e+06     50      3     62  1     25  0 +7.99e-12 +3.08e+00 +5.46e+01 +2.00e+00 +2.00e+00 +6.37e-10 +9.88e-01  1
    472 +1.0418e-04 +1.00e-04 +4.00e+06     50      3     62  1     28  0 +1.08e-11 +8.32e+00 +7.18e+01 +2.00e+00 +2.00e+00 +3.98e-10 +9.87e-01  1
    473 +1.0417e-04 +1.00e-04 +4.00e+06     50      3     62  1     28  0 +4.28e-12 +3.47e+00 +4.53e+01 +2.00e+00 +2.00e+00 +4.98e-10 +9.90e-01  1
    474 +1.0417e-04 +1.00e-04 +4.00e+06     50      3     62  1     26  0 +2.13e-09 +5.85e+00 +5.15e+01 +2.00e+00 +2.00e+00 +6.22e-10 +9.89e-01  1
    475 +1.0416e-04 +1.00e-04 +4.00e+06     50      3     62  1     24  0 +3.39e-09 +3.00e+00 +5.98e+01 +2.00e+00 +2.00e+00 +3.89e-10 +0.00e+00  0
    476 +1.0415e-04 +1.00e-04 +4.00e+06     50      3     62  1     26  0 +1.74e-12 +3.25e+00 +4.33e+01 +2.00e+00 +2.00e+00 +9.72e-10 +9.87e-01  1
    477 +1.0414e-04 +1.00e-04 +4.00e+06     50      3     62  1     27  0 +1.93e-08 +5.11e+00 +6.51e+01 +2.00e+00 +2.00e+00 +6.08e-10 +9.86e-01  1
    478 +1.0413e-04 +1.00e-04 +4.00e+06     50      3     62  1     25  0 +5.65e-12 +4.93e+00 +5.73e+01 +2.00e+00 +2.00e+00 +7.60e-10 +9.85e-01  1
    479 +1.0413e-04 +1.00e-04 +4.00e+06     50      3     62  1     24  0 +5.68e-09 +4.91e+00 +5.97e+01 +2.00e+00 +2.00e+00 +4.75e-10 +9.91e-01  1
--------------------------------------------------------------------------------------------------------------------------------------------------
  Iter.  Objective   St. Rad.  Tr. Rad.  |Pts| In Its QP Pts L? QP Its S?   QP KKT    |Step|   |Step|_H  |Grad.|  |G. Cmb.|  Stepsize Up. Fact. U?
--------------------------------------------------------------------------------------------------------------------------------------------------
    480 +1.0412e-04 +1.00e-04 +4.00e+06     50      3     62  1     25  0 +5.33e-09 +7.36e+00 +7.18e+01 +2.00e+00 +2.00e+00 +2.97e-10 +9.92e-01  1
    481 +1.0412e-04 +1.00e-04 +4.00e+06     50      3     62  1     27  0 +7.30e-11 +3.87e+00 +7.16e+01 +2.00e+00 +2.00e+00 +3.71e-10 +9.92e-01  1
    482 +1.0411e-04 +1.00e-04 +4.00e+06     50      3     62  1     27  0 +5.12e-10 +3.76e+00 +6.40e+01 +2.00e+00 +2.00e+00 +4.64e-10 +9.90e-01  1
    483 +1.0410e-04 +1.00e-04 +4.00e+06     50      3     62  1     25  0 +2.25e-10 +3.33e+00 +5.82e+01 +2.00e+00 +2.00e+00 +5.80e-10 +9.86e-01  1
    484 +1.0409e-04 +1.00e-04 +4.00e+06     50      3     62  1     25  0 +3.29e-08 +7.31e+00 +6.14e+01 +2.00e+00 +2.00e+00 +3.62e-10 +9.93e-01  1
    485 +1.0408e-04 +1.00e-04 +4.00e+06     50      3     62  1     23  0 +5.12e-08 +2.59e+00 +4.96e+01 +2.00e+00 +2.00e+00 +4.53e-10 +9.91e-01  1
    486 +1.0408e-04 +1.00e-04 +4.00e+06     50      3     62  1     24  0 +7.63e-08 +7.81e+00 +5.51e+01 +2.00e+00 +2.00e+00 +2.83e-10 +0.00e+00  0
    487 +1.0408e-04 +1.00e-04 +4.00e+06     50      3     62  1     23  0 +2.35e-08 +3.68e+00 +4.10e+01 +2.00e+00 +2.00e+00 +7.07e-10 +9.91e-01  1
    488 +1.0406e-04 +1.00e-04 +4.00e+06     50      3     62  1     27  0 +8.99e-11 +5.58e+00 +5.56e+01 +2.00e+00 +2.00e+00 +4.42e-10 +9.90e-01  1
    489 +1.0406e-04 +1.00e-04 +4.00e+06     50      3     62  1     28  0 +3.66e-12 +3.69e+00 +4.92e+01 +2.00e+00 +2.00e+00 +5.53e-10 +9.89e-01  1
    490 +1.0406e-04 +1.00e-04 +4.00e+06     50      3     62  1     24  0 +2.63e-12 +3.90e+00 +6.44e+01 +2.00e+00 +2.00e+00 +3.45e-10 +9.92e-01  1
    491 +1.0405e-04 +1.00e-04 +4.00e+06     50      3     62  1     25  0 +1.44e-08 +4.12e+00 +5.35e+01 +2.00e+00 +2.00e+00 +4.32e-10 +9.91e-01  1
    492 +1.0405e-04 +1.00e-04 +4.00e+06     50      3     62  1     29  0 +1.27e-11 +3.68e+00 +5.74e+01 +2.00e+00 +2.00e+00 +5.40e-10 +9.88e-01  1
    493 +1.0404e-04 +1.00e-04 +4.00e+06     50      3     62  1     24  0 +1.30e-08 +3.15e+00 +6.85e+01 +2.00e+00 +2.00e+00

EXIT: Objective not improving sufficiently.

Objective............................ : 1.040409e-04
Objective (unscaled)................. : 1.040409e-04

Number of iterations................. : 493
Number of inner iterations........... : 1331
Number of QP iterations.............. : 10717
Number of function evaluations....... : 3920
Number of gradient evaluations....... : 5077

CPU seconds.......................... : 23.908808
CPU seconds in evaluations........... : 0.761090
CPU seconds in direction computations : 23.088938
CPU seconds in line searches......... : 0.124494
