Set value for option 'direction_computation' as Gradient.
+--------------------------------------------------------------+
|       NonOpt = Nonlinear/Nonconvex/Nonsmooth Optimizer       |
| NonOpt is released as open source code under the MIT License |
| Please visit http://coral.ise.lehigh.edu/frankecurtis/nonopt |
+--------------------------------------------------------------+

This is NonOpt version 2.0

Number of variables.................. : 1000
Initial objective.................... : 5.992250e+03
Initial objective (unscaled)......... : 5.992250e+03

Approximate Hessian update strategy.. : BFGS
Derivative checker strategy.......... : FiniteDifference
Direction computation strategy....... : Gradient
Line search strategy................. : WeakWolfe
Point set update strategy............ : Proximity
QP solver (small scale) strategy..... : DualActiveSet
QP solver (large scale) strategy..... : InteriorPoint
Symmetric matrix strategy............ : Dense
Termination strategy................. : Basic

-----------------------------------------------------------------------------------------------------------------------------------------------------
  Iter.  Objective   St. Rad.  Tr. Rad.  |Pts| In. Its.  QP Pts.  QP Its. QP   QP KKT    |Step|   |Step|_H  |Grad.|  |G. Cmb.|  Stepsize Up. Fact. U?
-----------------------------------------------------------------------------------------------------------------------------------------------------
      0 +5.9922e+03 +7.00e-01 +7.00e+10      0        1        1        1  0 +0.00e+00 +7.00e+00 +4.89e+04 +7.00e+00 +7.00e+00 +5.00e-01 +0.00e+00  1
      1 +5.9878e+03 +7.00e-01 +7.00e+10      0        1        1        1  0 +0.00e+00 +1.75e+00 +1.22e+04 +7.00e+00 +7.00e+00 +1.00e+00 +0.00e+00  1
      2 +6.2387e+02 +7.00e-01 +7.00e+10      1        1        1        1  0 +0.00e+00 +3.57e+00 +4.00e+03 +3.00e+00 +3.00e+00 +2.50e-01 +0.00e+00  1
      3 +4.1785e+02 +7.00e-02 +7.00e+09      0        1        1        1  0 +0.00e+00 +1.01e+00 +5.83e+02 +3.57e+00 +3.57e+00 +1.00e+00 +0.00e+00  1
      4 +9.9821e+00 +7.00e-02 +7.00e+09      0        1        1        1  0 +0.00e+00 +1.89e+00 +1.19e+03 +3.00e+00 +3.00e+00 +3.91e-03 +0.00e+00  1
      5 +6.9833e+00 +7.00e-02 +7.00e+09      1        1        1        1  0 +0.00e+00 +2.79e+00 +2.61e+02 +3.00e+00 +3.00e+00 +3.91e-02 +0.00e+00  1
      6 +6.1225e+00 +7.00e-02 +7.00e+09      2        1        1        1  0 +0.00e+00 +1.95e+00 +1.38e+01 +3.00e+00 +3.00e+00 +1.95e-01 +0.00e+00  1
      7 +5.5177e+00 +7.00e-02 +7.00e+09      3        1        1        1  0 +0.00e+00 +4.18e+00 +2.76e+01 +3.00e+00 +3.00e+00 +3.12e-02 +0.00e+00  1
      8 +5.5010e+00 +7.00e-02 +7.00e+09      4        1        1        1  0 +0.00e+00 +1.58e+00 +5.83e+00 +3.00e+00 +3.00e+00 +3.12e-01 +0.00e+00  1
      9 +4.3646e+00 +7.00e-02 +7.00e+09      5        1        1        1  0 +0.00e+00 +1.67e+01 +4.75e+01 +2.71e+00 +2.71e+00 +3.12e-02 +0.00e+00  1
     10 +3.7434e+00 +7.00e-02 +7.00e+09      6        1        1        1  0 +0.00e+00 +9.41e-01 +5.02e+00 +2.39e+00 +2.39e+00 +3.12e-01 +0.00e+00  1
     11 +3.2853e+00 +7.00e-02 +7.00e+09      7        1        1        1  0 +0.00e+00 +1.02e+00 +9.75e+00 +3.00e+00 +3.00e+00 +2.50e-01 +0.00e+00  1
     12 +2.7350e+00 +7.00e-02 +7.00e+09      8        1        1        1  0 +0.00e+00 +1.61e+00 +1.07e+01 +3.00e+00 +3.00e+00 +6.25e-02 +0.00e+00  1
     13 +2.6857e+00 +7.00e-02 +7.00e+09      9        1        1        1  0 +0.00e+00 +1.34e+00 +1.07e+01 +3.00e+00 +3.00e+00 +3.12e-01 +0.00e+00  1
     14 +2.3781e+00 +7.00e-02 +7.00e+09     10        1        1        1  0 +0.00e+00 +3.20e-01 +2.18e+00 +3.00e+00 +3.00e+00 +1.00e+00 +0.00e+00  1
     15 +1.2712e+00 +7.00e-02 +7.00e+09     11        1        1        1  0 +0.00e+00 +3.48e+00 +1.39e+01 +3.00e+00 +3.00e+00 +7.81e-03 +0.00e+00  1
     16 +1.2678e+00 +7.00e-02 +7.00e+09     12        1        1        1  0 +0.00e+00 +5.42e-01 +1.99e+00 +2.80e+00 +2.80e+00 +4.68e-01 +0.00e+00  1
     17 +1.1757e+00 +7.00e-02 +7.00e+09     13        1        1        1  0 +0.00e+00 +3.43e-01 +1.44e+00 +3.00e+00 +3.00e+00 +5.00e-01 +0.00e+00  1
     18 +1.0354e+00 +7.00e-02 +7.00e+09     14        1        1        1  0 +0.00e+00 +5.52e+00 +2.22e+01 +3.00e+00 +3.00e+00 +3.12e-02 +0.00e+00  1
     19 +9.7343e-01 +7.00e-02 +7.00e+09     15        1        1        1  0 +0.00e+00 +1.08e+00 +2.87e+00 +3.00e+00 +3.00e+00 +3.91e-02 +0.00e+00  1
-----------------------------------------------------------------------------------------------------------------------------------------------------
  Iter.  Objective   St. Rad.  Tr. Rad.  |Pts| In. Its.  QP Pts.  QP Its. QP   QP KKT    |Step|   |Step|_H  |Grad.|  |G. Cmb.|  Stepsize Up. Fact. U?
-----------------------------------------------------------------------------------------------------------------------------------------------------
     20 +9.1718e-01 +7.00e-02 +7.00e+09     16        1        1        1  0 +0.00e+00 +4.02e+00 +1.26e+01 +3.00e+00 +3.00e+00 +3.05e-03 +0.00e+00  1
     21 +9.1023e-01 +7.00e-02 +7.00e+09     17        1        1        1  0 +0.00e+00 +3.12e-01 +2.09e+00 +3.00e+00 +3.00e+00 +2.26e-01 +0.00e+00  1
     22 +8.3048e-01 +7.00e-02 +7.00e+09     18        1        1        1  0 +0.00e+00 +1.27e+00 +5.62e+00 +3.00e+00 +3.00e+00 +3.12e-02 +0.00e+00  1
     23 +7.1837e-01 +7.00e-02 +7.00e+09     19        1        1        1  0 +0.00e+00 +1.57e+00 +6.37e+00 +3.00e+00 +3.00e+00 +2.44e-03 +0.00e+00  1
     24 +7.1456e-01 +7.00e-02 +7.00e+09     20        1        1        1  0 +0.00e+00 +1.02e+00 +2.95e+00 +3.00e+00 +3.00e+00 +2.44e-02 +0.00e+00  1
     25 +6.4521e-01 +7.00e-02 +7.00e+09     21        1        1        1  0 +0.00e+00 +2.42e+01 +6.31e+01 +3.00e+00 +3.00e+00 +7.63e-03 +0.00e+00  1
     26 +4.8439e-01 +7.00e-02 +7.00e+09     22        1        1        1  0 +0.00e+00 +1.84e-01 +1.04e+00 +3.00e+00 +3.00e+00 +4.67e-01 +0.00e+00  1
     27 +2.8517e-01 +7.00e-02 +7.00e+09     23        1        1        1  0 +0.00e+00 +7.46e-02 +3.76e-01 +3.00e+00 +3.00e+00 +5.00e-01 +0.00e+00  1
     28 +1.4658e-01 +7.00e-02 +7.00e+09     24        1        1        1  0 +0.00e+00 +7.30e+00 +3.63e+01 +3.00e+00 +3.00e+00 +4.88e-04 +0.00e+00  1
     29 +1.4042e-01 +7.00e-02 +7.00e+09     25        1        1        1  0 +0.00e+00 +2.53e-01 +7.75e-01 +3.00e+00 +3.00e+00 +4.88e-03 +0.00e+00  1
     30 +1.3741e-01 +7.00e-02 +7.00e+09     26        1        1        1  0 +0.00e+00 +1.51e-01 +3.66e-01 +3.00e+00 +3.00e+00 +4.88e-02 +0.00e+00  1
     31 +1.2265e-01 +7.00e-02 +7.00e+09     27        1        1        1  0 +0.00e+00 +6.49e-01 +1.52e+00 +3.00e+00 +3.00e+00 +6.10e-02 +0.00e+00  1
     32 +9.8438e-02 +7.00e-02 +7.00e+09     28        1        1        1  0 +0.00e+00 +8.56e-02 +1.86e-01 +3.00e+00 +3.00e+00 +3.05e-01 +0.00e+00  1
     33 +9.0712e-02 +7.00e-02 +7.00e+09     29        1        1        1  0 +0.00e+00 +2.50e-02 +1.95e-01 +3.00e+00 +3.00e+00 +5.00e-01 +0.00e+00  1
     34 +6.5437e-02 +7.00e-02 +7.00e+09     30        1        1        1  0 +0.00e+00 +1.17e-01 +5.34e-01 +3.00e+00 +3.00e+00 +6.25e-02 +0.00e+00  1
     35 +6.2700e-02 +7.00e-02 +7.00e+09     31        1        1        1  0 +0.00e+00 +2.93e-02 +7.36e-02 +3.00e+00 +3.00e+00 +3.12e-01 +0.00e+00  1
     36 +5.7638e-02 +7.00e-02 +7.00e+09     32        1        1        1  0 +0.00e+00 +8.85e-02 +2.30e-01 +3.00e+00 +3.00e+00 +1.25e-01 +0.00e+00  1
     37 +4.2240e-02 +7.00e-02 +7.00e+09     33        1        1        1  0 +0.00e+00 +1.22e+01 +3.15e+01 +3.00e+00 +3.00e+00 +6.10e-05 +0.00e+00  1
     38 +4.2100e-02 +7.00e-02 +7.00e+09     34        1        1        1  0 +0.00e+00 +5.61e-02 +7.60e-02 +3.00e+00 +3.00e+00 +9.83e-02 +0.00e+00  1
     39 +3.9580e-02 +7.00e-02 +7.00e+09     35        1        1        1  0 +0.00e+00 +2.85e-02 +1.20e-01 +3.00e+00 +3.00e+00 +2.46e-01 +0.00e+00  1
-----------------------------------------------------------------------------------------------------------------------------------------------------
  Iter.  Objective   St. Rad.  Tr. Rad.  |Pts| In. Its.  QP Pts.  QP Its. QP   QP KKT    |Step|   |Step|_H  |Grad.|  |G. Cmb.|  Stepsize Up. Fact. U?
-----------------------------------------------------------------------------------------------------------------------------------------------------
     40 +3.5719e-02 +7.00e-02 +7.00e+09     36        1        1        1  0 +0.00e+00 +7.58e-02 +1.16e-01 +3.00e+00 +3.00e+00 +2.50e-01 +0.00e+00  1
     41 +2.8574e-02 +7.00e-02 +7.00e+09     37        1        1        1  0 +0.00e+00 +1.08e-02 +7.34e-02 +3.00e+00 +3.00e+00 +2.50e-01 +0.00e+00  1
     42 +2.1497e-02 +7.00e-02 +7.00e+09     38        1        1        1  0 +0.00e+00 +4.29e-02 +4.62e-02 +3.00e+00 +3.00e+00 +2.50e-01 +0.00e+00  1
     43 +1.7894e-02 +7.00e-02 +7.00e+09     39        1        1        1  0 +0.00e+00 +2.95e-02 +3.73e-02 +3.00e+00 +3.00e+00 +5.00e-01 +0.00e+00  1
     44 +1.1198e-02 +7.00e-02 +7.00e+09     40        1        1        1  0 +0.00e+00 +1.59e+00 +2.06e+00 +3.00e+00 +3.00e+00 +1.53e-05 +0.00e+00  1
     45 +1.1184e-02 +7.00e-02 +7.00e+09     41        1        1        1  0 +0.00e+00 +1.61e-02 +3.06e-02 +3.00e+00 +3.00e+00 +3.91e-01 +0.00e+00  1
     46 +1.0048e-02 +7.00e-02 +7.00e+09     42        1        1        1  0 +0.00e+00 +1.18e-02 +1.81e-02 +3.00e+00 +3.00e+00 +5.00e-01 +0.00e+00  1
     47 +8.1262e-03 +7.00e-02 +7.00e+09     43        1        1        1  0 +0.00e+00 +1.45e+00 +2.11e+00 +3.00e+00 +3.00e+00 +3.73e-09 +0.00e+00  0
     48 +8.1262e-03 +7.00e-02 +7.00e+09     44        1        1        1  0 +0.00e+00 +2.55e+00 +6.53e+00 +3.00e+00 +3.00e+00 +1.16e-09 +0.00e+00  0
     49 +8.1262e-03 +7.00e-02 +7.00e+09     45        1        1        1  0 +0.00e+00 +1.45e+00 +2.11e+00 +3.00e+00 +3.00e+00 +1.09e-09 +0.00e+00  0
     50 +8.1262e-03 +7.00e-02 +7.00e+09     46        1        1        1  0 +0.00e+00 +2.55e+00 +6.53e+00 +3.00e+00 +3.00e+00 +3.41e-10 +0.00e+00  0
     51 +8.1262e-03 +7.00e-02 +7.00e+09     47        1        1        1  0 +0.00e+00 +1.45e+00 +2.11e+00 +3.00e+00 +3.00e+00 +4.26e-10 +0.00e+00  0
     52 +8.1262e-03 +7.00e-02 +7.00e+09     48        1        1        1  0 +0.00e+00 +2.55e+00 +6.53e+00 +3.00e+00 +3.00e+00 +1.33e-10 +0.00e+00  0
     53 +8.1262e-03 +7.00e-02 +7.00e+09     49        1        1        1  0 +0.00e+00 +1.45e+00 +2.11e+00 +3.00e+00 +3.00e+00 +1.67e-10 +0.00e+00  0
     54 +8.1262e-03 +7.00e-02 +7.00e+09     50        1        1        1  0 +0.00e+00 +2.55e+00 +6.53e+00 +3.00e+00 +3.00e+00 +1.04e-10 +0.00e+00  0
     55 +8.1262e-03 +7.00e-02 +7.00e+09     50        1        1        1  0 +0.00e+00 +1.45e+00 +2.11e+00 +3.00e+00 +3.00e+00 +1.30e-10 +0.00e+00  0
     56 +8.1262e-03 +7.00e-02 +7.00e+09     50        1        1        1  0 +0.00e+00 +2.55e+00 +6.53e+00 +3.00e+00 +3.00e+00 +2.03e-11 +0.00e+00  0
     57 +8.1262e-03 +7.00e-02 +7.00e+09     50        1        1        1  0 +0.00e+00 +1.45e+00 +2.11e+00 +3.00e+00 +3.00e+00 +5.08e-11 +0.00e+00  0
     58 +8.1262e-03 +7.00e-02 +7.00e+09     50        1        1        1  0 +0.00e+00 +2.55e+00 +6.53e+00 +3.00e+00 +3.00e+00 +3.18e-11 +0.00e+00  0
     59 +8.1262e-03 +7.00e-02 +7.00e+09     50        1        1        1  0 +0.00e+00 +1.45e+00 +2.11e+00 +3.00e+00 +3.00e+00 +7.94e-11 +0.00e+00  0
-----------------------------------------------------------------------------------------------------------------------------------------------------
  Iter.  Objective   St. Rad.  Tr. Rad.  |Pts| In. Its.  QP Pts.  QP Its. QP   QP KKT    |Step|   |Step|_H  |Grad.|  |G. Cmb.|  Stepsize Up. Fact. U?
-----------------------------------------------------------------------------------------------------------------------------------------------------
     60 +8.1262e-03 +7.00e-02 +7.00e+09     50        1        1        1  0 +0.00e+00 +2.55e+00 +6.53e+00 +3.00e+00 +3.00e+00 +4.96e-11 +0.00e+00  0
     61 +8.1262e-03 +7.00e-02 +7.00e+09     50        1        1        1  0 +0.00e+00 +1.45e+00 +2.11e+00 +3.00e+00 +3.00e+00 +6.20e-11 +0.00e+00  0
     62 +8.1262e-03 +7.00e-02 +7.00e+09     50        1        1        1  0 +0.00e+00 +2.55e+00 +6.53e+00 +3.00e+00 +3.00e+00 +3.88e-11 +0.00e+00  0
     63 +8.1262e-03 +7.00e-02 +7.00e+09     50        1        1        1  0 +0.00e+00 +1.45e+00 +2.11e+00 +3.00e+00 +3.00e+00 +9.69e-11 +0.00e+00  0
     64 +8.1262e-03 +7.00e-02 +7.00e+09     50        1        1        1  0 +0.00e+00 +2.55e+00 +6.53e+00 +3.00e+00 +3.00e+00 +6.06e-11 +0.00e+00  0
     65 +8.1262e-03 +7.00e-02 +7.00e+09     50        1        1        1  0 +0.00e+00 +1.45e+00 +2.11e+00 +3.00e+00 +3.00e+00 +7.57e-11 +0.00e+00  0
     66 +8.1262e-03 +7.00e-02 +7.00e+09     50        1        1        1  0 +0.00e+00 +2.55e+00 +6.53e+00 +3.00e+00 +3.00e+00 +4.73e-11 +0.00e+00  0
     67 +8.1262e-03 +7.00e-02 +7.00e+09     50        1        1        1  0 +0.00e+00 +1.45e+00 +2.11e+00 +3.00e+00 +3.00e+00 +1.18e-10 +0.00e+00  0
     68 +8.1262e-03 +7.00e-02 +7.00e+09     50        1        1        1  0 +0.00e+00 +2.55e+00 +6.53e+00 +3.00e+00 +3.00e+00 +5.82e-11 +0.00e+00  0
     69 +8.1262e-03 +7.00e-03 +7.00e+08     50        1        1        1  0 +0.00e+00 +1.45e+00 +2.11e+00 +3.00e+00 +3.00e+00 +7.28e-11 +0.00e+00  0
     70 +8.1262e-03 +7.00e-03 +7.00e+08     50        1        1        1  0 +0.00e+00 +2.55e+00 +6.53e+00 +3.00e+00 +3.00e+00 +4.55e-11 +0.00e+00  0
     71 +8.1262e-03 +7.00e-03 +7.00e+08     50        1        1        1  0 +0.00e+00 +1.45e+00 +2.11e+00 +3.00e+00 +3.00e+00 +1.14e-10 +0.00e+00  0
     72 +8.1262e-03 +7.00e-03 +7.00e+08     50        1        1        1  0 +0.00e+00 +2.55e+00 +6.53e+00 +3.00e+00 +3.00e+00 +7.11e-11 +0.00e+00  0
     73 +8.1262e-03 +7.00e-03 +7.00e+08     50        1        1        1  0 +0.00e+00 +1.45e+00 +2.11e+00 +3.00e+00 +3.00e+00 +8.88e-11 +0.00e+00  0
     74 +8.1262e-03 +7.00e-03 +7.00e+08     50        1        1        1  0 +0.00e+00 +2.55e+00 +6.53e+00 +3.00e+00 +3.00e+00 +5.55e-11 +0.00e+00  0
     75 +8.1262e-03 +7.00e-03 +7.00e+08     50        1        1        1  0 +0.00e+00 +1.45e+00 +2.11e+00 +3.00e+00 +3.00e+00 +1.39e-10 +0.00e+00  0
     76 +8.1262e-03 +7.00e-03 +7.00e+08     50        1        1        1  0 +0.00e+00 +2.55e+00 +6.53e+00 +3.00e+00 +3.00e+00 +8.67e-11 +0.00e+00  0
     77 +8.1262e-03 +7.00e-03 +7.00e+08     50        1        1        1  0 +0.00e+00 +1.45e+00 +2.11e+00 +3.00e+00 +3.00e+00 +1.08e-10 +0.00e+00  0
     78 +8.1262e-03 +7.00e-03 +7.00e+08     50        1        1        1  0 +0.00e+00 +2.55e+00 +6.53e+00 +3.00e+00 +3.00e+00 +3.39e-11 +0.00e+00  0
     79 +8.1262e-03 +7.00e-03 +7.00e+08     50        1        1        1  0 +0.00e+00 +1.45e+00 +2.11e+00 +3.00e+00 +3.00e+00 +8.47e-11 +0.00e+00  0
-----------------------------------------------------------------------------------------------------------------------------------------------------
  Iter.  Objective   St. Rad.  Tr. Rad.  |Pts| In. Its.  QP Pts.  QP Its. QP   QP KKT    |Step|   |Step|_H  |Grad.|  |G. Cmb.|  Stepsize Up. Fact. U?
-----------------------------------------------------------------------------------------------------------------------------------------------------
     80 +8.1262e-03 +7.00e-03 +7.00e+08     50        1        1        1  0 +0.00e+00 +2.55e+00 +6.53e+00 +3.00e+00 +3.00e+00 +5.29e-11 +0.00e+00  0
     81 +8.1262e-03 +7.00e-03 +7.00e+08     50        1        1        1  0 +0.00e+00 +1.45e+00 +2.11e+00 +3.00e+00 +3.00e+00 +6.62e-11 +0.00e+00  0
     82 +8.1262e-03 +7.00e-03 +7.00e+08     50        1        1        1  0 +0.00e+00 +2.55e+00 +6.53e+00 +3.00e+00 +3.00e+00 +4.14e-11 +0.00e+00  0
     83 +8.1262e-03 +7.00e-03 +7.00e+08     50        1        1        1  0 +0.00e+00 +1.45e+00 +2.11e+00 +3.00e+00 +3.00e+00 +1.03e-10 +0.00e+00  0
     84 +8.1262e-03 +7.00e-03 +7.00e+08     50        1        1        1  0 +0.00e+00 +2.55e+00 +6.53e+00 +3.00e+00 +3.00e+00 +6.46e-11 +0.00e+00  0
     85 +8.1262e-03 +7.00e-03 +7.00e+08     50        1        1        1  0 +0.00e+00 +1.45e+00 +2.11e+00 +3.00e+00 +3.00e+00 +8.08e-11 +0.00e+00  0
     86 +8.1262e-03 +7.00e-03 +7.00e+08     50        1        1        1  0 +0.00e+00 +2.55e+00 +6.53e+00 +3.00e+00 +3.00e+00 +2.52e-11 +0.00e+00  0
     87 +8.1262e-03 +7.00e-03 +7.00e+08     50        1        1        1  0 +0.00e+00 +1.45e+00 +2.11e+00 +3.00e+00 +3.00e+00 +6.31e-11 +0.00e+00  0
     88 +8.1262e-03 +7.00e-03 +7.00e+08     50        1        1        1  0 +0.00e+00 +2.55e+00 +6.53e+00 +3.00e+00 +3.00e+00 +3.94e-11 +0.00e+00  0
     89 +8.1262e-03 +7.00e-03 +7.00e+08     50        1        1        1  0 +0.00e+00 +1.45e+00 +2.11e+00 +3.00e+00 +3.00e+00 +5.82e-11 +0.00e+00  0
     90 +8.1262e-03 +7.00e-04 +7.00e+07     50        1        1        1  0 +0.00e+00 +2.55e+00 +6.53e+00 +3.00e+00 +3.00e+00 +3.64e-11 +0.00e+00  0
     91 +8.1262e-03 +7.00e-04 +7.00e+07     50        1        1        1  0 +0.00e+00 +1.45e+00 +2.11e+00 +3.00e+00 +3.00e+00 +9.09e-11 +0.00e+00  0
     92 +8.1262e-03 +7.00e-04 +7.00e+07     50        1        1        1  0 +0.00e+00 +2.55e+00 +6.53e+00 +3.00e+00 +3.00e+00 +5.68e-11 +0.00e+00  0
     93 +8.1262e-03 +7.00e-04 +7.00e+07     50        1        1        1  0 +0.00e+00 +1.45e+00 +2.11e+00 +3.00e+00 +3.00e+00 +7.11e-11 +0.00e+00  0
     94 +8.1262e-03 +7.00e-04 +7.00e+07     50        1        1        1  0 +0.00e+00 +2.55e+00 +6.53e+00 +3.00e+00 +3.00e+00 +4.44e-11 +0.00e+00  0
     95 +8.1262e-03 +7.00e-04 +7.00e+07     50        1        1        1  0 +0.00e+00 +1.45e+00 +2.11e+00 +3.00e+00 +3.00e+00 +1.11e-10 +0.00e+00  0
     96 +8.1262e-03 +7.00e-04 +7.00e+07     50        1        1        1  0 +0.00e+00 +2.55e+00 +6.53e+00 +3.00e+00 +3.00e+00 +6.94e-11 +0.00e+00  0
     97 +8.1262e-03 +7.00e-04 +7.00e+07     50        1        1        1  0 +0.00e+00 +1.45e+00 +2.11e+00 +3.00e+00 +3.00e+00 +8.67e-11 +0.00e+00  0
     98 +8.1262e-03 +7.00e-04 +7.00e+07     50        1        1        1  0 +0.00e+00 +2.55e+00 +6.53e+00 +3.00e+00 +3.00e+00 +2.71e-11 +0.00e+00  0
     99 +8.1262e-03 +7.00e-04 +7.00e+07     50        1        1        1  0 +0.00e+00 +1.45e+00 +2.11e+00 +3.00e+00 +3.00e+00 +6.78e-11 +0.00e+00  0
-----------------------------------------------------------------------------------------------------------------------------------------------------
  Iter.  Objective   St. Rad.  Tr. Rad.  |Pts| In. Its.  QP Pts.  QP Its. QP   QP KKT    |Step|   |Step|_H  |Grad.|  |G. Cmb.|  Stepsize Up. Fact. U?
-----------------------------------------------------------------------------------------------------------------------------------------------------
    100 +8.1262e-03 +7.00e-04 +7.00e+07     50        1        1        1  0 +0.00e+00 +2.55e+00 +6.53e+00 +3.00e+00 +3.00e+00 +4.24e-11 +0.00e+00  0
    101 +8.1262e-03 +7.00e-04 +7.00e+07     50        1        1        1  0 +0.00e+00 +1.45e+00 +2.11e+00 +3.00e+00 +3.00e+00 +5.29e-11 +0.00e+00  0
    102 +8.1262e-03 +7.00e-04 +7.00e+07     50        1        1        1  0 +0.00e+00 +2.55e+00 +6.53e+00 +3.00e+00 +3.00e+00 +3.31e-11 +0.00e+00  0
    103 +8.1262e-03 +7.00e-04 +7.00e+07     50        1        1        1  0 +4.44e-16 +1.45e+00 +2.11e+00 +3.00e+00 +3.00e+00 +8.27e-11 +0.00e+00  0
    104 +8.1262e-03 +7.00e-04 +7.00e+07     50        1        1        1  0 +0.00e+00 +2.55e+00 +6.53e+00 +3.00e+00 +3.00e+00 +5.17e-11 +0.00e+00  0
    105 +8.1262e-03 +7.00e-04 +7.00e+07     50        1        1        1  0 +0.00e+00 +1.45e+00 +2.11e+00 +3.00e+00 +3.00e+00 +6.46e-11 +0.00e+00  0
    106 +8.1262e-03 +7.00e-04 +7.00e+07     50        1        1        1  0 +0.00e+00 +2.55e+00 +6.53e+00 +3.00e+00 +3.00e+00 +2.02e-11 +0.00e+00  0
    107 +8.1262e-03 +7.00e-04 +7.00e+07     50        1        1        1  0 +0.00e+00 +1.45e+00 +2.11e+00 +3.00e+00 +3.00e+00 +5.05e-11 +0.00e+00  0
    108 +8.1262e-03 +7.00e-04 +7.00e+07     50        1        1        1  0 +0.00e+00 +2.55e+00 +6.53e+00 +3.00e+00 +3.00e+00 +3.16e-11 +0.00e+00  0
    109 +8.1262e-03 +7.00e-04 +7.00e+07     50        1        1        1  0 +0.00e+00 +1.45e+00 +2.11e+00 +3.00e+00 +3.00e+00 +7.89e-11 +0.00e+00  0
    110 +8.1262e-03 +7.00e-04 +7.00e+07     50        1        1        1  0 +0.00e+00 +2.55e+00 +6.53e+00 +3.00e+00 +3.00e+00 +5.82e-11 +0.00e+00  0
    111 +8.1262e-03 +1.00e-04 +7.00e+06     50        1        1        1  0 +0.00e+00 +1.45e+00 +2.11e+00 +3.00e+00 +3.00e+00 +7.28e-11 +0.00e+00  0
    112 +8.1262e-03 +1.00e-04 +7.00e+06     50        1        1        1  0 +0.00e+00 +2.55e+00 +6.53e+00 +3.00e+00 +3.00e+00 +4.55e-11 +0.00e+00  0
    113 +8.1262e-03 +1.00e-04 +7.00e+06     50        1        1        1  0 +0.00e+00 +1.45e+00 +2.11e+00 +3.00e+00 +3.00e+00 +1.14e-10 +0.00e+00  0
    114 +8.1262e-03 +1.00e-04 +7.00e+06     50        1        1        1  0 +0.00e+00 +2.55e+00 +6.53e+00 +3.00e+00 +3.00e+00 +7.11e-11 +0.00e+00  0
    115 +8.1262e-03 +1.00e-04 +7.00e+06     50        1        1        1  0 +0.00e+00 +1.45e+00 +2.11e+00 +3.00e+00 +3.00e+00 +8.88e-11 +0.00e+00  0
    116 +8.1262e-03 +1.00e-04 +7.00e+06     50        1        1        1  0 +0.00e+00 +2.55e+00 +6.53e+00 +3.00e+00 +3.00e+00 +2.78e-11 +0.00e+00  0
    117 +8.1262e-03 +1.00e-04 +7.00e+06     50        1        1        1  0 +0.00e+00 +1.45e+00 +2.11e+00 +3.00e+00 +3.00e+00 +6.94e-11 +0.00e+00  0
    118 +8.1262e-03 +1.00e-04 +7.00e+06     50        1        1        1  0 +0.00e+00 +2.55e+00 +6.53e+00 +3.00e+00 +3.00e+00 +4.34e-11 +0.00e+00  0
    119 +8.1262e-03 +1.00e-04 +7.00e+06     50        1        1        1  0 +0.00e+00 +1.45e+00 +2.11e+00 +3.00e+00 +3.00e+00 +5.42e-11 +0.00e+00  0
-----------------------------------------------------------------------------------------------------------------------------------------------------
  Iter.  Objective   St. Rad.  Tr. Rad.  |Pts| In. Its.  QP Pts.  QP Its. QP   QP KKT    |Step|   |Step|_H  |Grad.|  |G. Cmb.|  Stepsize Up. Fact. U?
-----------------------------------------------------------------------------------------------------------------------------------------------------
    120 +8.1262e-03 +1.00e-04 +7.00e+06     50        1        1        1  0 +0.00e+00 +2.55e+00 +6.53e+00 +3.00e+00 +3.00e+00 +3.39e-11 +0.00e+00  0
    121 +8.1262e-03 +1.00e-04 +7.00e+06     50        1        1        1  0 +4.44e-16 +1.45e+00 +2.11e+00 +3.00e+00 +3.00e+00 +8.47e-11 +0.00e+00  0
    122 +8.1262e-03 +1.00e-04 +7.00e+06     50        1        1        1  0 +0.00e+00 +2.55e+00 +6.53e+00 +3.00e+00 +3.00e+00 +5.29e-11 +0.00e+00  0
    123 +8.1262e-03 +1.00e-04 +7.00e+06     50        1        1        1  0 +0.00e+00 +1.45e+00 +2.11e+00 +3.00e+00 +3.00e+00 +6.62e-11 +0.00e+00  0
    124 +8.1262e-03 +1.00e-04 +7.00e+06     50        1        1        1  0 +0.00e+00 +2.55e+00 +6.53e+00 +3.00e+00 +3.00e+00 +2.07e-11 +0.00e+00  0
    125 +8.1262e-03 +1.00e-04 +7.00e+06     50        1        1        1  0 +0.00e+00 +1.45e+00 +2.11e+00 +3.00e+00 +3.00e+00 +5.17e-11 +0.00e+00  0
    126 +8.1262e-03 +1.00e-04 +7.00e+06     50        1        1        1  0 +0.00e+00 +2.55e+00 +6.53e+00 +3.00e+00 +3.00e+00 +3.23e-11 +0.00e+00  0
    127 +8.1262e-03 +1.00e-04 +7.00e+06     50        1        1        1  0 +0.00e+00 +1.45e+00 +2.11e+00 +3.00e+00 +3.00e+00 +4.04e-11 +0.00e+00  0
    128 +8.1262e-03 +1.00e-04 +7.00e+06     50        1        1        1  0 +0.00e+00 +2.55e+00 +6.53e+00 +3.00e+00 +3.00e+00 +2.52e-11 +0.00e+00  0
    129 +8.1262e-03 +1.00e-04 +7.00e+06     50        1        1        1  0 +0.00e+00 +1.45e+00 +2.11e+00 +3.00e+00 +3.00e+00 +6.31e-11 +0.00e+00  0
    130 +8.1262e-03 +1.00e-04 +7.00e+06     50        1        1        1  0 +0.00e+00 +2.55e+00 +6.53e+00 +3.00e+00 +3.00e+00 +3.94e-11 +0.00e+00  0
    131 +8.1262e-03 +1.00e-04 +7.00e+06     50        1        1        1  0 +0.00e+00 +1.45e+00 +2.11e+00 +3.00e+00 +3.00e+00

EXIT: Objective not improving sufficiently.

Objective............................ : 8.126163e-03
Objective (unscaled)................. : 8.126163e-03

Number of iterations................. : 131
Number of inner iterations........... : 132
Number of QP iterations.............. : 132
Number of function evaluations....... : 712
Number of gradient evaluations....... : 138

CPU seconds.......................... : 0.329044
CPU seconds in evaluations........... : 0.044463
CPU seconds in direction computations : 0.202533
CPU seconds in line searches......... : 0.047951
