Set value for option 'direction_computation' as GradientCombination.
+--------------------------------------------------------------+
|       NonOpt = Nonlinear/Nonconvex/Nonsmooth Optimizer       |
| NonOpt is released as open source code under the MIT License |
| Please visit http://coral.ise.lehigh.edu/frankecurtis/nonopt |
+--------------------------------------------------------------+

This is NonOpt version 2.0

Number of variables.................. : 1000
Initial objective.................... : 1.998000e+04
Initial objective (unscaled)......... : 1.998000e+04

Approximate Hessian update strategy.. : BFGS
Derivative checker strategy.......... : FiniteDifference
Direction computation strategy....... : GradientCombination
Line search strategy................. : WeakWolfe
Point set update strategy............ : Proximity
QP solver (small scale) strategy..... : DualActiveSet
QP solver (large scale) strategy..... : InteriorPoint
Symmetric matrix strategy............ : Dense
Termination strategy................. : Basic

--------------------------------------------------------------------------------------------------------------------------------------------------
  Iter.  Objective   St. Rad.  Tr. Rad.  |Pts| In Its QP Pts L? QP Its S?   QP KKT    |Step|   |Step|_H  |Grad.|  |G. Cmb.|  Stepsize Up. Fact. U?
--------------------------------------------------------------------------------------------------------------------------------------------------
      0 +1.9980e+04 +3.60e+00 +3.60e+11      0      1      1  0      1  0 +0.00e+00 +3.60e+01 +1.29e+06 +3.60e+01 +3.60e+01 +6.25e-02 +0.00e+00  1
      1 +1.0109e+04 +3.60e-01 +3.60e+10      0      1      1  0      1  0 +0.00e+00 +2.80e+00 +4.05e+03 +9.00e+00 +9.00e+00 +1.00e+00 +0.00e+00  1
      2 +6.4728e+03 +3.60e-02 +3.60e+09      0      1      1  0      1  0 +0.00e+00 +1.96e+01 +1.34e+04 +9.60e+00 +9.60e+00 +5.00e-01 +0.00e+00  1
      3 +5.2430e+03 +3.60e-02 +3.60e+09      0      1      1  0      1  0 +0.00e+00 +1.68e+02 +1.19e+05 +1.36e+03 +1.36e+03 +7.81e-03 +0.00e+00  1
      4 +4.8657e+03 +3.60e-02 +3.60e+09      0      1      1  0      1  0 +0.00e+00 +2.95e+00 +1.19e+04 +7.30e+02 +7.30e+02 +7.81e-02 +0.00e+00  1
      5 +4.0017e+03 +3.60e-02 +3.60e+09      1      1      1  0      1  0 +0.00e+00 +3.74e+00 +4.89e+03 +6.45e+02 +6.45e+02 +7.81e-01 +0.00e+00  1
      6 +2.8535e+03 +3.60e-02 +3.60e+09      0      1      1  0      1  0 +2.27e-13 +2.48e+00 +6.22e+02 +4.77e+00 +4.77e+00 +1.00e+00 +0.00e+00  1
      7 +2.2701e+03 +3.60e-02 +3.60e+09      0      1      1  0      1  0 +0.00e+00 +1.28e+01 +5.06e+03 +4.26e+00 +4.26e+00 +4.69e-02 +0.00e+00  1
      8 +2.2059e+03 +3.60e-02 +3.60e+09      1      1      1  0      1  0 +0.00e+00 +7.18e-01 +2.13e+02 +2.63e+02 +2.63e+02 +1.25e+00 +0.00e+00  1
      9 +2.1661e+03 +3.60e-02 +3.60e+09      2      1      1  0      1  0 +1.14e-13 +6.38e-01 +7.64e+01 +4.16e+00 +4.16e+00 +2.55e+00 +0.00e+00  1
     10 +2.1360e+03 +3.60e-02 +3.60e+09      3      1      1  0      1  0 +0.00e+00 +1.04e+00 +1.23e+02 +1.32e+02 +1.32e+02 +1.00e+00 +0.00e+00  1
     11 +2.0645e+03 +3.60e-02 +3.60e+09      4      1      1  0      1  0 +0.00e+00 +2.63e-01 +4.84e+01 +4.07e+00 +4.07e+00 +1.00e+00 +0.00e+00  1
     12 +2.0568e+03 +3.60e-02 +3.60e+09      5      1      1  0      1  0 +0.00e+00 +3.12e-01 +3.03e+01 +1.14e+02 +1.14e+02 +1.00e+00 +0.00e+00  1
     13 +2.0290e+03 +3.60e-02 +3.60e+09      6      1      1  0      1  0 +2.84e-14 +2.79e-01 +1.83e+01 +4.03e+00 +4.03e+00 +1.00e+00 +0.00e+00  1
     14 +2.0284e+03 +3.60e-02 +3.60e+09      7      1      1  0      1  0 +0.00e+00 +2.47e-01 +1.09e+01 +7.68e+01 +7.68e+01 +1.00e+00 +0.00e+00  1
     15 +2.0200e+03 +3.60e-02 +3.60e+09      8      1      1  0      1  0 +8.17e-14 +3.12e-01 +2.16e+01 +5.74e+01 +5.74e+01 +1.00e+00 +0.00e+00  1
     16 +2.0074e+03 +3.60e-02 +3.60e+09      9      1      1  0      1  0 +1.03e-13 +4.08e-01 +1.05e+01 +4.01e+00 +4.01e+00 +1.00e+00 +0.00e+00  1
     17 +2.0055e+03 +3.60e-02 +3.60e+09     10      1      1  0      1  0 +0.00e+00 +2.86e-01 +4.15e+00 +2.00e+01 +2.00e+01 +1.77e+00 +0.00e+00  1
     18 +2.0029e+03 +3.60e-02 +3.60e+09     11      1      1  0      1  0 +0.00e+00 +1.94e-01 +3.92e+00 +4.01e+00 +4.01e+00 +1.00e+00 +0.00e+00  1
     19 +2.0005e+03 +3.60e-02 +3.60e+09     12      1      1  0      1  0 +0.00e+00 +1.61e-01 +2.08e+00 +1.63e+01 +1.63e+01 +1.00e+00 +0.00e+00  1
--------------------------------------------------------------------------------------------------------------------------------------------------
  Iter.  Objective   St. Rad.  Tr. Rad.  |Pts| In Its QP Pts L? QP Its S?   QP KKT    |Step|   |Step|_H  |Grad.|  |G. Cmb.|  Stepsize Up. Fact. U?
--------------------------------------------------------------------------------------------------------------------------------------------------
     20 +1.9998e+03 +3.60e-02 +3.60e+09     13      1      1  0      1  0 +4.84e-14 +2.25e-01 +1.64e+00 +4.00e+00 +4.00e+00 +1.00e+00 +0.00e+00  1
     21 +1.9987e+03 +3.60e-02 +3.60e+09     14      1      1  0      1  0 +1.11e-13 +1.42e-01 +5.61e-01 +8.92e+00 +8.92e+00 +1.00e+00 +0.00e+00  1
     22 +1.9985e+03 +3.60e-02 +3.60e+09     15      1      1  0      1  0 +2.22e-16 +1.74e-01 +5.75e-01 +4.00e+00 +4.00e+00 +1.00e+00 +0.00e+00  1
     23 +1.9983e+03 +3.60e-02 +3.60e+09     15      1      1  0      1  0 +7.68e-14 +1.66e-01 +2.10e-01 +6.00e+00 +6.00e+00 +5.00e-01 +0.00e+00  1
     24 +1.9982e+03 +3.60e-02 +3.60e+09     16      1      1  0      1  0 +0.00e+00 +5.91e-01 +1.59e+00 +6.00e+00 +6.00e+00 +1.56e-02 +0.00e+00  1
     25 +1.9982e+03 +3.60e-02 +3.60e+09     17      1      1  0      1  0 +0.00e+00 +1.99e-01 +7.30e-01 +2.37e+00 +2.37e+00 +1.56e-01 +0.00e+00  1
     26 +1.9981e+03 +3.60e-02 +3.60e+09     18      1      1  0      1  0 +6.81e-14 +5.38e-02 +1.14e-01 +4.00e+00 +4.00e+00 +1.00e+00 +0.00e+00  1
     27 +1.9981e+03 +3.60e-02 +3.60e+09     19      1      1  0      1  0 +1.09e-13 +5.98e-02 +5.81e-02 +6.09e+00 +6.09e+00 +5.00e-01 +0.00e+00  1
     28 +1.9981e+03 +3.60e-02 +3.60e+09     20      1      1  0      1  0 +7.38e-14 +8.47e-02 +1.59e-01 +6.05e+00 +6.05e+00 +1.00e+00 +0.00e+00  1
     29 +1.9981e+03 +3.60e-02 +3.60e+09     21      1      1  0      1  0 +1.03e-13 +4.79e-02 +5.18e-02 +4.00e+00 +4.00e+00 +1.00e+00 +0.00e+00  1
     30 +1.9980e+03 +3.60e-02 +3.60e+09     22      1      1  0      1  0 +4.71e-14 +2.19e-01 +7.34e-01 +4.01e+00 +4.01e+00 +3.91e-03 +0.00e+00  1
     31 +1.9980e+03 +3.60e-02 +3.60e+09     23      1      1  0      1  0 +0.00e+00 +6.49e-02 +5.28e-02 +6.71e+00 +6.71e+00 +3.91e-02 +0.00e+00  1
     32 +1.9980e+03 +3.60e-02 +3.60e+09     24      1      1  0      1  0 +0.00e+00 +2.62e-02 +1.96e-02 +6.67e+00 +6.67e+00 +3.91e-01 +0.00e+00  1
     33 +1.9980e+03 +3.60e-02 +3.60e+09     25      1      1  0      1  0 +6.34e-14 +5.66e-02 +2.10e-02 +6.51e+00 +6.51e+00 +2.50e-01 +0.00e+00  1
     34 +1.9980e+03 +3.60e-02 +3.60e+09     26      1      1  0      1  0 +1.07e-13 +4.18e-02 +2.61e-02 +6.49e+00 +6.49e+00 +5.00e-01 +0.00e+00  1
     35 +1.9980e+03 +3.60e-02 +3.60e+09     27      1      1  0      1  0 +0.00e+00 +3.94e-02 +2.80e-02 +2.01e+00 +2.01e+00 +2.50e-01 +0.00e+00  1
     36 +1.9980e+03 +3.60e-02 +3.60e+09     28      1      1  0      1  0 +0.00e+00 +3.46e-02 +6.88e-03 +6.08e+00 +6.08e+00 +2.50e-01 +0.00e+00  1
     37 +1.9980e+03 +3.60e-02 +3.60e+09     29      1      1  0      1  0 +2.50e-14 +2.16e-02 +1.22e-02 +6.10e+00 +6.10e+00 +3.12e-02 +2.43e-01  1
     38 +1.9980e+03 +3.60e-02 +3.60e+09     30      1      1  0      1  0 +0.00e+00 +3.36e-03 +9.88e-04 +4.02e+00 +4.02e+00 +1.87e+00 +0.00e+00  1
     39 +1.9980e+03 +3.60e-02 +3.60e+09     31      1      1  0      1  0 +0.00e+00 +1.19e-02 +8.96e-04 +6.04e+00 +6.04e+00 +2.50e-01 +0.00e+00  1
--------------------------------------------------------------------------------------------------------------------------------------------------
  Iter.  Objective   St. Rad.  Tr. Rad.  |Pts| In Its QP Pts L? QP Its S?   QP KKT    |Step|   |Step|_H  |Grad.|  |G. Cmb.|  Stepsize Up. Fact. U?
--------------------------------------------------------------------------------------------------------------------------------------------------
     40 +1.9980e+03 +3.60e-02 +3.60e+09     32      1      1  0      1  0 +8.00e-14 +6.63e-03 +1.49e-03 +6.06e+00 +6.06e+00 +1.00e+00 +0.00e+00  1
     41 +1.9980e+03 +3.60e-02 +3.60e+09     33      1      1  0      1  0 +0.00e+00 +2.29e-03 +8.03e-04 +4.02e+00 +4.02e+00 +1.00e+00 +0.00e+00  1
     42 +1.9980e+03 +3.60e-02 +3.60e+09     34      1      1  0      1  0 +0.00e+00 +3.50e-03 +1.99e-03 +2.00e+00 +2.00e+00 +5.00e-01 +0.00e+00  1
     43 +1.9980e+03 +3.60e-02 +3.60e+09     35      1      1  0      1  0 +0.00e+00 +6.05e-03 +6.61e-04 +6.02e+00 +6.02e+00 +2.50e-01 +0.00e+00  1
     44 +1.9980e+03 +3.60e-02 +3.60e+09     36      1      1  0      1  0 +8.54e-14 +5.19e-03 +1.18e-03 +6.02e+00 +6.02e+00 +2.50e-01 +4.17e-01  1
     45 +1.9980e+03 +3.60e-02 +3.60e+09     37      1      1  0      1  0 +5.70e-14 +1.61e-03 +3.44e-04 +4.01e+00 +4.01e+00 +6.25e-02 +9.72e-01  1
     46 +1.9980e+03 +3.60e-02 +3.60e+09     38      1      1  0      1  0 +4.35e-15 +1.38e-03 +2.61e-04 +6.04e+00 +6.04e+00 +6.25e-01 +8.54e-01  1
     47 +1.9980e+03 +3.60e-02 +3.60e+09     39      1      1  0      1  0 +8.89e-14 +1.02e-02 +1.02e-03 +4.01e+00 +4.01e+00 +2.50e-01 +0.00e+00  1
     48 +1.9980e+03 +3.60e-02 +3.60e+09     40      1      1  0      1  0 +0.00e+00 +1.05e-03 +4.56e-04 +2.00e+00 +2.00e+00 +1.25e-01 +7.80e-01  1
     49 +1.9980e+03 +3.60e-02 +3.60e+09     41      1      1  0      1  0 +0.00e+00 +2.28e-03 +2.55e-04 +6.01e+00 +6.01e+00 +5.00e-01 +7.68e-01  1
     50 +1.9980e+03 +3.60e-02 +3.60e+09     42      1      1  0      1  0 +7.63e-14 +1.58e-03 +1.74e-04 +4.00e+00 +4.00e+00 +2.50e-01 +9.12e-01  1
     51 +1.9980e+03 +3.60e-02 +3.60e+09     43      1      1  0      1  0 +2.61e-14 +2.05e-03 +2.34e-04 +6.01e+00 +6.01e+00 +6.25e-02 +9.71e-01  1
     52 +1.9980e+03 +3.60e-02 +3.60e+09     44      1      1  0      1  0 +1.04e-13 +1.67e-03 +2.14e-04 +4.00e+00 +4.00e+00 +3.91e-02 +9.01e-01  1
     53 +1.9980e+03 +3.60e-02 +3.60e+09     45      1      1  0      1  0 +0.00e+00 +4.68e-04 +1.00e-04 +2.00e+00 +2.00e+00 +1.22e-02 +9.94e-01  1
     54 +1.9980e+03 +3.60e-02 +3.60e+09     46      1      1  0      1  0 +2.47e-14 +5.07e-04 +1.35e-04 +6.01e+00 +6.01e+00 +3.05e-02 +9.87e-01  1
     55 +1.9980e+03 +3.60e-02 +3.60e+09     47      1      1  0      1  0 +0.00e+00 +1.28e-03 +1.54e-04 +2.00e+00 +2.00e+00 +4.77e-03 +9.92e-01  1
     56 +1.9980e+03 +3.60e-02 +3.60e+09     48      1      1  0      1  0 +7.83e-15 +5.40e-04 +8.06e-05 +4.00e+00 +4.00e+00 +2.38e-02 +9.90e-01  1
     57 +1.9980e+03 +3.60e-02 +3.60e+09     49      1      1  0      1  0 +0.00e+00 +2.23e-03 +1.86e-04 +2.00e+00 +2.00e+00 +9.31e-04 +9.99e-01  1
     58 +1.9980e+03 +3.60e-02 +3.60e+09     50      1      1  0      1  0 +2.53e-14 +4.26e-04 +1.90e-04 +6.01e+00 +6.01e+00 +2.33e-03 +9.99e-01  1
     59 +1.9980e+03 +3.60e-02 +3.60e+09     50      1      1  0      1  0 +9.20e-14 +8.11e-04 +6.15e-05 +2.00e+00 +2.00e+00 +2.33e-02 +9.95e-01  1
--------------------------------------------------------------------------------------------------------------------------------------------------
  Iter.  Objective   St. Rad.  Tr. Rad.  |Pts| In Its QP Pts L? QP Its S?   QP KKT    |Step|   |Step|_H  |Grad.|  |G. Cmb.|  Stepsize Up. Fact. U?
--------------------------------------------------------------------------------------------------------------------------------------------------
     60 +1.9980e+03 +3.60e-02 +3.60e+09     50      1      1  0      1  0 +0.00e+00 +3.98e-03 +3.12e-04 +6.01e+00 +6.01e+00 +1.82e-03 +9.99e-01  1
     61 +1.9980e+03 +3.60e-02 +3.60e+09     50      1      1  0      1  0 +0.00e+00 +1.02e-03 +1.07e-04 +4.00e+00 +4.00e+00 +1.71e-03 +1.00e+00  1
     62 +1.9980e+03 +3.60e-02 +3.60e+09     50      2     31  1      9  0 +3.65e-05 +6.76e-04 +8.63e-06 +6.01e+00 +3.62e-01 +5.00e-01 +0.00e+00  1
     63 +1.9980e+03 +3.60e-03 +3.60e+08     41      1      1  0      1  0 +0.00e+00 +1.04e-03 +2.70e-04 +6.00e+00 +6.00e+00 +7.81e-03 +9.96e-01  1
     64 +1.9980e+03 +3.60e-03 +3.60e+08     42      1      1  0      1  0 +0.00e+00 +8.71e-04 +1.95e-04 +4.00e+00 +4.00e+00 +4.88e-03 +9.98e-01  1
     65 +1.9980e+03 +3.60e-03 +3.60e+08     43      2     23  0      7  0 +1.63e-13 +2.18e-04 +1.73e-06 +6.00e+00 +1.07e-01 +5.00e-01 +0.00e+00  1
     66 +1.9980e+03 +3.60e-04 +3.60e+07     32      1      1  0      1  0 +0.00e+00 +9.93e-04 +2.99e-04 +6.00e+00 +6.00e+00 +1.95e-03 +9.99e-01  1
     67 +1.9980e+03 +3.60e-04 +3.60e+07     33      1      1  0      1  0 +0.00e+00 +7.32e-04 +1.97e-04 +4.00e+00 +4.00e+00 +1.22e-03 +9.99e-01  1
     68 +1.9980e+03 +3.60e-04 +3.60e+07     34      2      6  0      3  0 +5.15e-14 +5.04e-04 +9.00e-06 +6.00e+00 +7.45e-01 +1.10e-01 +0.00e+00  1
     69 +1.9980e+03 +3.60e-04 +3.60e+07     35      2      7  0      3  0 +3.64e-14 +6.93e-04 +2.74e-05 +6.00e+00 +6.85e-01 +1.17e-02 +9.95e-01  1
     70 +1.9980e+03 +3.60e-04 +3.60e+07     36      2      8  0      6  0 +2.14e-13 +1.18e-04 +5.37e-07 +2.00e+00 +3.85e-02 +5.07e-01 +9.90e-01  1
     71 +1.9980e+03 +3.60e-04 +3.60e+07     38      2     10  0      4  0 +2.52e-13 +3.37e-04 +1.37e-06 +6.00e+00 +9.26e-02 +5.00e-01 +0.00e+00  1
     72 +1.9980e+03 +3.60e-04 +3.60e+07     40      1      1  0      1  0 +1.38e-14 +1.11e-03 +2.52e-04 +6.00e+00 +6.00e+00 +9.77e-04 +1.00e+00  1
     73 +1.9980e+03 +3.60e-04 +3.60e+07     41      2     10  0      4  0 +4.12e-06 +2.83e-04 +1.05e-06 +4.00e+00 +2.65e-01 +2.20e-02 +9.99e-01  1
     74 +1.9980e+03 +3.60e-04 +3.60e+07     43      2     12  0      6  0 +3.15e-08 +1.54e-05 +7.18e-09 +6.00e+00 +2.47e-03 +1.00e+00 +0.00e+00  1
     75 +1.9980e+03 +1.00e-04 +3.60e+06     38      2      4  0      3  0 +2.99e-13 +3.08e-04 +1.07e-05 +6.00e+00 +9.66e-01 +1.17e-02 +9.98e-01  1
     76 +1.9980e+03 +1.00e-04 +3.60e+06     39      2      5  0      3  0 +8.78e-05 +7.36e-04 +2.94e-05 +2.00e+00 +2.35e+00 +9.16e-04 +1.00e+00  1
     77 +1.9980e+03 +1.00e-04 +3.60e+06     40      2      6  0      3  0 +4.92e-05 +4.48e-04 +8.35e-06 +6.00e+00 +8.81e-01 +4.29e-04 +1.00e+00  1
     78 +1.9980e+03 +1.00e-04 +3.60e+06     41      2      7  0      4  0 +3.96e-09 +3.27e-05 +1.67e-08 +2.00e+00 +9.78e-03 +2.00e-01 +9.99e-01  1
     79 +1.9980e+03 +1.00e-04 +3.60e+06     43      2      9  0      5  0 +8.20e-09 +1.57e-05 +8.73e-09 +6.00e+00 +1.01e-02 +1.25e-01 +0.00e+00  1
--------------------------------------------------------------------------------------------------------------------------------------------------
  Iter.  Objective   St. Rad.  Tr. Rad.  |Pts| In Its QP Pts L? QP Its S?   QP KKT    |Step|   |Step|_H  |Grad.|  |G. Cmb.|  Stepsize Up. Fact. U?
--------------------------------------------------------------------------------------------------------------------------------------------------
     80 +1.9980e+03 +1.00e-04 +3.60e+06     45      3     23  0      6  0 +8.77e-08 +1.20e-05 +1.05e-08 +6.00e+00 +9.34e-03 +1.56e-02 +0.00e+00  1
     81 +1.9980e+03 +1.00e-04 +3.60e+06     50      2     24  0      5  0 +1.62e-08 +6.07e-06 +4.09e-09 +6.00e+00 +2.13e-03

EXIT: Stationary point found.

Objective............................ : 1.998000e+03
Objective (unscaled)................. : 1.998000e+03

Number of iterations................. : 81
Number of inner iterations........... : 98
Number of QP iterations.............. : 138
Number of function evaluations....... : 441
Number of gradient evaluations....... : 112

CPU seconds.......................... : 0.430946
CPU seconds in evaluations........... : 0.029499
CPU seconds in direction computations : 0.280929
CPU seconds in line searches......... : 0.024525
