Set value for option 'direction_computation' as Gradient.
+--------------------------------------------------------------+
|       NonOpt = Nonlinear/Nonconvex/Nonsmooth Optimizer       |
| NonOpt is released as open source code under the MIT License |
| Please visit http://coral.ise.lehigh.edu/frankecurtis/nonopt |
+--------------------------------------------------------------+

This is NonOpt version 2.0

Number of variables.................. : 1000
Initial objective.................... : 5.992250e+03
Initial objective (unscaled)......... : 5.992250e+03

Approximate Hessian update strategy.. : BFGS
Derivative checker strategy.......... : FiniteDifference
Direction computation strategy....... : Gradient
Line search strategy................. : WeakWolfe
Point set update strategy............ : Proximity
QP solver (small scale) strategy..... : DualActiveSet
QP solver (large scale) strategy..... : InteriorPoint
Symmetric matrix strategy............ : Dense
Termination strategy................. : Basic

-----------------------------------------------------------------------------------------------------------------------------------------------------
  Iter.  Objective   St. Rad.  Tr. Rad.  |Pts| In. Its.  QP Pts.  QP Its. QP   QP KKT    |Step|   |Step|_H  |Grad.|  |G. Cmb.|  Stepsize Up. Fact. U?
-----------------------------------------------------------------------------------------------------------------------------------------------------
      0 +5.9922e+03 +7.00e-01 +7.00e+10      0        1        1        1  0 +0.00e+00 +7.00e+00 +4.89e+04 +7.00e+00 +7.00e+00 +5.00e-01 +0.00e+00  1
      1 +5.9878e+03 +7.00e-01 +7.00e+10      0        1        1        1  0 +0.00e+00 +1.75e+00 +1.22e+04 +7.00e+00 +7.00e+00 +1.00e+00 +0.00e+00  1
      2 +6.2237e+02 +7.00e-01 +7.00e+10      1        1        1        1  0 +0.00e+00 +3.75e+00 +4.01e+03 +3.50e+00 +3.50e+00 +2.50e-01 +0.00e+00  1
      3 +4.2017e+02 +7.00e-02 +7.00e+09      0        1        1        1  0 +0.00e+00 +6.67e-01 +5.84e+02 +3.37e+00 +3.37e+00 +1.00e+00 +0.00e+00  1
      4 +1.6626e+00 +7.00e-02 +7.00e+09      0        1        1        1  0 +0.00e+00 +1.80e+00 +2.45e+02 +2.50e+00 +2.50e+00 +5.86e-03 +0.00e+00  1
      5 +9.7894e-01 +7.00e-02 +7.00e+09      1        1        1        1  0 +0.00e+00 +7.47e-01 +4.04e+00 +4.48e+00 +4.48e+00 +4.49e-01 +0.00e+00  1
      6 +5.0400e-01 +7.00e-02 +7.00e+09      2        1        1        1  0 +0.00e+00 +1.49e-01 +1.67e-01 +1.81e+00 +1.81e+00 +1.00e+00 +0.00e+00  1
      7 +3.7202e-01 +7.00e-02 +7.00e+09      3        1        1        1  0 +0.00e+00 +1.99e-01 +7.53e-01 +1.51e+00 +1.51e+00 +5.00e-01 +0.00e+00  1
      8 +2.9456e-02 +7.00e-02 +7.00e+09      4        1        1        1  0 +0.00e+00 +9.66e-02 +7.37e-01 +3.31e+00 +3.31e+00 +6.25e-02 +0.00e+00  1
      9 +2.7548e-02 +7.00e-02 +7.00e+09      5        1        1        1  0 +0.00e+00 +8.28e-02 +2.11e-02 +1.30e+00 +1.30e+00 +6.25e-01 +0.00e+00  1
     10 +1.8222e-02 +7.00e-02 +7.00e+09      6        1        1        1  0 +0.00e+00 +3.47e-02 +8.40e-03 +1.20e+00 +1.20e+00 +1.00e+00 +0.00e+00  1
     11 +1.1764e-02 +7.00e-02 +7.00e+09      7        1        1        1  0 +0.00e+00 +4.50e-02 +1.51e-02 +1.13e+00 +1.13e+00 +1.00e+00 +0.00e+00  1
     12 +3.1468e-03 +7.00e-02 +7.00e+09      8        1        1        1  0 +0.00e+00 +4.24e-02 +2.29e-02 +3.04e+00 +3.04e+00 +5.00e-01 +0.00e+00  1
     13 +2.9880e-03 +7.00e-02 +7.00e+09      9        1        1        1  0 +0.00e+00 +1.71e-02 +1.28e-03 +1.00e+00 +1.00e+00 +1.00e+00 +0.00e+00  1
     14 +2.0013e-03 +7.00e-02 +7.00e+09     10        1        1        1  0 +0.00e+00 +2.04e-02 +4.37e-03 +1.03e+00 +1.03e+00 +5.00e-01 +0.00e+00  1
     15 +1.5683e-03 +7.00e-02 +7.00e+09     11        1        1        1  0 +0.00e+00 +1.10e-02 +5.35e-03 +3.05e+00 +3.05e+00 +1.00e+00 +0.00e+00  1
     16 +1.4452e-03 +7.00e-02 +7.00e+09     12        1        1        1  0 +0.00e+00 +5.16e-04 +4.16e-04 +1.03e+00 +1.03e+00 +4.09e+00 +0.00e+00  1
     17 +1.1370e-03 +7.00e-02 +7.00e+09     13        1        1        1  0 +0.00e+00 +4.58e-03 +3.88e-03 +3.02e+00 +3.02e+00 +1.00e+00 +0.00e+00  1
     18 +9.7017e-04 +7.00e-02 +7.00e+09     14        1        1        1  0 +0.00e+00 +9.92e-04 +3.19e-04 +1.02e+00 +1.02e+00 +3.32e+00 +0.00e+00  1
     19 +2.9867e-04 +7.00e-02 +7.00e+09     15        1        1        1  0 +0.00e+00 +2.29e-03 +2.31e-03 +3.01e+00 +3.01e+00 +2.50e-01 +0.00e+00  1
-----------------------------------------------------------------------------------------------------------------------------------------------------
  Iter.  Objective   St. Rad.  Tr. Rad.  |Pts| In. Its.  QP Pts.  QP Its. QP   QP KKT    |Step|   |Step|_H  |Grad.|  |G. Cmb.|  Stepsize Up. Fact. U?
-----------------------------------------------------------------------------------------------------------------------------------------------------
     20 +1.1225e-04 +7.00e-02 +7.00e+09     16        1        1        1  0 +0.00e+00 +2.27e-03 +5.99e-05 +1.01e+00 +1.01e+00 +1.00e+00 +0.00e+00  1
     21 +5.9635e-05 +7.00e-02 +7.00e+09     17        1        1        1  0 +0.00e+00 +8.27e-03 +4.17e-04 +1.01e+00 +1.01e+00 +1.88e-01 +0.00e+00  1
     22 +4.8401e-05 +7.00e-02 +7.00e+09     18        1        1        1  0 +0.00e+00 +2.67e-04 +1.56e-04 +3.00e+00 +3.00e+00 +1.00e+00 +0.00e+00  1
     23 +3.6606e-05 +7.00e-02 +7.00e+09     19        1        1        1  0 +0.00e+00 +2.94e-04 +1.34e-05 +1.00e+00 +1.00e+00 +3.32e+00 +0.00e+00  1
     24 +1.9304e-05 +7.00e-02 +7.00e+09     20        1        1        1  0 +0.00e+00 +3.51e-04 +9.38e-05 +3.00e+00 +3.00e+00 +5.00e-01 +6.09e-01  1
     25 +9.2807e-06 +7.00e-02 +7.00e+09     21        1        1        1  0 +0.00e+00 +1.20e-04 +9.99e-06 +1.00e+00 +1.00e+00 +1.00e+00 +7.51e-01  1
     26 +2.2218e-06 +7.00e-02 +7.00e+09     22        1        1        1  0 +0.00e+00 +1.27e-04 +8.97e-05 +3.00e+00 +3.00e+00 +6.25e-02 +9.53e-01  1
     27 +1.1706e-06 +7.00e-02 +7.00e+09     23        1        1        1  0 +0.00e+00 +1.00e-04 +1.00e-05 +1.00e+00 +1.00e+00 +1.17e-01 +9.71e-01  1
     28 +1.2118e-07 +7.00e-02 +7.00e+09     24        1        1        1  0 +0.00e+00 +3.40e-05 +8.97e-05 +3.00e+00 +3.00e+00 +3.91e-03 +9.97e-01  1
     29 +1.1481e-07 +7.00e-02 +7.00e+09     25        1        1        1  0 +0.00e+00 +1.21e-04 +1.00e-05 +1.00e+00 +1.00e+00 +9.77e-03 +9.98e-01  1
     30 +6.3215e-08 +7.00e-02 +7.00e+09     26        1        1        1  0 +0.00e+00 +4.91e-05 +8.96e-05 +3.00e+00 +3.00e+00 +1.53e-03 +9.99e-01  1
     31 +6.2570e-08 +7.00e-02 +7.00e+09     27        1        1        1  0 +0.00e+00 +1.29e-04 +1.00e-05 +1.00e+00 +1.00e+00 +3.81e-03 +9.99e-01  1
     32 +4.0657e-08 +7.00e-02 +7.00e+09     28        1        1        1  0 +0.00e+00 +6.25e-05 +8.96e-05 +3.00e+00 +3.00e+00 +2.98e-04 +1.00e+00  1
     33 +3.3242e-08 +7.00e-02 +7.00e+09     29        1        1        1  0 +0.00e+00 +1.32e-04 +1.00e-05 +1.00e+00 +1.00e+00 +5.59e-04 +1.00e+00  1
     34 +3.0681e-08 +7.00e-02 +7.00e+09     30        1        1        1  0 +0.00e+00 +6.68e-05 +8.96e-05 +3.00e+00 +3.00e+00 +8.73e-05 +0.00e+00  0
     35 +3.0251e-08 +7.00e-02 +7.00e+09     31        1        1        1  0 +0.00e+00 +1.84e-04 +1.00e-05 +1.00e+00 +1.00e+00 +2.18e-04 +1.00e+00  1
     36 +2.9382e-08 +7.00e-02 +7.00e+09     32        1        1        1  0 +0.00e+00 +1.41e-04 +8.93e-05 +3.00e+00 +3.00e+00 +3.05e-05 +0.00e+00  0
     37 +2.8973e-08 +7.00e-03 +7.00e+08     31        1        1        1  0 +0.00e+00 +2.09e-04 +1.00e-05 +1.00e+00 +1.00e+00 +7.63e-05 +1.00e+00  1
     38 +2.8930e-08 +7.00e-03 +7.00e+08     32        1        1        1  0 +0.00e+00 +1.78e-04 +8.92e-05 +3.00e+00 +3.00e+00 +2.38e-05 +0.00e+00  0
     39 +2.8920e-08 +7.00e-03 +7.00e+08     33        1        1        1  0 +0.00e+00 +2.21e-04 +1.00e-05 +1.00e+00 +1.00e+00 +5.96e-05 +1.00e+00  1
-----------------------------------------------------------------------------------------------------------------------------------------------------
  Iter.  Objective   St. Rad.  Tr. Rad.  |Pts| In. Its.  QP Pts.  QP Its. QP   QP KKT    |Step|   |Step|_H  |Grad.|  |G. Cmb.|  Stepsize Up. Fact. U?
-----------------------------------------------------------------------------------------------------------------------------------------------------
     40 +2.8579e-08 +7.00e-03 +7.00e+08     34        1        1        1  0 +0.00e+00 +1.97e-04 +8.91e-05 +3.00e+00 +3.00e+00 +9.31e-06 +0.00e+00  0
     41 +2.8601e-08 +7.00e-03 +7.00e+08     35        1        1        1  0 +0.00e+00 +2.28e-04 +1.00e-05 +1.00e+00 +1.00e+00 +2.33e-05 +0.00e+00  0
     42 +2.8442e-08 +7.00e-03 +7.00e+08     36        1        1        1  0 +0.00e+00 +1.97e-04 +8.91e-05 +3.00e+00 +3.00e+00 +3.64e-06 +0.00e+00  0
     43 +2.8476e-08 +7.00e-03 +7.00e+08     37        1        1        1  0 +0.00e+00 +2.28e-04 +1.00e-05 +1.00e+00 +1.00e+00 +9.09e-06 +0.00e+00  0
     44 +2.8389e-08 +7.00e-03 +7.00e+08     38        1        1        1  0 +0.00e+00 +1.97e-04 +8.91e-05 +3.00e+00 +3.00e+00 +2.84e-06 +0.00e+00  0
     45 +2.8470e-08 +7.00e-03 +7.00e+08     39        1        1        1  0 +0.00e+00 +2.28e-04 +1.00e-05 +1.00e+00 +1.00e+00 +1.42e-05 +0.00e+00  0
     46 +2.8559e-08 +7.00e-03 +7.00e+08     40        1        1        1  0 +0.00e+00 +1.97e-04 +8.91e-05 +3.00e+00 +3.00e+00 +8.88e-06 +0.00e+00  0
     47 +2.8592e-08 +7.00e-03 +7.00e+08     41        1        1        1  0 +0.00e+00 +2.28e-04 +1.00e-05 +1.00e+00 +1.00e+00 +3.05e-05 +0.00e+00  0
     48 +2.8675e-08 +7.00e-04 +7.00e+07     36        1        1        1  0 +0.00e+00 +1.97e-04 +8.91e-05 +3.00e+00 +3.00e+00 +9.54e-06 +0.00e+00  0
     49 +2.8571e-08 +7.00e-04 +7.00e+07     37        1        1        1  0 +0.00e+00 +2.28e-04 +1.00e-05 +1.00e+00 +1.00e+00 +2.38e-05 +0.00e+00  0
     50 +2.8535e-08 +7.00e-04 +7.00e+07     38        1        1        1  0 +0.00e+00 +1.97e-04 +8.91e-05 +3.00e+00 +3.00e+00 +7.45e-06 +0.00e+00  0
     51 +2.8555e-08 +7.00e-04 +7.00e+07     39        1        1        1  0 +0.00e+00 +2.28e-04 +1.00e-05 +1.00e+00 +1.00e+00 +1.86e-05 +0.00e+00  0
     52 +2.8426e-08 +7.00e-04 +7.00e+07     40        1        1        1  0 +0.00e+00 +1.97e-04 +8.91e-05 +3.00e+00 +3.00e+00 +2.91e-06 +0.00e+00  0
     53 +2.8455e-08 +7.00e-04 +7.00e+07     41        1        1        1  0 +0.00e+00 +2.28e-04 +1.00e-05 +1.00e+00 +1.00e+00 +7.28e-06 +0.00e+00  0
     54 +2.8383e-08 +7.00e-04 +7.00e+07     42        1        1        1  0 +0.00e+00 +1.97e-04 +8.91e-05 +3.00e+00 +3.00e+00 +2.27e-06 +0.00e+00  0
     55 +2.8450e-08 +7.00e-04 +7.00e+07     43        1        1        1  0 +0.00e+00 +2.28e-04 +1.00e-05 +1.00e+00 +1.00e+00 +1.14e-05 +0.00e+00  0
     56 +2.8519e-08 +7.00e-04 +7.00e+07     44        1        1        1  0 +0.00e+00 +1.97e-04 +8.91e-05 +3.00e+00 +3.00e+00 +7.11e-06 +0.00e+00  0
     57 +2.8548e-08 +7.00e-04 +7.00e+07     45        1        1        1  0 +0.00e+00 +2.28e-04 +1.00e-05 +1.00e+00 +1.00e+00 +1.78e-05 +0.00e+00  0
     58 +2.8414e-08 +7.00e-04 +7.00e+07     46        1        1        1  0 +0.00e+00 +1.97e-04 +8.91e-05 +3.00e+00 +3.00e+00 +3.81e-06 +0.00e+00  0
     59 +2.8484e-08 +1.00e-04 +7.00e+06     42        1        1        1  0 +0.00e+00 +2.28e-04 +1.00e-05 +1.00e+00 +1.00e+00 +1.43e-05 +0.00e+00  0
-----------------------------------------------------------------------------------------------------------------------------------------------------
  Iter.  Objective   St. Rad.  Tr. Rad.  |Pts| In. Its.  QP Pts.  QP Its. QP   QP KKT    |Step|   |Step|_H  |Grad.|  |G. Cmb.|  Stepsize Up. Fact. U?
-----------------------------------------------------------------------------------------------------------------------------------------------------
     60 +2.8500e-08 +1.00e-04 +7.00e+06     43        1        1        1  0 +0.00e+00 +1.97e-04 +8.91e-05 +3.00e+00 +3.00e+00 +4.47e-06 +0.00e+00  0
     61 +2.8474e-08 +1.00e-04 +7.00e+06     44        1        1        1  0 +0.00e+00 +2.28e-04 +1.00e-05 +1.00e+00 +1.00e+00 +1.12e-05 +0.00e+00  0
     62 +2.8434e-08 +1.00e-04 +7.00e+06     45        1        1        1  0 +0.00e+00 +1.97e-04 +8.91e-05 +3.00e+00 +3.00e+00 +3.49e-06 +0.00e+00  0
     63 +2.8466e-08 +1.00e-04 +7.00e+06     46        1        1        1  0 +0.00e+00 +2.28e-04 +1.00e-05 +1.00e+00 +1.00e+00 +8.73e-06 +0.00e+00  0
     64 +2.8383e-08 +1.00e-04 +7.00e+06     47        1        1        1  0 +0.00e+00 +1.97e-04 +8.91e-05 +3.00e+00 +3.00e+00 +2.73e-06 +0.00e+00  0
     65 +2.8460e-08 +1.00e-04 +7.00e+06     48        1        1        1  0 +0.00e+00 +2.28e-04 +1.00e-05 +1.00e+00 +1.00e+00 +1.36e-05 +0.00e+00  0
     66 +2.8546e-08 +1.00e-04 +7.00e+06     49        1        1        1  0 +0.00e+00 +1.97e-04 +8.91e-05 +3.00e+00 +3.00e+00 +8.53e-06 +0.00e+00  0
     67 +2.8578e-08 +1.00e-04 +7.00e+06     50        1        1        1  0 +0.00e+00 +2.28e-04 +1.00e-05 +1.00e+00 +1.00e+00 +2.13e-05 +0.00e+00  0
     68 +2.8421e-08 +1.00e-04 +7.00e+06     50        1        1        1  0 +0.00e+00 +1.97e-04 +8.91e-05 +3.00e+00 +3.00e+00 +3.33e-06 +0.00e+00  0
     69 +2.8464e-08 +1.00e-04 +7.00e+06     50        1        1        1  0 +0.00e+00 +2.28e-04 +1.00e-05 +1.00e+00 +1.00e+00

EXIT: Objective not improving sufficiently.

Objective............................ : 2.846358e-08
Objective (unscaled)................. : 2.846358e-08

Number of iterations................. : 69
Number of inner iterations........... : 70
Number of QP iterations.............. : 70
Number of function evaluations....... : 320
Number of gradient evaluations....... : 81

CPU seconds.......................... : 0.184924
CPU seconds in evaluations........... : 0.020508
CPU seconds in direction computations : 0.105317
CPU seconds in line searches......... : 0.022098
