Set value for option 'direction_computation' as GradientCombination.
+--------------------------------------------------------------+
|       NonOpt = Nonlinear/Nonconvex/Nonsmooth Optimizer       |
| NonOpt is released as open source code under the MIT License |
| Please visit http://coral.ise.lehigh.edu/frankecurtis/nonopt |
+--------------------------------------------------------------+

This is NonOpt version 2.0

Number of variables.................. : 1000
Initial objective.................... : 5.992250e+03
Initial objective (unscaled)......... : 5.992250e+03

Approximate Hessian update strategy.. : BFGS
Derivative checker strategy.......... : FiniteDifference
Direction computation strategy....... : GradientCombination
Line search strategy................. : WeakWolfe
Point set update strategy............ : Proximity
QP solver (small scale) strategy..... : DualActiveSet
QP solver (large scale) strategy..... : InteriorPoint
Symmetric matrix strategy............ : Dense
Termination strategy................. : Basic

--------------------------------------------------------------------------------------------------------------------------------------------------
  Iter.  Objective   St. Rad.  Tr. Rad.  |Pts| In Its QP Pts L? QP Its S?   QP KKT    |Step|   |Step|_H  |Grad.|  |G. Cmb.|  Stepsize Up. Fact. U?
--------------------------------------------------------------------------------------------------------------------------------------------------
      0 +5.9922e+03 +7.00e-01 +7.00e+10      0      1      1  0      1  0 +0.00e+00 +7.00e+00 +4.89e+04 +7.00e+00 +7.00e+00 +5.00e-01 +0.00e+00  1
      1 +5.9878e+03 +7.00e-01 +7.00e+10      0      1      1  0      1  0 +0.00e+00 +1.75e+00 +1.22e+04 +7.00e+00 +7.00e+00 +1.00e+00 +0.00e+00  1
      2 +6.2237e+02 +7.00e-01 +7.00e+10      1      1      1  0      1  0 +0.00e+00 +3.75e+00 +4.01e+03 +3.50e+00 +3.50e+00 +2.50e-01 +0.00e+00  1
      3 +4.2017e+02 +7.00e-02 +7.00e+09      0      1      1  0      1  0 +0.00e+00 +6.67e-01 +5.84e+02 +3.37e+00 +3.37e+00 +1.00e+00 +0.00e+00  1
      4 +1.6626e+00 +7.00e-02 +7.00e+09      0      1      1  0      1  0 +0.00e+00 +1.80e+00 +2.45e+02 +2.50e+00 +2.50e+00 +5.86e-03 +0.00e+00  1
      5 +9.7894e-01 +7.00e-02 +7.00e+09      1      1      1  0      1  0 +0.00e+00 +7.47e-01 +4.04e+00 +4.48e+00 +4.48e+00 +4.49e-01 +0.00e+00  1
      6 +5.0400e-01 +7.00e-02 +7.00e+09      2      1      1  0      1  0 +0.00e+00 +1.49e-01 +1.67e-01 +1.81e+00 +1.81e+00 +1.00e+00 +0.00e+00  1
      7 +3.7202e-01 +7.00e-02 +7.00e+09      3      1      1  0      1  0 +0.00e+00 +1.99e-01 +7.53e-01 +1.51e+00 +1.51e+00 +5.00e-01 +0.00e+00  1
      8 +2.9456e-02 +7.00e-02 +7.00e+09      4      1      1  0      1  0 +0.00e+00 +9.66e-02 +7.37e-01 +3.31e+00 +3.31e+00 +6.25e-02 +0.00e+00  1
      9 +2.7548e-02 +7.00e-02 +7.00e+09      5      1      1  0      1  0 +0.00e+00 +8.28e-02 +2.11e-02 +1.30e+00 +1.30e+00 +6.25e-01 +0.00e+00  1
     10 +1.8222e-02 +7.00e-02 +7.00e+09      6      1      1  0      1  0 +0.00e+00 +3.47e-02 +8.40e-03 +1.20e+00 +1.20e+00 +1.00e+00 +0.00e+00  1
     11 +1.1764e-02 +7.00e-02 +7.00e+09      7      1      1  0      1  0 +0.00e+00 +4.50e-02 +1.51e-02 +1.13e+00 +1.13e+00 +1.00e+00 +0.00e+00  1
     12 +3.1468e-03 +7.00e-02 +7.00e+09      8      1      1  0      1  0 +0.00e+00 +4.24e-02 +2.29e-02 +3.04e+00 +3.04e+00 +5.00e-01 +0.00e+00  1
     13 +2.9880e-03 +7.00e-02 +7.00e+09      9      1      1  0      1  0 +0.00e+00 +1.71e-02 +1.28e-03 +1.00e+00 +1.00e+00 +1.00e+00 +0.00e+00  1
     14 +2.0013e-03 +7.00e-02 +7.00e+09     10      1      1  0      1  0 +0.00e+00 +2.04e-02 +4.37e-03 +1.03e+00 +1.03e+00 +5.00e-01 +0.00e+00  1
     15 +1.5683e-03 +7.00e-02 +7.00e+09     11      1      1  0      1  0 +0.00e+00 +1.10e-02 +5.35e-03 +3.05e+00 +3.05e+00 +1.00e+00 +0.00e+00  1
     16 +1.4452e-03 +7.00e-02 +7.00e+09     12      1      1  0      1  0 +0.00e+00 +5.16e-04 +4.16e-04 +1.03e+00 +1.03e+00 +4.09e+00 +0.00e+00  1
     17 +1.1370e-03 +7.00e-02 +7.00e+09     13      1      1  0      1  0 +0.00e+00 +4.58e-03 +3.88e-03 +3.02e+00 +3.02e+00 +1.00e+00 +0.00e+00  1
     18 +9.7017e-04 +7.00e-02 +7.00e+09     14      1      1  0      1  0 +0.00e+00 +9.92e-04 +3.19e-04 +1.02e+00 +1.02e+00 +3.32e+00 +0.00e+00  1
     19 +2.9867e-04 +7.00e-02 +7.00e+09     15      1      1  0      1  0 +0.00e+00 +2.29e-03 +2.31e-03 +3.01e+00 +3.01e+00 +2.50e-01 +0.00e+00  1
--------------------------------------------------------------------------------------------------------------------------------------------------
  Iter.  Objective   St. Rad.  Tr. Rad.  |Pts| In Its QP Pts L? QP Its S?   QP KKT    |Step|   |Step|_H  |Grad.|  |G. Cmb.|  Stepsize Up. Fact. U?
--------------------------------------------------------------------------------------------------------------------------------------------------
     20 +1.1225e-04 +7.00e-02 +7.00e+09     16      1      1  0      1  0 +0.00e+00 +2.27e-03 +5.99e-05 +1.01e+00 +1.01e+00 +1.00e+00 +0.00e+00  1
     21 +5.9635e-05 +7.00e-02 +7.00e+09     17      1      1  0      1  0 +0.00e+00 +8.27e-03 +4.17e-04 +1.01e+00 +1.01e+00 +1.88e-01 +0.00e+00  1
     22 +4.8401e-05 +7.00e-02 +7.00e+09     18      1      1  0      1  0 +0.00e+00 +2.67e-04 +1.56e-04 +3.00e+00 +3.00e+00 +1.00e+00 +0.00e+00  1
     23 +3.6606e-05 +7.00e-02 +7.00e+09     19      1      1  0      1  0 +0.00e+00 +2.94e-04 +1.34e-05 +1.00e+00 +1.00e+00 +3.32e+00 +0.00e+00  1
     24 +1.9304e-05 +7.00e-02 +7.00e+09     20      1      1  0      1  0 +0.00e+00 +3.51e-04 +9.38e-05 +3.00e+00 +3.00e+00 +5.00e-01 +6.09e-01  1
     25 +9.2807e-06 +7.00e-02 +7.00e+09     21      1      1  0      1  0 +0.00e+00 +1.20e-04 +9.99e-06 +1.00e+00 +1.00e+00 +1.00e+00 +7.51e-01  1
     26 +2.2218e-06 +7.00e-02 +7.00e+09     22      1      1  0      1  0 +0.00e+00 +1.27e-04 +8.97e-05 +3.00e+00 +3.00e+00 +6.25e-02 +9.53e-01  1
     27 +1.1706e-06 +7.00e-02 +7.00e+09     23      1      1  0      1  0 +0.00e+00 +1.00e-04 +1.00e-05 +1.00e+00 +1.00e+00 +1.17e-01 +9.71e-01  1
     28 +1.2118e-07 +7.00e-02 +7.00e+09     24      1      1  0      1  0 +0.00e+00 +3.40e-05 +8.97e-05 +3.00e+00 +3.00e+00 +3.91e-03 +9.97e-01  1
     29 +1.1481e-07 +7.00e-02 +7.00e+09     25      1      1  0      1  0 +0.00e+00 +1.21e-04 +1.00e-05 +1.00e+00 +1.00e+00 +9.77e-03 +9.98e-01  1
     30 +6.3215e-08 +7.00e-02 +7.00e+09     26      1      1  0      1  0 +0.00e+00 +4.91e-05 +8.96e-05 +3.00e+00 +3.00e+00 +1.53e-03 +9.99e-01  1
     31 +6.2570e-08 +7.00e-02 +7.00e+09     27      1      1  0      1  0 +0.00e+00 +1.29e-04 +1.00e-05 +1.00e+00 +1.00e+00 +3.81e-03 +9.99e-01  1
     32 +4.0657e-08 +7.00e-02 +7.00e+09     28      2     22  0      3  0 +2.12e-15 +5.83e-05 +6.88e-09 +3.00e+00 +1.29e-03 +1.00e+00 +9.95e-01  1
     33 +1.9375e-08 +7.00e-03 +7.00e+08     27      2     16  0      5  0 +2.27e-07 +7.74e-05 +4.11e-09 +1.00e+00 +1.35e-02 +9.38e-02 +9.99e-01  1
     34 +1.7830e-08 +7.00e-04 +7.00e+07     22      2     11  0      4  0 +8.28e-08 +2.54e-04 +6.60e-08 +3.00e+00 +3.07e-02 +1.17e-01 +9.97e-01  1
     35 +1.6728e-08 +7.00e-04 +7.00e+07     24      1      1  0      1  0 +0.00e+00 +1.02e-03 +4.08e-06 +1.00e+00 +1.00e+00 +1.95e-03 +1.00e+00  1
     36 +1.2771e-08 +7.00e-04 +7.00e+07     25      2     14  0      4  0 +1.51e-08 +2.57e-05 +1.53e-09 +3.00e+00 +2.17e-03 +7.81e-03 +1.00e+00  1
     37 +1.2825e-08 +1.00e-04 +7.00e+06     21      2     10  0      3  0 +9.92e-15 +7.39e-05 +6.89e-09 +3.00e+00 +6.80e-03 +1.64e+00 +9.90e-01  1
     38 +1.2515e-08 +1.00e-04 +7.00e+06     22      1      1  0      1  0 +0.00e+00 +1.44e-03 +4.91e-06 +1.00e+00 +1.00e+00 +2.93e-03 +9.99e-01  1
     39 +6.6094e-09 +1.00e-04 +7.00e+06     23      2      3  0      3  0 +3.08e-08 +1.01e-04 +1.89e-08 +3.00e+00 +8.54e-03 +4.20e-01 +9.96e-01  1
--------------------------------------------------------------------------------------------------------------------------------------------------
  Iter.  Objective   St. Rad.  Tr. Rad.  |Pts| In Its QP Pts L? QP Its S?   QP KKT    |Step|   |Step|_H  |Grad.|  |G. Cmb.|  Stepsize Up. Fact. U?
--------------------------------------------------------------------------------------------------------------------------------------------------
     40 +5.0004e-09 +1.00e-04 +7.00e+06     24      2      6  0      3  0 +5.31e-08 +2.09e-04 +4.36e-08 +1.00e+00 +5.07e-02 +1.25e-01 +0.00e+00  1
     41 +4.6263e-09 +1.00e-04 +7.00e+06     25      2      4  0      3  0 +3.68e-09 +4.51e-05 +4.58e-09 +1.00e+00 +9.43e-03 +5.00e-01 +0.00e+00  1
     42 +3.7736e-09 +1.00e-04 +7.00e+06     27      2      6  0      3  0 +9.14e-10 +2.31e-05 +1.03e-09 +1.00e+00 +6.20e-04

EXIT: Stationary point found.

Objective............................ : 3.773635e-09
Objective (unscaled)................. : 3.773635e-09

Number of iterations................. : 42
Number of inner iterations........... : 52
Number of QP iterations.............. : 65
Number of function evaluations....... : 230
Number of gradient evaluations....... : 58

CPU seconds.......................... : 0.202950
CPU seconds in evaluations........... : 0.014783
CPU seconds in direction computations : 0.126176
CPU seconds in line searches......... : 0.012693
