Set value for option 'direction_computation' as GradientCombination.
+--------------------------------------------------------------+
|       NonOpt = Nonlinear/Nonconvex/Nonsmooth Optimizer       |
| NonOpt is released as open source code under the MIT License |
| Please visit http://coral.ise.lehigh.edu/frankecurtis/nonopt |
+--------------------------------------------------------------+

This is NonOpt version 2.0

Number of variables.................. : 1000
Initial objective.................... : 1.998000e+04
Initial objective (unscaled)......... : 1.998000e+04

Approximate Hessian update strategy.. : BFGS
Derivative checker strategy.......... : FiniteDifference
Direction computation strategy....... : GradientCombination
Line search strategy................. : WeakWolfe
Point set update strategy............ : Proximity
QP solver (small scale) strategy..... : DualActiveSet
QP solver (large scale) strategy..... : InteriorPoint
Symmetric matrix strategy............ : Dense
Termination strategy................. : Basic

--------------------------------------------------------------------------------------------------------------------------------------------------
  Iter.  Objective   St. Rad.  Tr. Rad.  |Pts| In Its QP Pts L? QP Its S?   QP KKT    |Step|   |Step|_H  |Grad.|  |G. Cmb.|  Stepsize Up. Fact. U?
--------------------------------------------------------------------------------------------------------------------------------------------------
      0 +1.9980e+04 +3.60e+00 +3.60e+11      0      1      1  0      1  0 +0.00e+00 +3.60e+01 +1.29e+06 +3.60e+01 +3.60e+01 +6.25e-02 +0.00e+00  1
      1 +1.0118e+04 +3.60e-01 +3.60e+10      0      1      1  0      1  0 +0.00e+00 +1.26e+01 +4.29e+03 +1.93e+01 +1.93e+01 +6.25e-01 +0.00e+00  1
      2 +8.8788e+03 +3.60e-01 +3.60e+10      1      1      1  0      1  0 +0.00e+00 +6.73e+02 +2.32e+05 +8.92e+02 +8.92e+02 +1.56e-02 +0.00e+00  1
      3 +6.6493e+03 +3.60e-01 +3.60e+10      2      1      1  0      1  0 +0.00e+00 +9.89e+02 +3.53e+05 +6.59e+02 +6.59e+02 +1.95e-02 +0.00e+00  1
      4 +4.4568e+03 +3.60e-01 +3.60e+10      1      1      1  0      1  0 +0.00e+00 +4.03e+01 +7.74e+03 +7.59e+01 +7.59e+01 +1.95e-01 +0.00e+00  1
      5 +3.4192e+03 +3.60e-01 +3.60e+10      2      1      1  0      1  0 +0.00e+00 +2.50e+02 +4.11e+04 +1.57e+02 +1.57e+02 +6.25e-02 +0.00e+00  1
      6 +2.7764e+03 +3.60e-01 +3.60e+10      3      1      1  0      1  0 +0.00e+00 +5.37e+01 +3.45e+03 +3.41e+01 +3.41e+01 +1.56e-01 +0.00e+00  1
      7 +2.6394e+03 +3.60e-01 +3.60e+10      4      1      1  0      1  0 +0.00e+00 +1.56e+02 +8.84e+03 +1.02e+02 +1.02e+02 +3.12e-02 +0.00e+00  1
      8 +2.6205e+03 +3.60e-01 +3.60e+10      4      1      1  0      1  0 +0.00e+00 +1.02e+02 +5.41e+03 +1.10e+02 +1.10e+02 +3.91e-02 +0.00e+00  1
      9 +2.5305e+03 +3.60e-01 +3.60e+10      5      1      1  0      1  0 +0.00e+00 +1.46e+02 +7.95e+03 +8.66e+01 +8.66e+01 +6.10e-03 +0.00e+00  1
     10 +2.5118e+03 +3.60e-01 +3.60e+10      6      1      1  0      1  0 +0.00e+00 +9.86e+00 +1.94e+03 +7.53e+01 +7.53e+01 +6.10e-02 +0.00e+00  1
     11 +2.4192e+03 +3.60e-01 +3.60e+10      7      1      1  0      1  0 +0.00e+00 +6.55e+01 +1.43e+04 +6.37e+01 +6.37e+01 +3.81e-02 +0.00e+00  1
     12 +2.2851e+03 +3.60e-01 +3.60e+10      8      1      1  0      1  0 +0.00e+00 +3.09e+01 +3.46e+03 +1.48e+02 +1.48e+02 +2.38e-02 +0.00e+00  1
     13 +2.2589e+03 +3.60e-01 +3.60e+10      9      1      1  0      1  0 +1.14e-13 +8.58e+00 +7.19e+02 +6.65e+01 +6.65e+01 +1.19e-01 +0.00e+00  1
     14 +2.2205e+03 +3.60e-01 +3.60e+10     10      1      1  0      1  0 +0.00e+00 +2.30e+01 +2.29e+03 +6.73e+01 +6.73e+01 +1.56e-02 +0.00e+00  1
     15 +2.2170e+03 +3.60e-01 +3.60e+10     11      1      1  0      1  0 +5.68e-14 +8.88e+00 +4.91e+02 +6.79e+01 +6.79e+01 +1.56e-01 +0.00e+00  1
     16 +2.2060e+03 +3.60e-01 +3.60e+10     12      1      1  0      1  0 +0.00e+00 +3.99e+00 +2.97e+02 +6.39e+01 +6.39e+01 +2.50e-01 +0.00e+00  1
     17 +2.1884e+03 +3.60e-01 +3.60e+10     13      1      1  0      1  0 +0.00e+00 +8.76e+00 +7.25e+02 +5.17e+01 +5.17e+01 +2.50e-01 +0.00e+00  1
     18 +2.1287e+03 +3.60e-01 +3.60e+10     14      1      1  0      1  0 +0.00e+00 +2.97e+01 +2.42e+03 +5.56e+01 +5.56e+01 +3.12e-02 +0.00e+00  1
     19 +2.1192e+03 +3.60e-01 +3.60e+10     15      1      1  0      1  0 +0.00e+00 +9.16e+00 +5.23e+02 +3.92e+01 +3.92e+01 +7.81e-02 +0.00e+00  1
--------------------------------------------------------------------------------------------------------------------------------------------------
  Iter.  Objective   St. Rad.  Tr. Rad.  |Pts| In Its QP Pts L? QP Its S?   QP KKT    |Step|   |Step|_H  |Grad.|  |G. Cmb.|  Stepsize Up. Fact. U?
--------------------------------------------------------------------------------------------------------------------------------------------------
     20 +2.1055e+03 +3.60e-01 +3.60e+10     16      1      1  0      1  0 +0.00e+00 +9.36e+00 +6.01e+02 +3.61e+01 +3.61e+01 +4.88e-02 +0.00e+00  1
     21 +2.0930e+03 +3.60e-01 +3.60e+10     17      1      1  0      1  0 +0.00e+00 +1.06e+01 +8.04e+02 +2.86e+01 +2.86e+01 +6.10e-02 +0.00e+00  1
     22 +2.0842e+03 +3.60e-01 +3.60e+10     18      1      1  0      1  0 +1.14e-13 +8.70e+00 +8.46e+02 +2.43e+01 +2.43e+01 +7.63e-02 +0.00e+00  1
     23 +2.0631e+03 +3.60e-01 +3.60e+10     19      1      1  0      1  0 +0.00e+00 +1.38e+01 +5.98e+02 +2.81e+01 +2.81e+01 +4.77e-02 +0.00e+00  1
     24 +2.0523e+03 +3.60e-01 +3.60e+10     20      1      1  0      1  0 +1.14e-13 +1.04e+01 +2.70e+02 +1.64e+01 +1.64e+01 +1.49e-02 +0.00e+00  1
     25 +2.0517e+03 +3.60e-01 +3.60e+10     21      1      1  0      1  0 +0.00e+00 +1.21e+01 +2.82e+02 +1.62e+01 +1.62e+01 +1.86e-02 +0.00e+00  1
     26 +2.0509e+03 +3.60e-01 +3.60e+10     22      1      1  0      1  0 +0.00e+00 +4.95e+00 +1.09e+02 +1.59e+01 +1.59e+01 +2.33e-02 +0.00e+00  1
     27 +2.0502e+03 +3.60e-01 +3.60e+10     23      1      1  0      1  0 +8.53e-14 +3.85e+00 +1.03e+02 +1.58e+01 +1.58e+01 +1.46e-02 +0.00e+00  1
     28 +2.0498e+03 +3.60e-01 +3.60e+10     24      1      1  0      1  0 +0.00e+00 +2.99e+00 +1.01e+02 +1.56e+01 +1.56e+01 +3.64e-02 +0.00e+00  1
     29 +2.0490e+03 +3.60e-01 +3.60e+10     25      1      1  0      1  0 +0.00e+00 +5.68e+00 +2.53e+02 +1.52e+01 +1.52e+01 +2.27e-02 +0.00e+00  1
     30 +2.0480e+03 +3.60e-01 +3.60e+10     26      1      1  0      1  0 +1.14e-13 +7.25e+00 +4.29e+02 +1.35e+01 +1.35e+01 +5.68e-02 +0.00e+00  1
     31 +2.0429e+03 +3.60e-01 +3.60e+10     27      1      1  0      1  0 +0.00e+00 +4.96e+00 +2.27e+02 +1.45e+01 +1.45e+01 +7.11e-02 +0.00e+00  1
     32 +2.0410e+03 +3.60e-01 +3.60e+10     28      1      1  0      1  0 +0.00e+00 +7.30e+00 +3.06e+02 +1.25e+01 +1.25e+01 +3.12e-02 +0.00e+00  1
     33 +2.0389e+03 +3.60e-02 +3.60e+09     13      1      1  0      1  0 +0.00e+00 +4.77e+00 +1.32e+02 +1.12e+01 +1.12e+01 +1.95e-02 +0.00e+00  1
     34 +2.0379e+03 +3.60e-02 +3.60e+09     14      1      1  0      1  0 +0.00e+00 +7.55e+00 +1.80e+02 +2.06e+01 +2.06e+01 +1.22e-02 +0.00e+00  1
     35 +2.0375e+03 +3.60e-02 +3.60e+09     15      1      1  0      1  0 +5.68e-14 +5.54e+00 +1.61e+02 +2.07e+01 +2.07e+01 +7.63e-03 +0.00e+00  1
     36 +2.0372e+03 +3.60e-02 +3.60e+09     16      1      1  0      1  0 +1.14e-13 +8.05e+00 +3.37e+02 +2.02e+01 +2.02e+01 +1.91e-02 +0.00e+00  1
     37 +2.0358e+03 +3.60e-02 +3.60e+09     17      1      1  0      1  0 +0.00e+00 +5.77e+00 +2.65e+02 +1.23e+01 +1.23e+01 +2.38e-02 +0.00e+00  1
     38 +2.0342e+03 +3.60e-02 +3.60e+09     18      1      1  0      1  0 +0.00e+00 +6.07e+00 +3.16e+02 +1.16e+01 +1.16e+01 +2.98e-02 +0.00e+00  1
     39 +2.0325e+03 +3.60e-02 +3.60e+09     19      1      1  0      1  0 +1.14e-13 +5.83e+00 +3.55e+02 +9.64e+00 +9.64e+00 +3.73e-02 +0.00e+00  1
--------------------------------------------------------------------------------------------------------------------------------------------------
  Iter.  Objective   St. Rad.  Tr. Rad.  |Pts| In Its QP Pts L? QP Its S?   QP KKT    |Step|   |Step|_H  |Grad.|  |G. Cmb.|  Stepsize Up. Fact. U?
--------------------------------------------------------------------------------------------------------------------------------------------------
     40 +2.0302e+03 +3.60e-02 +3.60e+09     20      1      1  0      1  0 +0.00e+00 +7.54e+00 +3.32e+02 +9.16e+00 +9.16e+00 +1.16e-02 +0.00e+00  1
     41 +2.0287e+03 +3.60e-02 +3.60e+09     21      1      1  0      1  0 +1.14e-13 +1.08e+01 +2.86e+02 +9.80e+00 +9.80e+00 +3.64e-03 +0.00e+00  1
     42 +2.0283e+03 +3.60e-02 +3.60e+09     22      1      1  0      1  0 +1.14e-13 +7.95e+00 +2.64e+02 +1.00e+01 +1.00e+01 +9.09e-03 +0.00e+00  1
     43 +2.0273e+03 +3.60e-02 +3.60e+09     23      1      1  0      1  0 +0.00e+00 +5.15e+00 +1.54e+02 +1.04e+01 +1.04e+01 +1.14e-02 +0.00e+00  1
     44 +2.0266e+03 +3.60e-02 +3.60e+09     24      1      1  0      1  0 +0.00e+00 +4.72e+00 +1.50e+02 +1.06e+01 +1.06e+01 +3.55e-03 +0.00e+00  1
     45 +2.0265e+03 +3.60e-02 +3.60e+09     25      1      1  0      1  0 +0.00e+00 +7.33e+00 +2.23e+02 +1.06e+01 +1.06e+01 +4.44e-03 +0.00e+00  1
     46 +2.0264e+03 +3.60e-02 +3.60e+09     26      1      1  0      1  0 +0.00e+00 +9.72e+00 +2.79e+02 +1.05e+01 +1.05e+01 +1.11e-02 +0.00e+00  1
     47 +2.0252e+03 +3.60e-02 +3.60e+09     27      1      1  0      1  0 +5.68e-14 +7.56e+00 +2.57e+02 +1.02e+01 +1.02e+01 +6.94e-03 +0.00e+00  1
     48 +2.0248e+03 +3.60e-02 +3.60e+09     28      1      1  0      1  0 +0.00e+00 +7.80e+00 +3.74e+02 +1.00e+01 +1.00e+01 +8.67e-03 +0.00e+00  1
     49 +2.0238e+03 +3.60e-02 +3.60e+09     29      1      1  0      1  0 +0.00e+00 +5.48e+00 +3.10e+02 +9.85e+00 +9.85e+00 +1.08e-02 +0.00e+00  1
     50 +2.0236e+03 +3.60e-02 +3.60e+09     30      1      1  0      1  0 +0.00e+00 +7.80e+00 +3.96e+02 +9.67e+00 +9.67e+00 +2.71e-02 +0.00e+00  1
     51 +2.0223e+03 +3.60e-02 +3.60e+09     30      1      1  0      1  0 +5.68e-14 +6.12e+00 +2.51e+02 +1.01e+01 +1.01e+01 +1.69e-02 +0.00e+00  1
     52 +2.0214e+03 +3.60e-02 +3.60e+09     31      1      1  0      1  0 +0.00e+00 +6.75e+00 +1.85e+02 +1.05e+01 +1.05e+01 +1.06e-02 +0.00e+00  1
     53 +2.0211e+03 +3.60e-02 +3.60e+09     32      1      1  0      1  0 +0.00e+00 +4.59e+00 +1.06e+02 +1.06e+01 +1.06e+01 +6.62e-03 +0.00e+00  1
     54 +2.0209e+03 +3.60e-02 +3.60e+09     33      1      1  0      1  0 +0.00e+00 +1.68e+00 +6.18e+01 +1.07e+01 +1.07e+01 +3.31e-02 +0.00e+00  1
     55 +2.0202e+03 +3.60e-02 +3.60e+09     34      1      1  0      1  0 +0.00e+00 +9.46e+00 +3.76e+02 +1.15e+01 +1.15e+01 +2.58e-03 +0.00e+00  1
     56 +2.0201e+03 +3.60e-02 +3.60e+09     35      1      1  0      1  0 +5.68e-14 +8.23e+00 +3.61e+02 +1.17e+01 +1.17e+01 +6.46e-03 +0.00e+00  1
     57 +2.0192e+03 +3.60e-02 +3.60e+09     36      1      1  0      1  0 +8.53e-14 +7.76e+00 +2.54e+02 +1.18e+01 +1.18e+01 +8.08e-03 +0.00e+00  1
     58 +2.0188e+03 +3.60e-02 +3.60e+09     36      1      1  0      1  0 +1.14e-13 +8.27e+00 +3.97e+02 +1.17e+01 +1.17e+01 +1.01e-02 +0.00e+00  1
     59 +2.0182e+03 +3.60e-02 +3.60e+09     37      1      1  0      1  0 +0.00e+00 +5.80e+00 +1.91e+02 +1.13e+01 +1.13e+01 +1.26e-02 +0.00e+00  1
--------------------------------------------------------------------------------------------------------------------------------------------------
  Iter.  Objective   St. Rad.  Tr. Rad.  |Pts| In Its QP Pts L? QP Its S?   QP KKT    |Step|   |Step|_H  |Grad.|  |G. Cmb.|  Stepsize Up. Fact. U?
--------------------------------------------------------------------------------------------------------------------------------------------------
     60 +2.0169e+03 +3.60e-02 +3.60e+09     38      1      1  0      1  0 +0.00e+00 +6.06e+00 +1.81e+02 +9.04e+00 +9.04e+00 +7.89e-03 +0.00e+00  1
     61 +2.0163e+03 +3.60e-02 +3.60e+09     39      1      1  0      1  0 +0.00e+00 +7.56e+00 +1.56e+02 +9.19e+00 +9.19e+00 +1.23e-03 +0.00e+00  1
     62 +2.0162e+03 +3.60e-02 +3.60e+09     40      1      1  0      1  0 +0.00e+00 +7.08e+00 +2.05e+02 +9.20e+00 +9.20e+00 +1.54e-03 +0.00e+00  1
     63 +2.0161e+03 +3.60e-02 +3.60e+09     41      1      1  0      1  0 +0.00e+00 +1.14e+01 +2.56e+02 +9.20e+00 +9.20e+00 +1.93e-03 +0.00e+00  1
     64 +2.0161e+03 +3.60e-02 +3.60e+09     42      1      1  0      1  0 +0.00e+00 +4.01e+00 +1.15e+02 +9.18e+00 +9.18e+00 +4.81e-03 +0.00e+00  1
     65 +2.0160e+03 +3.60e-02 +3.60e+09     43      1      1  0      1  0 +7.11e-14 +4.95e+00 +1.27e+02 +9.13e+00 +9.13e+00 +6.02e-03 +0.00e+00  1
     66 +2.0158e+03 +3.60e-02 +3.60e+09     44      1      1  0      1  0 +2.84e-14 +6.79e+00 +2.11e+02 +9.03e+00 +9.03e+00 +3.76e-03 +0.00e+00  1
     67 +2.0156e+03 +3.60e-02 +3.60e+09     45      1      1  0      1  0 +0.00e+00 +3.97e+00 +1.92e+02 +8.92e+00 +8.92e+00 +9.40e-03 +0.00e+00  1
     68 +2.0152e+03 +3.60e-02 +3.60e+09     46      1      1  0      1  0 +8.53e-14 +3.87e+00 +1.64e+02 +8.67e+00 +8.67e+00 +5.88e-03 +0.00e+00  1
     69 +2.0150e+03 +3.60e-02 +3.60e+09     47      1      1  0      1  0 +0.00e+00 +5.51e+00 +2.86e+02 +8.66e+00 +8.66e+00 +7.35e-03 +0.00e+00  1
     70 +2.0140e+03 +3.60e-02 +3.60e+09     48      1      1  0      1  0 +5.68e-14 +6.05e+00 +2.47e+02 +8.16e+00 +8.16e+00 +4.59e-03 +0.00e+00  1
     71 +2.0137e+03 +3.60e-02 +3.60e+09     49      1      1  0      1  0 +5.68e-14 +1.29e+01 +4.98e+02 +1.07e+01 +1.07e+01 +2.87e-03 +0.00e+00  1
     72 +2.0133e+03 +3.60e-02 +3.60e+09     50      1      1  0      1  0 +0.00e+00 +7.39e+00 +1.50e+02 +1.07e+01 +1.07e+01 +1.79e-03 +0.00e+00  1
     73 +2.0133e+03 +3.60e-02 +3.60e+09     50      1      1  0      1  0 +2.84e-14 +7.10e+00 +2.25e+02 +1.07e+01 +1.07e+01 +4.48e-03 +0.00e+00  1
     74 +2.0131e+03 +3.60e-02 +3.60e+09     50      1      1  0      1  0 +0.00e+00 +4.30e+00 +1.43e+02 +1.07e+01 +1.07e+01 +5.61e-03 +0.00e+00  1
     75 +2.0129e+03 +3.60e-02 +3.60e+09     50      1      1  0      1  0 +0.00e+00 +7.09e+00 +2.05e+02 +1.06e+01 +1.06e+01 +1.75e-03 +0.00e+00  1
     76 +2.0128e+03 +3.60e-02 +3.60e+09     50      1      1  0      1  0 +1.14e-13 +6.18e+00 +2.46e+02 +9.07e+00 +9.07e+00 +2.19e-03 +0.00e+00  1
     77 +2.0127e+03 +3.60e-02 +3.60e+09     50      1      1  0      1  0 +1.42e-14 +3.15e+00 +1.22e+02 +9.07e+00 +9.07e+00 +5.47e-03 +0.00e+00  1
     78 +2.0126e+03 +3.60e-02 +3.60e+09     50      1      1  0      1  0 +1.14e-13 +4.85e+00 +1.96e+02 +8.92e+00 +8.92e+00 +3.42e-03 +0.00e+00  1
     79 +2.0125e+03 +3.60e-02 +3.60e+09     50      1      1  0      1  0 +0.00e+00 +7.55e+00 +2.52e+02 +8.75e+00 +8.75e+00 +2.14e-03 +0.00e+00  1
--------------------------------------------------------------------------------------------------------------------------------------------------
  Iter.  Objective   St. Rad.  Tr. Rad.  |Pts| In Its QP Pts L? QP Its S?   QP KKT    |Step|   |Step|_H  |Grad.|  |G. Cmb.|  Stepsize Up. Fact. U?
--------------------------------------------------------------------------------------------------------------------------------------------------
     80 +2.0125e+03 +3.60e-02 +3.60e+09     50      1      1  0      1  0 +1.14e-13 +4.23e+00 +1.39e+02 +8.63e+00 +8.63e+00 +1.34e-03 +0.00e+00  1
     81 +2.0124e+03 +3.60e-02 +3.60e+09     50      1      1  0      1  0 +0.00e+00 +2.02e+00 +5.57e+01 +8.59e+00 +8.59e+00 +6.68e-03 +0.00e+00  1
     82 +2.0123e+03 +3.60e-02 +3.60e+09     50      1      1  0      1  0 +0.00e+00 +4.45e+00 +1.45e+02 +8.49e+00 +8.49e+00 +2.09e-03 +0.00e+00  1
     83 +2.0123e+03 +3.60e-02 +3.60e+09     50      1      1  0      1  0 +1.14e-13 +8.33e+00 +3.10e+02 +8.39e+00 +8.39e+00 +1.31e-03 +0.00e+00  1
     84 +2.0122e+03 +3.60e-02 +3.60e+09     50      1      1  0      1  0 +5.68e-14 +4.02e+00 +1.92e+02 +8.26e+00 +8.26e+00 +1.63e-03 +0.00e+00  1
     85 +2.0121e+03 +3.60e-02 +3.60e+09     50      1      1  0      1  0 +0.00e+00 +4.14e+00 +2.18e+02 +8.18e+00 +8.18e+00 +8.16e-03 +0.00e+00  1
     86 +2.0121e+03 +3.60e-02 +3.60e+09     50      1      1  0      1  0 +0.00e+00 +5.50e+00 +1.63e+02 +7.66e+00 +7.66e+00 +2.55e-03 +0.00e+00  1
     87 +2.0121e+03 +3.60e-02 +3.60e+09     50      1      1  0      1  0 +0.00e+00 +7.63e+00 +3.58e+02 +7.52e+00 +7.52e+00 +3.19e-03 +0.00e+00  1
     88 +2.0119e+03 +3.60e-02 +3.60e+09     50      1      1  0      1  0 +0.00e+00 +4.97e+00 +2.29e+02 +7.13e+00 +7.13e+00 +3.98e-03 +0.00e+00  1
     89 +2.0119e+03 +3.60e-02 +3.60e+09     50      1      1  0      1  0 +0.00e+00 +7.08e+00 +2.62e+02 +7.14e+00 +7.14e+00 +2.49e-03 +0.00e+00  1
     90 +2.0118e+03 +3.60e-02 +3.60e+09     50      1      1  0      1  0 +5.68e-14 +3.28e+00 +9.18e+01 +7.15e+00 +7.15e+00 +1.56e-03 +0.00e+00  1
     91 +2.0117e+03 +3.60e-02 +3.60e+09     50      1      1  0      1  0 +0.00e+00 +3.18e+00 +1.12e+02 +7.14e+00 +7.14e+00 +3.89e-03 +0.00e+00  1
     92 +2.0117e+03 +3.60e-02 +3.60e+09     50      1      1  0      1  0 +0.00e+00 +5.73e+00 +2.52e+02 +7.07e+00 +7.07e+00 +2.43e-03 +0.00e+00  1
     93 +2.0116e+03 +3.60e-02 +3.60e+09     50      1      1  0      1  0 +5.68e-14 +4.61e+00 +2.07e+02 +6.98e+00 +6.98e+00 +3.04e-03 +0.00e+00  1
     94 +2.0114e+03 +3.60e-02 +3.60e+09     50      1      1  0      1  0 +1.14e-13 +8.22e+00 +4.12e+02 +6.88e+00 +6.88e+00 +1.90e-03 +0.00e+00  1
     95 +2.0114e+03 +3.60e-02 +3.60e+09     50      1      1  0      1  0 +0.00e+00 +8.92e+00 +4.24e+02 +6.80e+00 +6.80e+00 +4.75e-03 +0.00e+00  1
     96 +2.0111e+03 +3.60e-02 +3.60e+09     50      1      1  0      1  0 +5.68e-14 +4.93e+00 +2.15e+02 +6.85e+00 +6.85e+00 +2.97e-03 +0.00e+00  1
     97 +2.0108e+03 +3.60e-02 +3.60e+09     50      1      1  0      1  0 +5.68e-14 +6.74e+00 +2.06e+02 +6.90e+00 +6.90e+00 +3.71e-03 +0.00e+00  1
     98 +2.0107e+03 +3.60e-02 +3.60e+09     50      1      1  0      1  0 +0.00e+00 +3.81e+00 +1.04e+02 +6.93e+00 +6.93e+00 +5.80e-04 +0.00e+00  1
     99 +2.0106e+03 +3.60e-02 +3.60e+09     50      1      1  0      1  0 +5.68e-14 +8.47e+00 +1.97e+02 +6.93e+00 +6.93e+00 +7.24e-04 +0.00e+00  1
--------------------------------------------------------------------------------------------------------------------------------------------------
  Iter.  Objective   St. Rad.  Tr. Rad.  |Pts| In Its QP Pts L? QP Its S?   QP KKT    |Step|   |Step|_H  |Grad.|  |G. Cmb.|  Stepsize Up. Fact. U?
--------------------------------------------------------------------------------------------------------------------------------------------------
    100 +2.0106e+03 +3.60e-02 +3.60e+09     50      2      4  0      2  0 +1.50e-01 +4.81e+00 +1.42e+02 +6.94e+00 +6.90e+00 +4.53e-04 +0.00e+00  1
    101 +2.0106e+03 +3.60e-02 +3.60e+09     50      2      5  0      3  0 +1.42e-02 +5.70e+00 +9.71e+01 +6.93e+00 +6.92e+00 +5.66e-04 +0.00e+00  1
    102 +2.0105e+03 +3.60e-02 +3.60e+09     50      2      6  0      3  0 +6.98e-03 +4.72e+00 +1.89e+02 +6.93e+00 +6.92e+00 +7.07e-04 +0.00e+00  1
    103 +2.0105e+03 +3.60e-02 +3.60e+09     50      1      1  0      1  0 +0.00e+00 +5.18e+00 +2.30e+02 +6.92e+00 +6.92e+00 +1.77e-03 +0.00e+00  1
    104 +2.0103e+03 +3.60e-02 +3.60e+09     50      1      1  0      1  0 +0.00e+00 +5.26e+00 +2.74e+02 +6.87e+00 +6.87e+00 +2.21e-03 +0.00e+00  1
    105 +2.0103e+03 +3.60e-02 +3.60e+09     50      1      1  0      1  0 +0.00e+00 +4.95e+00 +2.07e+02 +6.59e+00 +6.59e+00 +1.38e-03 +0.00e+00  1
    106 +2.0103e+03 +3.60e-02 +3.60e+09     50      1      1  0      1  0 +0.00e+00 +6.49e+00 +4.14e+02 +6.57e+00 +6.57e+00 +3.45e-03 +0.00e+00  1
    107 +2.0100e+03 +3.60e-02 +3.60e+09     50      1      1  0      1  0 +1.14e-13 +6.60e+00 +3.72e+02 +7.38e+00 +7.38e+00 +2.16e-03 +0.00e+00  1
    108 +2.0099e+03 +3.60e-02 +3.60e+09     50      1      1  0      1  0 +0.00e+00 +4.91e+00 +2.03e+02 +1.01e+01 +1.01e+01 +2.70e-03 +0.00e+00  1
    109 +2.0097e+03 +3.60e-02 +3.60e+09     50      1      1  0      1  0 +8.53e-14 +5.79e+00 +2.33e+02 +1.01e+01 +1.01e+01 +8.43e-04 +0.00e+00  1
    110 +2.0097e+03 +3.60e-02 +3.60e+09     50      1      1  0      1  0 +0.00e+00 +4.75e+00 +1.96e+02 +1.01e+01 +1.01e+01 +1.05e-03 +0.00e+00  1
    111 +2.0097e+03 +3.60e-02 +3.60e+09     50      1      1  0      1  0 +0.00e+00 +3.84e+00 +1.71e+02 +7.47e+00 +7.47e+00 +2.64e-03 +0.00e+00  1
    112 +2.0096e+03 +3.60e-02 +3.60e+09     50      1      1  0      1  0 +5.68e-14 +4.41e+00 +2.18e+02 +7.48e+00 +7.48e+00 +1.65e-03 +0.00e+00  1
    113 +2.0095e+03 +3.60e-02 +3.60e+09     50      1      1  0      1  0 +0.00e+00 +5.84e+00 +3.14e+02 +7.48e+00 +7.48e+00 +2.06e-03 +0.00e+00  1
    114 +2.0093e+03 +3.60e-02 +3.60e+09     50      1      1  0      1  0 +0.00e+00 +6.21e+00 +3.47e+02 +7.48e+00 +7.48e+00 +1.29e-03 +0.00e+00  1
    115 +2.0092e+03 +3.60e-02 +3.60e+09     50      1      1  0      1  0 +1.14e-13 +6.47e+00 +2.93e+02 +7.48e+00 +7.48e+00 +1.61e-03 +0.00e+00  1
    116 +2.0092e+03 +3.60e-02 +3.60e+09     50      1      1  0      1  0 +5.68e-14 +4.64e+00 +1.69e+02 +7.48e+00 +7.48e+00 +1.01e-03 +0.00e+00  1
    117 +2.0091e+03 +3.60e-02 +3.60e+09     50      2      5  0      2  0 +5.68e-14 +9.56e+00 +2.59e+02 +7.47e+00 +7.48e+00 +3.14e-04 +0.00e+00  1
    118 +2.0091e+03 +3.60e-02 +3.60e+09     50      1      1  0      1  0 +5.68e-14 +5.38e+00 +1.95e+02 +7.47e+00 +7.47e+00 +7.85e-04 +0.00e+00  1
    119 +2.0090e+03 +3.60e-02 +3.60e+09     50      2      7  0      3  0 +1.39e-02 +7.40e+00 +1.97e+02 +7.47e+00 +7.48e+00 +2.45e-04 +0.00e+00  1
--------------------------------------------------------------------------------------------------------------------------------------------------
  Iter.  Objective   St. Rad.  Tr. Rad.  |Pts| In Its QP Pts L? QP Its S?   QP KKT    |Step|   |Step|_H  |Grad.|  |G. Cmb.|  Stepsize Up. Fact. U?
--------------------------------------------------------------------------------------------------------------------------------------------------
    120 +2.0090e+03 +3.60e-02 +3.60e+09     50      1      1  0      1  0 +7.11e-14 +3.65e+00 +1.09e+02 +7.47e+00 +7.47e+00 +1.23e-03 +0.00e+00  1
    121 +2.0090e+03 +3.60e-02 +3.60e+09     50      1      1  0      1  0 +5.68e-14 +5.22e+00 +1.45e+02 +7.46e+00 +7.46e+00 +1.53e-03 +0.00e+00  1
    122 +2.0090e+03 +3.60e-02 +3.60e+09     50      1      1  0      1  0 +5.68e-14 +3.33e+00 +1.38e+02 +7.45e+00 +7.45e+00 +1.92e-03 +0.00e+00  1
    123 +2.0089e+03 +3.60e-02 +3.60e+09     50      2     10  0      2  0 +1.14e-13 +8.50e+00 +2.18e+02 +7.44e+00 +7.48e+00 +3.00e-04 +0.00e+00  1
    124 +2.0089e+03 +3.60e-02 +3.60e+09     50      1      1  0      1  0 +0.00e+00 +7.46e+00 +2.47e+02 +7.44e+00 +7.44e+00 +7.49e-04 +0.00e+00  1
    125 +2.0088e+03 +3.60e-02 +3.60e+09     50      1      1  0      1  0 +0.00e+00 +3.69e+00 +1.41e+02 +7.43e+00 +7.43e+00 +3.75e-03 +0.00e+00  1
    126 +2.0088e+03 +3.60e-02 +3.60e+09     50      1      1  0      1  0 +0.00e+00 +4.20e+00 +2.68e+02 +7.40e+00 +7.40e+00 +4.68e-03 +0.00e+00  1
    127 +2.0088e+03 +3.60e-02 +3.60e+09     50      1      1  0      1  0 +1.14e-13 +4.83e+00 +3.13e+02 +9.83e+00 +9.83e+00 +2.93e-03 +0.00e+00  1
    128 +2.0085e+03 +3.60e-02 +3.60e+09     50      1      1  0      1  0 +0.00e+00 +3.35e+00 +1.49e+02 +9.86e+00 +9.86e+00 +3.66e-03 +0.00e+00  1
    129 +2.0084e+03 +3.60e-02 +3.60e+09     50      2      3  0      2  0 +8.16e-01 +7.21e+00 +2.19e+02 +9.87e+00 +9.83e+00 +5.71e-04 +0.00e+00  1
    130 +2.0084e+03 +3.60e-02 +3.60e+09     50      1      1  0      1  0 +0.00e+00 +5.40e+00 +1.83e+02 +9.87e+00 +9.87e+00 +7.14e-04 +0.00e+00  1
    131 +2.0083e+03 +3.60e-02 +3.60e+09     50      1      1  0      1  0 +5.68e-14 +4.25e+00 +1.94e+02 +9.87e+00 +9.87e+00 +1.79e-03 +0.00e+00  1
    132 +2.0082e+03 +3.60e-02 +3.60e+09     50      1      1  0      1  0 +5.68e-14 +7.14e+00 +2.72e+02 +9.87e+00 +9.87e+00 +1.12e-03 +0.00e+00  1
    133 +2.0082e+03 +3.60e-02 +3.60e+09     50      1      1  0      1  0 +5.68e-14 +3.46e+00 +1.46e+02 +9.88e+00 +9.88e+00 +1.40e-03 +0.00e+00  1
    134 +2.0081e+03 +3.60e-02 +3.60e+09     50      2      7  0      2  0 +0.00e+00 +3.66e+00 +1.98e+02 +9.90e+00 +9.86e+00 +4.36e-04 +0.00e+00  1
    135 +2.0081e+03 +3.60e-02 +3.60e+09     50      2      8  0      2  0 +0.00e+00 +9.37e+00 +5.12e+02 +9.91e+00 +9.86e+00 +5.45e-04 +0.00e+00  1
    136 +2.0081e+03 +3.60e-02 +3.60e+09     50      2      9  0      3  0 +1.78e-15 +5.66e+00 +2.06e+02 +9.94e+00 +9.89e+00 +3.41e-04 +0.00e+00  1
    137 +2.0080e+03 +3.60e-02 +3.60e+09     50      2     10  0      3  0 +2.22e-16 +9.09e+00 +2.16e+02 +9.94e+00 +9.90e+00 +4.26e-04 +0.00e+00  1
    138 +2.0080e+03 +3.60e-02 +3.60e+09     50      2     11  0      3  0 +1.22e-12 +5.18e+00 +2.00e+02 +9.95e+00 +9.91e+00 +5.32e-04 +0.00e+00  1
    139 +2.0080e+03 +3.60e-02 +3.60e+09     50      1      1  0      1  0 +5.68e-14 +7.71e+00 +2.40e+02 +9.94e+00 +9.94e+00 +1.33e-03 +0.00e+00  1
--------------------------------------------------------------------------------------------------------------------------------------------------
  Iter.  Objective   St. Rad.  Tr. Rad.  |Pts| In Its QP Pts L? QP Its S?   QP KKT    |Step|   |Step|_H  |Grad.|  |G. Cmb.|  Stepsize Up. Fact. U?
--------------------------------------------------------------------------------------------------------------------------------------------------
    140 +2.0079e+03 +3.60e-02 +3.60e+09     50      1      1  0      1  0 +8.53e-14 +7.86e+00 +1.99e+02 +9.94e+00 +9.94e+00 +8.32e-04 +0.00e+00  1
    141 +2.0079e+03 +3.60e-02 +3.60e+09     50      2     13  0      5  0 +1.33e-15 +8.74e+00 +2.15e+02 +9.93e+00 +9.92e+00 +5.20e-04 +0.00e+00  1
    142 +2.0079e+03 +3.60e-02 +3.60e+09     50      2     13  0      4  0 +1.68e-12 +6.16e+00 +1.72e+02 +9.92e+00 +9.91e+00 +3.25e-04 +0.00e+00  1
    143 +2.0079e+03 +3.60e-02 +3.60e+09     50      2     14  0      5  0 +7.81e-03 +6.36e+00 +2.07e+02 +9.91e+00 +9.91e+00 +4.06e-04 +0.00e+00  1
    144 +2.0079e+03 +3.60e-02 +3.60e+09     50      1      1  0      1  0 +1.14e-13 +5.58e+00 +1.99e+02 +9.90e+00 +9.90e+00 +1.02e-03 +0.00e+00  1
    145 +2.0078e+03 +3.60e-02 +3.60e+09     50      2     14  0      5  0 +2.56e-13 +4.99e+00 +2.07e+02 +9.86e+00 +9.91e+00 +6.34e-04 +0.00e+00  1
    146 +2.0078e+03 +3.60e-02 +3.60e+09     50      2     15  0      5  0 +2.50e-03 +6.88e+00 +2.81e+02 +9.84e+00 +9.88e+00 +3.97e-04 +0.00e+00  1
    147 +2.0077e+03 +3.60e-02 +3.60e+09     50      1      1  0      1  0 +0.00e+00 +3.71e+00 +2.11e+02 +9.82e+00 +9.82e+00 +1.98e-03 +0.00e+00  1
    148 +2.0076e+03 +3.60e-02 +3.60e+09     50      1      1  0      1  0 +0.00e+00 +8.58e+00 +4.51e+02 +9.74e+00 +9.74e+00 +6.20e-04 +0.00e+00  1
    149 +2.0076e+03 +3.60e-02 +3.60e+09     50      1      1  0      1  0 +0.00e+00 +6.60e+00 +3.75e+02 +9.70e+00 +9.70e+00 +1.55e-03 +0.00e+00  1
    150 +2.0074e+03 +3.60e-02 +3.60e+09     50      1      1  0      1  0 +0.00e+00 +4.86e+00 +2.54e+02 +9.63e+00 +9.63e+00 +1.94e-03 +0.00e+00  1
    151 +2.0072e+03 +3.60e-02 +3.60e+09     50      1      1  0      1  0 +5.68e-14 +5.41e+00 +2.00e+02 +9.58e+00 +9.58e+00 +2.42e-03 +0.00e+00  1
    152 +2.0072e+03 +3.60e-02 +3.60e+09     50      1      1  0      1  0 +8.53e-14 +5.04e+00 +1.83e+02 +9.54e+00 +9.54e+00 +1.51e-03 +0.00e+00  1
    153 +2.0072e+03 +3.60e-02 +3.60e+09     50      2     10  0      3  0 +2.90e-12 +3.56e+00 +1.23e+02 +9.53e+00 +9.82e+00 +9.45e-04 +0.00e+00  1
    154 +2.0072e+03 +3.60e-02 +3.60e+09     50      2     10  0      4  0 +8.88e-16 +6.95e+00 +1.32e+02 +9.52e+00 +9.63e+00 +1.48e-04 +0.00e+00  1
    155 +2.0072e+03 +3.60e-02 +3.60e+09     50      1      1  0      1  0 +0.00e+00 +5.15e+00 +1.57e+02 +9.52e+00 +9.52e+00 +7.39e-04 +0.00e+00  1
    156 +2.0071e+03 +3.60e-02 +3.60e+09     50      2     11  0      3  0 +2.22e-16 +9.36e+00 +3.02e+02 +9.51e+00 +9.71e+00 +4.62e-04 +0.00e+00  1
    157 +2.0071e+03 +3.60e-02 +3.60e+09     50      2     10  0      4  0 +1.78e-15 +6.83e+00 +1.76e+02 +9.50e+00 +9.56e+00 +1.44e-04 +0.00e+00  1
    158 +2.0071e+03 +3.60e-02 +3.60e+09     50      1      1  0      1  0 +5.68e-14 +5.45e+00 +2.32e+02 +9.50e+00 +9.50e+00 +1.44e-03 +0.00e+00  1
    159 +2.0071e+03 +3.60e-02 +3.60e+09     50      1      1  0      1  0 +2.84e-14 +5.69e+00 +2.34e+02 +9.46e+00 +9.46e+00 +3.61e-03 +0.00e+00  1
--------------------------------------------------------------------------------------------------------------------------------------------------
  Iter.  Objective   St. Rad.  Tr. Rad.  |Pts| In Its QP Pts L? QP Its S?   QP KKT    |Step|   |Step|_H  |Grad.|  |G. Cmb.|  Stepsize Up. Fact. U?
--------------------------------------------------------------------------------------------------------------------------------------------------
    160 +2.0068e+03 +3.60e-02 +3.60e+09     50      1      1  0      1  0 +1.14e-13 +7.21e+00 +4.91e+02 +9.32e+00 +9.32e+00 +2.25e-03 +0.00e+00  1
    161 +2.0067e+03 +3.60e-02 +3.60e+09     50      1      1  0      1  0 +0.00e+00 +5.29e+00 +1.43e+02 +7.31e+00 +7.31e+00 +7.04e-04 +0.00e+00  1
    162 +2.0067e+03 +3.60e-02 +3.60e+09     50      2      4  0      2  0 +0.00e+00 +6.72e+00 +2.21e+02 +7.32e+00 +9.46e+00 +2.20e-04 +0.00e+00  1
    163 +2.0067e+03 +3.60e-02 +3.60e+09     50      2      5  0      3  0 +5.68e-14 +8.99e+00 +2.84e+02 +7.32e+00 +7.28e+00 +5.50e-04 +0.00e+00  1
    164 +2.0067e+03 +3.60e-02 +3.60e+09     50      2      6  0      3  0 +1.42e-12 +5.79e+00 +1.36e+02 +7.31e+00 +7.29e+00 +6.88e-04 +0.00e+00  1
    165 +2.0067e+03 +3.60e-02 +3.60e+09     50      2      7  0      3  0 +4.44e-16 +1.08e+01 +2.03e+02 +7.31e+00 +7.29e+00 +4.30e-04 +0.00e+00  1
    166 +2.0066e+03 +3.60e-02 +3.60e+09     50      2      8  0      3  0 +4.00e-15 +6.11e+00 +7.95e+01 +7.31e+00 +7.29e+00 +5.37e-04 +0.00e+00  1
    167 +2.0066e+03 +3.60e-02 +3.60e+09     50      2      8  0      3  0 +9.30e-02 +7.52e+00 +9.94e+01 +7.31e+00 +7.30e+00 +3.36e-04 +0.00e+00  1
    168 +2.0066e+03 +3.60e-02 +3.60e+09     50      1      1  0      1  0 +0.00e+00 +7.87e+00 +1.01e+02 +7.31e+00 +7.31e+00 +8.40e-04 +0.00e+00  1
    169 +2.0066e+03 +3.60e-02 +3.60e+09     50      2     10  0      2  0 +0.00e+00 +2.22e+01 +2.74e+02 +7.30e+00 +9.32e+00 +2.62e-04 +0.00e+00  1
    170 +2.0066e+03 +3.60e-02 +3.60e+09     50      1      1  0      1  0 +0.00e+00 +9.09e+00 +1.36e+02 +7.30e+00 +7.30e+00 +6.56e-04 +0.00e+00  1
    171 +2.0065e+03 +3.60e-02 +3.60e+09     50      2      9  0      2  0 +2.84e-14 +1.02e+01 +1.85e+02 +7.29e+00 +9.32e+00 +2.05e-04 +0.00e+00  1
    172 +2.0065e+03 +3.60e-02 +3.60e+09     50      2     10  0      3  0 +2.22e-15 +9.30e+00 +1.94e+02 +7.29e+00 +7.29e+00 +5.13e-04 +0.00e+00  1
    173 +2.0065e+03 +3.60e-02 +3.60e+09     50      1      1  0      1  0 +8.53e-14 +4.65e+00 +1.09e+02 +7.28e+00 +7.28e+00 +1.28e-03 +0.00e+00  1
    174 +2.0065e+03 +3.60e-02 +3.60e+09     50      2     10  0      3  0 +0.00e+00 +7.48e+00 +2.35e+02 +7.27e+00 +8.16e+00 +8.01e-04 +0.00e+00  1
    175 +2.0065e+03 +3.60e-02 +3.60e+09     50      1      1  0      1  0 +0.00e+00 +3.61e+00 +1.57e+02 +7.25e+00 +7.25e+00 +2.00e-03 +0.00e+00  1
    176 +2.0064e+03 +3.60e-02 +3.60e+09     50      1      1  0      1  0 +0.00e+00 +6.61e+00 +2.50e+02 +7.22e+00 +7.22e+00 +1.25e-03 +0.00e+00  1
    177 +2.0064e+03 +3.60e-02 +3.60e+09     50      1      1  0      1  0 +0.00e+00 +3.80e+00 +2.19e+02 +7.18e+00 +7.18e+00 +3.13e-03 +0.00e+00  1
    178 +2.0062e+03 +3.60e-02 +3.60e+09     50      1      1  0      1  0 +5.68e-14 +3.77e+00 +1.49e+02 +7.09e+00 +7.09e+00 +1.96e-03 +0.00e+00  1
    179 +2.0061e+03 +3.60e-02 +3.60e+09     50      1      1  0      1  0 +2.84e-14 +4.55e+00 +1.06e+02 +7.05e+00 +7.05e+00 +2.44e-03 +0.00e+00  1
--------------------------------------------------------------------------------------------------------------------------------------------------
  Iter.  Objective   St. Rad.  Tr. Rad.  |Pts| In Its QP Pts L? QP Its S?   QP KKT    |Step|   |Step|_H  |Grad.|  |G. Cmb.|  Stepsize Up. Fact. U?
--------------------------------------------------------------------------------------------------------------------------------------------------
    180 +2.0061e+03 +3.60e-02 +3.60e+09     50      2      7  0      2  0 +0.00e+00 +3.35e+00 +1.20e+02 +7.01e+00 +7.27e+00 +3.82e-04 +0.00e+00  1
    181 +2.0061e+03 +3.60e-02 +3.60e+09     50      1      1  0      1  0 +2.84e-14 +5.19e+00 +1.94e+02 +7.00e+00 +7.00e+00 +9.55e-04 +0.00e+00  1
    182 +2.0061e+03 +3.60e-02 +3.60e+09     50      1      1  0      1  0 +0.00e+00 +4.84e+00 +1.95e+02 +6.97e+00 +6.97e+00 +1.19e-03 +0.00e+00  1
    183 +2.0059e+03 +3.60e-02 +3.60e+09     50      2      9  0      2  0 +0.00e+00 +1.00e+01 +4.50e+02 +6.93e+00 +7.25e+00 +3.73e-04 +0.00e+00  1
    184 +2.0059e+03 +3.60e-02 +3.60e+09     50      1      1  0      1  0 +5.68e-14 +4.95e+00 +2.29e+02 +6.89e+00 +6.89e+00 +9.32e-04 +0.00e+00  1
    185 +2.0059e+03 +3.60e-02 +3.60e+09     50      1      1  0      1  0 +0.00e+00 +4.13e+00 +2.70e+02 +6.85e+00 +6.85e+00 +5.83e-04 +0.00e+00  1
    186 +2.0058e+03 +3.60e-02 +3.60e+09     50      2     11  0      2  0 +5.68e-14 +8.53e+00 +2.83e+02 +6.82e+00 +7.22e+00 +3.64e-04 +0.00e+00  1
    187 +2.0058e+03 +3.60e-02 +3.60e+09     50      2     12  0      2  0 +0.00e+00 +1.31e+01 +4.47e+02 +6.81e+00 +7.22e+00 +4.55e-04 +0.00e+00  1
    188 +2.0058e+03 +3.60e-02 +3.60e+09     50      1      1  0      1  0 +0.00e+00 +3.66e+00 +1.06e+02 +8.76e+00 +8.76e+00 +1.14e-03 +0.00e+00  1
    189 +2.0058e+03 +3.60e-02 +3.60e+09     50      2     14  0      2  0 +8.53e-14 +7.16e+00 +2.43e+02 +8.75e+00 +7.22e+00 +3.56e-04 +0.00e+00  1
    190 +2.0057e+03 +3.60e-02 +3.60e+09     50      2     15  0      4  0 +1.48e-12 +6.32e+00 +1.86e+02 +8.75e+00 +6.31e+00 +4.45e-04 +0.00e+00  1
    191 +2.0057e+03 +3.60e-02 +3.60e+09     50      1      1  0      1  0 +5.68e-14 +6.28e+00 +2.13e+02 +8.74e+00 +8.74e+00 +5.56e-04 +0.00e+00  1
    192 +2.0057e+03 +3.60e-02 +3.60e+09     50      2     16  0      3  0 +1.33e-15 +1.35e+01 +3.89e+02 +8.72e+00 +7.14e+00 +3.47e-04 +0.00e+00  1
    193 +2.0057e+03 +3.60e-02 +3.60e+09     50      1      1  0      1  0 +0.00e+00 +7.88e+00 +2.68e+02 +8.70e+00 +8.70e+00 +8.68e-04 +0.00e+00  1
    194 +2.0056e+03 +3.60e-02 +3.60e+09     50      1      1  0      1  0 +0.00e+00 +5.21e+00 +2.84e+02 +8.67e+00 +8.67e+00 +1.09e-03 +0.00e+00  1
    195 +2.0056e+03 +3.60e-02 +3.60e+09     50      1      1  0      1  0 +0.00e+00 +3.16e+00 +1.23e+02 +6.33e+00 +6.33e+00 +1.36e-03 +0.00e+00  1
    196 +2.0056e+03 +3.60e-02 +3.60e+09     50      1      1  0      1  0 +1.14e-13 +4.83e+00 +2.28e+02 +6.33e+00 +6.33e+00 +8.48e-04 +0.00e+00  1
    197 +2.0055e+03 +3.60e-02 +3.60e+09     50      1      1  0      1  0 +0.00e+00 +6.47e+00 +1.76e+02 +6.62e+00 +6.62e+00 +1.06e-03 +0.00e+00  1
    198 +2.0055e+03 +3.60e-02 +3.60e+09     50      2     21  0      2  0 +1.14e-13 +2.85e+00 +1.09e+02 +6.33e+00 +7.09e+00 +3.31e-04 +0.00e+00  1
    199 +2.0055e+03 +3.60e-02 +3.60e+09     50      1      1  0      1  0 +0.00e+00 +3.94e+00 +1.14e+02 +6.33e+00 +6.33e+00 +8.28e-04 +0.00e+00  1
--------------------------------------------------------------------------------------------------------------------------------------------------
  Iter.  Objective   St. Rad.  Tr. Rad.  |Pts| In Its QP Pts L? QP Its S?   QP KKT    |Step|   |Step|_H  |Grad.|  |G. Cmb.|  Stepsize Up. Fact. U?
--------------------------------------------------------------------------------------------------------------------------------------------------
    200 +2.0055e+03 +3.60e-02 +3.60e+09     50      1      1  0      1  0 +5.68e-14 +4.18e+00 +1.66e+02 +6.32e+00 +6.32e+00 +1.04e-03 +0.00e+00  1
    201 +2.0054e+03 +3.60e-02 +3.60e+09     50      2     23  0      2  0 +0.00e+00 +5.33e+00 +1.73e+02 +6.32e+00 +7.05e+00 +6.47e-04 +0.00e+00  1
    202 +2.0054e+03 +3.60e-02 +3.60e+09     50      2     23  0      2  0 +2.84e-14 +4.99e+00 +2.16e+02 +6.31e+00 +7.01e+00 +4.04e-04 +0.00e+00  1
    203 +2.0054e+03 +3.60e-02 +3.60e+09     50      1      1  0      1  0 +0.00e+00 +4.41e+00 +2.16e+02 +6.31e+00 +6.31e+00 +1.01e-03 +0.00e+00  1
    204 +2.0053e+03 +3.60e-02 +3.60e+09     50      1      1  0      1  0 +0.00e+00 +3.43e+00 +1.77e+02 +6.29e+00 +6.29e+00 +1.26e-03 +0.00e+00  1
    205 +2.0053e+03 +3.60e-02 +3.60e+09     50      1      1  0      1  0 +7.11e-14 +3.32e+00 +1.02e+02 +6.27e+00 +6.27e+00 +1.58e-03 +0.00e+00  1
    206 +2.0053e+03 +3.60e-02 +3.60e+09     50      2     24  0      2  0 +5.68e-14 +6.71e+00 +2.21e+02 +6.26e+00 +6.93e+00 +4.94e-04 +0.00e+00  1
    207 +2.0052e+03 +3.60e-02 +3.60e+09     50      2     24  0      2  0 +0.00e+00 +5.61e+00 +3.01e+02 +6.25e+00 +6.89e+00 +6.17e-04 +0.00e+00  1
    208 +2.0052e+03 +3.60e-02 +3.60e+09     50      1      1  0      1  0 +0.00e+00 +4.40e+00 +1.29e+02 +6.24e+00 +6.24e+00 +7.71e-04 +0.00e+00  1
    209 +2.0052e+03 +3.60e-02 +3.60e+09     50      2     24  0      2  0 +0.00e+00 +5.98e+00 +1.81e+02 +6.24e+00 +6.82e+00 +4.82e-04 +0.00e+00  1
    210 +2.0052e+03 +3.60e-02 +3.60e+09     50      2     23  0      2  0 +0.00e+00 +4.25e+00 +2.11e+02 +6.24e+00 +8.76e+00 +6.02e-04 +0.00e+00  1
    211 +2.0052e+03 +3.60e-02 +3.60e+09     50      2     23  0      3  0 +2.39e-12 +4.91e+00 +2.17e+02 +6.23e+00 +6.24e+00 +7.53e-04 +0.00e+00  1
    212 +2.0051e+03 +3.60e-02 +3.60e+09     50      2     22  0      4  0 +3.47e-12 +6.53e+00 +2.50e+02 +6.24e+00 +6.22e+00 +4.71e-04 +0.00e+00  1
    213 +2.0051e+03 +3.60e-02 +3.60e+09     50      1      1  0      1  0 +0.00e+00 +8.39e+00 +4.34e+02 +6.24e+00 +6.24e+00 +5.88e-04 +0.00e+00  1
    214 +2.0050e+03 +3.60e-02 +3.60e+09     50      1      1  0      1  0 +0.00e+00 +7.68e+00 +3.86e+02 +6.25e+00 +6.25e+00 +1.47e-03 +0.00e+00  1
    215 +2.0049e+03 +3.60e-02 +3.60e+09     50      1      1  0      1  0 +5.68e-14 +7.01e+00 +3.42e+02 +6.26e+00 +6.26e+00 +9.19e-04 +0.00e+00  1
    216 +2.0047e+03 +3.60e-02 +3.60e+09     50      1      1  0      1  0 +0.00e+00 +6.65e+00 +2.32e+02 +6.25e+00 +6.25e+00 +1.15e-03 +0.00e+00  1
    217 +2.0047e+03 +3.60e-02 +3.60e+09     50      2      8  0      3  0 +1.14e-12 +3.70e+00 +1.31e+02 +6.27e+00 +6.25e+00 +7.18e-04 +0.00e+00  1
    218 +2.0047e+03 +3.60e-02 +3.60e+09     50      1      1  0      1  0 +0.00e+00 +4.56e+00 +1.04e+02 +6.28e+00 +6.28e+00 +8.98e-04 +0.00e+00  1
    219 +2.0046e+03 +3.60e-02 +3.60e+09     50      2      8  0      3  0 +5.12e-13 +1.33e+01 +3.06e+02 +6.28e+00 +6.24e+00 +2.81e-04 +0.00e+00  1
--------------------------------------------------------------------------------------------------------------------------------------------------
  Iter.  Objective   St. Rad.  Tr. Rad.  |Pts| In Its QP Pts L? QP Its S?   QP KKT    |Step|   |Step|_H  |Grad.|  |G. Cmb.|  Stepsize Up. Fact. U?
--------------------------------------------------------------------------------------------------------------------------------------------------
    220 +2.0046e+03 +3.60e-02 +3.60e+09     50      2      8  0      3  0 +1.19e-01 +5.56e+00 +1.25e+02 +6.28e+00 +6.26e+00 +1.75e-04 +0.00e+00  1
    221 +2.0046e+03 +3.60e-02 +3.60e+09     50      2      9  0      4  0 +3.58e-02 +1.10e+01 +3.13e+02 +6.28e+00 +6.26e+00 +1.10e-04 +0.00e+00  1
    222 +2.0046e+03 +3.60e-02 +3.60e+09     50      2     10  0      4  0 +8.56e-03 +5.06e+00 +1.52e+02 +6.28e+00 +6.26e+00 +2.74e-04 +0.00e+00  1
    223 +2.0046e+03 +3.60e-02 +3.60e+09     50      2     10  0      4  0 +4.06e-12 +5.52e+00 +1.69e+02 +6.28e+00 +6.26e+00 +3.42e-04 +0.00e+00  1
    224 +2.0046e+03 +3.60e-02 +3.60e+09     50      2     11  0      4  0 +2.16e-02 +6.29e+00 +1.93e+02 +6.27e+00 +6.25e+00 +4.28e-04 +0.00e+00  1
    225 +2.0046e+03 +3.60e-02 +3.60e+09     50      2     12  0      4  0 +2.22e-16 +6.53e+00 +2.41e+02 +6.56e+00 +6.25e+00 +2.68e-04 +0.00e+00  1
    226 +2.0045e+03 +3.60e-02 +3.60e+09     50      2     13  0      4  0 +2.25e-12 +5.21e+00 +2.21e+02 +6.57e+00 +6.25e+00 +6.69e-04 +0.00e+00  1
    227 +2.0045e+03 +3.60e-02 +3.60e+09     50      2     13  0      3  0 +1.08e-12 +4.69e+00 +2.24e+02 +6.58e+00 +6.26e+00 +4.18e-04 +0.00e+00  1
    228 +2.0045e+03 +3.60e-02 +3.60e+09     50      2     14  0      4  0 +4.44e-16 +8.12e+00 +3.12e+02 +6.58e+00 +6.25e+00 +2.61e-04 +0.00e+00  1
    229 +2.0045e+03 +3.60e-02 +3.60e+09     50      2     15  0      4  0 +1.68e-12 +3.74e+00 +1.80e+02 +6.59e+00 +6.25e+00 +6.53e-04 +0.00e+00  1
    230 +2.0044e+03 +3.60e-02 +3.60e+09     50      2     16  0      5  0 +1.78e-15 +5.30e+00 +1.44e+02 +6.60e+00 +6.25e+00 +2.04e-04 +0.00e+00  1
    231 +2.0044e+03 +3.60e-02 +3.60e+09     50      2     17  0      5  0 +1.96e-12 +5.12e+00 +1.85e+02 +6.60e+00 +6.25e+00 +5.10e-04 +0.00e+00  1
    232 +2.0044e+03 +3.60e-02 +3.60e+09     50      2     18  0      5  0 +3.64e-12 +5.23e+00 +1.71e+02 +6.60e+00 +6.24e+00 +6.38e-04 +0.00e+00  1
    233 +2.0044e+03 +3.60e-02 +3.60e+09     50      2     18  0      4  0 +2.00e-15 +5.84e+00 +1.35e+02 +6.61e+00 +6.24e+00 +7.97e-04 +0.00e+00  1
    234 +2.0044e+03 +3.60e-02 +3.60e+09     50      1      1  0      1  0 +1.14e-13 +5.27e+00 +1.14e+02 +6.61e+00 +6.61e+00 +9.97e-04 +0.00e+00  1
    235 +2.0044e+03 +3.60e-02 +3.60e+09     50      2     20  0      2  0 +0.00e+00 +9.10e+00 +2.12e+02 +6.61e+00 +6.25e+00 +3.11e-04 +0.00e+00  1
    236 +2.0044e+03 +3.60e-02 +3.60e+09     50      2     20  0      2  0 +0.00e+00 +2.15e+01 +5.37e+02 +6.61e+00 +6.27e+00 +2.43e-05 +0.00e+00  1
    237 +2.0044e+03 +3.60e-02 +3.60e+09     50      2     21  0      3  0 +1.02e-12 +9.05e+00 +2.66e+02 +6.61e+00 +6.24e+00 +2.43e-04 +0.00e+00  1
    238 +2.0044e+03 +3.60e-02 +3.60e+09     50      2     22  0      3  0 +8.88e-16 +5.59e+00 +1.74e+02 +6.62e+00 +6.23e+00 +4.88e-04 +0.00e+00  1
    239 +2.0043e+03 +3.60e-03 +3.60e+08     50      2      2  0      2  0 +8.23e-03 +6.26e+00 +2.82e+02 +6.62e+00 +6.62e+00 +3.05e-04 +0.00e+00  1
--------------------------------------------------------------------------------------------------------------------------------------------------
  Iter.  Objective   St. Rad.  Tr. Rad.  |Pts| In Its QP Pts L? QP Its S?   QP KKT    |Step|   |Step|_H  |Grad.|  |G. Cmb.|  Stepsize Up. Fact. U?
--------------------------------------------------------------------------------------------------------------------------------------------------
    240 +2.0043e+03 +3.60e-03 +3.60e+08     50      2      2  0      2  0 +3.34e-02 +5.03e+00 +2.42e+02 +6.62e+00 +6.62e+00 +3.81e-04 +0.00e+00  1
    241 +2.0043e+03 +3.60e-03 +3.60e+08     50      2      2  0      2  0 +4.51e-02 +5.36e+00 +2.38e+02 +6.62e+00 +6.62e+00 +2.38e-04 +0.00e+00  1
    242 +2.0043e+03 +3.60e-03 +3.60e+08     50      2      3  0      2  0 +9.25e-02 +5.69e+00 +2.69e+02 +6.62e+00 +6.62e+00 +2.98e-04 +0.00e+00  1
    243 +2.0042e+03 +3.60e-03 +3.60e+08     50      1      1  0      1  0 +0.00e+00 +5.55e+00 +1.83e+02 +6.62e+00 +6.62e+00 +7.45e-04 +0.00e+00  1
    244 +2.0042e+03 +3.60e-03 +3.60e+08     50      1      1  0      1  0 +0.00e+00 +7.20e+00 +1.99e+02 +6.63e+00 +6.63e+00 +9.31e-04 +0.00e+00  1
    245 +2.0042e+03 +3.60e-03 +3.60e+08     50      1      1  0      1  0 +0.00e+00 +6.72e+00 +2.04e+02 +6.63e+00 +6.63e+00 +1.16e-03 +0.00e+00  1
    246 +2.0042e+03 +3.60e-03 +3.60e+08     50      1      1  0      1  0 +0.00e+00 +3.93e+00 +1.38e+02 +6.64e+00 +6.64e+00 +1.46e-03 +0.00e+00  1
    247 +2.0041e+03 +3.60e-03 +3.60e+08     50      2      1  0      2  0 +0.00e+00 +5.04e+00 +1.61e+02 +6.64e+00 +6.64e+00 +4.55e-04 +0.00e+00  1
    248 +2.0041e+03 +3.60e-03 +3.60e+08     50      2      2  0      2  0 +2.13e-02 +9.59e+00 +2.70e+02 +6.64e+00 +6.64e+00 +2.84e-04 +0.00e+00  1
    249 +2.0041e+03 +3.60e-03 +3.60e+08     50      1      1  0      1  0 +0.00e+00 +5.28e+00 +1.81e+02 +6.64e+00 +6.64e+00 +7.11e-04 +0.00e+00  1
    250 +2.0041e+03 +3.60e-03 +3.60e+08     50      1      1  0      1  0 +0.00e+00 +4.14e+00 +1.77e+02 +6.64e+00 +6.64e+00 +8.88e-04 +0.00e+00  1
    251 +2.0040e+03 +3.60e-03 +3.60e+08     50      2      1  0      2  0 +0.00e+00 +8.57e+00 +2.66e+02 +6.64e+00 +6.64e+00 +5.55e-04 +0.00e+00  1
    252 +2.0040e+03 +3.60e-03 +3.60e+08     50      1      1  0      1  0 +0.00e+00 +7.87e+00 +3.21e+02 +7.88e+00 +7.88e+00 +6.94e-04 +0.00e+00  1
    253 +2.0039e+03 +3.60e-03 +3.60e+08     50      1      1  0      1  0 +0.00e+00 +6.14e+00 +2.47e+02 +7.88e+00 +7.88e+00 +8.67e-04 +0.00e+00  1
    254 +2.0038e+03 +3.60e-03 +3.60e+08     50      2      1  0      2  0 +0.00e+00 +9.11e+00 +3.24e+02 +7.88e+00 +7.88e+00 +2.71e-04 +0.00e+00  1
    255 +2.0038e+03 +3.60e-03 +3.60e+08     50      2      2  0      2  0 +1.49e-02 +1.08e+01 +3.46e+02 +7.88e+00 +7.88e+00 +6.78e-04 +0.00e+00  1
    256 +2.0037e+03 +3.60e-03 +3.60e+08     50      2      1  0      2  0 +2.84e-14 +4.42e+00 +1.57e+02 +7.88e+00 +7.88e+00 +4.24e-04 +0.00e+00  1
    257 +2.0037e+03 +3.60e-03 +3.60e+08     50      1      1  0      1  0 +0.00e+00 +3.68e+00 +1.11e+02 +7.88e+00 +7.88e+00 +1.06e-03 +0.00e+00  1
    258 +2.0037e+03 +3.60e-03 +3.60e+08     50      2      1  0      2  0 +0.00e+00 +3.50e+00 +1.14e+02 +7.87e+00 +7.87e+00 +3.31e-04 +0.00e+00  1
    259 +2.0037e+03 +3.60e-03 +3.60e+08     50      2      2  0      2  0 +1.98e-02 +1.13e+01 +2.91e+02 +7.87e+00 +7.87e+00 +2.07e-04 +0.00e+00  1
--------------------------------------------------------------------------------------------------------------------------------------------------
  Iter.  Objective   St. Rad.  Tr. Rad.  |Pts| In Its QP Pts L? QP Its S?   QP KKT    |Step|   |Step|_H  |Grad.|  |G. Cmb.|  Stepsize Up. Fact. U?
--------------------------------------------------------------------------------------------------------------------------------------------------
    260 +2.0037e+03 +3.60e-03 +3.60e+08     50      2      3  0      2  0 +4.18e-02 +6.04e+00 +2.66e+02 +7.87e+00 +7.87e+00 +5.17e-04 +0.00e+00  1
    261 +2.0037e+03 +3.60e-03 +3.60e+08     50      1      1  0      1  0 +0.00e+00 +4.23e+00 +2.36e+02 +7.86e+00 +7.86e+00 +1.29e-03 +0.00e+00  1
    262 +2.0036e+03 +3.60e-03 +3.60e+08     50      1      1  0      1  0 +0.00e+00 +5.01e+00 +2.82e+02 +7.84e+00 +7.84e+00 +8.08e-04 +0.00e+00  1
    263 +2.0035e+03 +3.60e-03 +3.60e+08     50      1      1  0      1  0 +0.00e+00 +4.63e+00 +1.79e+02 +7.82e+00 +7.82e+00 +1.01e-03 +0.00e+00  1
    264 +2.0035e+03 +3.60e-03 +3.60e+08     50      2      1  0      2  0 +0.00e+00 +6.17e+00 +1.03e+02 +7.81e+00 +7.81e+00 +7.89e-05 +0.00e+00  1
    265 +2.0035e+03 +3.60e-03 +3.60e+08     50      2      2  0      2  0 +1.74e-03 +8.27e+00 +2.63e+02 +7.81e+00 +7.81e+00 +1.97e-04 +0.00e+00  1
    266 +2.0035e+03 +3.60e-03 +3.60e+08     50      2      3  0      2  0 +1.29e-02 +5.24e+00 +1.57e+02 +7.81e+00 +7.81e+00 +4.93e-04 +0.00e+00  1
    267 +2.0035e+03 +3.60e-03 +3.60e+08     50      1      1  0      1  0 +0.00e+00 +4.15e+00 +1.09e+02 +7.80e+00 +7.80e+00 +1.23e-03 +0.00e+00  1
    268 +2.0034e+03 +3.60e-03 +3.60e+08     50      2      1  0      2  0 +2.84e-14 +4.23e+00 +1.62e+02 +7.79e+00 +7.79e+00 +3.85e-04 +0.00e+00  1
    269 +2.0034e+03 +3.60e-03 +3.60e+08     50      2      2  0      2  0 +9.78e-04 +7.37e+00 +3.57e+02 +7.78e+00 +7.78e+00 +2.41e-04 +0.00e+00  1
    270 +2.0034e+03 +3.60e-03 +3.60e+08     50      1      1  0      1  0 +0.00e+00 +2.98e+00 +1.43e+02 +7.77e+00 +7.77e+00 +1.20e-03 +0.00e+00  1
    271 +2.0034e+03 +3.60e-03 +3.60e+08     50      1      1  0      1  0 +0.00e+00 +5.73e+00 +2.50e+02 +7.76e+00 +7.76e+00 +7.52e-04 +0.00e+00  1
    272 +2.0033e+03 +3.60e-03 +3.60e+08     50      2      1  0      2  0 +0.00e+00 +7.00e+00 +3.05e+02 +7.74e+00 +7.74e+00 +4.70e-04 +0.00e+00  1
    273 +2.0033e+03 +3.60e-03 +3.60e+08     50      1      1  0      1  0 +0.00e+00 +3.99e+00 +1.40e+02 +7.73e+00 +7.73e+00 +5.88e-04 +0.00e+00  1
    274 +2.0032e+03 +3.60e-03 +3.60e+08     50      2      2  0      2  0 +1.29e-02 +4.02e+00 +1.01e+02 +7.72e+00 +7.72e+00 +7.35e-04 +0.00e+00  1
    275 +2.0032e+03 +3.60e-03 +3.60e+08     50      2      2  0      2  0 +1.99e-02 +7.86e+00 +1.84e+02 +7.71e+00 +7.71e+00 +5.74e-05 +0.00e+00  1
    276 +2.0032e+03 +3.60e-03 +3.60e+08     50      2      3  0      2  0 +3.88e-02 +8.22e+00 +2.41e+02 +7.71e+00 +7.72e+00 +1.43e-04 +0.00e+00  1
    277 +2.0032e+03 +3.60e-03 +3.60e+08     50      2      3  0      2  0 +1.98e-03 +5.78e+00 +2.39e+02 +7.71e+00 +7.71e+00 +1.79e-04 +0.00e+00  1
    278 +2.0032e+03 +3.60e-03 +3.60e+08     50      2      4  0      2  0 +1.80e-02 +6.15e+00 +2.41e+02 +7.70e+00 +7.70e+00 +2.24e-04 +0.00e+00  1
    279 +2.0032e+03 +3.60e-03 +3.60e+08     50      2      5  0      3  0 +4.44e-16 +5.58e+00 +2.50e+02 +7.70e+00 +7.70e+00 +5.61e-04 +0.00e+00  1
--------------------------------------------------------------------------------------------------------------------------------------------------
  Iter.  Objective   St. Rad.  Tr. Rad.  |Pts| In Its QP Pts L? QP Its S?   QP KKT    |Step|   |Step|_H  |Grad.|  |G. Cmb.|  Stepsize Up. Fact. U?
--------------------------------------------------------------------------------------------------------------------------------------------------
    280 +2.0031e+03 +3.60e-03 +3.60e+08     50      1      1  0      1  0 +0.00e+00 +4.80e+00 +3.25e+02 +7.69e+00 +7.69e+00 +1.40e-03 +0.00e+00  1
    281 +2.0031e+03 +3.60e-03 +3.60e+08     50      1      1  0      1  0 +0.00e+00 +2.84e+00 +2.02e+02 +7.64e+00 +7.64e+00 +1.75e-03 +0.00e+00  1
    282 +2.0030e+03 +3.60e-03 +3.60e+08     50      2      1  0      2  0 +0.00e+00 +9.17e+00 +4.20e+02 +7.60e+00 +7.60e+00 +2.74e-04 +0.00e+00  1
    283 +2.0030e+03 +3.60e-03 +3.60e+08     50      2      2  0      2  0 +5.23e-02 +6.08e+00 +3.87e+02 +7.59e+00 +7.59e+00 +3.42e-04 +0.00e+00  1
    284 +2.0029e+03 +3.60e-03 +3.60e+08     50      2      2  0      2  0 +2.79e-02 +5.62e+00 +1.92e+02 +7.58e+00 +7.58e+00 +4.28e-04 +0.00e+00  1
    285 +2.0029e+03 +3.60e-03 +3.60e+08     50      2      2  0      2  0 +3.67e-02 +3.30e+00 +9.07e+01 +7.57e+00 +7.57e+00 +5.35e-04 +0.00e+00  1
    286 +2.0029e+03 +3.60e-03 +3.60e+08     50      2      3  0      2  0 +8.36e-02 +2.41e+00 +7.27e+01 +7.57e+00 +7.58e+00 +3.34e-04 +0.00e+00  1
    287 +2.0029e+03 +3.60e-03 +3.60e+08     50      2      3  0      2  0 +3.86e-03 +8.61e+00 +2.18e+02 +7.56e+00 +7.56e+00 +5.22e-05 +0.00e+00  1
    288 +2.0029e+03 +3.60e-03 +3.60e+08     50      2      4  0      2  0 +1.46e-02 +7.61e+00 +2.09e+02 +7.56e+00 +7.56e+00 +1.31e-04 +0.00e+00  1
    289 +2.0029e+03 +3.60e-03 +3.60e+08     50      2      5  0      3  0 +4.44e-16 +4.90e+00 +2.19e+02 +7.56e+00 +7.56e+00 +3.26e-04 +0.00e+00  1
    290 +2.0029e+03 +3.60e-03 +3.60e+08     50      1      1  0      1  0 +0.00e+00 +4.19e+00 +1.66e+02 +7.55e+00 +7.55e+00 +8.16e-04 +0.00e+00  1
    291 +2.0028e+03 +3.60e-03 +3.60e+08     50      1      1  0      1  0 +0.00e+00 +5.07e+00 +3.57e+02 +7.54e+00 +7.54e+00 +1.02e-03 +0.00e+00  1
    292 +2.0028e+03 +3.60e-03 +3.60e+08     50      1      1  0      1  0 +0.00e+00 +4.75e+00 +3.30e+02 +7.50e+00 +7.50e+00 +1.27e-03 +0.00e+00  1
    293 +2.0027e+03 +3.60e-03 +3.60e+08     50      2      1  0      2  0 +0.00e+00 +5.76e+00 +2.01e+02 +7.45e+00 +7.45e+00 +3.98e-04 +0.00e+00  1
    294 +2.0027e+03 +3.60e-03 +3.60e+08     50      2      2  0      2  0 +1.92e-02 +6.36e+00 +2.56e+02 +7.45e+00 +7.45e+00 +4.98e-04 +0.00e+00  1
    295 +2.0027e+03 +3.60e-03 +3.60e+08     50      2      2  0      2  0 +1.14e-01 +2.61e+00 +9.20e+01 +7.43e+00 +7.43e+00 +6.22e-04 +0.00e+00  1
    296 +2.0027e+03 +3.60e-03 +3.60e+08     50      2      2  0      2  0 +1.38e-02 +5.38e+00 +1.62e+02 +7.42e+00 +7.42e+00 +3.89e-04 +0.00e+00  1
    297 +2.0027e+03 +3.60e-03 +3.60e+08     50      1      1  0      1  0 +1.14e-13 +3.67e+00 +1.23e+02 +7.42e+00 +7.42e+00 +9.72e-04 +0.00e+00  1
    298 +2.0026e+03 +3.60e-03 +3.60e+08     50      2      3  0      2  0 +7.68e-02 +6.35e+00 +2.97e+02 +7.40e+00 +7.42e+00 +6.08e-04 +0.00e+00  1
    299 +2.0026e+03 +3.60e-03 +3.60e+08     50      1      1  0      1  0 +0.00e+00 +4.40e+00 +1.94e+02 +7.37e+00 +7.37e+00 +1.52e-03 +0.00e+00  1
--------------------------------------------------------------------------------------------------------------------------------------------------
  Iter.  Objective   St. Rad.  Tr. Rad.  |Pts| In Its QP Pts L? QP Its S?   QP KKT    |Step|   |Step|_H  |Grad.|  |G. Cmb.|  Stepsize Up. Fact. U?
--------------------------------------------------------------------------------------------------------------------------------------------------
    300 +2.0026e+03 +3.60e-03 +3.60e+08     50      2      1  0      2  0 +0.00e+00 +3.34e+00 +1.30e+02 +7.33e+00 +7.33e+00 +2.37e-04 +0.00e+00  1
    301 +2.0026e+03 +3.60e-03 +3.60e+08     50      2      2  0      2  0 +6.75e-03 +7.45e+00 +2.56e+02 +7.33e+00 +7.33e+00 +1.48e-04 +0.00e+00  1
    302 +2.0026e+03 +3.60e-03 +3.60e+08     50      2      3  0      2  0 +9.97e-03 +9.06e+00 +2.89e+02 +7.32e+00 +7.32e+00 +1.85e-04 +0.00e+00  1
    303 +2.0026e+03 +3.60e-03 +3.60e+08     50      2      4  0      2  0 +7.12e-02 +4.69e+00 +1.12e+02 +7.31e+00 +7.31e+00 +4.64e-04 +0.00e+00  1
    304 +2.0025e+03 +3.60e-03 +3.60e+08     50      2      2  0      2  0 +2.90e-03 +5.44e+00 +1.37e+02 +7.31e+00 +7.31e+00 +2.90e-04 +0.00e+00  1
    305 +2.0025e+03 +3.60e-03 +3.60e+08     50      2      3  0      2  0 +4.45e-02 +2.65e+00 +7.89e+01 +7.30e+00 +7.30e+00 +4.88e-04 +0.00e+00  1
    306 +2.0025e+03 +3.60e-04 +3.60e+07      7      2      1  0      2  0 +0.00e+00 +4.39e+00 +1.54e+02 +7.30e+00 +7.30e+00 +3.05e-04 +0.00e+00  1
    307 +2.0025e+03 +3.60e-04 +3.60e+07      8      1      1  0      1  0 +0.00e+00 +4.82e+00 +2.36e+02 +7.29e+00 +7.29e+00 +1.53e-03 +0.00e+00  1
    308 +2.0024e+03 +3.60e-04 +3.60e+07      8      1      1  0      1  0 +0.00e+00 +5.75e+00 +3.52e+02 +7.26e+00 +7.26e+00 +1.91e-03 +0.00e+00  1
    309 +2.0024e+03 +3.60e-04 +3.60e+07      0      1      1  0      1  0 +0.00e+00 +4.90e+00 +1.75e+02 +7.19e+00 +7.19e+00 +1.19e-03 +0.00e+00  1
    310 +2.0024e+03 +3.60e-04 +3.60e+07      1      2      1  0      2  0 +2.84e-14 +9.08e+00 +2.04e+02 +7.17e+00 +7.17e+00 +1.86e-04 +0.00e+00  1
    311 +2.0023e+03 +3.60e-04 +3.60e+07      2      2      1  0      2  0 +8.53e-14 +3.52e+00 +1.06e+02 +7.17e+00 +7.17e+00 +2.33e-04 +0.00e+00  1
    312 +2.0023e+03 +3.60e-04 +3.60e+07      3      2      1  0      2  0 +8.53e-14 +8.78e+00 +1.86e+02 +7.16e+00 +7.16e+00 +1.46e-04 +0.00e+00  1
    313 +2.0023e+03 +3.60e-04 +3.60e+07      4      2      1  0      2  0 +0.00e+00 +3.09e+00 +6.88e+01 +7.16e+00 +7.16e+00 +7.28e-04 +0.00e+00  1
    314 +2.0023e+03 +3.60e-04 +3.60e+07      5      1      1  0      1  0 +8.53e-14 +4.09e+00 +1.22e+02 +7.15e+00 +7.15e+00 +9.09e-04 +0.00e+00  1
    315 +2.0023e+03 +3.60e-04 +3.60e+07      6      1      1  0      1  0 +1.14e-13 +5.19e+00 +2.73e+02 +7.14e+00 +7.14e+00 +1.14e-03 +0.00e+00  1
    316 +2.0022e+03 +3.60e-04 +3.60e+07      7      1      1  0      1  0 +0.00e+00 +6.13e+00 +2.03e+02 +7.09e+00 +7.09e+00 +1.42e-03 +0.00e+00  1
    317 +2.0021e+03 +3.60e-04 +3.60e+07      5      2      1  0      2  0 +0.00e+00 +9.08e+00 +3.37e+02 +7.04e+00 +7.04e+00 +2.22e-04 +0.00e+00  1
    318 +2.0021e+03 +3.60e-04 +3.60e+07      4      2      1  0      2  0 +0.00e+00 +5.71e+00 +1.85e+02 +7.03e+00 +7.03e+00 +2.78e-04 +0.00e+00  1
    319 +2.0021e+03 +3.60e-04 +3.60e+07      4      2      1  0      2  0 +5.68e-14 +4.30e+00 +1.44e+02 +7.02e+00 +7.02e+00 +6.94e-04 +0.00e+00  1
--------------------------------------------------------------------------------------------------------------------------------------------------
  Iter.  Objective   St. Rad.  Tr. Rad.  |Pts| In Its QP Pts L? QP Its S?   QP KKT    |Step|   |Step|_H  |Grad.|  |G. Cmb.|  Stepsize Up. Fact. U?
--------------------------------------------------------------------------------------------------------------------------------------------------
    320 +2.0021e+03 +3.60e-04 +3.60e+07      4      1      1  0      1  0 +0.00e+00 +4.15e+00 +1.36e+02 +7.01e+00 +7.01e+00 +8.67e-04 +0.00e+00  1
    321 +2.0020e+03 +3.60e-04 +3.60e+07      5      1      1  0      1  0 +0.00e+00 +3.17e+00 +1.49e+02 +6.99e+00 +6.99e+00 +1.08e-03 +0.00e+00  1
    322 +2.0020e+03 +3.60e-04 +3.60e+07      5      1      1  0      1  0 +2.84e-14 +4.36e+00 +2.09e+02 +6.95e+00 +6.95e+00 +1.36e-03 +0.00e+00  1
    323 +2.0019e+03 +3.60e-04 +3.60e+07      4      2      1  0      2  0 +0.00e+00 +8.25e+00 +2.68e+02 +6.90e+00 +6.90e+00 +2.12e-04 +0.00e+00  1
    324 +2.0019e+03 +3.60e-04 +3.60e+07      4      1      1  0      1  0 +0.00e+00 +5.76e+00 +2.59e+02 +6.89e+00 +6.89e+00 +5.29e-04 +0.00e+00  1
    325 +2.0019e+03 +3.60e-04 +3.60e+07      5      2      1  0      2  0 +5.68e-14 +9.42e+00 +3.23e+02 +6.86e+00 +6.86e+00 +3.31e-04 +0.00e+00  1
    326 +2.0018e+03 +3.60e-04 +3.60e+07      5      2      1  0      2  0 +2.84e-14 +5.16e+00 +1.23e+02 +6.84e+00 +6.84e+00 +4.14e-04 +0.00e+00  1
    327 +2.0018e+03 +3.60e-04 +3.60e+07      5      2      1  0      2  0 +0.00e+00 +4.80e+00 +1.04e+02 +6.83e+00 +6.83e+00 +2.58e-04 +0.00e+00  1
    328 +2.0018e+03 +3.60e-04 +3.60e+07      6      2      1  0      2  0 +8.53e-14 +5.63e+00 +1.23e+02 +6.83e+00 +6.83e+00 +3.23e-04 +0.00e+00  1
    329 +2.0018e+03 +3.60e-04 +3.60e+07      6      2      1  0      2  0 +1.42e-14 +1.96e+00 +6.09e+01 +6.82e+00 +6.82e+00 +4.04e-04 +0.00e+00  1
    330 +2.0018e+03 +3.60e-04 +3.60e+07      7      2      1  0      2  0 +0.00e+00 +1.40e+01 +3.33e+02 +6.81e+00 +6.81e+00 +1.58e-05 +0.00e+00  1
    331 +2.0018e+03 +3.60e-04 +3.60e+07      8      2      2  0      2  0 +3.41e-03 +6.58e+00 +1.62e+02 +6.81e+00 +6.81e+00 +1.58e-04 +0.00e+00  1
    332 +2.0018e+03 +3.60e-04 +3.60e+07      9      1      1  0      1  0 +0.00e+00 +5.05e+00 +2.41e+02 +6.81e+00 +6.81e+00 +7.89e-04 +0.00e+00  1
    333 +2.0018e+03 +3.60e-04 +3.60e+07      9      1      1  0      1  0 +0.00e+00 +5.79e+00 +3.76e+02 +6.78e+00 +6.78e+00 +9.86e-04 +0.00e+00  1
    334 +2.0017e+03 +3.60e-04 +3.60e+07      7      1      1  0      1  0 +0.00e+00 +4.96e+00 +2.06e+02 +6.71e+00 +6.71e+00 +1.23e-03 +0.00e+00  1
    335 +2.0017e+03 +3.60e-04 +3.60e+07      2      1      1  0      1  0 +0.00e+00 +3.63e+00 +1.21e+02 +6.67e+00 +6.67e+00 +7.70e-04 +0.00e+00  1
    336 +2.0016e+03 +3.60e-04 +3.60e+07      2      2      1  0      2  0 +0.00e+00 +5.71e+00 +1.12e+02 +6.65e+00 +6.65e+00 +4.81e-04 +0.00e+00  1
    337 +2.0016e+03 +3.60e-04 +3.60e+07      3      2      1  0      2  0 +0.00e+00 +4.38e+00 +1.00e+02 +6.64e+00 +6.64e+00 +3.01e-04 +0.00e+00  1
    338 +2.0016e+03 +3.60e-04 +3.60e+07      4      2      1  0      2  0 +2.84e-14 +9.86e+00 +2.23e+02 +6.64e+00 +6.64e+00 +1.88e-04 +0.00e+00  1
    339 +2.0016e+03 +3.60e-04 +3.60e+07      5      1      1  0      1  0 +0.00e+00 +2.98e+00 +1.12e+02 +6.63e+00 +6.63e+00 +9.40e-04 +0.00e+00  1
--------------------------------------------------------------------------------------------------------------------------------------------------
  Iter.  Objective   St. Rad.  Tr. Rad.  |Pts| In Its QP Pts L? QP Its S?   QP KKT    |Step|   |Step|_H  |Grad.|  |G. Cmb.|  Stepsize Up. Fact. U?
--------------------------------------------------------------------------------------------------------------------------------------------------
    340 +2.0016e+03 +3.60e-04 +3.60e+07      6      2      1  0      2  0 +0.00e+00 +8.94e+00 +2.96e+02 +6.61e+00 +6.61e+00 +7.35e-05 +0.00e+00  1
    341 +2.0016e+03 +3.60e-04 +3.60e+07      7      2      1  0      2  0 +0.00e+00 +4.68e+00 +2.08e+02 +6.60e+00 +6.60e+00 +7.35e-04 +0.00e+00  1
    342 +2.0015e+03 +3.60e-04 +3.60e+07      8      1      1  0      1  0 +0.00e+00 +3.52e+00 +1.16e+02 +6.57e+00 +6.57e+00 +9.18e-04 +0.00e+00  1
    343 +2.0015e+03 +3.60e-04 +3.60e+07      8      2      1  0      2  0 +0.00e+00 +4.82e+00 +8.06e+01 +6.55e+00 +6.55e+00 +4.88e-04 +0.00e+00  1
    344 +2.0015e+03 +1.00e-04 +3.60e+06      1      2      1  0      2  0 +0.00e+00 +5.90e+00 +1.20e+02 +6.54e+00 +6.54e+00 +3.05e-04 +0.00e+00  1
    345 +2.0015e+03 +1.00e-04 +3.60e+06      2      1      1  0      1  0 +0.00e+00 +3.76e+00 +1.26e+02 +6.54e+00 +6.54e+00 +7.63e-04 +0.00e+00  1
    346 +2.0015e+03 +1.00e-04 +3.60e+06      2      1      1  0      1  0 +0.00e+00 +3.94e+00 +2.20e+02 +6.52e+00 +6.52e+00 +1.91e-03 +0.00e+00  1
    347 +2.0014e+03 +1.00e-04 +3.60e+06      0      2      1  0      2  0 +0.00e+00 +6.84e+00 +2.09e+02 +6.43e+00 +6.43e+00 +2.98e-04 +0.00e+00  1
    348 +2.0014e+03 +1.00e-04 +3.60e+06      1      2      1  0      2  0 +0.00e+00 +7.52e+00 +2.62e+02 +6.42e+00 +6.42e+00 +7.45e-04 +0.00e+00  1
    349 +2.0014e+03 +1.00e-04 +3.60e+06      0      2      1  0      2  0 +1.14e-13 +4.73e+00 +1.28e+02 +6.38e+00 +6.38e+00 +4.66e-04 +0.00e+00  1
    350 +2.0014e+03 +1.00e-04 +3.60e+06      1      2      1  0      2  0 +0.00e+00 +7.22e+00 +1.26e+02 +6.37e+00 +6.37e+00 +3.64e-05 +0.00e+00  1
    351 +2.0014e+03 +1.00e-04 +3.60e+06      2      2      1  0      2  0 +0.00e+00 +9.50e+00 +1.76e+02 +6.37e+00 +6.37e+00 +1.82e-04 +0.00e+00  1
    352 +2.0014e+03 +1.00e-04 +3.60e+06      3      2      1  0      2  0 +5.68e-14 +9.18e+00 +1.49e+02 +6.36e+00 +6.36e+00 +4.55e-04 +0.00e+00  1
    353 +2.0014e+03 +1.00e-04 +3.60e+06      1      2      1  0      2  0 +1.14e-13 +5.51e+00 +1.23e+02 +6.35e+00 +6.35e+00 +5.68e-04 +0.00e+00  1
    354 +2.0013e+03 +1.00e-04 +3.60e+06      1      2      1  0      2  0 +5.68e-14 +6.36e+00 +1.67e+02 +6.33e+00 +6.33e+00 +1.78e-04 +0.00e+00  1
    355 +2.0013e+03 +1.00e-04 +3.60e+06      1      2      1  0      2  0 +1.14e-13 +7.18e+00 +2.07e+02 +6.32e+00 +6.32e+00 +1.11e-04 +0.00e+00  1
    356 +2.0013e+03 +1.00e-04 +3.60e+06      2      1      1  0      1  0 +0.00e+00 +3.21e+00 +1.54e+02 +6.32e+00 +6.32e+00 +1.11e-03 +0.00e+00  1
    357 +2.0012e+03 +1.00e-04 +3.60e+06      0      2      1  0      2  0 +0.00e+00 +1.49e+01 +7.14e+02 +6.50e+00 +6.50e+00 +1.73e-04 +0.00e+00  1
    358 +2.0012e+03 +1.00e-04 +3.60e+06      1      1      1  0      1  0 +0.00e+00 +4.02e+00 +1.91e+02 +6.50e+00 +6.50e+00 +8.67e-04 +0.00e+00  1
    359 +2.0012e+03 +1.00e-04 +3.60e+06      0      1      1  0      1  0 +1.14e-13 +3.81e+00 +1.33e+02 +6.50e+00 +6.50e+00 +1.08e-03 +0.00e+00  1
--------------------------------------------------------------------------------------------------------------------------------------------------
  Iter.  Objective   St. Rad.  Tr. Rad.  |Pts| In Its QP Pts L? QP Its S?   QP KKT    |Step|   |Step|_H  |Grad.|  |G. Cmb.|  Stepsize Up. Fact. U?
--------------------------------------------------------------------------------------------------------------------------------------------------
    360 +2.0011e+03 +1.00e-04 +3.60e+06      0      1      1  0      1  0 +0.00e+00 +3.06e+00 +1.20e+02 +6.49e+00 +6.49e+00 +6.78e-04 +0.00e+00  1
    361 +2.0011e+03 +1.00e-04 +3.60e+06      1      2      1  0      2  0 +0.00e+00 +8.80e+00 +2.18e+02 +6.49e+00 +6.49e+00 +1.06e-04 +0.00e+00  1
    362 +2.0011e+03 +1.00e-04 +3.60e+06      2      2      1  0      2  0 +5.68e-14 +5.09e+00 +1.72e+02 +6.49e+00 +6.49e+00 +5.29e-04 +0.00e+00  1
    363 +2.0011e+03 +1.00e-04 +3.60e+06      2      1      1  0      1  0 +0.00e+00 +2.81e+00 +1.30e+02 +6.49e+00 +6.49e+00 +6.62e-04 +0.00e+00  1
    364 +2.0011e+03 +1.00e-04 +3.60e+06      1      2      1  0      2  0 +0.00e+00 +5.89e+00 +2.49e+02 +6.49e+00 +6.49e+00 +4.14e-04 +0.00e+00  1
    365 +2.0011e+03 +1.00e-04 +3.60e+06      1      2      1  0      2  0 +0.00e+00 +2.69e+00 +1.11e+02 +6.49e+00 +6.49e+00 +5.17e-04 +0.00e+00  1
    366 +2.0011e+03 +1.00e-04 +3.60e+06      1      2      1  0      2  0 +5.68e-14 +7.27e+00 +2.64e+02 +6.49e+00 +6.49e+00 +3.23e-04 +0.00e+00  1
    367 +2.0011e+03 +1.00e-04 +3.60e+06      1      2      1  0      2  0 +0.00e+00 +5.70e+00 +1.07e+02 +6.49e+00 +6.49e+00 +5.05e-05 +0.00e+00  1
    368 +2.0011e+03 +1.00e-04 +3.60e+06      2      2      1  0      2  0 +0.00e+00 +8.84e+00 +2.18e+02 +6.49e+00 +6.49e+00 +7.89e-06 +0.00e+00  1
    369 +2.0011e+03 +1.00e-04 +3.60e+06      3      2      2  0      2  0 +5.39e-04 +6.44e+00 +1.99e+02 +6.49e+00 +6.49e+00 +7.89e-05 +0.00e+00  1
    370 +2.0010e+03 +1.00e-04 +3.60e+06      4      2      1  0      2  0 +0.00e+00 +9.96e+00 +2.58e+02 +6.49e+00 +6.49e+00

EXIT: Objective not improving sufficiently.

Objective............................ : 2.001045e+03
Objective (unscaled)................. : 2.001045e+03

Number of iterations................. : 370
Number of inner iterations........... : 524
Number of QP iterations.............. : 598
Number of function evaluations....... : 2304
Number of gradient evaluations....... : 371

CPU seconds.......................... : 1.888899
CPU seconds in evaluations........... : 0.146606
CPU seconds in direction computations : 1.208335
CPU seconds in line searches......... : 0.118604
