Set value for option 'direction_computation' as CuttingPlane.
+--------------------------------------------------------------+
|       NonOpt = Nonlinear/Nonconvex/Nonsmooth Optimizer       |
| NonOpt is released as open source code under the MIT License |
| Please visit http://coral.ise.lehigh.edu/frankecurtis/nonopt |
+--------------------------------------------------------------+

This is NonOpt version 2.0

Number of variables.................. : 1000
Initial objective.................... : 5.992250e+03
Initial objective (unscaled)......... : 5.992250e+03

Approximate Hessian update strategy.. : BFGS
Derivative checker strategy.......... : FiniteDifference
Direction computation strategy....... : CuttingPlane
Line search strategy................. : WeakWolfe
Point set update strategy............ : Proximity
QP solver (small scale) strategy..... : DualActiveSet
QP solver (large scale) strategy..... : InteriorPoint
Symmetric matrix strategy............ : Dense
Termination strategy................. : Basic

--------------------------------------------------------------------------------------------------------------------------------------------------
  Iter.  Objective   St. Rad.  Tr. Rad.  |Pts| In Its QP Pts L? QP Its S?   QP KKT    |Step|   |Step|_H  |Grad.|  |G. Cmb.|  Stepsize Up. Fact. U?
--------------------------------------------------------------------------------------------------------------------------------------------------
      0 +5.9922e+03 +7.00e-01 +7.00e+10      0      1      1  0      1  0 +0.00e+00 +7.00e+00 +4.89e+04 +7.00e+00 +7.00e+00 +5.00e-01 +0.00e+00  1
      1 +5.9878e+03 +7.00e-01 +7.00e+10      0      1      1  0      1  0 +0.00e+00 +1.75e+00 +1.22e+04 +7.00e+00 +7.00e+00 +1.00e+00 +0.00e+00  1
      2 +6.2387e+02 +7.00e-01 +7.00e+10      1      1      1  0      1  0 +0.00e+00 +3.57e+00 +4.00e+03 +3.00e+00 +3.00e+00 +2.50e-01 +0.00e+00  1
      3 +4.1785e+02 +7.00e-02 +7.00e+09      0      1      1  0      1  0 +0.00e+00 +1.01e+00 +5.83e+02 +3.57e+00 +3.57e+00 +1.00e+00 +0.00e+00  1
      4 +9.9821e+00 +7.00e-02 +7.00e+09      0      1      1  0      1  0 +0.00e+00 +1.89e+00 +1.19e+03 +3.00e+00 +3.00e+00 +3.91e-03 +0.00e+00  1
      5 +6.9833e+00 +7.00e-02 +7.00e+09      1      1      1  0      1  0 +0.00e+00 +2.79e+00 +2.61e+02 +3.00e+00 +3.00e+00 +3.91e-02 +0.00e+00  1
      6 +6.1225e+00 +7.00e-02 +7.00e+09      2      1      1  0      1  0 +0.00e+00 +1.95e+00 +1.38e+01 +3.00e+00 +3.00e+00 +1.95e-01 +0.00e+00  1
      7 +5.5177e+00 +7.00e-02 +7.00e+09      3      1      1  0      1  0 +0.00e+00 +4.18e+00 +2.76e+01 +3.00e+00 +3.00e+00 +3.12e-02 +0.00e+00  1
      8 +5.5010e+00 +7.00e-02 +7.00e+09      4      1      1  0      1  0 +0.00e+00 +1.58e+00 +5.83e+00 +3.00e+00 +3.00e+00 +3.12e-01 +0.00e+00  1
      9 +4.3646e+00 +7.00e-02 +7.00e+09      5      1      1  0      1  0 +0.00e+00 +1.67e+01 +4.75e+01 +2.71e+00 +2.71e+00 +3.12e-02 +0.00e+00  1
     10 +3.7434e+00 +7.00e-02 +7.00e+09      6      1      1  0      1  0 +0.00e+00 +9.41e-01 +5.02e+00 +2.39e+00 +2.39e+00 +3.12e-01 +0.00e+00  1
     11 +3.2853e+00 +7.00e-02 +7.00e+09      7      1      1  0      1  0 +0.00e+00 +1.02e+00 +9.75e+00 +3.00e+00 +3.00e+00 +2.50e-01 +0.00e+00  1
     12 +2.7350e+00 +7.00e-02 +7.00e+09      8      1      1  0      1  0 +0.00e+00 +1.61e+00 +1.07e+01 +3.00e+00 +3.00e+00 +6.25e-02 +0.00e+00  1
     13 +2.6857e+00 +7.00e-02 +7.00e+09      9      1      1  0      1  0 +0.00e+00 +1.34e+00 +1.07e+01 +3.00e+00 +3.00e+00 +3.12e-01 +0.00e+00  1
     14 +2.3781e+00 +7.00e-02 +7.00e+09     10      1      1  0      1  0 +0.00e+00 +3.20e-01 +2.18e+00 +3.00e+00 +3.00e+00 +1.00e+00 +0.00e+00  1
     15 +1.2712e+00 +7.00e-02 +7.00e+09     11      1      1  0      1  0 +0.00e+00 +3.48e+00 +1.39e+01 +3.00e+00 +3.00e+00 +7.81e-03 +0.00e+00  1
     16 +1.2678e+00 +7.00e-02 +7.00e+09     12      1      1  0      1  0 +0.00e+00 +5.42e-01 +1.99e+00 +2.80e+00 +2.80e+00 +4.68e-01 +0.00e+00  1
     17 +1.1757e+00 +7.00e-02 +7.00e+09     13      1      1  0      1  0 +0.00e+00 +3.43e-01 +1.44e+00 +3.00e+00 +3.00e+00 +5.00e-01 +0.00e+00  1
     18 +1.0354e+00 +7.00e-02 +7.00e+09     14      1      1  0      1  0 +0.00e+00 +5.52e+00 +2.22e+01 +3.00e+00 +3.00e+00 +3.12e-02 +0.00e+00  1
     19 +9.7343e-01 +7.00e-02 +7.00e+09     15      1      1  0      1  0 +0.00e+00 +1.08e+00 +2.87e+00 +3.00e+00 +3.00e+00 +3.91e-02 +0.00e+00  1
--------------------------------------------------------------------------------------------------------------------------------------------------
  Iter.  Objective   St. Rad.  Tr. Rad.  |Pts| In Its QP Pts L? QP Its S?   QP KKT    |Step|   |Step|_H  |Grad.|  |G. Cmb.|  Stepsize Up. Fact. U?
--------------------------------------------------------------------------------------------------------------------------------------------------
     20 +9.1718e-01 +7.00e-02 +7.00e+09     16      1      1  0      1  0 +0.00e+00 +4.02e+00 +1.26e+01 +3.00e+00 +3.00e+00 +3.05e-03 +0.00e+00  1
     21 +9.1023e-01 +7.00e-02 +7.00e+09     17      1      1  0      1  0 +0.00e+00 +3.12e-01 +2.09e+00 +3.00e+00 +3.00e+00 +2.26e-01 +0.00e+00  1
     22 +8.3048e-01 +7.00e-02 +7.00e+09     18      1      1  0      1  0 +0.00e+00 +1.27e+00 +5.62e+00 +3.00e+00 +3.00e+00 +3.12e-02 +0.00e+00  1
     23 +7.1837e-01 +7.00e-02 +7.00e+09     19      1      1  0      1  0 +0.00e+00 +1.57e+00 +6.37e+00 +3.00e+00 +3.00e+00 +2.44e-03 +0.00e+00  1
     24 +7.1456e-01 +7.00e-02 +7.00e+09     20      1      1  0      1  0 +0.00e+00 +1.02e+00 +2.95e+00 +3.00e+00 +3.00e+00 +2.44e-02 +0.00e+00  1
     25 +6.4521e-01 +7.00e-02 +7.00e+09     21      1      1  0      1  0 +0.00e+00 +2.42e+01 +6.31e+01 +3.00e+00 +3.00e+00 +7.63e-03 +0.00e+00  1
     26 +4.8439e-01 +7.00e-02 +7.00e+09     22      1      1  0      1  0 +0.00e+00 +1.84e-01 +1.04e+00 +3.00e+00 +3.00e+00 +4.67e-01 +0.00e+00  1
     27 +2.8517e-01 +7.00e-02 +7.00e+09     23      1      1  0      1  0 +0.00e+00 +7.46e-02 +3.76e-01 +3.00e+00 +3.00e+00 +5.00e-01 +0.00e+00  1
     28 +1.4658e-01 +7.00e-02 +7.00e+09     24      2      2  0      2  0 +0.00e+00 +7.30e+00 +3.63e+01 +3.00e+00 +3.00e+00 +4.88e-04 +0.00e+00  1
     29 +1.4042e-01 +7.00e-02 +7.00e+09     25      1      1  0      1  0 +0.00e+00 +2.53e-01 +7.75e-01 +3.00e+00 +3.00e+00 +4.88e-03 +0.00e+00  1
     30 +1.3741e-01 +7.00e-02 +7.00e+09     26      1      1  0      1  0 +0.00e+00 +1.51e-01 +3.66e-01 +3.00e+00 +3.00e+00 +4.88e-02 +0.00e+00  1
     31 +1.2265e-01 +7.00e-02 +7.00e+09     27      1      1  0      1  0 +0.00e+00 +6.49e-01 +1.52e+00 +3.00e+00 +3.00e+00 +6.10e-02 +0.00e+00  1
     32 +9.8438e-02 +7.00e-02 +7.00e+09     28      1      1  0      1  0 +0.00e+00 +8.56e-02 +1.86e-01 +3.00e+00 +3.00e+00 +3.05e-01 +0.00e+00  1
     33 +9.0712e-02 +7.00e-02 +7.00e+09     29      1      1  0      1  0 +0.00e+00 +2.50e-02 +1.95e-01 +3.00e+00 +3.00e+00 +5.00e-01 +0.00e+00  1
     34 +6.5437e-02 +7.00e-02 +7.00e+09     30      1      1  0      1  0 +0.00e+00 +1.17e-01 +5.34e-01 +3.00e+00 +3.00e+00 +6.25e-02 +0.00e+00  1
     35 +6.2700e-02 +7.00e-02 +7.00e+09     31      1      1  0      1  0 +0.00e+00 +2.93e-02 +7.36e-02 +3.00e+00 +3.00e+00 +3.12e-01 +0.00e+00  1
     36 +5.7638e-02 +7.00e-02 +7.00e+09     32      1      1  0      1  0 +0.00e+00 +8.85e-02 +2.30e-01 +3.00e+00 +3.00e+00 +1.25e-01 +0.00e+00  1
     37 +4.2240e-02 +7.00e-02 +7.00e+09     33      2     10  0      4  0 +3.20e-02 +1.83e-02 +4.13e-02 +3.00e+00 +3.00e+00 +3.12e-02 +0.00e+00  1
     38 +4.2111e-02 +7.00e-02 +7.00e+09     35      2     12  0      6  0 +5.77e-15 +1.87e-02 +2.63e-02 +3.00e+00 +2.54e+00 +3.12e-01 +0.00e+00  1
     39 +3.1105e-02 +7.00e-02 +7.00e+09     36      1      1  0      1  0 +0.00e+00 +2.69e+00 +3.66e+00 +3.00e+00 +3.00e+00 +3.91e-03 +0.00e+00  1
--------------------------------------------------------------------------------------------------------------------------------------------------
  Iter.  Objective   St. Rad.  Tr. Rad.  |Pts| In Its QP Pts L? QP Its S?   QP KKT    |Step|   |Step|_H  |Grad.|  |G. Cmb.|  Stepsize Up. Fact. U?
--------------------------------------------------------------------------------------------------------------------------------------------------
     40 +2.8852e-02 +7.00e-02 +7.00e+09     37      1      1  0      1  0 +0.00e+00 +2.85e-01 +1.80e-01 +3.00e+00 +3.00e+00 +3.91e-02 +0.00e+00  1
     41 +2.2687e-02 +7.00e-02 +7.00e+09     38      1      1  0      1  0 +0.00e+00 +3.82e-01 +2.22e-01 +3.00e+00 +3.00e+00 +4.88e-02 +0.00e+00  1
     42 +1.8807e-02 +7.00e-02 +7.00e+09     39      1      1  0      1  0 +0.00e+00 +1.62e-02 +4.74e-02 +3.00e+00 +3.00e+00 +1.22e-01 +0.00e+00  1
     43 +1.4633e-02 +7.00e-02 +7.00e+09     40      1      1  0      1  0 +0.00e+00 +9.72e-01 +1.49e+00 +3.00e+00 +3.00e+00 +1.95e-03 +0.00e+00  1
     44 +1.4434e-02 +7.00e-02 +7.00e+09     41      1      1  0      1  0 +0.00e+00 +6.06e-02 +4.02e-02 +3.00e+00 +3.00e+00 +2.15e-01 +0.00e+00  1
     45 +7.8261e-03 +7.00e-02 +7.00e+09     42      1      1  0      1  0 +0.00e+00 +5.25e-03 +2.96e-02 +3.00e+00 +3.00e+00 +2.50e-01 +0.00e+00  1
     46 +3.8621e-03 +7.00e-02 +7.00e+09     43      2     20  0      6  0 +3.11e-04 +2.76e-03 +1.65e-03 +3.00e+00 +1.20e+00 +1.25e-01 +0.00e+00  1
     47 +3.8074e-03 +7.00e-02 +7.00e+09     45      2     22  0      7  0 +3.14e-03 +2.59e-03 +1.53e-03 +3.00e+00 +1.22e+00 +5.00e-01 +0.00e+00  1
     48 +3.5585e-03 +7.00e-02 +7.00e+09     47      2     24  0      7  0 +1.36e-03 +4.18e-03 +1.15e-03 +3.00e+00 +1.68e+00 +5.00e-01 +0.00e+00  1
     49 +2.9984e-03 +7.00e-02 +7.00e+09     49      2     26  1      8  0 +2.69e-04 +7.76e-04 +7.24e-04 +3.00e+00 +1.11e+00 +5.00e-01 +0.00e+00  1
     50 +2.6962e-03 +7.00e-02 +7.00e+09     50      2     28  1      8  0 +1.73e-04 +1.10e-03 +6.27e-04 +3.00e+00 +1.15e+00 +5.00e-01 +0.00e+00  1
     51 +2.3869e-03 +7.00e-02 +7.00e+09     50      2     30  1      9  0 +1.19e-04 +1.98e-03 +9.77e-04 +3.00e+00 +1.40e+00 +1.00e+00 +0.00e+00  1
     52 +2.2385e-03 +7.00e-02 +7.00e+09     50      3     33  1     18  0 +1.43e-04 +2.93e-03 +4.56e-04 +3.00e+00 +1.20e+00 +5.00e-01 +0.00e+00  1
     53 +1.9264e-03 +7.00e-02 +7.00e+09     50      2     34  1     10  0 +4.53e-04 +5.96e-04 +1.68e-04 +3.00e+00 +6.05e-01 +1.00e+00 +0.00e+00  1
     54 +1.3143e-03 +7.00e-02 +7.00e+09     50      2     35  1     10  0 +2.36e-04 +6.68e-04 +2.66e-04 +3.00e+00 +1.20e+00 +5.00e-01 +0.00e+00  1
     55 +1.1871e-03 +7.00e-02 +7.00e+09     50      3     39  1     21  0 +7.42e-05 +1.01e-03 +2.87e-04 +3.00e+00 +1.51e+00 +5.00e-01 +0.00e+00  1
     56 +9.1155e-04 +7.00e-02 +7.00e+09     50      2     40  1     11  0 +5.39e-05 +1.77e-03 +1.16e-04 +3.00e+00 +9.74e-01 +1.00e+00 +0.00e+00  1
     57 +6.3417e-04 +7.00e-02 +7.00e+09     50      2     41  1     12  0 +4.34e-05 +1.89e-03 +5.06e-05 +3.00e+00 +6.09e-01 +2.50e-01 +0.00e+00  1
     58 +5.8875e-04 +7.00e-02 +7.00e+09     50      2     43  1     12  0 +2.47e-05 +1.71e-03 +5.41e-05 +3.00e+00 +7.20e-01 +5.00e-01 +0.00e+00  1
     59 +5.6450e-04 +7.00e-02 +7.00e+09     50      2     45  1     13  0 +4.76e-06 +4.40e-04 +1.29e-04 +3.00e+00 +1.13e+00 +1.00e+00 +0.00e+00  1
--------------------------------------------------------------------------------------------------------------------------------------------------
  Iter.  Objective   St. Rad.  Tr. Rad.  |Pts| In Its QP Pts L? QP Its S?   QP KKT    |Step|   |Step|_H  |Grad.|  |G. Cmb.|  Stepsize Up. Fact. U?
--------------------------------------------------------------------------------------------------------------------------------------------------
     60 +4.8240e-04 +7.00e-02 +7.00e+09     50      2     46  1     13  0 +5.28e-07 +1.13e-03 +1.13e-04 +3.00e+00 +1.45e+00 +5.00e-01 +0.00e+00  1
     61 +4.1402e-04 +7.00e-02 +7.00e+09     50      2     48  1     13  0 +1.13e-05 +7.80e-04 +1.00e-04 +3.00e+00 +9.76e-01 +1.00e+00 +0.00e+00  1
     62 +2.9280e-04 +7.00e-02 +7.00e+09     50      2     49  1     14  0 +2.17e-06 +1.39e-03 +5.41e-05 +3.00e+00 +1.25e+00 +1.00e+00 +0.00e+00  1
     63 +2.4396e-04 +7.00e-02 +7.00e+09     50      2     50  1     14  0 +6.04e-08 +8.07e-04 +1.82e-05 +3.00e+00 +9.27e-01 +6.25e-02 +0.00e+00  1
     64 +2.4200e-04 +7.00e-02 +7.00e+09     50      2     51  1     14  0 +2.33e-06 +1.76e-03 +2.23e-05 +3.00e+00 +6.85e-01 +6.25e-01 +0.00e+00  1
     65 +1.6364e-04 +7.00e-02 +7.00e+09     50      2     51  1     14  0 +3.96e-06 +2.45e-03 +2.11e-05 +3.00e+00 +5.75e-01 +5.00e-01 +0.00e+00  1
     66 +1.3969e-04 +7.00e-02 +7.00e+09     50      2     51  1     14  0 +3.80e-06 +2.42e-03 +1.07e-05 +3.00e+00 +5.04e-01 +5.00e-01 +0.00e+00  1
     67 +1.2596e-04 +7.00e-02 +7.00e+09     50      2     51  1     14  0 +9.57e-07 +6.27e-04 +8.03e-06 +3.00e+00 +5.54e-01 +5.00e-01 +6.44e-03  1
     68 +1.1317e-04 +7.00e-02 +7.00e+09     50      2     51  1     14  0 +2.17e-07 +5.61e-05 +9.10e-06 +3.00e+00 +8.50e-01 +5.00e-01 +7.46e-01  1
     69 +8.9918e-05 +7.00e-02 +7.00e+09     50      2     51  1     14  0 +7.66e-07 +9.76e-04 +9.75e-06 +3.00e+00 +9.15e-01 +2.50e-01 +0.00e+00  1
     70 +8.0289e-05 +7.00e-02 +7.00e+09     50      2     51  1     14  0 +9.47e-04 +7.96e-04 +2.48e-06 +3.00e+00 +4.09e-01 +2.05e-05 +7.25e-01  1
     71 +8.0289e-05 +7.00e-03 +7.00e+08     50      2     45  1     13  0 +1.21e-05 +1.18e-03 +7.38e-06 +3.00e+00 +6.01e-01 +7.81e-01 +0.00e+00  1
     72 +6.8889e-05 +7.00e-03 +7.00e+08     50      2     48  1     13  0 +3.91e-05 +1.14e-03 +3.27e-06 +3.00e+00 +4.09e-01 +2.50e-01 +0.00e+00  1
     73 +6.2016e-05 +7.00e-03 +7.00e+08     50      2     50  1     14  0 +1.03e-05 +2.07e-03 +6.56e-06 +3.00e+00 +6.51e-01 +5.00e-01 +0.00e+00  1
     74 +5.0879e-05 +7.00e-03 +7.00e+08     50      2     51  1     14  0 +5.62e-04 +1.60e-03 +6.28e-06 +3.00e+00 +7.17e-01 +4.64e-03 +9.08e-01  1
     75 +5.0767e-05 +7.00e-03 +7.00e+08     50      2     51  1     14  0 +2.47e-06 +1.26e-03 +1.79e-06 +3.00e+00 +4.97e-01 +8.27e-01 +4.49e-01  1
     76 +2.7523e-05 +7.00e-03 +7.00e+08     50      2     51  1     14  0 +3.19e-06 +1.06e-04 +1.17e-06 +3.00e+00 +5.30e-01 +5.00e-01 +8.09e-01  1
     77 +2.1726e-05 +7.00e-03 +7.00e+08     50      3     53  1     28  0 +4.42e-05 +1.86e-04 +2.55e-06 +3.00e+00 +5.06e-01 +1.43e-06 +0.00e+00  0
     78 +2.1726e-05 +7.00e-03 +7.00e+08     50      3     53  1     28  0 +4.62e-06 +5.43e-04 +3.56e-06 +3.00e+00 +6.58e-01 +9.77e-02 +8.07e-01  1
     79 +2.1702e-05 +7.00e-03 +7.00e+08     50      2     51  1     14  0 +1.44e-05 +1.01e-03 +1.18e-06 +3.00e+00 +5.03e-01 +2.44e-01 +0.00e+00  1
--------------------------------------------------------------------------------------------------------------------------------------------------
  Iter.  Objective   St. Rad.  Tr. Rad.  |Pts| In Its QP Pts L? QP Its S?   QP KKT    |Step|   |Step|_H  |Grad.|  |G. Cmb.|  Stepsize Up. Fact. U?
--------------------------------------------------------------------------------------------------------------------------------------------------
     80 +2.0946e-05 +7.00e-03 +7.00e+08     50      2     51  1     14  0 +3.08e-04 +3.13e-03 +1.72e-06 +3.00e+00 +6.30e-01 +1.25e-03 +9.45e-01  1
     81 +2.0913e-05 +7.00e-03 +7.00e+08     50      2     51  1     14  0 +1.57e-05 +8.13e-04 +4.80e-07 +3.00e+00 +3.61e-01 +7.82e-04 +9.98e-01  1
     82 +2.0908e-05 +7.00e-03 +7.00e+08     50      3     53  1     28  0 +6.31e-05 +2.30e-03 +2.04e-06 +3.00e+00 +3.67e-01 +2.98e-08 +0.00e+00  0
     83 +2.0908e-05 +7.00e-03 +7.00e+08     50      3     53  1     28  0 +1.48e-04 +9.41e-04 +2.14e-06 +3.00e+00 +4.76e-01 +9.57e-05 +9.99e-01  1
     84 +2.0906e-05 +7.00e-03 +7.00e+08     50      3     52  1     27  0 +4.44e-04 +2.27e-01 +1.01e-04 +3.00e+00 +7.85e-01 +2.92e-08 +0.00e+00  0
     85 +2.0906e-05 +7.00e-03 +7.00e+08     50      3     52  1     27  0 +4.07e-04 +1.79e-01 +1.32e-04 +3.00e+00 +9.19e-01 +2.92e-07 +1.00e+00  1
     86 +2.0906e-05 +7.00e-03 +7.00e+08     50      3     52  1     27  0 +6.11e-05 +3.37e-01 +1.55e-04 +3.00e+00 +1.29e+00 +4.56e-08 +1.00e+00  1
     87 +2.0906e-05 +7.00e-03 +7.00e+08     50      3     52  1     27  0 +7.04e-04 +1.62e+01 +1.88e-02 +3.00e+00 +1.12e+00 +1.19e-07 +9.84e-01  1
     88 +2.0906e-05 +7.00e-04 +7.00e+07     50      2     28  1      8  0 +1.29e+02 +4.39e+03 +3.94e+01 +3.00e+00 +2.22e+00 +1.16e-09 +9.87e-01  1
     89 +2.0898e-05 +7.00e-04 +7.00e+07     50      2     28  1      8  0 +7.36e+03 +9.08e+04 +9.18e+02 +3.00e+00 +1.97e+00 +3.64e-10 +9.46e-01  1
     90 +2.0840e-05 +7.00e-04 +7.00e+07     50      2     28  1      8  0 +1.57e+04 +1.89e+05 +2.18e+03 +3.00e+00 +2.19e+00 +5.68e-11 +6.89e-01  1
     91 +2.0745e-05 +7.00e-04 +7.00e+07     50      2     29  1      9  0 +5.14e+01 +2.58e+04 +2.64e+02 +3.00e+00 +2.75e+00 +5.68e-10 +9.70e-01  1
     92 +2.0611e-05 +7.00e-04 +7.00e+07     50      2     31  1      9  0 +8.91e-05 +1.98e+03 +1.23e+01 +3.00e+00 +2.33e+00 +5.23e-08 +7.37e-01  1
     93 +1.9765e-05 +7.00e-04 +7.00e+07     50      2     33  1     10  0 +2.01e-06 +2.38e+03 +1.64e+01 +3.00e+00 +2.58e+00 +3.27e-08 +2.57e-01  1
     94 +1.9644e-05 +7.00e-04 +7.00e+07     50      2     34  1     10  0 +3.19e-06 +1.35e+03 +1.07e+01 +3.00e+00 +1.87e+00 +4.08e-08 +5.33e-01  1
     95 +1.8819e-05 +7.00e-04 +7.00e+07     50      2     35  1     10  0 +8.95e-04 +1.43e+02 +4.16e+00 +3.00e+00 +2.26e+00 +2.04e-07 +3.24e-01  1
     96 +1.6956e-05 +7.00e-04 +7.00e+07     50      3     36  1     19  0 +5.46e-04 +1.11e+02 +3.15e+00 +3.00e+00 +2.04e+00 +6.38e-08 +6.47e-01  1
     97 +1.6909e-05 +7.00e-04 +7.00e+07     50      2     37  1     11  0 +1.63e-02 +1.10e+02 +2.60e+00 +3.00e+00 +2.02e+00 +1.99e-08 +4.27e-01  1
     98 +1.6887e-05 +7.00e-04 +7.00e+07     50      3     39  1     21  0 +1.96e-03 +5.01e+01 +6.93e-01 +3.00e+00 +1.92e+00 +1.49e-08 +9.82e-01  1
     99 +1.6864e-05 +1.00e-04 +7.00e+06     50      2      8  0      2  0 +0.00e+00 +2.16e+03 +1.01e+03 +3.00e+00 +3.00e+00 +2.33e-09 +9.34e-01  1
--------------------------------------------------------------------------------------------------------------------------------------------------
  Iter.  Objective   St. Rad.  Tr. Rad.  |Pts| In Its QP Pts L? QP Its S?   QP KKT    |Step|   |Step|_H  |Grad.|  |G. Cmb.|  Stepsize Up. Fact. U?
--------------------------------------------------------------------------------------------------------------------------------------------------
    100 +1.5895e-05 +1.00e-04 +7.00e+06     50      2      9  0      2  0 +0.00e+00 +9.22e+02 +2.11e+02 +3.00e+00 +3.00e+00 +5.82e-09 +6.07e-01  1
    101 +1.4878e-05 +1.00e-04 +7.00e+06     50      2     10  0      2  0 +0.00e+00 +2.60e+03 +1.34e+02 +3.00e+00 +3.00e+00 +1.82e-09 +8.75e-01  1
    102 +1.4702e-05 +1.00e-04 +7.00e+06     50      2     11  0      2  0 +0.00e+00 +7.95e+02 +1.19e+01 +3.00e+00 +3.00e+00 +1.42e-10 +9.99e-01  1
    103 +1.4702e-05 +1.00e-04 +7.00e+06     50      2     12  0      3  0 +1.11e-16 +4.29e+03 +5.56e+01 +3.00e+00 +3.00e+00 +8.88e-11 +9.98e-01  1
    104 +1.4700e-05 +1.00e-04 +7.00e+06     50      2     13  0      3  0 +7.11e-15 +3.33e+03 +3.55e+01 +3.00e+00 +3.00e+00 +8.88e-10 +9.91e-01  1
    105 +1.4676e-05 +1.00e-04 +7.00e+06     50      2     14  0      2  0 +0.00e+00 +9.65e+02 +1.41e+01 +3.00e+00 +3.00e+00 +8.88e-09 +9.33e-01  1
    106 +1.4554e-05 +1.00e-04 +7.00e+06     50      2     15  0      2  0 +0.00e+00 +8.32e+02 +2.12e+01 +3.00e+00 +3.00e+00 +1.39e-09 +9.82e-01  1
    107 +1.4539e-05 +1.00e-04 +7.00e+06     50      2     16  0      3  0 +9.99e-16 +4.03e+01 +9.09e-01 +3.00e+00 +3.00e+00 +1.39e-08 +9.93e-01  1
    108 +1.4529e-05 +1.00e-04 +7.00e+06     50      2     17  0      2  0 +0.00e+00 +2.75e+04 +6.18e+02 +3.00e+00 +3.00e+00 +3.39e-11 +9.87e-01  1
    109 +1.4522e-05 +1.00e-04 +7.00e+06     50      2     18  0      2  0 +0.00e+00 +1.70e+02 +9.91e-01 +3.00e+00 +3.00e+00

EXIT: Objective not improving sufficiently.

Objective............................ : 1.452173e-05
Objective (unscaled)................. : 1.452173e-05

Number of iterations................. : 109
Number of inner iterations........... : 189
Number of QP iterations.............. : 851
Number of function evaluations....... : 860
Number of gradient evaluations....... : 169

CPU seconds.......................... : 1.703804
CPU seconds in evaluations........... : 0.054732
CPU seconds in direction computations : 1.501499
CPU seconds in line searches......... : 0.042166
