Set value for option 'direction_computation' as Gradient.
+--------------------------------------------------------------+
|       NonOpt = Nonlinear/Nonconvex/Nonsmooth Optimizer       |
| NonOpt is released as open source code under the MIT License |
| Please visit http://coral.ise.lehigh.edu/frankecurtis/nonopt |
+--------------------------------------------------------------+

This is NonOpt version 2.0

Number of variables.................. : 1000
Initial objective.................... : 9.990000e+02
Initial objective (unscaled)......... : 9.990000e+02

Approximate Hessian update strategy.. : BFGS
Derivative checker strategy.......... : FiniteDifference
Direction computation strategy....... : Gradient
Line search strategy................. : WeakWolfe
Point set update strategy............ : Proximity
QP solver (small scale) strategy..... : DualActiveSet
QP solver (large scale) strategy..... : InteriorPoint
Symmetric matrix strategy............ : Dense
Termination strategy................. : Basic

-----------------------------------------------------------------------------------------------------------------------------------------------------
  Iter.  Objective   St. Rad.  Tr. Rad.  |Pts| In. Its.  QP Pts.  QP Its. QP   QP KKT    |Step|   |Step|_H  |Grad.|  |G. Cmb.|  Stepsize Up. Fact. U?
-----------------------------------------------------------------------------------------------------------------------------------------------------
      0 +9.9900e+02 +2.00e-01 +2.00e+10      0        1        1        1  0 +0.00e+00 +2.00e+00 +3.99e+03 +2.00e+00 +2.00e+00 +1.00e+00 +0.00e+00  1
      1 +4.9750e+02 +2.00e-01 +2.00e+10      0        1        1        1  0 +0.00e+00 +1.33e+00 +5.32e+03 +4.00e+00 +4.00e+00 +1.00e+00 +0.00e+00  1
      2 -3.3367e+02 +2.00e-01 +2.00e+10      0        1        1        1  0 +0.00e+00 +6.67e-01 +8.88e+02 +2.00e+00 +2.00e+00 +1.77e+00 +0.00e+00  1
      3 -1.0834e+03 +2.00e-01 +2.00e+10      0        1        1        1  0 +0.00e+00 +1.32e+00 +6.85e+02 +2.37e+00 +2.37e+00 +1.00e+00 +0.00e+00  1
      4 -1.1589e+03 +2.00e-01 +2.00e+10      1        1        1        1  0 +5.68e-14 +1.97e-01 +3.93e+02 +2.00e+00 +2.00e+00 +1.00e+00 +0.00e+00  1
      5 -1.3445e+03 +2.00e-01 +2.00e+10      2        1        1        1  0 +0.00e+00 +1.03e+00 +8.14e+01 +1.11e+00 +1.11e+00 +1.00e+00 +0.00e+00  1
      6 -1.4037e+03 +2.00e-01 +2.00e+10      3        1        1        1  0 +1.14e-13 +1.92e+00 +1.05e+02 +4.83e+00 +4.83e+00 +1.25e-01 +0.00e+00  1
      7 -1.4046e+03 +2.00e-01 +2.00e+10      4        1        1        1  0 +0.00e+00 +5.02e+00 +5.11e+01 +3.86e+00 +3.86e+00 +2.50e-01 +0.00e+00  1
      8 -1.4080e+03 +2.00e-01 +2.00e+10      5        1        1        1  0 +0.00e+00 +8.21e-01 +4.90e+00 +2.03e+00 +2.03e+00 +5.00e-01 +0.00e+00  1
      9 -1.4091e+03 +2.00e-01 +2.00e+10      6        1        1        1  0 +0.00e+00 +1.04e+00 +1.11e+01 +2.17e+00 +2.17e+00 +2.50e-01 +0.00e+00  1
     10 -1.4100e+03 +2.00e-01 +2.00e+10      7        1        1        1  0 +9.77e-14 +1.53e+00 +1.06e+01 +2.00e+00 +2.00e+00 +1.25e-01 +0.00e+00  1
     11 -1.4105e+03 +2.00e-01 +2.00e+10      8        1        1        1  0 +2.31e-14 +2.06e+00 +1.46e+01 +2.06e+00 +2.06e+00 +6.25e-02 +0.00e+00  1
     12 -1.4108e+03 +2.00e-01 +2.00e+10      9        1        1        1  0 +8.88e-15 +2.20e+00 +1.50e+01 +2.00e+00 +2.00e+00 +7.81e-02 +0.00e+00  1
     13 -1.4115e+03 +2.00e-01 +2.00e+10     10        1        1        1  0 +7.55e-14 +1.08e+00 +5.29e+00 +1.46e+00 +1.46e+00 +4.88e-02 +0.00e+00  1
     14 -1.4116e+03 +2.00e-01 +2.00e+10     11        1        1        1  0 +0.00e+00 +1.28e+00 +5.30e+00 +2.00e+00 +2.00e+00 +1.22e-01 +0.00e+00  1
     15 -1.4117e+03 +2.00e-01 +2.00e+10     12        1        1        1  0 +8.88e-14 +2.83e+00 +1.12e+01 +2.00e+00 +2.00e+00 +6.25e-02 +0.00e+00  1
     16 -1.4118e+03 +2.00e-01 +2.00e+10     13        1        1        1  0 +0.00e+00 +1.58e+00 +7.55e+00 +2.00e+00 +2.00e+00 +7.81e-02 +0.00e+00  1
     17 -1.4118e+03 +2.00e-01 +2.00e+10     14        1        1        1  0 +6.22e-15 +5.36e-01 +2.83e+00 +2.00e+00 +2.00e+00 +9.77e-02 +0.00e+00  1
     18 -1.4119e+03 +2.00e-01 +2.00e+10     15        1        1        1  0 +7.02e-14 +6.37e-01 +4.61e+00 +2.00e+00 +2.00e+00 +6.10e-02 +0.00e+00  1
     19 -1.4120e+03 +2.00e-01 +2.00e+10     16        1        1        1  0 +0.00e+00 +1.53e+00 +9.06e+00 +1.09e+00 +1.09e+00 +3.81e-02 +0.00e+00  1
-----------------------------------------------------------------------------------------------------------------------------------------------------
  Iter.  Objective   St. Rad.  Tr. Rad.  |Pts| In. Its.  QP Pts.  QP Its. QP   QP KKT    |Step|   |Step|_H  |Grad.|  |G. Cmb.|  Stepsize Up. Fact. U?
-----------------------------------------------------------------------------------------------------------------------------------------------------
     20 -1.4121e+03 +2.00e-01 +2.00e+10     17        1        1        1  0 +0.00e+00 +1.37e+00 +6.61e+00 +2.00e+00 +2.00e+00 +4.77e-02 +0.00e+00  1
     21 -1.4122e+03 +2.00e-01 +2.00e+10     18        1        1        1  0 +4.44e-14 +1.52e+00 +7.14e+00 +2.00e+00 +2.00e+00 +1.49e-02 +0.00e+00  1
     22 -1.4123e+03 +2.00e-01 +2.00e+10     19        1        1        1  0 +0.00e+00 +2.90e+00 +1.34e+01 +2.00e+00 +2.00e+00 +9.31e-03 +0.00e+00  1
     23 -1.4123e+03 +2.00e-01 +2.00e+10     20        1        1        1  0 +0.00e+00 +1.54e+00 +8.20e+00 +2.00e+00 +2.00e+00 +5.82e-03 +0.00e+00  1
     24 -1.4123e+03 +2.00e-01 +2.00e+10     21        1        1        1  0 +0.00e+00 +1.14e+00 +5.83e+00 +2.00e+00 +2.00e+00 +7.28e-03 +0.00e+00  1
     25 -1.4123e+03 +2.00e-01 +2.00e+10     22        1        1        1  0 +3.29e-14 +8.07e-01 +3.90e+00 +2.00e+00 +2.00e+00 +1.82e-02 +0.00e+00  1
     26 -1.4124e+03 +2.00e-01 +2.00e+10     23        1        1        1  0 +0.00e+00 +1.45e+00 +1.04e+01 +2.00e+00 +2.00e+00 +2.27e-02 +0.00e+00  1
     27 -1.4124e+03 +2.00e-01 +2.00e+10     24        1        1        1  0 +1.06e-13 +8.11e-01 +5.33e+00 +2.00e+00 +2.00e+00 +7.11e-03 +0.00e+00  1
     28 -1.4124e+03 +2.00e-01 +2.00e+10     25        1        1        1  0 +7.73e-14 +8.77e-01 +4.48e+00 +2.00e+00 +2.00e+00 +8.88e-03 +0.00e+00  1
     29 -1.4124e+03 +2.00e-01 +2.00e+10     26        1        1        1  0 +0.00e+00 +7.41e-01 +4.54e+00 +2.00e+00 +2.00e+00 +2.22e-02 +0.00e+00  1
     30 -1.4124e+03 +2.00e-01 +2.00e+10     27        1        1        1  0 +0.00e+00 +1.29e+00 +7.72e+00 +2.00e+00 +2.00e+00 +1.39e-02 +0.00e+00  1
     31 -1.4125e+03 +2.00e-01 +2.00e+10     28        1        1        1  0 +2.58e-14 +1.09e+00 +5.43e+00 +2.00e+00 +2.00e+00 +4.34e-03 +0.00e+00  1
     32 -1.4125e+03 +2.00e-01 +2.00e+10     29        1        1        1  0 +1.00e-13 +9.88e-01 +6.47e+00 +2.00e+00 +2.00e+00 +5.42e-03 +0.00e+00  1
     33 -1.4125e+03 +2.00e-01 +2.00e+10     30        1        1        1  0 +0.00e+00 +8.69e-01 +4.37e+00 +2.00e+00 +2.00e+00 +6.78e-03 +0.00e+00  1
     34 -1.4125e+03 +2.00e-01 +2.00e+10     31        1        1        1  0 +2.40e-14 +1.03e+00 +7.57e+00 +2.00e+00 +2.00e+00 +8.47e-03 +0.00e+00  1
     35 -1.4125e+03 +2.00e-01 +2.00e+10     32        1        1        1  0 +0.00e+00 +1.03e+00 +4.40e+00 +2.00e+00 +2.00e+00 +5.29e-03 +0.00e+00  1
     36 -1.4125e+03 +2.00e-01 +2.00e+10     33        1        1        1  0 +0.00e+00 +1.01e+00 +3.88e+00 +2.00e+00 +2.00e+00 +6.62e-03 +0.00e+00  1
     37 -1.4125e+03 +2.00e-01 +2.00e+10     34        1        1        1  0 +0.00e+00 +1.90e+00 +8.11e+00 +2.00e+00 +2.00e+00 +1.03e-03 +0.00e+00  1
     38 -1.4125e+03 +2.00e-01 +2.00e+10     35        1        1        1  0 +0.00e+00 +7.45e-01 +2.81e+00 +2.00e+00 +2.00e+00 +2.58e-03 +0.00e+00  1
     39 -1.4125e+03 +2.00e-01 +2.00e+10     36        1        1        1  0 +0.00e+00 +8.53e-01 +4.30e+00 +2.00e+00 +2.00e+00 +6.46e-03 +0.00e+00  1
-----------------------------------------------------------------------------------------------------------------------------------------------------
  Iter.  Objective   St. Rad.  Tr. Rad.  |Pts| In. Its.  QP Pts.  QP Its. QP   QP KKT    |Step|   |Step|_H  |Grad.|  |G. Cmb.|  Stepsize Up. Fact. U?
-----------------------------------------------------------------------------------------------------------------------------------------------------
     40 -1.4125e+03 +2.00e-01 +2.00e+10     37        1        1        1  0 +7.90e-14 +1.16e+00 +6.07e+00 +2.00e+00 +2.00e+00 +8.08e-03 +0.00e+00  1
     41 -1.4126e+03 +2.00e-01 +2.00e+10     38        1        1        1  0 +9.15e-14 +1.03e+00 +6.10e+00 +2.00e+00 +2.00e+00 +2.52e-03 +0.00e+00  1
     42 -1.4126e+03 +2.00e-01 +2.00e+10     39        1        1        1  0 +1.07e-14 +1.00e+00 +4.19e+00 +2.00e+00 +2.00e+00 +7.89e-04 +0.00e+00  1
     43 -1.4126e+03 +2.00e-01 +2.00e+10     40        1        1        1  0 +0.00e+00 +8.82e-01 +3.53e+00 +2.00e+00 +2.00e+00 +3.94e-03 +0.00e+00  1
     44 -1.4126e+03 +2.00e-01 +2.00e+10     41        1        1        1  0 +1.78e-15 +1.25e+00 +5.10e+00 +2.00e+00 +2.00e+00 +1.95e-03 +0.00e+00  1
     45 -1.4126e+03 +2.00e-02 +2.00e+09     39        1        1        1  0 +9.46e-14 +3.07e-01 +1.15e+00 +2.00e+00 +2.00e+00 +1.95e-02 +0.00e+00  1
     46 -1.4126e+03 +2.00e-02 +2.00e+09     40        1        1        1  0 +8.70e-14 +1.60e+00 +7.37e+00 +2.00e+00 +2.00e+00 +7.63e-04 +0.00e+00  1
     47 -1.4126e+03 +2.00e-02 +2.00e+09     41        1        1        1  0 +0.00e+00 +1.44e+00 +8.05e+00 +2.00e+00 +2.00e+00 +1.91e-03 +0.00e+00  1
     48 -1.4126e+03 +2.00e-02 +2.00e+09     42        1        1        1  0 +0.00e+00 +1.34e+00 +7.76e+00 +2.00e+00 +2.00e+00 +2.38e-03 +0.00e+00  1
     49 -1.4126e+03 +2.00e-02 +2.00e+09     43        1        1        1  0 +0.00e+00 +1.27e+00 +7.19e+00 +2.00e+00 +2.00e+00 +2.98e-03 +0.00e+00  1
     50 -1.4126e+03 +2.00e-02 +2.00e+09     44        1        1        1  0 +1.15e-14 +8.92e-01 +5.10e+00 +2.00e+00 +2.00e+00 +3.73e-03 +0.00e+00  1
     51 -1.4126e+03 +2.00e-02 +2.00e+09     45        1        1        1  0 +0.00e+00 +6.99e-01 +4.03e+00 +2.00e+00 +2.00e+00 +4.66e-03 +0.00e+00  1
     52 -1.4126e+03 +2.00e-02 +2.00e+09     46        1        1        1  0 +0.00e+00 +7.47e-01 +4.73e+00 +2.00e+00 +2.00e+00 +5.82e-03 +0.00e+00  1
     53 -1.4126e+03 +2.00e-02 +2.00e+09     47        1        1        1  0 +5.33e-15 +1.09e+00 +7.10e+00 +2.00e+00 +2.00e+00 +3.64e-03 +0.00e+00  1
     54 -1.4126e+03 +2.00e-02 +2.00e+09     48        1        1        1  0 +9.86e-14 +8.55e-01 +4.10e+00 +2.00e+00 +2.00e+00 +2.27e-03 +0.00e+00  1
     55 -1.4126e+03 +2.00e-02 +2.00e+09     49        1        1        1  0 +0.00e+00 +9.22e-01 +4.26e+00 +2.00e+00 +2.00e+00 +1.95e-03 +0.00e+00  1
     56 -1.4126e+03 +2.00e-03 +2.00e+08     33        1        1        1  0 +0.00e+00 +8.35e-01 +3.48e+00 +2.00e+00 +2.00e+00 +1.22e-03 +0.00e+00  1
     57 -1.4126e+03 +2.00e-03 +2.00e+08     34        1        1        1  0 +6.39e-14 +8.62e-01 +4.78e+00 +2.00e+00 +2.00e+00 +3.05e-03 +0.00e+00  1
     58 -1.4126e+03 +2.00e-03 +2.00e+08     35        1        1        1  0 +3.55e-15 +8.35e-01 +5.28e+00 +2.00e+00 +2.00e+00 +3.81e-03 +0.00e+00  1
     59 -1.4126e+03 +2.00e-03 +2.00e+08     36        1        1        1  0 +8.62e-14 +7.56e-01 +4.45e+00 +2.00e+00 +2.00e+00 +2.38e-03 +0.00e+00  1
-----------------------------------------------------------------------------------------------------------------------------------------------------
  Iter.  Objective   St. Rad.  Tr. Rad.  |Pts| In. Its.  QP Pts.  QP Its. QP   QP KKT    |Step|   |Step|_H  |Grad.|  |G. Cmb.|  Stepsize Up. Fact. U?
-----------------------------------------------------------------------------------------------------------------------------------------------------
     60 -1.4126e+03 +2.00e-03 +2.00e+08     37        1        1        1  0 +0.00e+00 +8.84e-01 +5.67e+00 +2.00e+00 +2.00e+00 +2.98e-03 +0.00e+00  1
     61 -1.4126e+03 +2.00e-03 +2.00e+08     38        1        1        1  0 +0.00e+00 +8.00e-01 +6.68e+00 +2.00e+00 +2.00e+00 +9.31e-04 +0.00e+00  1
     62 -1.4126e+03 +2.00e-03 +2.00e+08     39        1        1        1  0 +0.00e+00 +1.18e+00 +7.60e+00 +2.00e+00 +2.00e+00 +5.82e-04 +0.00e+00  1
     63 -1.4126e+03 +2.00e-03 +2.00e+08     40        1        1        1  0 +9.19e-14 +3.97e-01 +1.97e+00 +2.00e+00 +2.00e+00 +5.82e-03 +0.00e+00  1
     64 -1.4126e+03 +2.00e-03 +2.00e+08     41        1        1        1  0 +3.73e-14 +1.13e+00 +5.68e+00 +2.00e+00 +2.00e+00 +9.09e-04 +0.00e+00  1
     65 -1.4126e+03 +2.00e-03 +2.00e+08     42        1        1        1  0 +0.00e+00 +1.01e+00 +5.72e+00 +2.00e+00 +2.00e+00 +1.14e-03 +0.00e+00  1
     66 -1.4126e+03 +2.00e-03 +2.00e+08     43        1        1        1  0 +0.00e+00 +1.08e+00 +6.64e+00 +2.00e+00 +2.00e+00 +4.88e-04 +0.00e+00  1
     67 -1.4126e+03 +2.00e-04 +2.00e+07      5        1        1        1  0 +4.44e-15 +7.84e-01 +3.09e+00 +2.00e+00 +2.00e+00 +3.05e-04 +0.00e+00  1
     68 -1.4126e+03 +2.00e-04 +2.00e+07      5        1        1        1  0 +0.00e+00 +1.10e+00 +5.14e+00 +2.00e+00 +2.00e+00 +3.81e-04 +0.00e+00  1
     69 -1.4126e+03 +2.00e-04 +2.00e+07      6        1        1        1  0 +6.93e-14 +8.83e-01 +2.98e+00 +2.00e+00 +2.00e+00 +1.19e-04 +0.00e+00  1
     70 -1.4126e+03 +2.00e-04 +2.00e+07      7        1        1        1  0 +0.00e+00 +8.31e-01 +3.36e+00 +2.00e+00 +2.00e+00 +2.98e-04 +0.00e+00  1
     71 -1.4126e+03 +2.00e-04 +2.00e+07      8        1        1        1  0 +3.38e-14 +9.32e-01 +4.23e+00 +2.00e+00 +2.00e+00 +9.31e-05 +0.00e+00  1
     72 -1.4126e+03 +2.00e-04 +2.00e+07      9        1        1        1  0 +0.00e+00 +8.28e-01 +3.05e+00 +2.00e+00 +2.00e+00 +1.16e-04 +0.00e+00  1
     73 -1.4126e+03 +2.00e-04 +2.00e+07      9        1        1        1  0 +0.00e+00 +8.10e-01 +3.44e+00 +2.00e+00 +2.00e+00 +2.91e-04 +0.00e+00  1
     74 -1.4126e+03 +2.00e-04 +2.00e+07     10        1        1        1  0 +0.00e+00 +1.00e+00 +6.58e+00 +2.00e+00 +2.00e+00 +7.28e-04 +0.00e+00  1
     75 -1.4126e+03 +2.00e-04 +2.00e+07     11        1        1        1  0 +0.00e+00 +1.54e+00 +9.47e+00 +2.00e+00 +2.00e+00 +9.09e-04 +0.00e+00  1
     76 -1.4126e+03 +2.00e-04 +2.00e+07     11        1        1        1  0 +3.55e-14 +1.90e+00 +1.17e+01 +2.00e+00 +2.00e+00 +1.14e-03 +0.00e+00  1
     77 -1.4126e+03 +2.00e-04 +2.00e+07      7        1        1        1  0 +0.00e+00 +1.08e+00 +6.95e+00 +2.00e+00 +2.00e+00 +9.77e-04 +0.00e+00  1
     78 -1.4126e+03 +1.00e-04 +2.00e+06      1        1        1        1  0 +0.00e+00 +7.45e-01 +5.17e+00 +2.00e+00 +2.00e+00 +1.22e-03 +0.00e+00  1
     79 -1.4127e+03 +1.00e-04 +2.00e+06      2        1        1        1  0 +0.00e+00 +1.31e+00 +9.83e+00 +2.00e+00 +2.00e+00 +1.53e-03 +0.00e+00  1
-----------------------------------------------------------------------------------------------------------------------------------------------------
  Iter.  Objective   St. Rad.  Tr. Rad.  |Pts| In. Its.  QP Pts.  QP Its. QP   QP KKT    |Step|   |Step|_H  |Grad.|  |G. Cmb.|  Stepsize Up. Fact. U?
-----------------------------------------------------------------------------------------------------------------------------------------------------
     80 -1.4127e+03 +1.00e-04 +2.00e+06      1        1        1        1  0 +0.00e+00 +1.50e+00 +1.17e+01 +2.00e+00 +2.00e+00 +1.91e-03 +0.00e+00  1
     81 -1.4127e+03 +1.00e-04 +2.00e+06      0        1        1        1  0 +5.51e-14 +1.35e+00 +1.03e+01 +2.00e+00 +2.00e+00 +1.19e-03 +0.00e+00  1
     82 -1.4127e+03 +1.00e-04 +2.00e+06      1        1        1        1  0 +3.02e-14 +9.25e-01 +6.80e+00 +2.00e+00 +2.00e+00 +7.45e-04 +0.00e+00  1
     83 -1.4127e+03 +1.00e-04 +2.00e+06      2        1        1        1  0 +0.00e+00 +1.45e+00 +8.72e+00 +2.00e+00 +2.00e+00 +4.66e-04 +0.00e+00  1
     84 -1.4127e+03 +1.00e-04 +2.00e+06      2        1        1        1  0 +6.57e-14 +7.36e-01 +3.35e+00 +2.00e+00 +2.00e+00 +5.82e-04 +0.00e+00  1
     85 -1.4127e+03 +1.00e-04 +2.00e+06      3        1        1        1  0 +1.14e-13 +1.16e+00 +8.15e+00 +2.00e+00 +2.00e+00 +7.28e-04 +0.00e+00  1
     86 -1.4127e+03 +1.00e-04 +2.00e+06      4        1        1        1  0 +0.00e+00 +1.07e+00 +8.19e+00 +2.00e+00 +2.00e+00 +9.09e-04 +0.00e+00  1
     87 -1.4127e+03 +1.00e-04 +2.00e+06      3        1        1        1  0 +0.00e+00 +9.10e-01 +7.48e+00 +2.00e+00 +2.00e+00 +2.27e-03 +0.00e+00  1
     88 -1.4127e+03 +1.00e-04 +2.00e+06      1        1        1        1  0 +1.01e-13 +8.47e-01 +7.48e+00 +2.00e+00 +2.00e+00

EXIT: Objective not improving sufficiently.

Objective............................ : -1.412672e+03
Objective (unscaled)................. : -1.412672e+03

Number of iterations................. : 88
Number of inner iterations........... : 89
Number of QP iterations.............. : 89
Number of function evaluations....... : 391
Number of gradient evaluations....... : 90

CPU seconds.......................... : 0.285419
CPU seconds in evaluations........... : 0.012548
CPU seconds in direction computations : 0.143179
CPU seconds in line searches......... : 0.014782
