Set value for option 'direction_computation' as Gradient.
+--------------------------------------------------------------+
|       NonOpt = Nonlinear/Nonconvex/Nonsmooth Optimizer       |
| NonOpt is released as open source code under the MIT License |
| Please visit http://coral.ise.lehigh.edu/frankecurtis/nonopt |
+--------------------------------------------------------------+

This is NonOpt version 2.0

Number of variables.................. : 1000
Initial objective.................... : 4.745250e+03
Initial objective (unscaled)......... : 4.745250e+03

Approximate Hessian update strategy.. : BFGS
Derivative checker strategy.......... : FiniteDifference
Direction computation strategy....... : Gradient
Line search strategy................. : WeakWolfe
Point set update strategy............ : Proximity
QP solver (small scale) strategy..... : DualActiveSet
QP solver (large scale) strategy..... : InteriorPoint
Symmetric matrix strategy............ : Dense
Termination strategy................. : Basic

-----------------------------------------------------------------------------------------------------------------------------------------------------
  Iter.  Objective   St. Rad.  Tr. Rad.  |Pts| In. Its.  QP Pts.  QP Its. QP   QP KKT    |Step|   |Step|_H  |Grad.|  |G. Cmb.|  Stepsize Up. Fact. U?
-----------------------------------------------------------------------------------------------------------------------------------------------------
      0 +4.7452e+03 +1.60e+00 +1.60e+11      0        1        1        1  0 +0.00e+00 +1.60e+01 +2.56e+05 +1.60e+01 +1.60e+01 +1.25e-01 +0.00e+00  1
      1 +2.7407e+03 +1.60e-01 +1.60e+10      0        1        1        1  0 +0.00e+00 +3.75e+00 +1.31e+04 +1.40e+01 +1.40e+01 +1.00e+00 +0.00e+00  1
      2 -2.2898e+02 +1.60e-01 +1.60e+10      0        1        1        1  0 +0.00e+00 +2.54e+01 +1.24e+03 +2.76e+01 +2.76e+01 +2.50e-01 +0.00e+00  1
      3 -2.6840e+02 +1.60e-01 +1.60e+10      1        1        1        1  0 +0.00e+00 +2.71e+00 +1.56e+02 +2.01e+01 +2.01e+01 +1.00e+00 +0.00e+00  1
      4 -3.6683e+02 +1.60e-01 +1.60e+10      2        1        1        1  0 +0.00e+00 +2.11e+00 +1.09e+02 +9.16e-01 +9.16e-01 +1.00e+00 +0.00e+00  1
      5 -4.5237e+02 +1.60e-02 +1.60e+09      0        1        1        1  0 +0.00e+00 +1.94e+01 +6.98e+02 +1.61e+01 +1.61e+01 +2.50e-01 +0.00e+00  1
      6 -4.9232e+02 +1.60e-02 +1.60e+09      0        1        1        1  0 +5.68e-14 +2.58e+00 +2.15e+02 +4.07e+01 +4.07e+01 +1.00e+00 +0.00e+00  1
      7 -6.1935e+02 +1.60e-02 +1.60e+09      0        1        1        1  0 +0.00e+00 +1.95e+01 +1.29e+03 +2.98e+01 +2.98e+01 +1.56e-02 +0.00e+00  1
      8 -6.3823e+02 +1.60e-02 +1.60e+09      1        1        1        1  0 +0.00e+00 +2.96e+00 +2.04e+02 +2.55e+01 +2.55e+01 +5.86e-02 +0.00e+00  1
      9 -6.4234e+02 +1.60e-02 +1.60e+09      2        1        1        1  0 +0.00e+00 +7.45e+00 +4.96e+02 +2.42e+01 +2.42e+01 +5.86e-01 +0.00e+00  1
     10 -6.6972e+02 +1.60e-02 +1.60e+09      0        1        1        1  0 +5.68e-14 +9.62e+00 +3.98e+02 +1.91e+01 +1.91e+01 +1.25e-01 +0.00e+00  1
     11 -6.7513e+02 +1.60e-02 +1.60e+09      0        1        1        1  0 +0.00e+00 +3.05e+00 +8.96e+01 +2.06e+01 +2.06e+01 +5.00e-01 +0.00e+00  1
     12 -7.0092e+02 +1.60e-02 +1.60e+09      0        1        1        1  0 +0.00e+00 +4.39e+00 +3.61e+01 +6.73e+00 +6.73e+00 +2.50e-01 +0.00e+00  1
     13 -7.0116e+02 +1.60e-02 +1.60e+09      1        1        1        1  0 +0.00e+00 +9.56e-01 +2.29e+00 +1.13e+00 +1.13e+00 +5.00e-01 +0.00e+00  1
     14 -7.0205e+02 +1.60e-02 +1.60e+09      2        1        1        1  0 +3.62e-14 +5.38e-01 +1.39e+00 +1.04e+00 +1.04e+00 +4.69e-02 +0.00e+00  1
     15 -7.0206e+02 +1.60e-02 +1.60e+09      3        1        1        1  0 +1.07e-14 +7.62e-01 +2.01e+00 +6.10e+00 +6.10e+00 +2.34e-01 +0.00e+00  1
     16 -7.0231e+02 +1.60e-02 +1.60e+09      3        1        1        1  0 +1.78e-14 +3.23e+00 +1.16e+01 +1.25e+01 +1.25e+01 +6.25e-02 +0.00e+00  1
     17 -7.0236e+02 +1.60e-02 +1.60e+09      4        1        1        1  0 +1.24e-14 +1.43e+00 +6.27e+00 +5.93e+00 +5.93e+00 +7.81e-02 +0.00e+00  1
     18 -7.0242e+02 +1.60e-02 +1.60e+09      5        1        1        1  0 +1.42e-14 +5.86e+00 +2.76e+01 +5.89e+00 +5.89e+00 +1.22e-02 +0.00e+00  1
     19 -7.0261e+02 +1.60e-02 +1.60e+09      6        1        1        1  0 +3.20e-14 +1.61e+00 +1.28e+01 +1.23e+01 +1.23e+01 +6.10e-02 +0.00e+00  1
-----------------------------------------------------------------------------------------------------------------------------------------------------
  Iter.  Objective   St. Rad.  Tr. Rad.  |Pts| In. Its.  QP Pts.  QP Its. QP   QP KKT    |Step|   |Step|_H  |Grad.|  |G. Cmb.|  Stepsize Up. Fact. U?
-----------------------------------------------------------------------------------------------------------------------------------------------------
     20 -7.0273e+02 +1.60e-02 +1.60e+09      7        1        1        1  0 +3.20e-14 +1.28e+00 +1.14e+01 +1.20e+01 +1.20e+01 +1.53e-01 +0.00e+00  1
     21 -7.0359e+02 +1.60e-02 +1.60e+09      8        1        1        1  0 +4.09e-14 +3.42e+00 +1.55e+01 +5.01e+00 +5.01e+00 +6.25e-02 +0.00e+00  1
     22 -7.0379e+02 +1.60e-02 +1.60e+09      9        1        1        1  0 +0.00e+00 +8.60e-01 +8.62e+00 +9.99e+00 +9.99e+00 +1.56e-01 +0.00e+00  1
     23 -7.0395e+02 +1.60e-02 +1.60e+09     10        1        1        1  0 +0.00e+00 +9.71e-02 +3.17e-01 +7.20e-01 +7.20e-01 +4.09e+00 +0.00e+00  1
     24 -7.0397e+02 +1.60e-02 +1.60e+09     11        1        1        1  0 +3.73e-14 +1.42e+00 +5.09e+00 +6.50e+00 +6.50e+00 +1.25e-01 +0.00e+00  1
     25 -7.0405e+02 +1.60e-02 +1.60e+09     11        1        1        1  0 +0.00e+00 +5.26e-01 +3.89e+00 +6.81e+00 +6.81e+00 +5.00e-01 +0.00e+00  1
     26 -7.0503e+02 +1.60e-02 +1.60e+09     12        1        1        1  0 +5.61e-14 +5.87e-02 +8.50e-01 +6.36e-01 +6.36e-01 +1.39e+00 +0.00e+00  1
     27 -7.0613e+02 +1.60e-02 +1.60e+09     13        1        1        1  0 +1.42e-14 +6.84e-01 +8.68e+00 +5.46e+00 +5.46e+00 +1.27e-02 +0.00e+00  1
     28 -7.0621e+02 +1.60e-02 +1.60e+09     14        1        1        1  0 +0.00e+00 +1.41e-01 +4.01e+00 +9.61e+00 +9.61e+00 +1.59e-02 +0.00e+00  1
     29 -7.0622e+02 +1.60e-02 +1.60e+09     15        1        1        1  0 +0.00e+00 +3.87e+00 +5.84e+01 +5.49e+00 +5.49e+00 +1.24e-03 +0.00e+00  1
     30 -7.0625e+02 +1.60e-02 +1.60e+09     16        1        1        1  0 +2.11e-14 +9.44e-02 +4.02e-01 +5.48e+00 +5.48e+00 +6.20e-03 +0.00e+00  1
     31 -7.0625e+02 +1.60e-02 +1.60e+09     17        1        1        1  0 +0.00e+00 +4.99e+00 +2.10e+01 +9.61e+00 +9.61e+00 +2.42e-04 +0.00e+00  1
     32 -7.0625e+02 +1.60e-02 +1.60e+09     18        1        1        1  0 +1.42e-14 +9.79e+00 +4.10e+01 +5.48e+00 +5.48e+00 +6.05e-04 +0.00e+00  1
     33 -7.0625e+02 +1.60e-02 +1.60e+09     19        1        1        1  0 +0.00e+00 +7.97e+00 +3.30e+01 +9.61e+00 +9.61e+00 +7.57e-04 +0.00e+00  1
     34 -7.0625e+02 +1.60e-02 +1.60e+09     20        1        1        1  0 +0.00e+00 +6.56e+00 +2.69e+01 +5.03e+00 +5.03e+00 +9.46e-04 +0.00e+00  1
     35 -7.0627e+02 +1.60e-02 +1.60e+09     21        1        1        1  0 +5.68e-14 +9.32e+00 +3.78e+01 +9.61e+00 +9.61e+00 +2.96e-04 +0.00e+00  1
     36 -7.0627e+02 +1.60e-02 +1.60e+09     22        1        1        1  0 +2.26e-14 +9.11e-02 +1.50e-01 +9.69e+00 +9.69e+00 +3.94e-01 +0.00e+00  1
     37 -7.0629e+02 +1.60e-02 +1.60e+09     23        1        1        1  0 +0.00e+00 +5.17e+01 +8.47e+01 +4.70e+00 +4.70e+00 +9.77e-04 +0.00e+00  1
     38 -7.0629e+02 +1.60e-02 +1.60e+09     24        1        1        1  0 +1.07e-14 +1.43e+01 +2.34e+01 +9.72e+00 +9.72e+00 +6.10e-04 +0.00e+00  1
     39 -7.0630e+02 +1.60e-02 +1.60e+09     25        1        1        1  0 +0.00e+00 +7.90e+00 +1.28e+01 +9.73e+00 +9.73e+00 +3.81e-04 +0.00e+00  1
-----------------------------------------------------------------------------------------------------------------------------------------------------
  Iter.  Objective   St. Rad.  Tr. Rad.  |Pts| In. Its.  QP Pts.  QP Its. QP   QP KKT    |Step|   |Step|_H  |Grad.|  |G. Cmb.|  Stepsize Up. Fact. U?
-----------------------------------------------------------------------------------------------------------------------------------------------------
     40 -7.0630e+02 +1.60e-02 +1.60e+09     26        1        1        1  0 +0.00e+00 +1.02e+01 +1.66e+01 +9.73e+00 +9.73e+00 +1.19e-04 +0.00e+00  1
     41 -7.0630e+02 +1.60e-02 +1.60e+09     27        1        1        1  0 +5.33e-14 +1.30e+01 +2.09e+01 +9.72e+00 +9.72e+00 +7.45e-05 +0.00e+00  1
     42 -7.0630e+02 +1.60e-02 +1.60e+09     28        1        1        1  0 +0.00e+00 +1.61e+01 +2.58e+01 +9.72e+00 +9.72e+00 +9.31e-05 +0.00e+00  1
     43 -7.0630e+02 +1.60e-02 +1.60e+09     29        1        1        1  0 +0.00e+00 +1.94e+01 +3.10e+01 +9.72e+00 +9.72e+00 +2.33e-04 +0.00e+00  1
     44 -7.0630e+02 +1.60e-02 +1.60e+09     30        1        1        1  0 +5.68e-14 +2.24e+01 +3.58e+01 +9.72e+00 +9.72e+00 +2.91e-04 +0.00e+00  1
     45 -7.0631e+02 +1.60e-02 +1.60e+09     31        1        1        1  0 +0.00e+00 +2.45e+01 +3.91e+01 +9.70e+00 +9.70e+00 +1.82e-04 +0.00e+00  1
     46 -7.0631e+02 +1.60e-02 +1.60e+09     32        1        1        1  0 +0.00e+00 +7.61e+00 +1.21e+01 +9.61e+00 +9.61e+00 +1.14e-04 +0.00e+00  1
     47 -7.0631e+02 +1.60e-02 +1.60e+09     33        1        1        1  0 +0.00e+00 +4.01e+00 +6.30e+00 +4.70e+00 +4.70e+00 +7.11e-05 +0.00e+00  1
     48 -7.0631e+02 +1.60e-02 +1.60e+09     34        1        1        1  0 +0.00e+00 +4.80e+00 +7.50e+00 +9.61e+00 +9.61e+00 +1.67e-05 +6.71e-01  1
     49 -7.0631e+02 +1.60e-02 +1.60e+09     35        1        1        1  0 +0.00e+00 +5.68e+00 +8.82e+00 +4.70e+00 +4.70e+00 +5.20e-06 +8.88e-01  1
     50 -7.0631e+02 +1.60e-02 +1.60e+09     36        1        1        1  0 +0.00e+00 +6.64e+00 +1.03e+01 +9.61e+00 +9.61e+00 +2.03e-07 +9.95e-01  1
     51 -7.0631e+02 +1.60e-02 +1.60e+09     37        1        1        1  0 +0.00e+00 +7.67e+00 +1.18e+01 +4.70e+00 +4.70e+00 +6.35e-08 +9.98e-01  1
     52 -7.0631e+02 +1.60e-02 +1.60e+09     38        1        1        1  0 +8.88e-15 +8.78e+00 +1.35e+01 +9.61e+00 +9.61e+00 +1.99e-08 +9.99e-01  1
     53 -7.0631e+02 +1.60e-02 +1.60e+09     39        1        1        1  0 +3.20e-14 +9.96e+00 +1.52e+01 +4.70e+00 +4.70e+00 +1.24e-08 +1.00e+00  1
     54 -7.0631e+02 +1.60e-02 +1.60e+09     40        1        1        1  0 +0.00e+00 +1.12e+01 +1.71e+01 +9.61e+00 +9.61e+00 +7.75e-09 +1.00e+00  1
     55 -7.0631e+02 +1.60e-02 +1.60e+09     41        1        1        1  0 +4.62e-14 +1.25e+01 +1.91e+01 +4.70e+00 +4.70e+00 +4.85e-09 +1.00e+00  1
     56 -7.0631e+02 +1.60e-02 +1.60e+09     42        1        1        1  0 +1.07e-14 +1.39e+01 +2.11e+01 +9.61e+00 +9.61e+00 +3.03e-09 +1.00e+00  1
     57 -7.0631e+02 +1.60e-02 +1.60e+09     43        1        1        1  0 +4.26e-14 +1.54e+01 +2.33e+01 +4.70e+00 +4.70e+00 +3.79e-09 +1.00e+00  1
     58 -7.0631e+02 +1.60e-02 +1.60e+09     44        1        1        1  0 +0.00e+00 +1.69e+01 +2.56e+01 +9.61e+00 +9.61e+00 +4.73e-09 +1.00e+00  1
     59 -7.0631e+02 +1.60e-02 +1.60e+09     45        1        1        1  0 +2.84e-14 +1.85e+01 +2.80e+01 +4.70e+00 +4.70e+00 +5.92e-09 +1.00e+00  1
-----------------------------------------------------------------------------------------------------------------------------------------------------
  Iter.  Objective   St. Rad.  Tr. Rad.  |Pts| In. Its.  QP Pts.  QP Its. QP   QP KKT    |Step|   |Step|_H  |Grad.|  |G. Cmb.|  Stepsize Up. Fact. U?
-----------------------------------------------------------------------------------------------------------------------------------------------------
     60 -7.0631e+02 +1.60e-02 +1.60e+09     46        1        1        1  0 +0.00e+00 +2.01e+01 +3.05e+01 +9.61e+00 +9.61e+00 +1.48e-08 +9.99e-01  1
     61 -7.0631e+02 +1.60e-02 +1.60e+09     47        1        1        1  0 +0.00e+00 +2.18e+01 +3.30e+01 +4.70e+00 +4.70e+00 +3.70e-08 +9.98e-01  1
     62 -7.0631e+02 +1.60e-02 +1.60e+09     48        1        1        1  0 +0.00e+00 +2.36e+01 +3.57e+01 +9.61e+00 +9.61e+00 +1.85e-07 +9.92e-01  1
     63 -7.0631e+02 +1.60e-02 +1.60e+09     49        1        1        1  0 +0.00e+00 +2.54e+01 +3.85e+01 +4.70e+00 +4.70e+00 +9.24e-07 +9.56e-01  1
     64 -7.0631e+02 +1.60e-02 +1.60e+09     50        1        1        1  0 +0.00e+00 +2.73e+01 +4.13e+01 +9.61e+00 +9.61e+00 +1.16e-06 +9.43e-01  1
     65 -7.0631e+02 +1.60e-02 +1.60e+09     50        1        1        1  0 +1.42e-14 +2.88e+01 +4.36e+01 +9.61e+00 +9.61e+00 +5.42e-07 +9.35e-01  1
     66 -7.0631e+02 +1.60e-02 +1.60e+09     50        1        1        1  0 +3.73e-14 +5.53e+00 +8.50e+00 +9.61e+00 +9.61e+00 +2.54e-07 +9.91e-01  1
     67 -7.0631e+02 +1.60e-02 +1.60e+09     50        1        1        1  0 +0.00e+00 +2.46e+00 +3.98e+00 +9.61e+00 +9.61e+00 +1.19e-07 +9.98e-01  1
     68 -7.0631e+02 +1.60e-02 +1.60e+09     50        1        1        1  0 +1.87e-14 +2.89e+00 +4.88e+00 +9.61e+00 +9.61e+00 +9.30e-09 +1.00e+00  1
     69 -7.0631e+02 +1.60e-02 +1.60e+09     50        1        1        1  0 +4.44e-14 +3.35e+00 +5.87e+00 +9.61e+00 +9.61e+00 +2.18e-09 +1.00e+00  1
     70 -7.0631e+02 +1.60e-02 +1.60e+09     50        1        1        1  0 +1.24e-14 +3.84e+00 +6.95e+00 +9.61e+00 +9.61e+00 +6.81e-10 +0.00e+00  0
     71 -7.0631e+02 +1.60e-02 +1.60e+09     50        1        1        1  0 +5.68e-14 +6.27e+00 +6.93e+01 +9.61e+00 +9.61e+00 +2.66e-11 +0.00e+00  0
     72 -7.0631e+02 +1.60e-02 +1.60e+09     50        1        1        1  0 +0.00e+00 +4.93e+00 +1.04e+02 +9.61e+00 +9.61e+00 +8.31e-12 +0.00e+00  0
     73 -7.0631e+02 +1.60e-02 +1.60e+09     50        1        1        1  0 +0.00e+00 +9.07e+00 +5.32e+03 +9.61e+00 +9.61e+00 +8.12e-14 +0.00e+00  0
     74 -7.0631e+02 +1.60e-02 +1.60e+09     50        1        1        1  0 +0.00e+00 +5.83e+00 +1.65e+04 +9.61e+00 +9.61e+00 +1.27e-14 +0.00e+00  0
     75 -7.0631e+02 +1.60e-02 +1.60e+09     50        1        1        1  0 +0.00e+00 +6.20e+00 +1.66e+04 +9.61e+00 +9.61e+00 +1.42e-14 +0.00e+00  0
     76 -7.0631e+02 +1.60e-03 +1.60e+08     43        1        1        1  0 +0.00e+00 +6.98e+00 +1.57e+04 +9.61e+00 +9.61e+00 +1.78e-14 +0.00e+00  0
     77 -7.0631e+02 +1.60e-03 +1.60e+08     44        1        1        1  0 +0.00e+00 +6.07e+00 +1.71e+04 +9.61e+00 +9.61e+00 +2.22e-14 +0.00e+00  0
     78 -7.0631e+02 +1.60e-03 +1.60e+08     45        1        1        1  0 +0.00e+00 +6.58e+00 +1.52e+04 +9.61e+00 +9.61e+00 +2.78e-14 +0.00e+00  0
     79 -7.0631e+02 +1.60e-03 +1.60e+08     46        1        1        1  0 +0.00e+00 +7.30e+00 +1.33e+04 +9.61e+00 +9.61e+00 +3.47e-14 +0.00e+00  0
-----------------------------------------------------------------------------------------------------------------------------------------------------
  Iter.  Objective   St. Rad.  Tr. Rad.  |Pts| In. Its.  QP Pts.  QP Its. QP   QP KKT    |Step|   |Step|_H  |Grad.|  |G. Cmb.|  Stepsize Up. Fact. U?
-----------------------------------------------------------------------------------------------------------------------------------------------------
     80 -7.0631e+02 +1.60e-03 +1.60e+08     47        1        1        1  0 +0.00e+00 +6.74e+00 +1.52e+04 +9.61e+00 +9.61e+00 +4.34e-14 +0.00e+00  0
     81 -7.0631e+02 +1.60e-03 +1.60e+08     48        1        1        1  0 +0.00e+00 +6.31e+00 +1.47e+04 +9.61e+00 +9.61e+00 +5.42e-14 +0.00e+00  0
     82 -7.0631e+02 +1.60e-03 +1.60e+08     49        1        1        1  0 +0.00e+00 +6.40e+00 +1.60e+04 +9.61e+00 +9.61e+00 +3.39e-14 +0.00e+00  0
     83 -7.0631e+02 +1.60e-03 +1.60e+08     50        1        1        1  0 +0.00e+00 +7.47e+00 +1.31e+04 +9.61e+00 +9.61e+00 +4.24e-14 +0.00e+00  0
     84 -7.0631e+02 +1.60e-03 +1.60e+08     50        1        1        1  0 +0.00e+00 +6.65e+00 +1.48e+04 +9.61e+00 +9.61e+00 +2.65e-14 +0.00e+00  0
     85 -7.0631e+02 +1.60e-03 +1.60e+08     50        1        1        1  0 +0.00e+00 +6.74e+00 +1.41e+04 +9.61e+00 +9.61e+00 +3.31e-14 +0.00e+00  0
     86 -7.0631e+02 +1.60e-03 +1.60e+08     50        1        1        1  0 +0.00e+00 +7.44e+00 +1.25e+04 +9.61e+00 +9.61e+00 +2.07e-14 +0.00e+00  0
     87 -7.0631e+02 +1.60e-03 +1.60e+08     50        1        1        1  0 +0.00e+00 +7.83e+00 +1.17e+04 +9.61e+00 +9.61e+00 +2.58e-14 +0.00e+00  0
     88 -7.0631e+02 +1.60e-03 +1.60e+08     50        1        1        1  0 +0.00e+00 +8.19e+00 +8.60e+03 +9.61e+00 +9.61e+00 +3.23e-14 +0.00e+00  0
     89 -7.0631e+02 +1.60e-03 +1.60e+08     50        1        1        1  0 +0.00e+00 +6.87e+00 +1.44e+04 +9.61e+00 +9.61e+00 +2.02e-14 +0.00e+00  0
     90 -7.0631e+02 +1.60e-03 +1.60e+08     50        1        1        1  0 +0.00e+00 +7.62e+00 +1.16e+04 +9.61e+00 +9.61e+00 +2.52e-14 +0.00e+00  0
     91 -7.0631e+02 +1.60e-03 +1.60e+08     50        1        1        1  0 +0.00e+00 +8.15e+00 +8.66e+03 +9.61e+00 +9.61e+00 +3.16e-14 +0.00e+00  0
     92 -7.0631e+02 +1.60e-03 +1.60e+08     50        1        1        1  0 +0.00e+00 +7.47e+00 +1.25e+04 +9.61e+00 +9.61e+00 +3.94e-14 +0.00e+00  0
     93 -7.0631e+02 +1.60e-03 +1.60e+08     50        1        1        1  0 +0.00e+00 +6.06e+00 +1.64e+04 +9.61e+00 +9.61e+00 +2.47e-14 +0.00e+00  0
     94 -7.0631e+02 +1.60e-03 +1.60e+08     50        1        1        1  0 +0.00e+00 +7.32e+00 +1.24e+04 +9.61e+00 +9.61e+00 +3.08e-14 +0.00e+00  0
     95 -7.0631e+02 +1.60e-03 +1.60e+08     50        1        1        1  0 +0.00e+00 +7.29e+00 +1.36e+04 +9.61e+00 +9.61e+00 +3.85e-14 +0.00e+00  0
     96 -7.0631e+02 +1.60e-03 +1.60e+08     50        1        1        1  0 +0.00e+00 +5.93e+00 +1.67e+04 +9.61e+00 +9.61e+00 +2.84e-14 +0.00e+00  0
     97 -7.0631e+02 +1.60e-04 +1.60e+07     50        1        1        1  0 +0.00e+00 +6.72e+00 +1.38e+04 +9.61e+00 +9.61e+00 +3.55e-14 +0.00e+00  0
     98 -7.0631e+02 +1.60e-04 +1.60e+07     50        1        1        1  0 +0.00e+00 +7.14e+00 +1.31e+04 +9.61e+00 +9.61e+00 +2.22e-14 +0.00e+00  0
     99 -7.0631e+02 +1.60e-04 +1.60e+07     50        1        1        1  0 +0.00e+00 +7.10e+00 +1.44e+04 +9.61e+00 +9.61e+00 +2.78e-14 +0.00e+00  0
-----------------------------------------------------------------------------------------------------------------------------------------------------
  Iter.  Objective   St. Rad.  Tr. Rad.  |Pts| In. Its.  QP Pts.  QP Its. QP   QP KKT    |Step|   |Step|_H  |Grad.|  |G. Cmb.|  Stepsize Up. Fact. U?
-----------------------------------------------------------------------------------------------------------------------------------------------------
    100 -7.0631e+02 +1.60e-04 +1.60e+07     50        1        1        1  0 +0.00e+00 +7.38e+00 +1.17e+04 +9.61e+00 +9.61e+00 +3.47e-14 +0.00e+00  0
    101 -7.0631e+02 +1.60e-04 +1.60e+07     50        1        1        1  0 +0.00e+00 +7.03e+00 +1.37e+04 +9.61e+00 +9.61e+00 +4.34e-14 +0.00e+00  0
    102 -7.0631e+02 +1.60e-04 +1.60e+07     50        1        1        1  0 +0.00e+00 +5.64e+00 +1.60e+04 +9.61e+00 +9.61e+00 +2.71e-14 +0.00e+00  0
    103 -7.0631e+02 +1.60e-04 +1.60e+07     50        1        1        1  0 +0.00e+00 +6.83e+00 +1.37e+04 +9.61e+00 +9.61e+00 +3.39e-14 +0.00e+00  0
    104 -7.0631e+02 +1.60e-04 +1.60e+07     50        1        1        1  0 +0.00e+00 +6.91e+00 +1.34e+04 +9.61e+00 +9.61e+00 +2.12e-14 +0.00e+00  0
    105 -7.0631e+02 +1.60e-04 +1.60e+07     50        1        1        1  0 +0.00e+00 +7.19e+00 +1.33e+04 +9.61e+00 +9.61e+00 +2.65e-14 +0.00e+00  0
    106 -7.0631e+02 +1.60e-04 +1.60e+07     50        1        1        1  0 +0.00e+00 +7.57e+00 +1.11e+04 +9.61e+00 +9.61e+00 +3.31e-14 +0.00e+00  0
    107 -7.0631e+02 +1.60e-04 +1.60e+07     50        1        1        1  0 +0.00e+00 +6.79e+00 +1.49e+04 +9.61e+00 +9.61e+00 +2.07e-14 +0.00e+00  0
    108 -7.0631e+02 +1.60e-04 +1.60e+07     50        1        1        1  0 +0.00e+00 +7.48e+00 +1.10e+04 +9.61e+00 +9.61e+00 +2.58e-14 +0.00e+00  0
    109 -7.0631e+02 +1.60e-04 +1.60e+07     50        1        1        1  0 +0.00e+00 +7.78e+00 +1.09e+04 +9.61e+00 +9.61e+00 +3.23e-14 +0.00e+00  0
    110 -7.0631e+02 +1.60e-04 +1.60e+07     50        1        1        1  0 +0.00e+00 +6.72e+00 +1.40e+04 +9.61e+00 +9.61e+00 +2.02e-14 +0.00e+00  0
    111 -7.0631e+02 +1.60e-04 +1.60e+07     50        1        1        1  0 +0.00e+00 +7.34e+00 +1.23e+04 +9.61e+00 +9.61e+00 +2.52e-14 +0.00e+00  0
    112 -7.0631e+02 +1.60e-04 +1.60e+07     50        1        1        1  0 +0.00e+00 +7.44e+00 +1.19e+04 +9.61e+00 +9.61e+00 +3.16e-14 +0.00e+00  0
    113 -7.0631e+02 +1.60e-04 +1.60e+07     50        1        1        1  0 +0.00e+00 +6.97e+00 +1.33e+04 +9.61e+00 +9.61e+00 +3.94e-14 +0.00e+00  0
    114 -7.0631e+02 +1.60e-04 +1.60e+07     50        1        1        1  0 +0.00e+00 +5.84e+00 +1.54e+04 +9.61e+00 +9.61e+00 +2.47e-14 +0.00e+00  0
    115 -7.0631e+02 +1.60e-04 +1.60e+07     50        1        1        1  0 +0.00e+00 +6.86e+00 +1.34e+04 +9.61e+00 +9.61e+00 +3.08e-14 +0.00e+00  0
    116 -7.0631e+02 +1.60e-04 +1.60e+07     50        1        1        1  0 +0.00e+00 +6.57e+00 +1.49e+04 +9.61e+00 +9.61e+00 +1.93e-14 +0.00e+00  0
    117 -7.0631e+02 +1.60e-04 +1.60e+07     50        1        1        1  0 +0.00e+00 +6.99e+00 +1.37e+04 +9.61e+00 +9.61e+00 +2.84e-14 +0.00e+00  0
    118 -7.0631e+02 +1.00e-04 +1.60e+06     50        1        1        1  0 +0.00e+00 +6.54e+00 +1.42e+04 +9.61e+00 +9.61e+00 +3.55e-14 +0.00e+00  0
    119 -7.0631e+02 +1.00e-04 +1.60e+06     50        1        1        1  0 +0.00e+00 +5.94e+00 +1.58e+04 +9.61e+00 +9.61e+00 +4.44e-14 +0.00e+00  0
-----------------------------------------------------------------------------------------------------------------------------------------------------
  Iter.  Objective   St. Rad.  Tr. Rad.  |Pts| In. Its.  QP Pts.  QP Its. QP   QP KKT    |Step|   |Step|_H  |Grad.|  |G. Cmb.|  Stepsize Up. Fact. U?
-----------------------------------------------------------------------------------------------------------------------------------------------------
    120 -7.0631e+02 +1.00e-04 +1.60e+06     50        1        1        1  0 +0.00e+00 +5.65e+00 +1.68e+04 +9.61e+00 +9.61e+00 +2.78e-14 +0.00e+00  0
    121 -7.0631e+02 +1.00e-04 +1.60e+06     50        1        1        1  0 +0.00e+00 +8.04e+00 +9.58e+03 +9.61e+00 +9.61e+00 +3.47e-14 +0.00e+00  0
    122 -7.0631e+02 +1.00e-04 +1.60e+06     50        1        1        1  0 +0.00e+00 +6.17e+00 +1.49e+04 +9.61e+00 +9.61e+00 +2.17e-14 +0.00e+00  0
    123 -7.0631e+02 +1.00e-04 +1.60e+06     50        1        1        1  0 +0.00e+00 +7.02e+00 +1.37e+04 +9.61e+00 +9.61e+00 +2.71e-14 +0.00e+00  0
    124 -7.0631e+02 +1.00e-04 +1.60e+06     50        1        1        1  0 +0.00e+00 +6.70e+00 +1.46e+04 +9.61e+00 +9.61e+00 +3.39e-14 +0.00e+00  0
    125 -7.0631e+02 +1.00e-04 +1.60e+06     50        1        1        1  0 +0.00e+00 +6.03e+00 +1.47e+04 +9.61e+00 +9.61e+00 +4.24e-14 +0.00e+00  0
    126 -7.0631e+02 +1.00e-04 +1.60e+06     50        1        1        1  0 +0.00e+00 +5.74e+00 +1.54e+04 +9.61e+00 +9.61e+00 +2.65e-14 +0.00e+00  0
    127 -7.0631e+02 +1.00e-04 +1.60e+06     50        1        1        1  0 +0.00e+00 +7.69e+00 +1.13e+04 +9.61e+00 +9.61e+00 +3.31e-14 +0.00e+00  0
    128 -7.0631e+02 +1.00e-04 +1.60e+06     50        1        1        1  0 +0.00e+00 +5.90e+00 +1.60e+04 +9.61e+00 +9.61e+00 +2.07e-14 +0.00e+00  0
    129 -7.0631e+02 +1.00e-04 +1.60e+06     50        1        1        1  0 +0.00e+00 +7.19e+00 +1.30e+04 +9.61e+00 +9.61e+00 +2.58e-14 +0.00e+00  0
    130 -7.0631e+02 +1.00e-04 +1.60e+06     50        1        1        1  0 +0.00e+00 +7.00e+00 +1.37e+04 +9.61e+00 +9.61e+00 +3.23e-14 +0.00e+00  0
    131 -7.0631e+02 +1.00e-04 +1.60e+06     50        1        1        1  0 +0.00e+00 +6.12e+00 +1.53e+04 +9.61e+00 +9.61e+00 +4.04e-14 +0.00e+00  0
    132 -7.0631e+02 +1.00e-04 +1.60e+06     50        1        1        1  0 +0.00e+00 +5.56e+00 +1.64e+04 +9.61e+00 +9.61e+00 +5.05e-14 +0.00e+00  0
    133 -7.0631e+02 +1.00e-04 +1.60e+06     50        1        1        1  0 +0.00e+00 +5.40e+00 +1.77e+04 +9.61e+00 +9.61e+00 +3.16e-14 +0.00e+00  0
    134 -7.0631e+02 +1.00e-04 +1.60e+06     50        1        1        1  0 +0.00e+00 +6.91e+00 +1.34e+04 +9.61e+00 +9.61e+00 +1.97e-14 +0.00e+00  0
    135 -7.0631e+02 +1.00e-04 +1.60e+06     50        1        1        1  0 +0.00e+00 +7.42e+00 +1.14e+04 +9.61e+00 +9.61e+00 +2.47e-14 +0.00e+00  0
    136 -7.0631e+02 +1.00e-04 +1.60e+06     50        1        1        1  0 +0.00e+00 +6.83e+00 +1.32e+04 +9.61e+00 +9.61e+00 +3.08e-14 +0.00e+00  0
    137 -7.0631e+02 +1.00e-04 +1.60e+06     50        1        1        1  0 +0.00e+00 +5.98e+00 +1.51e+04 +9.61e+00 +9.61e+00 +3.85e-14 +0.00e+00  0
    138 -7.0631e+02 +1.00e-04 +1.60e+06     50        1        1        1  0 +0.00e+00 +5.69e+00 +1.65e+04 +9.61e+00 +9.61e+00

EXIT: Objective not improving sufficiently.

Objective............................ : -7.063076e+02
Objective (unscaled)................. : -7.063076e+02

Number of iterations................. : 138
Number of inner iterations........... : 139
Number of QP iterations.............. : 139
Number of function evaluations....... : 769
Number of gradient evaluations....... : 151

CPU seconds.......................... : 0.390109
CPU seconds in evaluations........... : 0.041869
CPU seconds in direction computations : 0.226482
CPU seconds in line searches......... : 0.045712
