Set value for option 'direction_computation' as GradientCombination.
+--------------------------------------------------------------+
|       NonOpt = Nonlinear/Nonconvex/Nonsmooth Optimizer       |
| NonOpt is released as open source code under the MIT License |
| Please visit http://coral.ise.lehigh.edu/frankecurtis/nonopt |
+--------------------------------------------------------------+

This is NonOpt version 2.0

Number of variables.................. : 1000
Initial objective.................... : 5.992250e+03
Initial objective (unscaled)......... : 5.992250e+03

Approximate Hessian update strategy.. : BFGS
Derivative checker strategy.......... : FiniteDifference
Direction computation strategy....... : GradientCombination
Line search strategy................. : WeakWolfe
Point set update strategy............ : Proximity
QP solver (small scale) strategy..... : DualActiveSet
QP solver (large scale) strategy..... : InteriorPoint
Symmetric matrix strategy............ : Dense
Termination strategy................. : Basic

--------------------------------------------------------------------------------------------------------------------------------------------------
  Iter.  Objective   St. Rad.  Tr. Rad.  |Pts| In Its QP Pts L? QP Its S?   QP KKT    |Step|   |Step|_H  |Grad.|  |G. Cmb.|  Stepsize Up. Fact. U?
--------------------------------------------------------------------------------------------------------------------------------------------------
      0 +5.9922e+03 +7.00e-01 +7.00e+10      0      1      1  0      1  0 +0.00e+00 +7.00e+00 +4.89e+04 +7.00e+00 +7.00e+00 +5.00e-01 +0.00e+00  1
      1 +5.9878e+03 +7.00e-01 +7.00e+10      0      1      1  0      1  0 +0.00e+00 +1.75e+00 +1.22e+04 +7.00e+00 +7.00e+00 +1.00e+00 +0.00e+00  1
      2 +6.2387e+02 +7.00e-01 +7.00e+10      1      1      1  0      1  0 +0.00e+00 +3.57e+00 +4.00e+03 +3.00e+00 +3.00e+00 +2.50e-01 +0.00e+00  1
      3 +4.1785e+02 +7.00e-02 +7.00e+09      0      1      1  0      1  0 +0.00e+00 +1.01e+00 +5.83e+02 +3.57e+00 +3.57e+00 +1.00e+00 +0.00e+00  1
      4 +9.9821e+00 +7.00e-02 +7.00e+09      0      1      1  0      1  0 +0.00e+00 +1.89e+00 +1.19e+03 +3.00e+00 +3.00e+00 +3.91e-03 +0.00e+00  1
      5 +6.9833e+00 +7.00e-02 +7.00e+09      1      1      1  0      1  0 +0.00e+00 +2.79e+00 +2.61e+02 +3.00e+00 +3.00e+00 +3.91e-02 +0.00e+00  1
      6 +6.1225e+00 +7.00e-02 +7.00e+09      2      1      1  0      1  0 +0.00e+00 +1.95e+00 +1.38e+01 +3.00e+00 +3.00e+00 +1.95e-01 +0.00e+00  1
      7 +5.5177e+00 +7.00e-02 +7.00e+09      3      1      1  0      1  0 +0.00e+00 +4.18e+00 +2.76e+01 +3.00e+00 +3.00e+00 +3.12e-02 +0.00e+00  1
      8 +5.5010e+00 +7.00e-02 +7.00e+09      4      1      1  0      1  0 +0.00e+00 +1.58e+00 +5.83e+00 +3.00e+00 +3.00e+00 +3.12e-01 +0.00e+00  1
      9 +4.3646e+00 +7.00e-02 +7.00e+09      5      1      1  0      1  0 +0.00e+00 +1.67e+01 +4.75e+01 +2.71e+00 +2.71e+00 +3.12e-02 +0.00e+00  1
     10 +3.7434e+00 +7.00e-02 +7.00e+09      6      1      1  0      1  0 +0.00e+00 +9.41e-01 +5.02e+00 +2.39e+00 +2.39e+00 +3.12e-01 +0.00e+00  1
     11 +3.2853e+00 +7.00e-02 +7.00e+09      7      1      1  0      1  0 +0.00e+00 +1.02e+00 +9.75e+00 +3.00e+00 +3.00e+00 +2.50e-01 +0.00e+00  1
     12 +2.7350e+00 +7.00e-02 +7.00e+09      8      1      1  0      1  0 +0.00e+00 +1.61e+00 +1.07e+01 +3.00e+00 +3.00e+00 +6.25e-02 +0.00e+00  1
     13 +2.6857e+00 +7.00e-02 +7.00e+09      9      1      1  0      1  0 +0.00e+00 +1.34e+00 +1.07e+01 +3.00e+00 +3.00e+00 +3.12e-01 +0.00e+00  1
     14 +2.3781e+00 +7.00e-02 +7.00e+09     10      1      1  0      1  0 +0.00e+00 +3.20e-01 +2.18e+00 +3.00e+00 +3.00e+00 +1.00e+00 +0.00e+00  1
     15 +1.2712e+00 +7.00e-02 +7.00e+09     11      1      1  0      1  0 +0.00e+00 +3.48e+00 +1.39e+01 +3.00e+00 +3.00e+00 +7.81e-03 +0.00e+00  1
     16 +1.2678e+00 +7.00e-02 +7.00e+09     12      1      1  0      1  0 +0.00e+00 +5.42e-01 +1.99e+00 +2.80e+00 +2.80e+00 +4.68e-01 +0.00e+00  1
     17 +1.1757e+00 +7.00e-02 +7.00e+09     13      1      1  0      1  0 +0.00e+00 +3.43e-01 +1.44e+00 +3.00e+00 +3.00e+00 +5.00e-01 +0.00e+00  1
     18 +1.0354e+00 +7.00e-02 +7.00e+09     14      1      1  0      1  0 +0.00e+00 +5.52e+00 +2.22e+01 +3.00e+00 +3.00e+00 +3.12e-02 +0.00e+00  1
     19 +9.7343e-01 +7.00e-02 +7.00e+09     15      1      1  0      1  0 +0.00e+00 +1.08e+00 +2.87e+00 +3.00e+00 +3.00e+00 +3.91e-02 +0.00e+00  1
--------------------------------------------------------------------------------------------------------------------------------------------------
  Iter.  Objective   St. Rad.  Tr. Rad.  |Pts| In Its QP Pts L? QP Its S?   QP KKT    |Step|   |Step|_H  |Grad.|  |G. Cmb.|  Stepsize Up. Fact. U?
--------------------------------------------------------------------------------------------------------------------------------------------------
     20 +9.1718e-01 +7.00e-02 +7.00e+09     16      1      1  0      1  0 +0.00e+00 +4.02e+00 +1.26e+01 +3.00e+00 +3.00e+00 +3.05e-03 +0.00e+00  1
     21 +9.1023e-01 +7.00e-02 +7.00e+09     17      1      1  0      1  0 +0.00e+00 +3.12e-01 +2.09e+00 +3.00e+00 +3.00e+00 +2.26e-01 +0.00e+00  1
     22 +8.3048e-01 +7.00e-02 +7.00e+09     18      1      1  0      1  0 +0.00e+00 +1.27e+00 +5.62e+00 +3.00e+00 +3.00e+00 +3.12e-02 +0.00e+00  1
     23 +7.1837e-01 +7.00e-02 +7.00e+09     19      1      1  0      1  0 +0.00e+00 +1.57e+00 +6.37e+00 +3.00e+00 +3.00e+00 +2.44e-03 +0.00e+00  1
     24 +7.1456e-01 +7.00e-02 +7.00e+09     20      1      1  0      1  0 +0.00e+00 +1.02e+00 +2.95e+00 +3.00e+00 +3.00e+00 +2.44e-02 +0.00e+00  1
     25 +6.4521e-01 +7.00e-02 +7.00e+09     21      1      1  0      1  0 +0.00e+00 +2.42e+01 +6.31e+01 +3.00e+00 +3.00e+00 +7.63e-03 +0.00e+00  1
     26 +4.8439e-01 +7.00e-02 +7.00e+09     22      1      1  0      1  0 +0.00e+00 +1.84e-01 +1.04e+00 +3.00e+00 +3.00e+00 +4.67e-01 +0.00e+00  1
     27 +2.8517e-01 +7.00e-02 +7.00e+09     23      1      1  0      1  0 +0.00e+00 +7.46e-02 +3.76e-01 +3.00e+00 +3.00e+00 +5.00e-01 +0.00e+00  1
     28 +1.4658e-01 +7.00e-02 +7.00e+09     24      2      2  0      2  0 +0.00e+00 +7.30e+00 +3.63e+01 +3.00e+00 +3.00e+00 +4.88e-04 +0.00e+00  1
     29 +1.4042e-01 +7.00e-02 +7.00e+09     25      1      1  0      1  0 +0.00e+00 +2.53e-01 +7.75e-01 +3.00e+00 +3.00e+00 +4.88e-03 +0.00e+00  1
     30 +1.3741e-01 +7.00e-02 +7.00e+09     26      1      1  0      1  0 +0.00e+00 +1.51e-01 +3.66e-01 +3.00e+00 +3.00e+00 +4.88e-02 +0.00e+00  1
     31 +1.2265e-01 +7.00e-02 +7.00e+09     27      1      1  0      1  0 +0.00e+00 +6.49e-01 +1.52e+00 +3.00e+00 +3.00e+00 +6.10e-02 +0.00e+00  1
     32 +9.8438e-02 +7.00e-02 +7.00e+09     28      1      1  0      1  0 +0.00e+00 +8.56e-02 +1.86e-01 +3.00e+00 +3.00e+00 +3.05e-01 +0.00e+00  1
     33 +9.0712e-02 +7.00e-02 +7.00e+09     29      1      1  0      1  0 +0.00e+00 +2.50e-02 +1.95e-01 +3.00e+00 +3.00e+00 +5.00e-01 +0.00e+00  1
     34 +6.5437e-02 +7.00e-02 +7.00e+09     30      1      1  0      1  0 +0.00e+00 +1.17e-01 +5.34e-01 +3.00e+00 +3.00e+00 +6.25e-02 +0.00e+00  1
     35 +6.2700e-02 +7.00e-02 +7.00e+09     31      1      1  0      1  0 +0.00e+00 +2.93e-02 +7.36e-02 +3.00e+00 +3.00e+00 +3.12e-01 +0.00e+00  1
     36 +5.7638e-02 +7.00e-02 +7.00e+09     32      1      1  0      1  0 +0.00e+00 +8.85e-02 +2.30e-01 +3.00e+00 +3.00e+00 +1.25e-01 +0.00e+00  1
     37 +4.2240e-02 +7.00e-02 +7.00e+09     33      2     10  0      4  0 +2.40e-02 +1.96e-02 +2.51e-02 +3.00e+00 +2.48e+00 +7.81e-03 +0.00e+00  1
     38 +4.2237e-02 +7.00e-02 +7.00e+09     35      2     12  0      4  0 +9.53e-02 +6.59e-02 +2.69e-02 +3.00e+00 +2.23e+00 +3.91e-02 +0.00e+00  1
     39 +4.1645e-02 +7.00e-02 +7.00e+09     37      1      1  0      1  0 +0.00e+00 +2.71e-01 +1.04e-01 +3.00e+00 +3.00e+00 +3.66e-02 +0.00e+00  1
--------------------------------------------------------------------------------------------------------------------------------------------------
  Iter.  Objective   St. Rad.  Tr. Rad.  |Pts| In Its QP Pts L? QP Its S?   QP KKT    |Step|   |Step|_H  |Grad.|  |G. Cmb.|  Stepsize Up. Fact. U?
--------------------------------------------------------------------------------------------------------------------------------------------------
     40 +3.8200e-02 +7.00e-02 +7.00e+09     38      1      1  0      1  0 +0.00e+00 +1.41e-01 +2.18e-01 +3.00e+00 +3.00e+00 +4.58e-02 +0.00e+00  1
     41 +3.4406e-02 +7.00e-02 +7.00e+09     39      1      1  0      1  0 +0.00e+00 +1.98e-01 +2.36e-01 +3.00e+00 +3.00e+00 +1.14e-01 +0.00e+00  1
     42 +2.2587e-02 +7.00e-02 +7.00e+09     40      1      1  0      1  0 +0.00e+00 +5.95e-02 +8.89e-02 +3.00e+00 +3.00e+00 +1.25e-01 +0.00e+00  1
     43 +1.8337e-02 +7.00e-02 +7.00e+09     41      1      1  0      1  0 +0.00e+00 +1.69e-02 +9.96e-02 +3.00e+00 +3.00e+00 +3.12e-02 +0.00e+00  1
     44 +1.7681e-02 +7.00e-02 +7.00e+09     42      1      1  0      1  0 +0.00e+00 +1.13e-02 +3.17e-02 +3.00e+00 +3.00e+00 +3.12e-01 +0.00e+00  1
     45 +1.7247e-02 +7.00e-02 +7.00e+09     43      1      1  0      1  0 +0.00e+00 +4.31e-02 +6.55e-02 +3.00e+00 +3.00e+00 +2.50e-01 +0.00e+00  1
     46 +1.2504e-02 +7.00e-02 +7.00e+09     44      1      1  0      1  0 +0.00e+00 +9.48e-03 +2.07e-02 +3.00e+00 +3.00e+00 +5.00e-01 +0.00e+00  1
     47 +1.1028e-02 +7.00e-02 +7.00e+09     45      2     22  0      7  0 +7.30e-04 +3.12e-04 +2.01e-04 +3.00e+00 +7.51e-01 +1.88e-01 +0.00e+00  1
     48 +1.1021e-02 +7.00e-02 +7.00e+09     47      2     24  0      7  0 +1.61e-03 +1.26e-03 +4.11e-04 +3.00e+00 +7.80e-01 +1.25e-01 +0.00e+00  1
     49 +1.1010e-02 +7.00e-02 +7.00e+09     49      2     26  1      8  0 +2.81e-04 +6.98e-04 +1.34e-04 +3.00e+00 +6.73e-01 +1.00e+00 +0.00e+00  1
     50 +1.0827e-02 +7.00e-02 +7.00e+09     50      3     39  1     18  0 +3.44e-05 +4.93e-03 +4.92e-04 +3.00e+00 +6.72e-01 +1.53e-05 +3.09e-01  1
     51 +1.0827e-02 +7.00e-02 +7.00e+09     50      3     51  1     24  0 +6.60e-06 +2.89e-03 +1.74e-04 +3.00e+00 +7.16e-01 +1.49e-06 +9.64e-01  1
     52 +1.0827e-02 +7.00e-02 +7.00e+09     50      3     63  1     30  0 +2.08e-05 +7.91e-04 +3.90e-05 +3.00e+00 +8.18e-01 +6.98e-07 +0.00e+00  0
     53 +1.0827e-02 +7.00e-02 +7.00e+09     50      3     63  1     30  0 +2.74e-05 +2.71e-03 +1.97e-03 +3.00e+00 +1.18e+00 +6.98e-06 +9.43e-01  1
     54 +1.0827e-02 +7.00e-02 +7.00e+09     50      3     62  1     28  0 +3.10e-08 +7.03e+00 +3.99e+00 +3.00e+00 +2.46e+00 +2.73e-07 +6.59e-01  1
     55 +1.0826e-02 +7.00e-02 +7.00e+09     50      3     62  1     29  0 +1.19e-10 +6.36e+01 +3.84e+01 +3.00e+00 +2.33e+00 +4.26e-08 +6.99e-01  1
     56 +1.0825e-02 +7.00e-02 +7.00e+09     50      3     62  1     28  0 +3.05e-08 +1.26e+02 +7.64e+01 +3.00e+00 +2.16e+00 +2.66e-08 +7.18e-01  1
     57 +1.0824e-02 +7.00e-02 +7.00e+09     50      3     62  1     26  0 +4.80e-08 +1.39e+02 +8.20e+01 +3.00e+00 +2.07e+00 +1.67e-08 +8.12e-01  1
     58 +1.0824e-02 +7.00e-02 +7.00e+09     50      3     62  1     28  0 +2.45e-12 +1.82e+02 +1.10e+02 +3.00e+00 +2.13e+00 +4.16e-08 +4.97e-01  1
     59 +1.0824e-02 +7.00e-02 +7.00e+09     50      3     62  1     27  0 +3.64e-08 +2.08e+02 +1.25e+02 +3.00e+00 +2.21e+00 +2.60e-08 +5.76e-01  1
--------------------------------------------------------------------------------------------------------------------------------------------------
  Iter.  Objective   St. Rad.  Tr. Rad.  |Pts| In Its QP Pts L? QP Its S?   QP KKT    |Step|   |Step|_H  |Grad.|  |G. Cmb.|  Stepsize Up. Fact. U?
--------------------------------------------------------------------------------------------------------------------------------------------------
     60 +1.0823e-02 +7.00e-02 +7.00e+09     50      3     62  1     26  0 +1.68e-12 +2.28e+02 +1.27e+02 +3.00e+00 +2.07e+00 +3.25e-08 +4.91e-01  1
     61 +1.0823e-02 +7.00e-02 +7.00e+09     50      3     62  1     27  0 +7.56e-09 +1.93e+02 +1.02e+02 +3.00e+00 +2.10e+00 +2.98e-08 +5.82e-01  1
     62 +1.0822e-02 +7.00e-03 +7.00e+08     50      2     18  0      6  0 +1.14e+03 +1.94e+03 +2.05e+03 +3.00e+00 +3.00e+00 +2.33e-09 +5.93e-01  1
     63 +1.0821e-02 +7.00e-03 +7.00e+08     50      2     19  0      6  0 +1.18e+03 +3.21e+03 +1.79e+03 +3.00e+00 +3.00e+00 +5.82e-09 +2.14e-01  1
     64 +1.0818e-02 +7.00e-03 +7.00e+08     50      2     19  0      6  0 +8.07e+02 +2.06e+03 +1.13e+03 +3.00e+00 +3.00e+00 +1.46e-08 +0.00e+00  1
     65 +1.0816e-02 +7.00e-03 +7.00e+08     50      3     30  0     14  0 +1.91e+02 +1.05e+03 +4.07e+02 +3.00e+00 +2.80e+00 +1.82e-08 +7.48e-02  1
     66 +1.0810e-02 +7.00e-03 +7.00e+08     50      2     29  1      9  0 +1.21e-03 +1.29e+03 +7.20e+02 +3.00e+00 +2.83e+00 +1.14e-08 +1.04e-01  1
     67 +1.0809e-02 +7.00e-03 +7.00e+08     50      2     30  1      9  0 +2.94e-03 +7.16e+02 +4.07e+02 +3.00e+00 +2.73e+00 +7.11e-09 +7.12e-01  1
     68 +1.0808e-02 +7.00e-03 +7.00e+08     50      2     31  1      9  0 +5.01e-02 +1.47e+03 +8.56e+02 +3.00e+00 +2.69e+00 +4.44e-09 +5.82e-01  1
     69 +1.0807e-02 +7.00e-03 +7.00e+08     50      2     32  1      9  0 +6.04e-03 +1.09e+03 +6.32e+02 +3.00e+00 +2.63e+00 +5.55e-09 +6.91e-01  1
     70 +1.0806e-02 +7.00e-03 +7.00e+08     50      2     32  1      9  0 +1.14e-02 +1.38e+03 +8.09e+02 +3.00e+00 +2.95e+00 +6.94e-09 +5.43e-01  1
     71 +1.0806e-02 +7.00e-03 +7.00e+08     50      2     33  1     10  0 +4.27e-04 +1.08e+03 +6.37e+02 +3.00e+00 +3.00e+00 +8.67e-09 +5.92e-01  1
     72 +1.0805e-02 +7.00e-03 +7.00e+08     50      2     34  1     10  0 +1.03e-02 +1.33e+03 +8.13e+02 +3.00e+00 +2.85e+00 +7.45e-09 +5.61e-01  1
     73 +1.0804e-02 +7.00e-04 +7.00e+07     50      2     20  0      6  0 +1.71e-12 +1.40e+03 +8.55e+02 +3.00e+00 +3.00e+00 +9.31e-09 +4.58e-01  1
     74 +1.0804e-02 +7.00e-04 +7.00e+07     50      2     21  0      6  0 +0.00e+00 +1.18e+03 +7.44e+02 +3.00e+00 +3.00e+00 +5.82e-09 +6.85e-01  1
     75 +1.0803e-02 +7.00e-04 +7.00e+07     50      2     22  0      4  0 +0.00e+00 +1.68e+03 +1.05e+03 +3.00e+00 +3.00e+00 +7.28e-09 +4.96e-01  1
     76 +1.0803e-02 +7.00e-04 +7.00e+07     50      2     23  0      6  0 +1.14e-12 +1.97e+03 +1.26e+03 +3.00e+00 +3.00e+00 +2.27e-09 +7.45e-01  1
     77 +1.0802e-02 +7.00e-04 +7.00e+07     50      2     23  0      5  0 +1.14e-12 +1.99e+03 +1.28e+03 +3.00e+00 +3.00e+00 +5.68e-09 +6.00e-01  1
     78 +1.0799e-02 +7.00e-04 +7.00e+07     50      2     23  0      5  0 +1.59e-12 +2.09e+03 +1.33e+03 +3.00e+00 +3.00e+00 +3.55e-09 +6.34e-01  1
     79 +1.0799e-02 +7.00e-04 +7.00e+07     50      2     24  0      3  0 +2.73e-12 +4.86e+03 +3.17e+03 +3.00e+00 +3.00e+00 +2.22e-09 +4.57e-01  1
--------------------------------------------------------------------------------------------------------------------------------------------------
  Iter.  Objective   St. Rad.  Tr. Rad.  |Pts| In Its QP Pts L? QP Its S?   QP KKT    |Step|   |Step|_H  |Grad.|  |G. Cmb.|  Stepsize Up. Fact. U?
--------------------------------------------------------------------------------------------------------------------------------------------------
     80 +1.0798e-02 +7.00e-04 +7.00e+07     50      2     25  0      6  0 +1.93e-12 +1.52e+03 +1.00e+03 +3.00e+00 +3.00e+00 +1.11e-08 +3.59e-01  1
     81 +1.0796e-02 +7.00e-04 +7.00e+07     50      2     26  1      8  0 +1.15e-01 +1.53e+03 +1.00e+03 +3.00e+00 +3.00e+00 +1.39e-08 +2.49e-01  1
     82 +1.0795e-02 +7.00e-04 +7.00e+07     50      2     27  1      8  0 +4.72e-03 +1.37e+03 +9.13e+02 +3.00e+00 +3.00e+00 +1.73e-08 +1.76e-01  1
     83 +1.0795e-02 +7.00e-04 +7.00e+07     50      2     28  1      8  0 +7.22e-08 +1.31e+03 +8.74e+02 +3.00e+00 +3.00e+00 +1.49e-08 +2.87e-01  1
     84 +1.0794e-02 +1.00e-04 +7.00e+06     36      2      7  0      2  0 +0.00e+00 +2.67e+03 +1.71e+03 +3.00e+00 +3.00e+00 +2.33e-09 +6.02e-01  1
     85 +1.0792e-02 +1.00e-04 +7.00e+06     37      2      7  0      2  0 +0.00e+00 +2.80e+03 +1.87e+03 +3.00e+00 +3.00e+00 +1.16e-08 +0.00e+00  1
     86 +1.0792e-02 +1.00e-04 +7.00e+06     38      2      5  0      2  0 +0.00e+00 +1.27e+03 +8.64e+02 +3.00e+00 +3.00e+00 +1.46e-08 +4.03e-01  1
     87 +1.0787e-02 +1.00e-04 +7.00e+06     39      2      5  0      2  0 +0.00e+00 +2.37e+03 +1.61e+03 +3.00e+00 +3.00e+00 +9.09e-09 +3.98e-01  1
     88 +1.0781e-02 +1.00e-04 +7.00e+06     40      2      6  0      2  0 +0.00e+00 +2.62e+03 +1.77e+03 +3.00e+00 +3.00e+00 +1.14e-08 +1.36e-01  1
     89 +1.0779e-02 +1.00e-04 +7.00e+06     41      2      4  0      2  0 +0.00e+00 +1.87e+03 +1.30e+03 +3.00e+00 +3.00e+00 +1.42e-08 +1.64e-01  1
     90 +1.0773e-02 +1.00e-04 +7.00e+06     42      2      5  0      2  0 +0.00e+00 +2.30e+03 +1.56e+03 +3.00e+00 +3.00e+00 +1.78e-08 +0.00e+00  1
     91 +1.0771e-02 +1.00e-04 +7.00e+06     43      2      4  0      2  0 +0.00e+00 +1.93e+03 +1.34e+03 +3.00e+00 +3.00e+00 +2.22e-08 +0.00e+00  1
     92 +1.0768e-02 +1.00e-04 +7.00e+06     44      2      3  0      2  0 +1.63e-05 +1.98e+03 +1.35e+03 +3.00e+00 +3.00e+00 +1.39e-08 +1.01e-01  1
     93 +1.0760e-02 +1.00e-04 +7.00e+06     45      2      3  0      2  0 +4.07e-06 +2.60e+03 +1.78e+03 +3.00e+00 +3.00e+00 +1.73e-08 +0.00e+00  1
     94 +1.0754e-02 +1.00e-04 +7.00e+06     46      2      3  0      2  0 +0.00e+00 +1.95e+03 +1.33e+03 +3.00e+00 +3.00e+00

EXIT: Objective not improving sufficiently.

Objective............................ : 1.075416e-02
Objective (unscaled)................. : 1.075416e-02

Number of iterations................. : 94
Number of inner iterations........... : 159
Number of QP iterations.............. : 581
Number of function evaluations....... : 699
Number of gradient evaluations....... : 252

CPU seconds.......................... : 1.305987
CPU seconds in evaluations........... : 0.055401
CPU seconds in direction computations : 1.130477
CPU seconds in line searches......... : 0.034864
