Set value for option 'direction_computation' as GradientCombination.
+--------------------------------------------------------------+
|       NonOpt = Nonlinear/Nonconvex/Nonsmooth Optimizer       |
| NonOpt is released as open source code under the MIT License |
| Please visit http://coral.ise.lehigh.edu/frankecurtis/nonopt |
+--------------------------------------------------------------+

This is NonOpt version 2.0

Number of variables.................. : 1000
Initial objective.................... : 4.745250e+03
Initial objective (unscaled)......... : 4.745250e+03

Approximate Hessian update strategy.. : BFGS
Derivative checker strategy.......... : FiniteDifference
Direction computation strategy....... : GradientCombination
Line search strategy................. : WeakWolfe
Point set update strategy............ : Proximity
QP solver (small scale) strategy..... : DualActiveSet
QP solver (large scale) strategy..... : InteriorPoint
Symmetric matrix strategy............ : Dense
Termination strategy................. : Basic

--------------------------------------------------------------------------------------------------------------------------------------------------
  Iter.  Objective   St. Rad.  Tr. Rad.  |Pts| In Its QP Pts L? QP Its S?   QP KKT    |Step|   |Step|_H  |Grad.|  |G. Cmb.|  Stepsize Up. Fact. U?
--------------------------------------------------------------------------------------------------------------------------------------------------
      0 +4.7452e+03 +1.60e+00 +1.60e+11      0      1      1  0      1  0 +0.00e+00 +1.60e+01 +2.56e+05 +1.60e+01 +1.60e+01 +1.25e-01 +0.00e+00  1
      1 +2.7407e+03 +1.60e-01 +1.60e+10      0      1      1  0      1  0 +0.00e+00 +3.75e+00 +1.31e+04 +1.40e+01 +1.40e+01 +1.00e+00 +0.00e+00  1
      2 -2.2898e+02 +1.60e-01 +1.60e+10      0      1      1  0      1  0 +0.00e+00 +2.54e+01 +1.24e+03 +2.76e+01 +2.76e+01 +2.50e-01 +0.00e+00  1
      3 -2.6840e+02 +1.60e-01 +1.60e+10      1      1      1  0      1  0 +0.00e+00 +2.71e+00 +1.56e+02 +2.01e+01 +2.01e+01 +1.00e+00 +0.00e+00  1
      4 -3.6683e+02 +1.60e-01 +1.60e+10      2      1      1  0      1  0 +0.00e+00 +2.11e+00 +1.09e+02 +9.16e-01 +9.16e-01 +1.00e+00 +0.00e+00  1
      5 -4.5237e+02 +1.60e-02 +1.60e+09      0      1      1  0      1  0 +0.00e+00 +1.94e+01 +6.98e+02 +1.61e+01 +1.61e+01 +2.50e-01 +0.00e+00  1
      6 -4.9232e+02 +1.60e-02 +1.60e+09      0      1      1  0      1  0 +5.68e-14 +2.58e+00 +2.15e+02 +4.07e+01 +4.07e+01 +1.00e+00 +0.00e+00  1
      7 -6.1935e+02 +1.60e-02 +1.60e+09      0      1      1  0      1  0 +0.00e+00 +1.95e+01 +1.29e+03 +2.98e+01 +2.98e+01 +1.56e-02 +0.00e+00  1
      8 -6.3823e+02 +1.60e-02 +1.60e+09      1      1      1  0      1  0 +0.00e+00 +2.96e+00 +2.04e+02 +2.55e+01 +2.55e+01 +5.86e-02 +0.00e+00  1
      9 -6.4234e+02 +1.60e-02 +1.60e+09      2      1      1  0      1  0 +0.00e+00 +7.45e+00 +4.96e+02 +2.42e+01 +2.42e+01 +5.86e-01 +0.00e+00  1
     10 -6.6972e+02 +1.60e-02 +1.60e+09      0      1      1  0      1  0 +5.68e-14 +9.62e+00 +3.98e+02 +1.91e+01 +1.91e+01 +1.25e-01 +0.00e+00  1
     11 -6.7513e+02 +1.60e-02 +1.60e+09      0      1      1  0      1  0 +0.00e+00 +3.05e+00 +8.96e+01 +2.06e+01 +2.06e+01 +5.00e-01 +0.00e+00  1
     12 -7.0092e+02 +1.60e-02 +1.60e+09      0      1      1  0      1  0 +0.00e+00 +4.39e+00 +3.61e+01 +6.73e+00 +6.73e+00 +2.50e-01 +0.00e+00  1
     13 -7.0116e+02 +1.60e-02 +1.60e+09      1      1      1  0      1  0 +0.00e+00 +9.56e-01 +2.29e+00 +1.13e+00 +1.13e+00 +5.00e-01 +0.00e+00  1
     14 -7.0205e+02 +1.60e-02 +1.60e+09      2      1      1  0      1  0 +3.62e-14 +5.38e-01 +1.39e+00 +1.04e+00 +1.04e+00 +4.69e-02 +0.00e+00  1
     15 -7.0206e+02 +1.60e-02 +1.60e+09      3      1      1  0      1  0 +1.07e-14 +7.62e-01 +2.01e+00 +6.10e+00 +6.10e+00 +2.34e-01 +0.00e+00  1
     16 -7.0231e+02 +1.60e-02 +1.60e+09      3      1      1  0      1  0 +1.78e-14 +3.23e+00 +1.16e+01 +1.25e+01 +1.25e+01 +6.25e-02 +0.00e+00  1
     17 -7.0236e+02 +1.60e-02 +1.60e+09      4      1      1  0      1  0 +1.24e-14 +1.43e+00 +6.27e+00 +5.93e+00 +5.93e+00 +7.81e-02 +0.00e+00  1
     18 -7.0242e+02 +1.60e-02 +1.60e+09      5      1      1  0      1  0 +1.42e-14 +5.86e+00 +2.76e+01 +5.89e+00 +5.89e+00 +1.22e-02 +0.00e+00  1
     19 -7.0261e+02 +1.60e-02 +1.60e+09      6      1      1  0      1  0 +3.20e-14 +1.61e+00 +1.28e+01 +1.23e+01 +1.23e+01 +6.10e-02 +0.00e+00  1
--------------------------------------------------------------------------------------------------------------------------------------------------
  Iter.  Objective   St. Rad.  Tr. Rad.  |Pts| In Its QP Pts L? QP Its S?   QP KKT    |Step|   |Step|_H  |Grad.|  |G. Cmb.|  Stepsize Up. Fact. U?
--------------------------------------------------------------------------------------------------------------------------------------------------
     20 -7.0273e+02 +1.60e-02 +1.60e+09      7      1      1  0      1  0 +3.20e-14 +1.28e+00 +1.14e+01 +1.20e+01 +1.20e+01 +1.53e-01 +0.00e+00  1
     21 -7.0359e+02 +1.60e-02 +1.60e+09      8      1      1  0      1  0 +4.09e-14 +3.42e+00 +1.55e+01 +5.01e+00 +5.01e+00 +6.25e-02 +0.00e+00  1
     22 -7.0379e+02 +1.60e-02 +1.60e+09      9      1      1  0      1  0 +0.00e+00 +8.60e-01 +8.62e+00 +9.99e+00 +9.99e+00 +1.56e-01 +0.00e+00  1
     23 -7.0395e+02 +1.60e-02 +1.60e+09     10      1      1  0      1  0 +0.00e+00 +9.71e-02 +3.17e-01 +7.20e-01 +7.20e-01 +4.09e+00 +0.00e+00  1
     24 -7.0397e+02 +1.60e-02 +1.60e+09     11      1      1  0      1  0 +3.73e-14 +1.42e+00 +5.09e+00 +6.50e+00 +6.50e+00 +1.25e-01 +0.00e+00  1
     25 -7.0405e+02 +1.60e-02 +1.60e+09     11      1      1  0      1  0 +0.00e+00 +5.26e-01 +3.89e+00 +6.81e+00 +6.81e+00 +5.00e-01 +0.00e+00  1
     26 -7.0503e+02 +1.60e-02 +1.60e+09     12      1      1  0      1  0 +5.61e-14 +5.87e-02 +8.50e-01 +6.36e-01 +6.36e-01 +1.39e+00 +0.00e+00  1
     27 -7.0613e+02 +1.60e-02 +1.60e+09     13      1      1  0      1  0 +1.42e-14 +6.84e-01 +8.68e+00 +5.46e+00 +5.46e+00 +1.27e-02 +0.00e+00  1
     28 -7.0621e+02 +1.60e-02 +1.60e+09     14      1      1  0      1  0 +0.00e+00 +1.41e-01 +4.01e+00 +9.61e+00 +9.61e+00 +1.59e-02 +0.00e+00  1
     29 -7.0622e+02 +1.60e-02 +1.60e+09     15      1      1  0      1  0 +0.00e+00 +3.87e+00 +5.84e+01 +5.49e+00 +5.49e+00 +1.24e-03 +0.00e+00  1
     30 -7.0625e+02 +1.60e-02 +1.60e+09     16      1      1  0      1  0 +2.11e-14 +9.44e-02 +4.02e-01 +5.48e+00 +5.48e+00 +6.20e-03 +0.00e+00  1
     31 -7.0625e+02 +1.60e-02 +1.60e+09     17      2      5  0      3  0 +7.55e-15 +5.00e+00 +2.10e+01 +9.61e+00 +5.48e+00 +2.42e-04 +0.00e+00  1
     32 -7.0625e+02 +1.60e-02 +1.60e+09     18      2      6  0      3  0 +8.88e-16 +9.80e+00 +4.10e+01 +5.48e+00 +5.67e+00 +6.05e-04 +0.00e+00  1
     33 -7.0625e+02 +1.60e-02 +1.60e+09     19      1      1  0      1  0 +1.42e-14 +7.97e+00 +3.30e+01 +9.61e+00 +9.61e+00 +7.57e-04 +0.00e+00  1
     34 -7.0625e+02 +1.60e-02 +1.60e+09     20      1      1  0      1  0 +1.42e-14 +6.56e+00 +2.69e+01 +5.03e+00 +5.03e+00 +9.46e-04 +0.00e+00  1
     35 -7.0627e+02 +1.60e-02 +1.60e+09     21      2      3  0      2  0 +6.91e-03 +9.32e+00 +3.78e+01 +9.61e+00 +9.61e+00 +2.96e-04 +0.00e+00  1
     36 -7.0627e+02 +1.60e-02 +1.60e+09     22      1      1  0      1  0 +0.00e+00 +9.11e-02 +1.50e-01 +9.69e+00 +9.69e+00 +3.94e-01 +0.00e+00  1
     37 -7.0629e+02 +1.60e-02 +1.60e+09     23      1      1  0      1  0 +0.00e+00 +5.16e+01 +8.47e+01 +4.70e+00 +4.70e+00 +9.77e-04 +0.00e+00  1
     38 -7.0629e+02 +1.60e-02 +1.60e+09     24      2      1  0      2  0 +2.84e-14 +1.43e+01 +2.34e+01 +9.72e+00 +9.72e+00 +6.10e-04 +0.00e+00  1
     39 -7.0630e+02 +1.60e-02 +1.60e+09     25      2      2  0      2  0 +1.43e-02 +7.90e+00 +1.28e+01 +9.73e+00 +9.72e+00 +3.81e-04 +0.00e+00  1
--------------------------------------------------------------------------------------------------------------------------------------------------
  Iter.  Objective   St. Rad.  Tr. Rad.  |Pts| In Its QP Pts L? QP Its S?   QP KKT    |Step|   |Step|_H  |Grad.|  |G. Cmb.|  Stepsize Up. Fact. U?
--------------------------------------------------------------------------------------------------------------------------------------------------
     40 -7.0630e+02 +1.60e-02 +1.60e+09     26      2      3  0      2  0 +4.07e-03 +1.03e+01 +1.66e+01 +9.73e+00 +9.73e+00 +1.19e-04 +0.00e+00  1
     41 -7.0630e+02 +1.60e-02 +1.60e+09     27      2      4  0      2  0 +4.94e-03 +1.30e+01 +2.09e+01 +9.72e+00 +9.72e+00 +7.45e-05 +0.00e+00  1
     42 -7.0630e+02 +1.60e-02 +1.60e+09     28      2      5  0      3  0 +5.88e-06 +1.61e+01 +2.58e+01 +9.72e+00 +9.72e+00 +9.31e-05 +0.00e+00  1
     43 -7.0630e+02 +1.60e-02 +1.60e+09     29      2      6  0      3  0 +4.42e-12 +1.94e+01 +3.10e+01 +9.72e+00 +9.72e+00 +2.33e-04 +0.00e+00  1
     44 -7.0630e+02 +1.60e-02 +1.60e+09     30      2      6  0      3  0 +2.84e-12 +2.24e+01 +3.58e+01 +9.72e+00 +9.72e+00 +2.91e-04 +0.00e+00  1
     45 -7.0631e+02 +1.60e-02 +1.60e+09     31      2      6  0      3  0 +1.17e-12 +2.46e+01 +3.91e+01 +9.70e+00 +9.71e+00 +1.82e-04 +0.00e+00  1
     46 -7.0631e+02 +1.60e-02 +1.60e+09     32      2      4  0      2  0 +7.12e-03 +7.63e+00 +1.21e+01 +9.61e+00 +9.70e+00 +1.14e-04 +0.00e+00  1
     47 -7.0631e+02 +1.60e-02 +1.60e+09     33      2      4  0      2  0 +6.83e-03 +4.02e+00 +6.29e+00 +4.70e+00 +9.61e+00 +7.11e-05 +0.00e+00  1
     48 -7.0631e+02 +1.60e-02 +1.60e+09     34      2      5  0      3  0 +6.48e-05 +4.82e+00 +7.47e+00 +9.61e+00 +9.61e+00 +1.11e-05 +7.81e-01  1
     49 -7.0631e+02 +1.60e-02 +1.60e+09     35      3     17  0      8  0 +1.27e+01 +3.07e+00 +4.69e+00 +4.70e+00 +9.61e+00 +3.39e-09 +9.66e-01  1
     50 -7.0631e+02 +1.60e-02 +1.60e+09     47      3     29  0     14  0 +1.23e+01 +7.72e+00 +1.12e+01 +4.70e+00 +9.53e+00 +3.39e-08 +9.80e-01  1
     51 -7.0631e+02 +1.60e-02 +1.60e+09     50      3     41  1     20  0 +2.12e-07 +3.49e+01 +5.32e+01 +9.61e+00 +7.01e+00 +1.32e-09 +9.93e-01  1
     52 -7.0631e+02 +1.60e-02 +1.60e+09     50      3     53  1     24  0 +1.84e-08 +2.29e+01 +3.50e+01 +9.61e+00 +6.75e+00 +1.65e-09 +9.93e-01  1
     53 -7.0631e+02 +1.60e-02 +1.60e+09     50      3     62  1     25  0 +9.70e-09 +1.68e+01 +2.57e+01 +9.61e+00 +5.83e+00 +1.03e-09 +9.97e-01  1
     54 -7.0631e+02 +1.60e-02 +1.60e+09     50      3     62  1     26  0 +6.44e-10 +5.01e+01 +7.64e+01 +9.61e+00 +5.76e+00 +1.29e-09 +9.94e-01  1
     55 -7.0631e+02 +1.60e-02 +1.60e+09     50      3     62  1     25  0 +6.13e-09 +5.85e+01 +8.91e+01 +9.61e+00 +5.96e+00 +8.08e-10 +9.95e-01  1
     56 -7.0631e+02 +1.60e-02 +1.60e+09     50      3     62  1     27  0 +8.56e-09 +3.94e+01 +6.02e+01 +9.61e+00 +6.60e+00 +5.05e-10 +9.97e-01  1
     57 -7.0631e+02 +1.60e-02 +1.60e+09     50      3     62  1     27  0 +1.74e-12 +5.22e+01 +7.97e+01 +9.61e+00 +6.72e+00 +6.31e-10 +9.96e-01  1
     58 -7.0631e+02 +1.60e-02 +1.60e+09     50      3     62  1     27  0 +5.36e-08 +3.36e+01 +5.16e+01 +9.61e+00 +7.12e+00 +1.97e-10 +9.99e-01  1
     59 -7.0631e+02 +1.60e-02 +1.60e+09     50      3     62  1     25  0 +5.42e-08 +6.65e+01 +1.02e+02 +9.61e+00 +6.59e+00 +4.93e-10 +9.96e-01  1
--------------------------------------------------------------------------------------------------------------------------------------------------
  Iter.  Objective   St. Rad.  Tr. Rad.  |Pts| In Its QP Pts L? QP Its S?   QP KKT    |Step|   |Step|_H  |Grad.|  |G. Cmb.|  Stepsize Up. Fact. U?
--------------------------------------------------------------------------------------------------------------------------------------------------
     60 -7.0631e+02 +1.60e-02 +1.60e+09     50      3     62  1     27  0 +6.99e-12 +6.21e+01 +9.52e+01 +9.61e+00 +6.89e+00 +3.08e-10 +9.97e-01  1
     61 -7.0631e+02 +1.60e-02 +1.60e+09     50      3     62  1     27  0 +2.25e-08 +7.04e+01 +1.07e+02 +9.61e+00 +7.20e+00 +3.85e-10 +9.96e-01  1
     62 -7.0631e+02 +1.60e-02 +1.60e+09     50      3     62  1     26  0 +1.09e-09 +5.33e+01 +8.15e+01 +9.61e+00 +7.14e+00 +4.81e-10 +9.96e-01  1
     63 -7.0631e+02 +1.60e-02 +1.60e+09     50      3     62  1     27  0 +3.38e-08 +5.59e+01 +8.55e+01 +9.61e+00 +6.96e+00 +3.01e-10 +9.98e-01  1
     64 -7.0631e+02 +1.60e-02 +1.60e+09     50      3     62  1     26  0 +1.19e-09 +7.12e+01 +1.09e+02 +9.61e+00 +7.20e+00 +1.88e-10 +9.98e-01  1
     65 -7.0631e+02 +1.60e-02 +1.60e+09     50      3     62  1     24  0 +8.41e-10 +6.01e+01 +9.19e+01 +9.61e+00 +7.31e+00 +2.35e-10 +9.98e-01  1
     66 -7.0631e+02 +1.60e-02 +1.60e+09     50      3     62  1     26  0 +5.84e-12 +3.01e+01 +4.63e+01 +9.61e+00 +6.88e+00 +2.94e-10 +9.98e-01  1
     67 -7.0631e+02 +1.60e-02 +1.60e+09     50      3     62  1     26  0 +1.15e-08 +4.89e+01 +7.47e+01 +9.61e+00 +6.99e+00 +1.84e-10 +9.98e-01  1
     68 -7.0631e+02 +1.60e-02 +1.60e+09     50      3     62  1     26  0 +2.45e-12 +5.86e+01 +8.98e+01 +9.61e+00 +7.09e+00 +2.30e-10 +9.98e-01  1
     69 -7.0631e+02 +1.60e-02 +1.60e+09     50      3     62  1     27  0 +9.65e-10 +8.15e+01 +1.25e+02 +9.61e+00 +7.02e+00 +1.43e-10 +9.98e-01  1
     70 -7.0631e+02 +1.60e-02 +1.60e+09     50      3     62  1     25  0 +3.57e-12 +9.90e+01 +1.51e+02 +9.61e+00 +7.01e+00 +2.33e-10 +9.97e-01  1
     71 -7.0631e+02 +1.60e-03 +1.60e+08     50      3     30  0     14  0 +1.36e+02 +2.75e+02 +4.19e+02 +9.61e+00 +8.16e+00 +1.46e-10 +9.97e-01  1
     72 -7.0631e+02 +1.60e-03 +1.60e+08     50      3     37  1     18  0 +5.11e-06 +2.58e+02 +3.95e+02 +9.61e+00 +7.14e+00 +3.64e-10 +9.94e-01  1
     73 -7.0631e+02 +1.60e-03 +1.60e+08     50      3     44  1     21  0 +3.70e-06 +2.18e+02 +3.33e+02 +9.61e+00 +6.77e+00 +2.27e-10 +9.96e-01  1
     74 -7.0631e+02 +1.60e-03 +1.60e+08     50      3     52  1     24  0 +2.72e-12 +1.25e+02 +1.90e+02 +9.61e+00 +6.64e+00 +1.42e-10 +9.98e-01  1
     75 -7.0631e+02 +1.60e-03 +1.60e+08     50      3     61  1     27  0 +8.38e-12 +8.91e+01 +1.37e+02 +9.61e+00 +6.45e+00 +1.78e-10 +9.97e-01  1
     76 -7.0631e+02 +1.60e-03 +1.60e+08     50      3     62  1     27  0 +5.18e-08 +9.13e+01 +1.40e+02 +9.61e+00 +6.66e+00 +2.22e-10 +9.98e-01  1
     77 -7.0631e+02 +1.60e-03 +1.60e+08     50      3     62  1     28  0 +1.56e-08 +1.08e+02 +1.65e+02 +9.61e+00 +7.04e+00 +2.78e-10 +9.97e-01  1
     78 -7.0631e+02 +1.60e-03 +1.60e+08     50      3     62  1     24  0 +6.71e-09 +8.73e+01 +1.34e+02 +9.61e+00 +6.87e+00 +1.73e-10 +9.98e-01  1
     79 -7.0631e+02 +1.60e-03 +1.60e+08     50      3     62  1     25  0 +2.30e-12 +7.49e+01 +1.15e+02 +9.61e+00 +6.37e+00 +2.17e-10 +9.98e-01  1
--------------------------------------------------------------------------------------------------------------------------------------------------
  Iter.  Objective   St. Rad.  Tr. Rad.  |Pts| In Its QP Pts L? QP Its S?   QP KKT    |Step|   |Step|_H  |Grad.|  |G. Cmb.|  Stepsize Up. Fact. U?
--------------------------------------------------------------------------------------------------------------------------------------------------
     80 -7.0631e+02 +1.60e-03 +1.60e+08     50      3     62  1     25  0 +9.22e-08 +1.38e+02 +2.11e+02 +9.61e+00 +6.90e+00 +1.36e-10 +9.97e-01  1
     81 -7.0631e+02 +1.60e-03 +1.60e+08     50      3     62  1     25  0 +6.84e-08 +1.24e+02 +1.90e+02 +9.61e+00 +6.52e+00 +1.69e-10 +9.98e-01  1
     82 -7.0631e+02 +1.60e-03 +1.60e+08     50      3     62  1     26  0 +2.24e-08 +1.20e+02 +1.84e+02 +9.61e+00 +6.49e+00 +2.12e-10 +9.97e-01  1
     83 -7.0631e+02 +1.60e-03 +1.60e+08     50      3     62  1     26  0 +1.48e-09 +9.12e+01 +1.40e+02 +9.61e+00 +6.54e+00 +2.65e-10 +9.97e-01  1
     84 -7.0631e+02 +1.60e-03 +1.60e+08     50      3     62  1     28  0 +1.21e-11 +1.37e+02 +2.09e+02 +9.61e+00 +6.82e+00 +8.27e-11 +9.98e-01  1
     85 -7.0631e+02 +1.60e-03 +1.60e+08     50      3     62  1     24  0 +8.52e-08 +1.30e+02 +2.00e+02 +9.61e+00 +6.81e+00 +2.07e-10 +9.97e-01  1
     86 -7.0631e+02 +1.60e-03 +1.60e+08     50      3     62  1     25  0 +3.67e-08 +1.32e+02 +2.02e+02 +9.61e+00 +7.01e+00 +1.29e-10 +9.98e-01  1
     87 -7.0631e+02 +1.60e-03 +1.60e+08     50      3     62  1     27  0 +1.41e-09 +1.41e+02 +2.17e+02 +9.61e+00 +6.78e+00 +1.62e-10 +9.97e-01  1
     88 -7.0631e+02 +1.60e-03 +1.60e+08     50      3     62  1     25  0 +3.75e-09 +1.23e+02 +1.89e+02 +9.61e+00 +6.68e+00 +2.02e-10 +9.97e-01  1
     89 -7.0631e+02 +1.60e-03 +1.60e+08     50      3     62  1     27  0 +5.12e-09 +1.33e+02 +2.04e+02 +9.61e+00 +6.98e+00 +1.26e-10 +9.98e-01  1
     90 -7.0631e+02 +1.60e-03 +1.60e+08     50      3     62  1     29  0 +6.66e-08 +1.03e+02 +1.57e+02 +9.61e+00 +6.66e+00 +1.58e-10 +9.98e-01  1
     91 -7.0631e+02 +1.60e-03 +1.60e+08     50      3     62  1     26  0 +6.82e-12 +1.21e+02 +1.87e+02 +9.61e+00 +6.83e+00 +1.16e-10 +9.98e-01  1
     92 -7.0631e+02 +1.60e-04 +1.60e+07     50      3     33  0     16  0 +1.13e+03 +1.51e+02 +1.03e+03 +9.61e+00 +7.33e+00 +3.64e-11 +9.99e-01  1
     93 -7.0631e+02 +1.60e-04 +1.60e+07     50      3     41  1     20  0 +4.55e-03 +7.26e+02 +1.11e+03 +9.61e+00 +7.29e+00 +9.09e-11 +9.96e-01  1
     94 -7.0631e+02 +1.60e-04 +1.60e+07     50      2     37  1     11  0 +1.66e-01 +2.41e+03 +3.68e+03 +9.61e+00 +8.39e+00 +5.68e-11 +9.94e-01  1
     95 -7.0631e+02 +1.60e-04 +1.60e+07     50      3     49  1     24  0 +9.02e-06 +6.63e+02 +8.54e+02 +9.61e+00 +7.30e+00 +2.84e-10 +9.92e-01  1
     96 -7.0631e+02 +1.60e-04 +1.60e+07     50      2     45  1     13  0 +5.12e+02 +2.68e+03 +3.29e+03 +9.61e+00 +8.54e+00 +4.44e-11 +9.95e-01  1
     97 -7.0631e+02 +1.60e-04 +1.60e+07     50      3     56  1     27  0 +4.97e+01 +1.21e+03 +1.25e+03 +9.61e+00 +7.56e+00 +2.22e-10 +9.92e-01  1
     98 -7.0631e+02 +1.60e-04 +1.60e+07     50      2     51  1     14  0 +8.31e+01 +5.00e+03 +5.80e+03 +9.61e+00 +8.19e+00 +3.47e-11 +9.93e-01  1
     99 -7.0631e+02 +1.60e-04 +1.60e+07     50      2     51  1     14  0 +3.24e-02 +2.64e+03 +3.55e+03 +9.61e+00 +7.78e+00 +4.34e-11 +9.96e-01  1
--------------------------------------------------------------------------------------------------------------------------------------------------
  Iter.  Objective   St. Rad.  Tr. Rad.  |Pts| In Its QP Pts L? QP Its S?   QP KKT    |Step|   |Step|_H  |Grad.|  |G. Cmb.|  Stepsize Up. Fact. U?
--------------------------------------------------------------------------------------------------------------------------------------------------
    100 -7.0631e+02 +1.60e-04 +1.60e+07     50      2     51  1     14  0 +9.01e-04 +2.67e+03 +3.70e+03 +9.61e+00 +7.82e+00 +5.42e-11 +9.95e-01  1
    101 -7.0631e+02 +1.60e-04 +1.60e+07     50      2     51  1     14  0 +5.57e-03 +2.38e+03 +3.21e+03 +9.61e+00 +8.38e+00 +3.39e-11 +9.97e-01  1
    102 -7.0631e+02 +1.60e-04 +1.60e+07     50      3     62  1     30  0 +2.04e-08 +1.23e+03 +1.46e+03 +9.61e+00 +7.00e+00 +8.47e-11 +9.96e-01  1
    103 -7.0631e+02 +1.60e-04 +1.60e+07     50      2     51  1     14  0 +1.40e+03 +4.63e+03 +4.85e+03 +9.61e+00 +7.54e+00 +2.65e-11 +9.96e-01  1
    104 -7.0631e+02 +1.60e-04 +1.60e+07     50      3     62  1     30  0 +2.44e-08 +1.23e+03 +1.24e+03 +9.61e+00 +7.97e+00 +1.32e-10 +9.95e-01  1
    105 -7.0631e+02 +1.60e-04 +1.60e+07     50      2     51  1     14  0 +2.32e-02 +3.89e+03 +4.34e+03 +9.61e+00 +7.41e+00 +4.14e-11 +9.94e-01  1
    106 -7.0631e+02 +1.60e-04 +1.60e+07     50      3     62  1     30  0 +1.14e-12 +6.52e+02 +7.88e+02 +9.61e+00 +6.99e+00 +1.03e-10 +9.97e-01  1
    107 -7.0631e+02 +1.60e-04 +1.60e+07     50      3     62  1     30  0 +4.18e-06 +2.04e+03 +1.89e+03 +9.61e+00 +7.88e+00 +1.29e-10 +9.93e-01  1
    108 -7.0631e+02 +1.60e-04 +1.60e+07     50      2     51  1     14  0 +4.43e+01 +2.54e+03 +2.94e+03 +9.61e+00 +8.62e+00 +8.08e-11 +9.94e-01  1
    109 -7.0631e+02 +1.60e-04 +1.60e+07     50      3     62  1     30  0 +1.17e-12 +7.55e+02 +9.81e+02 +9.61e+00 +7.10e+00 +1.01e-10 +9.97e-01  1
    110 -7.0631e+02 +1.60e-04 +1.60e+07     50      2     51  1     14  0 +4.04e+01 +3.45e+03 +4.64e+03 +9.61e+00 +9.06e+00 +3.16e-11 +9.97e-01  1
    111 -7.0631e+02 +1.60e-04 +1.60e+07     50      3     62  1     30  0 +6.00e-06 +1.49e+03 +1.80e+03 +9.61e+00 +8.60e+00 +1.58e-10 +9.94e-01  1
    112 -7.0631e+02 +1.60e-04 +1.60e+07     50      3     62  1     30  0 +2.59e-06 +1.17e+03 +1.36e+03 +9.61e+00 +8.30e+00 +1.16e-10 +9.96e-01  1
    113 -7.0631e+02 +1.00e-04 +1.60e+06     50      2     51  1     14  0 +8.73e-03 +2.91e+03 +3.83e+03 +9.61e+00 +8.34e+00 +3.64e-11 +9.96e-01  1
    114 -7.0631e+02 +1.00e-04 +1.60e+06     50      3     62  1     28  0 +2.21e-09 +6.64e+02 +8.15e+02 +9.61e+00 +7.29e+00 +9.09e-11 +9.97e-01  1
    115 -7.0631e+02 +1.00e-04 +1.60e+06     50      2     51  1     14  0 +4.69e+00 +2.43e+03 +3.11e+03 +9.61e+00 +8.57e+00 +2.84e-11 +9.98e-01  1
    116 -7.0631e+02 +1.00e-04 +1.60e+06     50      3     62  1     29  0 +2.64e-08 +1.06e+03 +1.06e+03 +9.61e+00 +7.77e+00 +1.42e-10 +9.96e-01  1
    117 -7.0631e+02 +1.00e-04 +1.60e+06     50      3     62  1     30  0 +2.05e-12 +6.59e+02 +8.30e+02 +9.61e+00 +7.45e+00 +1.78e-10 +9.95e-01  1
    118 -7.0631e+02 +1.00e-04 +1.60e+06     50      3     62  1     29  0 +9.79e-09 +5.52e+02 +6.51e+02 +9.61e+00 +7.56e+00 +1.11e-10 +9.97e-01  1
    119 -7.0631e+02 +1.00e-04 +1.60e+06     50      3     62  1     30  0 +1.02e-12 +6.68e+02 +8.88e+02 +9.61e+00 +8.14e+00 +1.39e-10 +9.96e-01  1
--------------------------------------------------------------------------------------------------------------------------------------------------
  Iter.  Objective   St. Rad.  Tr. Rad.  |Pts| In Its QP Pts L? QP Its S?   QP KKT    |Step|   |Step|_H  |Grad.|  |G. Cmb.|  Stepsize Up. Fact. U?
--------------------------------------------------------------------------------------------------------------------------------------------------
    120 -7.0631e+02 +1.00e-04 +1.60e+06     50      3     62  1     30  0 +7.30e-08 +5.58e+02 +7.55e+02 +9.61e+00 +8.13e+00 +1.73e-10 +9.96e-01  1
    121 -7.0631e+02 +1.00e-04 +1.60e+06     50      3     62  1     27  0 +8.43e-10 +3.71e+02 +5.69e+02 +9.61e+00 +8.42e+00 +1.08e-10 +9.98e-01  1
    122 -7.0631e+02 +1.00e-04 +1.60e+06     50      3     62  1     29  0 +2.05e-12 +3.77e+02 +5.78e+02 +9.61e+00 +7.99e+00 +1.36e-10 +9.97e-01  1
    123 -7.0631e+02 +1.00e-04 +1.60e+06     50      3     62  1     27  0 +4.24e-08 +3.19e+02 +4.89e+02 +9.61e+00 +8.19e+00 +8.47e-11 +9.98e-01  1
    124 -7.0631e+02 +1.00e-04 +1.60e+06     50      3     62  1     28  0 +3.84e-08 +3.11e+02 +4.77e+02 +9.61e+00 +8.06e+00 +1.06e-10 +9.98e-01  1
    125 -7.0631e+02 +1.00e-04 +1.60e+06     50      3     62  1     27  0 +2.27e-09 +2.42e+02 +3.72e+02 +9.61e+00 +7.99e+00 +1.32e-10 +9.98e-01  1
    126 -7.0631e+02 +1.00e-04 +1.60e+06     50      3     62  1     26  0 +1.26e-12 +2.33e+02 +3.58e+02 +9.61e+00 +8.11e+00 +8.27e-11 +9.98e-01  1
    127 -7.0631e+02 +1.00e-04 +1.60e+06     50      3     62  1     27  0 +2.04e-08 +2.31e+02 +3.55e+02 +9.61e+00 +8.23e+00 +1.03e-10 +9.98e-01  1
    128 -7.0631e+02 +1.00e-04 +1.60e+06     50      3     62  1     27  0 +1.21e-12 +2.12e+02 +3.26e+02 +9.61e+00 +8.14e+00 +1.29e-10 +9.97e-01  1
    129 -7.0631e+02 +1.00e-04 +1.60e+06     50      3     62  1     26  0 +4.07e-08 +1.44e+02 +2.21e+02 +9.61e+00 +8.08e+00 +1.62e-10 +9.98e-01  1
    130 -7.0631e+02 +1.00e-04 +1.60e+06     50      3     62  1     27  0 +3.09e-08 +1.51e+02 +2.32e+02 +9.61e+00 +8.64e+00 +1.01e-10 +9.98e-01  1
    131 -7.0631e+02 +1.00e-04 +1.60e+06     50      3     62  1     25  0 +2.80e-09 +1.21e+02 +1.86e+02 +9.61e+00 +8.58e+00 +1.26e-10 +9.98e-01  1
    132 -7.0631e+02 +1.00e-04 +1.60e+06     50      3     62  1     28  0 +6.50e-09 +1.48e+02 +2.28e+02 +9.61e+00 +8.59e+00 +3.94e-11 +9.99e-01  1
    133 -7.0631e+02 +1.00e-04 +1.60e+06     50      3     62  1     28  0 +2.65e-08 +1.14e+02 +1.74e+02 +9.61e+00 +8.63e+00

EXIT: Objective not improving sufficiently.

Objective............................ : -7.063075e+02
Objective (unscaled)................. : -7.063075e+02

Number of iterations................. : 133
Number of inner iterations........... : 306
Number of QP iterations.............. : 2115
Number of function evaluations....... : 1096
Number of gradient evaluations....... : 944

CPU seconds.......................... : 4.219681
CPU seconds in evaluations........... : 0.094531
CPU seconds in direction computations : 3.970176
CPU seconds in line searches......... : 0.041344
