Set value for option 'direction_computation' as Gradient.
+--------------------------------------------------------------+
|       NonOpt = Nonlinear/Nonconvex/Nonsmooth Optimizer       |
| NonOpt is released as open source code under the MIT License |
| Please visit http://coral.ise.lehigh.edu/frankecurtis/nonopt |
+--------------------------------------------------------------+

This is NonOpt version 2.0

Number of variables.................. : 1000
Initial objective.................... : 1.998000e+04
Initial objective (unscaled)......... : 1.998000e+04

Approximate Hessian update strategy.. : BFGS
Derivative checker strategy.......... : FiniteDifference
Direction computation strategy....... : Gradient
Line search strategy................. : WeakWolfe
Point set update strategy............ : Proximity
QP solver (small scale) strategy..... : DualActiveSet
QP solver (large scale) strategy..... : InteriorPoint
Symmetric matrix strategy............ : Dense
Termination strategy................. : Basic

-----------------------------------------------------------------------------------------------------------------------------------------------------
  Iter.  Objective   St. Rad.  Tr. Rad.  |Pts| In. Its.  QP Pts.  QP Its. QP   QP KKT    |Step|   |Step|_H  |Grad.|  |G. Cmb.|  Stepsize Up. Fact. U?
-----------------------------------------------------------------------------------------------------------------------------------------------------
      0 +1.9980e+04 +3.60e+00 +3.60e+11      0        1        1        1  0 +0.00e+00 +3.60e+01 +1.29e+06 +3.60e+01 +3.60e+01 +6.25e-02 +0.00e+00  1
      1 +1.0109e+04 +3.60e-01 +3.60e+10      0        1        1        1  0 +0.00e+00 +2.80e+00 +4.05e+03 +9.00e+00 +9.00e+00 +1.00e+00 +0.00e+00  1
      2 +6.4728e+03 +3.60e-02 +3.60e+09      0        1        1        1  0 +0.00e+00 +1.96e+01 +1.34e+04 +9.60e+00 +9.60e+00 +5.00e-01 +0.00e+00  1
      3 +5.2430e+03 +3.60e-02 +3.60e+09      0        1        1        1  0 +0.00e+00 +1.68e+02 +1.19e+05 +1.36e+03 +1.36e+03 +7.81e-03 +0.00e+00  1
      4 +4.8657e+03 +3.60e-02 +3.60e+09      0        1        1        1  0 +0.00e+00 +2.95e+00 +1.19e+04 +7.30e+02 +7.30e+02 +7.81e-02 +0.00e+00  1
      5 +4.0017e+03 +3.60e-02 +3.60e+09      1        1        1        1  0 +0.00e+00 +3.74e+00 +4.89e+03 +6.45e+02 +6.45e+02 +7.81e-01 +0.00e+00  1
      6 +2.8535e+03 +3.60e-02 +3.60e+09      0        1        1        1  0 +2.27e-13 +2.48e+00 +6.22e+02 +4.77e+00 +4.77e+00 +1.00e+00 +0.00e+00  1
      7 +2.2701e+03 +3.60e-02 +3.60e+09      0        1        1        1  0 +0.00e+00 +1.28e+01 +5.06e+03 +4.26e+00 +4.26e+00 +4.69e-02 +0.00e+00  1
      8 +2.2059e+03 +3.60e-02 +3.60e+09      1        1        1        1  0 +0.00e+00 +7.18e-01 +2.13e+02 +2.63e+02 +2.63e+02 +1.25e+00 +0.00e+00  1
      9 +2.1661e+03 +3.60e-02 +3.60e+09      2        1        1        1  0 +1.14e-13 +6.38e-01 +7.64e+01 +4.16e+00 +4.16e+00 +2.55e+00 +0.00e+00  1
     10 +2.1360e+03 +3.60e-02 +3.60e+09      3        1        1        1  0 +0.00e+00 +1.04e+00 +1.23e+02 +1.32e+02 +1.32e+02 +1.00e+00 +0.00e+00  1
     11 +2.0645e+03 +3.60e-02 +3.60e+09      4        1        1        1  0 +0.00e+00 +2.63e-01 +4.84e+01 +4.07e+00 +4.07e+00 +1.00e+00 +0.00e+00  1
     12 +2.0568e+03 +3.60e-02 +3.60e+09      5        1        1        1  0 +0.00e+00 +3.12e-01 +3.03e+01 +1.14e+02 +1.14e+02 +1.00e+00 +0.00e+00  1
     13 +2.0290e+03 +3.60e-02 +3.60e+09      6        1        1        1  0 +2.84e-14 +2.79e-01 +1.83e+01 +4.03e+00 +4.03e+00 +1.00e+00 +0.00e+00  1
     14 +2.0284e+03 +3.60e-02 +3.60e+09      7        1        1        1  0 +0.00e+00 +2.47e-01 +1.09e+01 +7.68e+01 +7.68e+01 +1.00e+00 +0.00e+00  1
     15 +2.0200e+03 +3.60e-02 +3.60e+09      8        1        1        1  0 +8.17e-14 +3.12e-01 +2.16e+01 +5.74e+01 +5.74e+01 +1.00e+00 +0.00e+00  1
     16 +2.0074e+03 +3.60e-02 +3.60e+09      9        1        1        1  0 +1.03e-13 +4.08e-01 +1.05e+01 +4.01e+00 +4.01e+00 +1.00e+00 +0.00e+00  1
     17 +2.0055e+03 +3.60e-02 +3.60e+09     10        1        1        1  0 +0.00e+00 +2.86e-01 +4.15e+00 +2.00e+01 +2.00e+01 +1.77e+00 +0.00e+00  1
     18 +2.0029e+03 +3.60e-02 +3.60e+09     11        1        1        1  0 +0.00e+00 +1.94e-01 +3.92e+00 +4.01e+00 +4.01e+00 +1.00e+00 +0.00e+00  1
     19 +2.0005e+03 +3.60e-02 +3.60e+09     12        1        1        1  0 +0.00e+00 +1.61e-01 +2.08e+00 +1.63e+01 +1.63e+01 +1.00e+00 +0.00e+00  1
-----------------------------------------------------------------------------------------------------------------------------------------------------
  Iter.  Objective   St. Rad.  Tr. Rad.  |Pts| In. Its.  QP Pts.  QP Its. QP   QP KKT    |Step|   |Step|_H  |Grad.|  |G. Cmb.|  Stepsize Up. Fact. U?
-----------------------------------------------------------------------------------------------------------------------------------------------------
     20 +1.9998e+03 +3.60e-02 +3.60e+09     13        1        1        1  0 +4.84e-14 +2.25e-01 +1.64e+00 +4.00e+00 +4.00e+00 +1.00e+00 +0.00e+00  1
     21 +1.9987e+03 +3.60e-02 +3.60e+09     14        1        1        1  0 +1.11e-13 +1.42e-01 +5.61e-01 +8.92e+00 +8.92e+00 +1.00e+00 +0.00e+00  1
     22 +1.9985e+03 +3.60e-02 +3.60e+09     15        1        1        1  0 +2.22e-16 +1.74e-01 +5.75e-01 +4.00e+00 +4.00e+00 +1.00e+00 +0.00e+00  1
     23 +1.9983e+03 +3.60e-02 +3.60e+09     15        1        1        1  0 +7.68e-14 +1.66e-01 +2.10e-01 +6.00e+00 +6.00e+00 +5.00e-01 +0.00e+00  1
     24 +1.9982e+03 +3.60e-02 +3.60e+09     16        1        1        1  0 +0.00e+00 +5.91e-01 +1.59e+00 +6.00e+00 +6.00e+00 +1.56e-02 +0.00e+00  1
     25 +1.9982e+03 +3.60e-02 +3.60e+09     17        1        1        1  0 +0.00e+00 +1.99e-01 +7.30e-01 +2.37e+00 +2.37e+00 +1.56e-01 +0.00e+00  1
     26 +1.9981e+03 +3.60e-02 +3.60e+09     18        1        1        1  0 +6.81e-14 +5.38e-02 +1.14e-01 +4.00e+00 +4.00e+00 +1.00e+00 +0.00e+00  1
     27 +1.9981e+03 +3.60e-02 +3.60e+09     19        1        1        1  0 +1.09e-13 +5.98e-02 +5.81e-02 +6.09e+00 +6.09e+00 +5.00e-01 +0.00e+00  1
     28 +1.9981e+03 +3.60e-02 +3.60e+09     20        1        1        1  0 +7.38e-14 +8.47e-02 +1.59e-01 +6.05e+00 +6.05e+00 +1.00e+00 +0.00e+00  1
     29 +1.9981e+03 +3.60e-02 +3.60e+09     21        1        1        1  0 +1.03e-13 +4.79e-02 +5.18e-02 +4.00e+00 +4.00e+00 +1.00e+00 +0.00e+00  1
     30 +1.9980e+03 +3.60e-02 +3.60e+09     22        1        1        1  0 +4.71e-14 +2.19e-01 +7.34e-01 +4.01e+00 +4.01e+00 +3.91e-03 +0.00e+00  1
     31 +1.9980e+03 +3.60e-02 +3.60e+09     23        1        1        1  0 +0.00e+00 +6.49e-02 +5.28e-02 +6.71e+00 +6.71e+00 +3.91e-02 +0.00e+00  1
     32 +1.9980e+03 +3.60e-02 +3.60e+09     24        1        1        1  0 +0.00e+00 +2.62e-02 +1.96e-02 +6.67e+00 +6.67e+00 +3.91e-01 +0.00e+00  1
     33 +1.9980e+03 +3.60e-02 +3.60e+09     25        1        1        1  0 +6.34e-14 +5.66e-02 +2.10e-02 +6.51e+00 +6.51e+00 +2.50e-01 +0.00e+00  1
     34 +1.9980e+03 +3.60e-02 +3.60e+09     26        1        1        1  0 +1.07e-13 +4.18e-02 +2.61e-02 +6.49e+00 +6.49e+00 +5.00e-01 +0.00e+00  1
     35 +1.9980e+03 +3.60e-02 +3.60e+09     27        1        1        1  0 +0.00e+00 +3.94e-02 +2.80e-02 +2.01e+00 +2.01e+00 +2.50e-01 +0.00e+00  1
     36 +1.9980e+03 +3.60e-02 +3.60e+09     28        1        1        1  0 +0.00e+00 +3.46e-02 +6.88e-03 +6.08e+00 +6.08e+00 +2.50e-01 +0.00e+00  1
     37 +1.9980e+03 +3.60e-02 +3.60e+09     29        1        1        1  0 +2.50e-14 +2.16e-02 +1.22e-02 +6.10e+00 +6.10e+00 +3.12e-02 +2.43e-01  1
     38 +1.9980e+03 +3.60e-02 +3.60e+09     30        1        1        1  0 +0.00e+00 +3.36e-03 +9.88e-04 +4.02e+00 +4.02e+00 +1.87e+00 +0.00e+00  1
     39 +1.9980e+03 +3.60e-02 +3.60e+09     31        1        1        1  0 +0.00e+00 +1.19e-02 +8.96e-04 +6.04e+00 +6.04e+00 +2.50e-01 +0.00e+00  1
-----------------------------------------------------------------------------------------------------------------------------------------------------
  Iter.  Objective   St. Rad.  Tr. Rad.  |Pts| In. Its.  QP Pts.  QP Its. QP   QP KKT    |Step|   |Step|_H  |Grad.|  |G. Cmb.|  Stepsize Up. Fact. U?
-----------------------------------------------------------------------------------------------------------------------------------------------------
     40 +1.9980e+03 +3.60e-02 +3.60e+09     32        1        1        1  0 +8.00e-14 +6.63e-03 +1.49e-03 +6.06e+00 +6.06e+00 +1.00e+00 +0.00e+00  1
     41 +1.9980e+03 +3.60e-03 +3.60e+08     19        1        1        1  0 +0.00e+00 +2.29e-03 +8.03e-04 +4.02e+00 +4.02e+00 +1.00e+00 +0.00e+00  1
     42 +1.9980e+03 +3.60e-03 +3.60e+08     20        1        1        1  0 +0.00e+00 +3.50e-03 +1.99e-03 +2.00e+00 +2.00e+00 +5.00e-01 +0.00e+00  1
     43 +1.9980e+03 +3.60e-03 +3.60e+08     21        1        1        1  0 +0.00e+00 +6.05e-03 +6.61e-04 +6.02e+00 +6.02e+00 +2.50e-01 +0.00e+00  1
     44 +1.9980e+03 +3.60e-03 +3.60e+08     22        1        1        1  0 +8.54e-14 +5.19e-03 +1.18e-03 +6.02e+00 +6.02e+00 +2.50e-01 +4.17e-01  1
     45 +1.9980e+03 +3.60e-03 +3.60e+08     23        1        1        1  0 +5.70e-14 +1.61e-03 +3.44e-04 +4.01e+00 +4.01e+00 +6.25e-02 +9.72e-01  1
     46 +1.9980e+03 +3.60e-03 +3.60e+08     24        1        1        1  0 +4.35e-15 +1.38e-03 +2.61e-04 +6.04e+00 +6.04e+00 +6.25e-01 +8.54e-01  1
     47 +1.9980e+03 +3.60e-03 +3.60e+08     25        1        1        1  0 +8.89e-14 +1.02e-02 +1.02e-03 +4.01e+00 +4.01e+00 +2.50e-01 +0.00e+00  1
     48 +1.9980e+03 +3.60e-03 +3.60e+08     26        1        1        1  0 +0.00e+00 +1.05e-03 +4.56e-04 +2.00e+00 +2.00e+00 +1.25e-01 +7.80e-01  1
     49 +1.9980e+03 +3.60e-03 +3.60e+08     27        1        1        1  0 +0.00e+00 +2.28e-03 +2.55e-04 +6.01e+00 +6.01e+00 +5.00e-01 +7.68e-01  1
     50 +1.9980e+03 +3.60e-03 +3.60e+08     28        1        1        1  0 +7.63e-14 +1.58e-03 +1.74e-04 +4.00e+00 +4.00e+00 +2.50e-01 +9.12e-01  1
     51 +1.9980e+03 +3.60e-03 +3.60e+08     29        1        1        1  0 +2.61e-14 +2.05e-03 +2.34e-04 +6.01e+00 +6.01e+00 +6.25e-02 +9.71e-01  1
     52 +1.9980e+03 +3.60e-04 +3.60e+07     18        1        1        1  0 +1.04e-13 +1.67e-03 +2.14e-04 +4.00e+00 +4.00e+00 +3.91e-02 +9.01e-01  1
     53 +1.9980e+03 +3.60e-04 +3.60e+07     19        1        1        1  0 +0.00e+00 +4.68e-04 +1.00e-04 +2.00e+00 +2.00e+00 +1.22e-02 +9.94e-01  1
     54 +1.9980e+03 +3.60e-04 +3.60e+07     20        1        1        1  0 +2.47e-14 +5.07e-04 +1.35e-04 +6.01e+00 +6.01e+00 +3.05e-02 +9.87e-01  1
     55 +1.9980e+03 +3.60e-04 +3.60e+07     21        1        1        1  0 +0.00e+00 +1.28e-03 +1.54e-04 +2.00e+00 +2.00e+00 +4.77e-03 +9.92e-01  1
     56 +1.9980e+03 +3.60e-04 +3.60e+07     22        1        1        1  0 +7.83e-15 +5.40e-04 +8.06e-05 +4.00e+00 +4.00e+00 +2.38e-02 +9.90e-01  1
     57 +1.9980e+03 +3.60e-04 +3.60e+07     23        1        1        1  0 +0.00e+00 +2.23e-03 +1.86e-04 +2.00e+00 +2.00e+00 +9.31e-04 +9.99e-01  1
     58 +1.9980e+03 +3.60e-04 +3.60e+07     24        1        1        1  0 +2.53e-14 +4.26e-04 +1.90e-04 +6.01e+00 +6.01e+00 +2.33e-03 +9.99e-01  1
     59 +1.9980e+03 +3.60e-04 +3.60e+07     25        1        1        1  0 +9.20e-14 +8.11e-04 +6.15e-05 +2.00e+00 +2.00e+00 +2.33e-02 +9.95e-01  1
-----------------------------------------------------------------------------------------------------------------------------------------------------
  Iter.  Objective   St. Rad.  Tr. Rad.  |Pts| In. Its.  QP Pts.  QP Its. QP   QP KKT    |Step|   |Step|_H  |Grad.|  |G. Cmb.|  Stepsize Up. Fact. U?
-----------------------------------------------------------------------------------------------------------------------------------------------------
     60 +1.9980e+03 +3.60e-04 +3.60e+07     26        1        1        1  0 +0.00e+00 +3.98e-03 +3.12e-04 +6.01e+00 +6.01e+00 +1.82e-03 +9.99e-01  1
     61 +1.9980e+03 +3.60e-04 +3.60e+07     27        1        1        1  0 +0.00e+00 +1.02e-03 +1.07e-04 +4.00e+00 +4.00e+00 +1.71e-03 +1.00e+00  1
     62 +1.9980e+03 +3.60e-04 +3.60e+07     28        1        1        1  0 +1.11e-13 +1.95e-03 +3.05e-04 +6.01e+00 +6.01e+00 +4.88e-04 +1.00e+00  1
     63 +1.9980e+03 +1.00e-04 +3.60e+06     24        1        1        1  0 +4.63e-14 +8.77e-04 +1.57e-04 +4.00e+00 +4.00e+00 +6.10e-04 +1.00e+00  1
     64 +1.9980e+03 +1.00e-04 +3.60e+06     25        1        1        1  0 +2.35e-14 +1.25e-03 +3.18e-04 +6.01e+00 +6.01e+00 +1.91e-04 +1.00e+00  1
     65 +1.9980e+03 +1.00e-04 +3.60e+06     26        1        1        1  0 +0.00e+00 +6.78e-04 +1.80e-04 +4.00e+00 +4.00e+00 +5.96e-05 +1.00e+00  1
     66 +1.9980e+03 +1.00e-04 +3.60e+06     27        1        1        1  0 +0.00e+00 +9.42e-04 +3.14e-04 +6.01e+00 +6.01e+00 +9.31e-06 +1.00e+00  1
     67 +1.9980e+03 +1.00e-04 +3.60e+06     28        1        1        1  0 +7.50e-14 +6.08e-04 +1.90e-04 +4.00e+00 +4.00e+00 +1.16e-05 +1.00e+00  1
     68 +1.9980e+03 +1.00e-04 +3.60e+06     29        1        1        1  0 +0.00e+00 +7.43e-04 +3.08e-04 +6.01e+00 +6.01e+00 +7.28e-06 +0.00e+00  0
     69 +1.9980e+03 +1.00e-04 +3.60e+06     30        1        1        1  0 +0.00e+00 +1.10e-03 +2.08e-04 +4.00e+00 +4.00e+00 +4.55e-06 +0.00e+00  0
     70 +1.9980e+03 +1.00e-04 +3.60e+06     31        1        1        1  0 +4.57e-14 +7.43e-04 +3.08e-04 +6.01e+00 +6.01e+00 +7.11e-07 +0.00e+00  0
     71 +1.9980e+03 +1.00e-04 +3.60e+06     32        1        1        1  0 +0.00e+00 +1.10e-03 +2.08e-04 +4.00e+00 +4.00e+00 +8.88e-07 +0.00e+00  0
     72 +1.9980e+03 +1.00e-04 +3.60e+06     33        1        1        1  0 +8.49e-15 +7.43e-04 +3.08e-04 +6.01e+00 +6.01e+00 +1.11e-06 +0.00e+00  0
     73 +1.9980e+03 +1.00e-04 +3.60e+06     34        1        1        1  0 +1.71e-14 +1.10e-03 +2.08e-04 +4.00e+00 +4.00e+00

EXIT: Objective not improving sufficiently.

Objective............................ : 1.998000e+03
Objective (unscaled)................. : 1.998000e+03

Number of iterations................. : 73
Number of inner iterations........... : 74
Number of QP iterations.............. : 74
Number of function evaluations....... : 262
Number of gradient evaluations....... : 80

CPU seconds.......................... : 0.239194
CPU seconds in evaluations........... : 0.018199
CPU seconds in direction computations : 0.117624
CPU seconds in line searches......... : 0.019684
