Set value for option 'direction_computation' as CuttingPlane.
+--------------------------------------------------------------+
|       NonOpt = Nonlinear/Nonconvex/Nonsmooth Optimizer       |
| NonOpt is released as open source code under the MIT License |
| Please visit http://coral.ise.lehigh.edu/frankecurtis/nonopt |
+--------------------------------------------------------------+

This is NonOpt version 2.0

Number of variables.................. : 1000
Initial objective.................... : 5.992250e+03
Initial objective (unscaled)......... : 5.992250e+03

Approximate Hessian update strategy.. : BFGS
Derivative checker strategy.......... : FiniteDifference
Direction computation strategy....... : CuttingPlane
Line search strategy................. : WeakWolfe
Point set update strategy............ : Proximity
QP solver (small scale) strategy..... : DualActiveSet
QP solver (large scale) strategy..... : InteriorPoint
Symmetric matrix strategy............ : Dense
Termination strategy................. : Basic

--------------------------------------------------------------------------------------------------------------------------------------------------
  Iter.  Objective   St. Rad.  Tr. Rad.  |Pts| In Its QP Pts L? QP Its S?   QP KKT    |Step|   |Step|_H  |Grad.|  |G. Cmb.|  Stepsize Up. Fact. U?
--------------------------------------------------------------------------------------------------------------------------------------------------
      0 +5.9922e+03 +7.00e-01 +7.00e+10      0      1      1  0      1  0 +0.00e+00 +7.00e+00 +4.89e+04 +7.00e+00 +7.00e+00 +5.00e-01 +0.00e+00  1
      1 +5.9878e+03 +7.00e-01 +7.00e+10      0      1      1  0      1  0 +0.00e+00 +1.75e+00 +1.22e+04 +7.00e+00 +7.00e+00 +1.00e+00 +0.00e+00  1
      2 +6.2387e+02 +7.00e-01 +7.00e+10      1      1      1  0      1  0 +0.00e+00 +3.57e+00 +4.00e+03 +3.00e+00 +3.00e+00 +2.50e-01 +0.00e+00  1
      3 +4.1785e+02 +7.00e-02 +7.00e+09      0      1      1  0      1  0 +0.00e+00 +1.01e+00 +5.83e+02 +3.57e+00 +3.57e+00 +1.00e+00 +0.00e+00  1
      4 +9.9821e+00 +7.00e-02 +7.00e+09      0      1      1  0      1  0 +0.00e+00 +1.89e+00 +1.19e+03 +3.00e+00 +3.00e+00 +3.91e-03 +0.00e+00  1
      5 +6.9833e+00 +7.00e-02 +7.00e+09      1      1      1  0      1  0 +0.00e+00 +2.79e+00 +2.61e+02 +3.00e+00 +3.00e+00 +3.91e-02 +0.00e+00  1
      6 +6.1225e+00 +7.00e-02 +7.00e+09      2      1      1  0      1  0 +0.00e+00 +1.95e+00 +1.38e+01 +3.00e+00 +3.00e+00 +1.95e-01 +0.00e+00  1
      7 +5.5177e+00 +7.00e-02 +7.00e+09      3      1      1  0      1  0 +0.00e+00 +4.18e+00 +2.76e+01 +3.00e+00 +3.00e+00 +3.12e-02 +0.00e+00  1
      8 +5.5010e+00 +7.00e-02 +7.00e+09      4      1      1  0      1  0 +0.00e+00 +1.58e+00 +5.83e+00 +3.00e+00 +3.00e+00 +3.12e-01 +0.00e+00  1
      9 +4.3646e+00 +7.00e-02 +7.00e+09      5      1      1  0      1  0 +0.00e+00 +1.67e+01 +4.75e+01 +2.71e+00 +2.71e+00 +3.12e-02 +0.00e+00  1
     10 +3.7434e+00 +7.00e-02 +7.00e+09      6      1      1  0      1  0 +0.00e+00 +9.41e-01 +5.02e+00 +2.39e+00 +2.39e+00 +3.12e-01 +0.00e+00  1
     11 +3.2853e+00 +7.00e-02 +7.00e+09      7      1      1  0      1  0 +0.00e+00 +1.02e+00 +9.75e+00 +3.00e+00 +3.00e+00 +2.50e-01 +0.00e+00  1
     12 +2.7350e+00 +7.00e-02 +7.00e+09      8      1      1  0      1  0 +0.00e+00 +1.61e+00 +1.07e+01 +3.00e+00 +3.00e+00 +6.25e-02 +0.00e+00  1
     13 +2.6857e+00 +7.00e-02 +7.00e+09      9      1      1  0      1  0 +0.00e+00 +1.34e+00 +1.07e+01 +3.00e+00 +3.00e+00 +3.12e-01 +0.00e+00  1
     14 +2.3781e+00 +7.00e-02 +7.00e+09     10      1      1  0      1  0 +0.00e+00 +3.20e-01 +2.18e+00 +3.00e+00 +3.00e+00 +1.00e+00 +0.00e+00  1
     15 +1.2712e+00 +7.00e-02 +7.00e+09     11      1      1  0      1  0 +0.00e+00 +3.48e+00 +1.39e+01 +3.00e+00 +3.00e+00 +7.81e-03 +0.00e+00  1
     16 +1.2678e+00 +7.00e-02 +7.00e+09     12      1      1  0      1  0 +0.00e+00 +5.42e-01 +1.99e+00 +2.80e+00 +2.80e+00 +4.68e-01 +0.00e+00  1
     17 +1.1757e+00 +7.00e-02 +7.00e+09     13      1      1  0      1  0 +0.00e+00 +3.43e-01 +1.44e+00 +3.00e+00 +3.00e+00 +5.00e-01 +0.00e+00  1
     18 +1.0354e+00 +7.00e-02 +7.00e+09     14      1      1  0      1  0 +0.00e+00 +5.52e+00 +2.22e+01 +3.00e+00 +3.00e+00 +3.12e-02 +0.00e+00  1
     19 +9.7343e-01 +7.00e-02 +7.00e+09     15      1      1  0      1  0 +0.00e+00 +1.08e+00 +2.87e+00 +3.00e+00 +3.00e+00 +3.91e-02 +0.00e+00  1
--------------------------------------------------------------------------------------------------------------------------------------------------
  Iter.  Objective   St. Rad.  Tr. Rad.  |Pts| In Its QP Pts L? QP Its S?   QP KKT    |Step|   |Step|_H  |Grad.|  |G. Cmb.|  Stepsize Up. Fact. U?
--------------------------------------------------------------------------------------------------------------------------------------------------
     20 +9.1718e-01 +7.00e-02 +7.00e+09     16      1      1  0      1  0 +0.00e+00 +4.02e+00 +1.26e+01 +3.00e+00 +3.00e+00 +3.05e-03 +0.00e+00  1
     21 +9.1023e-01 +7.00e-02 +7.00e+09     17      1      1  0      1  0 +0.00e+00 +3.12e-01 +2.09e+00 +3.00e+00 +3.00e+00 +2.26e-01 +0.00e+00  1
     22 +8.3048e-01 +7.00e-02 +7.00e+09     18      1      1  0      1  0 +0.00e+00 +1.27e+00 +5.62e+00 +3.00e+00 +3.00e+00 +3.12e-02 +0.00e+00  1
     23 +7.1837e-01 +7.00e-02 +7.00e+09     19      1      1  0      1  0 +0.00e+00 +1.57e+00 +6.37e+00 +3.00e+00 +3.00e+00 +2.44e-03 +0.00e+00  1
     24 +7.1456e-01 +7.00e-02 +7.00e+09     20      1      1  0      1  0 +0.00e+00 +1.02e+00 +2.95e+00 +3.00e+00 +3.00e+00 +2.44e-02 +0.00e+00  1
     25 +6.4521e-01 +7.00e-02 +7.00e+09     21      1      1  0      1  0 +0.00e+00 +2.42e+01 +6.31e+01 +3.00e+00 +3.00e+00 +7.63e-03 +0.00e+00  1
     26 +4.8439e-01 +7.00e-02 +7.00e+09     22      1      1  0      1  0 +0.00e+00 +1.84e-01 +1.04e+00 +3.00e+00 +3.00e+00 +4.67e-01 +0.00e+00  1
     27 +2.8517e-01 +7.00e-02 +7.00e+09     23      1      1  0      1  0 +0.00e+00 +7.46e-02 +3.76e-01 +3.00e+00 +3.00e+00 +5.00e-01 +0.00e+00  1
     28 +1.4658e-01 +7.00e-02 +7.00e+09     24      2      2  0      2  0 +0.00e+00 +7.30e+00 +3.63e+01 +3.00e+00 +3.00e+00 +4.88e-04 +0.00e+00  1
     29 +1.4042e-01 +7.00e-02 +7.00e+09     25      1      1  0      1  0 +0.00e+00 +2.53e-01 +7.75e-01 +3.00e+00 +3.00e+00 +4.88e-03 +0.00e+00  1
     30 +1.3741e-01 +7.00e-02 +7.00e+09     26      1      1  0      1  0 +0.00e+00 +1.51e-01 +3.66e-01 +3.00e+00 +3.00e+00 +4.88e-02 +0.00e+00  1
     31 +1.2265e-01 +7.00e-02 +7.00e+09     27      1      1  0      1  0 +0.00e+00 +6.49e-01 +1.52e+00 +3.00e+00 +3.00e+00 +6.10e-02 +0.00e+00  1
     32 +9.8438e-02 +7.00e-02 +7.00e+09     28      1      1  0      1  0 +0.00e+00 +8.56e-02 +1.86e-01 +3.00e+00 +3.00e+00 +3.05e-01 +0.00e+00  1
     33 +9.0712e-02 +7.00e-02 +7.00e+09     29      1      1  0      1  0 +0.00e+00 +2.50e-02 +1.95e-01 +3.00e+00 +3.00e+00 +5.00e-01 +0.00e+00  1
     34 +6.5437e-02 +7.00e-02 +7.00e+09     30      1      1  0      1  0 +0.00e+00 +1.17e-01 +5.34e-01 +3.00e+00 +3.00e+00 +6.25e-02 +0.00e+00  1
     35 +6.2700e-02 +7.00e-02 +7.00e+09     31      1      1  0      1  0 +0.00e+00 +2.93e-02 +7.36e-02 +3.00e+00 +3.00e+00 +3.12e-01 +0.00e+00  1
     36 +5.7638e-02 +7.00e-02 +7.00e+09     32      1      1  0      1  0 +0.00e+00 +8.85e-02 +2.30e-01 +3.00e+00 +3.00e+00 +1.25e-01 +0.00e+00  1
     37 +4.2240e-02 +7.00e-02 +7.00e+09     33      2     10  0      4  0 +3.20e-02 +1.83e-02 +4.13e-02 +3.00e+00 +3.00e+00 +3.12e-02 +0.00e+00  1
     38 +4.2111e-02 +7.00e-02 +7.00e+09     35      2     12  0      6  0 +5.77e-15 +1.87e-02 +2.63e-02 +3.00e+00 +2.54e+00 +3.12e-01 +0.00e+00  1
     39 +3.1105e-02 +7.00e-02 +7.00e+09     36      1      1  0      1  0 +0.00e+00 +2.69e+00 +3.66e+00 +3.00e+00 +3.00e+00 +3.91e-03 +0.00e+00  1
--------------------------------------------------------------------------------------------------------------------------------------------------
  Iter.  Objective   St. Rad.  Tr. Rad.  |Pts| In Its QP Pts L? QP Its S?   QP KKT    |Step|   |Step|_H  |Grad.|  |G. Cmb.|  Stepsize Up. Fact. U?
--------------------------------------------------------------------------------------------------------------------------------------------------
     40 +2.8852e-02 +7.00e-02 +7.00e+09     37      1      1  0      1  0 +0.00e+00 +2.85e-01 +1.80e-01 +3.00e+00 +3.00e+00 +3.91e-02 +0.00e+00  1
     41 +2.2687e-02 +7.00e-02 +7.00e+09     38      1      1  0      1  0 +0.00e+00 +3.82e-01 +2.22e-01 +3.00e+00 +3.00e+00 +4.88e-02 +0.00e+00  1
     42 +1.8807e-02 +7.00e-02 +7.00e+09     39      1      1  0      1  0 +0.00e+00 +1.62e-02 +4.74e-02 +3.00e+00 +3.00e+00 +1.22e-01 +0.00e+00  1
     43 +1.4633e-02 +7.00e-02 +7.00e+09     40      1      1  0      1  0 +0.00e+00 +9.72e-01 +1.49e+00 +3.00e+00 +3.00e+00 +1.95e-03 +0.00e+00  1
     44 +1.4434e-02 +7.00e-02 +7.00e+09     41      1      1  0      1  0 +0.00e+00 +6.06e-02 +4.02e-02 +3.00e+00 +3.00e+00 +2.15e-01 +0.00e+00  1
     45 +7.8261e-03 +7.00e-02 +7.00e+09     42      1      1  0      1  0 +0.00e+00 +5.25e-03 +2.96e-02 +3.00e+00 +3.00e+00 +2.50e-01 +0.00e+00  1
     46 +3.8621e-03 +7.00e-02 +7.00e+09     43      2     20  0      6  0 +3.11e-04 +2.76e-03 +1.65e-03 +3.00e+00 +1.20e+00 +1.25e-01 +0.00e+00  1
     47 +3.8074e-03 +7.00e-02 +7.00e+09     45      2     22  0      7  0 +3.14e-03 +2.59e-03 +1.53e-03 +3.00e+00 +1.22e+00 +5.00e-01 +0.00e+00  1
     48 +3.5585e-03 +7.00e-02 +7.00e+09     47      2     24  0      7  0 +1.36e-03 +4.18e-03 +1.15e-03 +3.00e+00 +1.68e+00 +5.00e-01 +0.00e+00  1
     49 +2.9984e-03 +7.00e-02 +7.00e+09     49      2     26  1      8  0 +2.69e-04 +7.76e-04 +7.24e-04 +3.00e+00 +1.11e+00 +5.00e-01 +0.00e+00  1
     50 +2.6962e-03 +7.00e-02 +7.00e+09     50      2     28  1      8  0 +1.73e-04 +1.10e-03 +6.27e-04 +3.00e+00 +1.15e+00 +5.00e-01 +0.00e+00  1
     51 +2.3869e-03 +7.00e-02 +7.00e+09     50      2     30  1      9  0 +1.19e-04 +1.98e-03 +9.77e-04 +3.00e+00 +1.40e+00 +1.00e+00 +0.00e+00  1
     52 +2.2385e-03 +7.00e-02 +7.00e+09     50      3     33  1     18  0 +1.43e-04 +2.93e-03 +4.56e-04 +3.00e+00 +1.20e+00 +5.00e-01 +0.00e+00  1
     53 +1.9264e-03 +7.00e-02 +7.00e+09     50      2     34  1     10  0 +4.53e-04 +5.96e-04 +1.68e-04 +3.00e+00 +6.05e-01 +1.00e+00 +0.00e+00  1
     54 +1.3143e-03 +7.00e-02 +7.00e+09     50      2     35  1     10  0 +2.36e-04 +6.68e-04 +2.66e-04 +3.00e+00 +1.20e+00 +5.00e-01 +0.00e+00  1
     55 +1.1871e-03 +7.00e-02 +7.00e+09     50      3     39  1     21  0 +7.42e-05 +1.01e-03 +2.87e-04 +3.00e+00 +1.51e+00 +5.00e-01 +0.00e+00  1
     56 +9.1155e-04 +7.00e-02 +7.00e+09     50      2     40  1     11  0 +5.39e-05 +1.77e-03 +1.16e-04 +3.00e+00 +9.74e-01 +1.00e+00 +0.00e+00  1
     57 +6.3417e-04 +7.00e-02 +7.00e+09     50      2     41  1     12  0 +4.34e-05 +1.89e-03 +5.06e-05 +3.00e+00 +6.09e-01 +2.50e-01 +0.00e+00  1
     58 +5.8875e-04 +7.00e-02 +7.00e+09     50      2     43  1     12  0 +2.47e-05 +1.71e-03 +5.41e-05 +3.00e+00 +7.20e-01 +5.00e-01 +0.00e+00  1
     59 +5.6450e-04 +7.00e-02 +7.00e+09     50      2     45  1     13  0 +4.76e-06 +4.40e-04 +1.29e-04 +3.00e+00 +1.13e+00 +1.00e+00 +0.00e+00  1
--------------------------------------------------------------------------------------------------------------------------------------------------
  Iter.  Objective   St. Rad.  Tr. Rad.  |Pts| In Its QP Pts L? QP Its S?   QP KKT    |Step|   |Step|_H  |Grad.|  |G. Cmb.|  Stepsize Up. Fact. U?
--------------------------------------------------------------------------------------------------------------------------------------------------
     60 +4.8240e-04 +7.00e-02 +7.00e+09     50      2     46  1     13  0 +5.28e-07 +1.13e-03 +1.13e-04 +3.00e+00 +1.45e+00 +5.00e-01 +0.00e+00  1
     61 +4.1402e-04 +7.00e-02 +7.00e+09     50      2     48  1     13  0 +1.13e-05 +7.80e-04 +1.00e-04 +3.00e+00 +9.76e-01 +1.00e+00 +0.00e+00  1
     62 +2.9280e-04 +7.00e-02 +7.00e+09     50      2     49  1     14  0 +2.17e-06 +1.39e-03 +5.41e-05 +3.00e+00 +1.25e+00 +1.00e+00 +0.00e+00  1
     63 +2.4396e-04 +7.00e-02 +7.00e+09     50      2     50  1     14  0 +6.04e-08 +8.07e-04 +1.82e-05 +3.00e+00 +9.27e-01 +6.25e-02 +0.00e+00  1
     64 +2.4200e-04 +7.00e-02 +7.00e+09     50      2     51  1     14  0 +2.33e-06 +1.76e-03 +2.23e-05 +3.00e+00 +6.85e-01 +6.25e-01 +0.00e+00  1
     65 +1.6364e-04 +7.00e-02 +7.00e+09     50      2     51  1     14  0 +3.96e-06 +2.45e-03 +2.11e-05 +3.00e+00 +5.75e-01 +5.00e-01 +0.00e+00  1
     66 +1.3969e-04 +7.00e-02 +7.00e+09     50      2     51  1     14  0 +3.80e-06 +2.42e-03 +1.07e-05 +3.00e+00 +5.04e-01 +5.00e-01 +0.00e+00  1
     67 +1.2596e-04 +7.00e-02 +7.00e+09     50      2     51  1     14  0 +9.57e-07 +6.27e-04 +8.03e-06 +3.00e+00 +5.54e-01 +5.00e-01 +6.44e-03  1
     68 +1.1317e-04 +7.00e-02 +7.00e+09     50      2     51  1     14  0 +2.17e-07 +5.61e-05 +9.10e-06 +3.00e+00 +8.50e-01 +5.00e-01 +7.46e-01  1
     69 +8.9918e-05 +7.00e-02 +7.00e+09     50      2     51  1     14  0 +7.66e-07 +9.76e-04 +9.75e-06 +3.00e+00 +9.15e-01 +2.50e-01 +0.00e+00  1
     70 +8.0289e-05 +7.00e-02 +7.00e+09     50      2     51  1     14  0 +9.47e-04 +7.96e-04 +2.48e-06 +3.00e+00 +4.09e-01 +2.05e-05 +7.25e-01  1
     71 +8.0289e-05 +7.00e-03 +7.00e+08     50      2     45  1     13  0 +1.21e-05 +1.18e-03 +7.38e-06 +3.00e+00 +6.01e-01 +7.81e-01 +0.00e+00  1
     72 +6.8889e-05 +7.00e-03 +7.00e+08     50      2     48  1     13  0 +3.91e-05 +1.14e-03 +3.27e-06 +3.00e+00 +4.09e-01 +2.50e-01 +0.00e+00  1
     73 +6.2016e-05 +7.00e-03 +7.00e+08     50      2     50  1     14  0 +1.03e-05 +2.07e-03 +6.56e-06 +3.00e+00 +6.51e-01 +5.00e-01 +0.00e+00  1
     74 +5.0879e-05 +7.00e-03 +7.00e+08     50      2     51  1     14  0 +5.62e-04 +1.60e-03 +6.28e-06 +3.00e+00 +7.17e-01 +4.64e-03 +9.08e-01  1
     75 +5.0767e-05 +7.00e-03 +7.00e+08     50      2     51  1     14  0 +2.47e-06 +1.26e-03 +1.79e-06 +3.00e+00 +4.97e-01 +8.27e-01 +4.49e-01  1
     76 +2.7523e-05 +7.00e-03 +7.00e+08     50      2     51  1     14  0 +3.19e-06 +1.06e-04 +1.17e-06 +3.00e+00 +5.30e-01 +5.00e-01 +8.09e-01  1
     77 +2.1726e-05 +7.00e-03 +7.00e+08     50      3     53  1     28  0 +4.42e-05 +1.86e-04 +2.55e-06 +3.00e+00 +5.06e-01 +1.43e-06 +0.00e+00  0
     78 +2.1726e-05 +7.00e-03 +7.00e+08     50      3     53  1     28  0 +4.62e-06 +5.43e-04 +3.56e-06 +3.00e+00 +6.58e-01 +9.77e-02 +8.07e-01  1
     79 +2.1702e-05 +7.00e-03 +7.00e+08     50      2     51  1     14  0 +1.44e-05 +1.01e-03 +1.18e-06 +3.00e+00 +5.03e-01 +2.44e-01 +0.00e+00  1
--------------------------------------------------------------------------------------------------------------------------------------------------
  Iter.  Objective   St. Rad.  Tr. Rad.  |Pts| In Its QP Pts L? QP Its S?   QP KKT    |Step|   |Step|_H  |Grad.|  |G. Cmb.|  Stepsize Up. Fact. U?
--------------------------------------------------------------------------------------------------------------------------------------------------
     80 +2.0946e-05 +7.00e-03 +7.00e+08     50      2     51  1     14  0 +3.08e-04 +3.13e-03 +1.72e-06 +3.00e+00 +6.30e-01 +1.25e-03 +9.45e-01  1
     81 +2.0913e-05 +7.00e-03 +7.00e+08     50      2     51  1     14  0 +1.57e-05 +8.13e-04 +4.80e-07 +3.00e+00 +3.61e-01 +7.82e-04 +9.98e-01  1
     82 +2.0908e-05 +7.00e-03 +7.00e+08     50      3     53  1     28  0 +6.31e-05 +2.30e-03 +2.04e-06 +3.00e+00 +3.67e-01 +2.98e-08 +0.00e+00  0
     83 +2.0908e-05 +7.00e-03 +7.00e+08     50      3     53  1     28  0 +1.48e-04 +9.41e-04 +2.14e-06 +3.00e+00 +4.76e-01 +9.57e-05 +9.99e-01  1
     84 +2.0906e-05 +7.00e-03 +7.00e+08     50      3     52  1     27  0 +4.44e-04 +2.27e-01 +1.01e-04 +3.00e+00 +7.85e-01 +2.92e-08 +0.00e+00  0
     85 +2.0906e-05 +7.00e-03 +7.00e+08     50      3     52  1     27  0 +4.07e-04 +1.79e-01 +1.32e-04 +3.00e+00 +9.19e-01 +2.92e-07 +1.00e+00  1
     86 +2.0906e-05 +7.00e-03 +7.00e+08     50      3     52  1     27  0 +6.11e-05 +3.37e-01 +1.55e-04 +3.00e+00 +1.29e+00 +4.56e-08 +1.00e+00  1
     87 +2.0906e-05 +7.00e-03 +7.00e+08     50      3     52  1     27  0 +7.04e-04 +1.62e+01 +1.88e-02 +3.00e+00 +1.12e+00 +1.14e-07 +9.85e-01  1
     88 +2.0902e-05 +7.00e-03 +7.00e+08     50      3     52  1     27  0 +1.46e-03 +8.28e+01 +2.62e-01 +3.00e+00 +1.10e+00 +2.23e-09 +9.98e-01  1
     89 +2.0900e-05 +7.00e-03 +7.00e+08     50      3     52  1     24  0 +9.06e-09 +8.50e+02 +2.89e+00 +3.00e+00 +2.20e+00 +2.78e-09 +9.79e-01  1
     90 +2.0900e-05 +7.00e-03 +7.00e+08     50      3     52  1     21  0 +2.71e-08 +2.04e+03 +7.80e+00 +3.00e+00 +1.68e+00 +1.39e-08 +8.61e-01  1
     91 +2.0818e-05 +7.00e-03 +7.00e+08     50      3     52  1     24  0 +4.16e-09 +2.77e+03 +1.30e+01 +3.00e+00 +1.68e+00 +4.35e-09 +9.68e-01  1
     92 +2.0810e-05 +7.00e-03 +7.00e+08     50      3     52  1     27  0 +4.70e-06 +1.39e+04 +4.77e+01 +3.00e+00 +1.96e+00 +6.80e-10 +9.95e-01  1
     93 +2.0791e-05 +7.00e-03 +7.00e+08     50      2     51  1     12  0 +9.38e-10 +3.21e+03 +1.28e+01 +3.00e+00 +2.05e+00 +1.70e-09 +9.95e-01  1
     94 +2.0746e-05 +7.00e-03 +7.00e+08     50      2     51  1     11  0 +8.20e-09 +1.01e+03 +3.96e+00 +3.00e+00 +2.74e+00 +4.25e-09 +9.53e-01  1
     95 +2.0672e-05 +7.00e-03 +7.00e+08     50      2     51  1     11  0 +9.09e-09 +9.96e+02 +4.22e+00 +3.00e+00 +2.61e+00 +5.31e-09 +9.78e-01  1
     96 +2.0638e-05 +7.00e-03 +7.00e+08     50      2     51  1     14  0 +1.71e-08 +3.75e+02 +1.48e+00 +3.00e+00 +2.69e+00 +1.33e-08 +9.70e-01  1
     97 +2.0561e-05 +7.00e-03 +7.00e+08     50      3     52  1     27  0 +6.26e-05 +2.08e+02 +4.54e+00 +3.00e+00 +1.70e+00 +8.30e-09 +9.82e-01  1
     98 +2.0539e-05 +7.00e-03 +7.00e+08     50      2     51  1     13  0 +5.41e-08 +3.26e+02 +1.17e+01 +3.00e+00 +1.25e+00 +2.07e-08 +8.42e-01  1
     99 +2.0531e-05 +7.00e-03 +7.00e+08     50      3     52  1     24  0 +1.09e-09 +8.21e+01 +7.75e+00 +3.00e+00 +1.68e+00 +1.30e-08 +8.79e-01  1
--------------------------------------------------------------------------------------------------------------------------------------------------
  Iter.  Objective   St. Rad.  Tr. Rad.  |Pts| In Its QP Pts L? QP Its S?   QP KKT    |Step|   |Step|_H  |Grad.|  |G. Cmb.|  Stepsize Up. Fact. U?
--------------------------------------------------------------------------------------------------------------------------------------------------
    100 +1.9893e-05 +7.00e-03 +7.00e+08     50      2     51  1     14  0 +5.34e-09 +8.53e+01 +6.59e-01 +3.00e+00 +1.07e+00 +6.48e-08 +9.31e-01  1
    101 +1.9762e-05 +7.00e-03 +7.00e+08     50      2     51  1     14  0 +7.04e-05 +8.74e+00 +5.95e-02 +3.00e+00 +1.59e+00 +6.48e-07 +6.47e-01  1
    102 +1.9532e-05 +7.00e-03 +7.00e+08     50      3     52  1     27  0 +2.00e-04 +4.87e-02 +3.99e-04 +3.00e+00 +1.47e+00 +1.97e-04 +5.22e-01  1
    103 +1.9367e-05 +7.00e-03 +7.00e+08     50      2     51  1     14  0 +3.46e-03 +2.00e+01 +8.21e-02 +3.00e+00 +2.60e+00 +7.70e-06 +5.04e-01  1
    104 +1.8447e-05 +7.00e-03 +7.00e+08     50      2     51  1     14  0 +2.92e-07 +4.78e+00 +5.25e-02 +3.00e+00 +2.47e+00 +2.41e-06 +7.08e-01  1
    105 +1.8416e-05 +7.00e-03 +7.00e+08     50      2     51  1     14  0 +1.35e-05 +5.02e-02 +2.18e-04 +3.00e+00 +2.42e+00 +1.55e-03 +7.42e-01  1
    106 +1.8404e-05 +7.00e-03 +7.00e+08     50      2     51  1     14  0 +9.71e-07 +2.43e-02 +2.54e-04 +3.00e+00 +2.33e+00 +7.75e-03 +5.82e-01  1
    107 +1.8005e-05 +7.00e-03 +7.00e+08     50      2     51  1     13  0 +3.54e-08 +9.16e+03 +3.10e+01 +3.00e+00 +2.74e+00 +4.62e-09 +9.41e-01  1
    108 +1.7959e-05 +7.00e-03 +7.00e+08     50      2     51  1     12  0 +1.77e-12 +5.53e+03 +4.83e+01 +3.00e+00 +2.19e+00 +2.89e-09 +9.22e-01  1
    109 +1.7934e-05 +7.00e-03 +7.00e+08     50      2     51  1     11  0 +2.44e-09 +2.44e+03 +5.70e+01 +3.00e+00 +2.62e+00 +1.44e-08 +0.00e+00  1
    110 +1.7682e-05 +7.00e-03 +7.00e+08     50      2     51  1     13  0 +7.70e-08 +5.95e+02 +1.68e+01 +3.00e+00 +2.66e+00 +1.80e-08 +8.52e-01  1
    111 +1.7554e-05 +7.00e-03 +7.00e+08     50      3     52  1     24  0 +7.86e-10 +7.55e+02 +2.91e+01 +3.00e+00 +2.24e+00 +5.64e-09 +9.32e-01  1
    112 +1.7552e-05 +7.00e-03 +7.00e+08     50      3     52  1     27  0 +1.32e-03 +1.05e+02 +1.54e+00 +3.00e+00 +2.99e+00 +5.64e-08 +9.05e-01  1
    113 +1.7524e-05 +7.00e-03 +7.00e+08     50      3     52  1     24  0 +9.04e-09 +1.55e+02 +1.82e+00 +3.00e+00 +2.83e+00 +1.41e-07 +9.95e-01  1
    114 +1.7294e-05 +7.00e-03 +7.00e+08     50      3     52  1     23  0 +2.15e-08 +9.84e+03 +7.50e+01 +3.00e+00 +3.00e+00 +5.51e-09 +8.44e-01  1
    115 +1.7019e-05 +7.00e-03 +7.00e+08     50      2     51  1     14  0 +1.00e-12 +9.76e+03 +4.34e+01 +3.00e+00 +3.00e+00 +6.88e-09 +8.24e-01  1
    116 +1.6976e-05 +7.00e-03 +7.00e+08     50      3     52  1     27  0 +2.01e-08 +3.16e+02 +5.34e+01 +3.00e+00 +3.00e+00 +1.72e-08 +4.23e-01  1
    117 +1.6681e-05 +7.00e-03 +7.00e+08     50      2     51  1     14  0 +7.15e-04 +2.08e+04 +2.62e+02 +3.00e+00 +3.00e+00 +1.34e-09 +7.90e-01  1
    118 +1.6416e-05 +7.00e-03 +7.00e+08     50      2     51  1     14  0 +8.32e-03 +1.30e+02 +8.83e-02 +3.00e+00 +3.00e+00 +2.00e-07 +8.33e-01  1
    119 +1.6360e-05 +7.00e-03 +7.00e+08     50      3     52  1     27  0 +1.92e-07 +1.09e-02 +2.55e-04 +3.00e+00 +3.00e+00 +1.53e-03 +6.56e-01  1
--------------------------------------------------------------------------------------------------------------------------------------------------
  Iter.  Objective   St. Rad.  Tr. Rad.  |Pts| In Its QP Pts L? QP Its S?   QP KKT    |Step|   |Step|_H  |Grad.|  |G. Cmb.|  Stepsize Up. Fact. U?
--------------------------------------------------------------------------------------------------------------------------------------------------
    120 +1.6169e-05 +7.00e-03 +7.00e+08     50      3     52  1     22  0 +1.18e-12 +1.22e+03 +1.18e+01 +3.00e+00 +3.00e+00 +1.46e-08 +7.18e-01  1
    121 +1.6106e-05 +7.00e-03 +7.00e+08     50      2     51  1     14  0 +4.52e-12 +1.23e-02 +3.15e-04 +3.00e+00 +3.00e+00 +1.53e-03 +8.68e-01  1
    122 +1.6033e-05 +7.00e-03 +7.00e+08     50      2     51  1     12  0 +8.03e-08 +1.25e-02 +1.44e-04 +3.00e+00 +3.00e+00 +1.53e-02 +3.04e-01  1
    123 +1.5941e-05 +7.00e-03 +7.00e+08     50      2     51  1     11  0 +1.86e-08 +6.24e+03 +5.25e+01 +3.00e+00 +3.00e+00 +3.41e-09 +0.00e+00  1
    124 +1.5554e-05 +7.00e-03 +7.00e+08     50      2     51  1     10  0 +6.67e-08 +6.25e-04 +3.18e-05 +3.00e+00 +3.00e+00 +2.44e-02 +8.13e-01  1
    125 +1.5541e-05 +7.00e-03 +7.00e+08     50      3     52  1     21  0 +4.75e-08 +5.70e+01 +1.33e+00 +3.00e+00 +2.59e+00 +1.46e-08 +9.54e-01  1
    126 +1.5525e-05 +7.00e-03 +7.00e+08     50      3     52  1     26  0 +1.97e-07 +1.41e-03 +4.28e-05 +3.00e+00 +2.68e+00 +1.22e-02 +8.46e-01  1
    127 +1.5354e-05 +7.00e-03 +7.00e+08     50      3     52  1     26  0 +3.70e-08 +9.19e+00 +5.66e-02 +3.00e+00 +2.26e+00 +5.82e-08 +9.68e-01  1
    128 +1.5334e-05 +7.00e-03 +7.00e+08     50      3     52  1     25  0 +2.36e-05 +5.42e-01 +3.44e-03 +3.00e+00 +2.25e+00 +1.09e-07 +9.40e-01  1
    129 +1.5333e-05 +7.00e-03 +7.00e+08     50      2     51  1     14  0 +3.91e-06 +7.10e-03 +3.26e-05 +3.00e+00 +2.24e+00 +2.44e-02 +6.51e-01  1
    130 +1.4860e-05 +7.00e-03 +7.00e+08     50      3     52  1     27  0 +6.43e-05 +6.16e+02 +1.10e+00 +3.00e+00 +2.48e+00 +2.91e-08 +9.07e-01  1
    131 +1.4830e-05 +7.00e-03 +7.00e+08     50      3     52  1     27  0 +7.10e-04 +7.95e+02 +1.13e+00 +3.00e+00 +2.48e+00 +1.14e-09 +9.99e-01  1
    132 +1.4828e-05 +7.00e-03 +7.00e+08     50      3     52  1     27  0 +4.54e-06 +2.32e-03 +1.60e-05 +3.00e+00 +2.63e+00 +2.44e-02 +9.71e-01  1
    133 +1.4660e-05 +7.00e-03 +7.00e+08     50      2     51  1     13  0 +3.30e-10 +1.21e+03 +2.66e+00 +3.00e+00 +2.37e+00 +1.46e-08 +9.46e-01  1
    134 +1.4577e-05 +7.00e-03 +7.00e+08     50      3     52  1     27  0 +7.24e-06 +2.87e+02 +3.31e-01 +3.00e+00 +2.46e+00 +1.82e-08 +9.51e-01  1
    135 +1.4554e-05 +7.00e-03 +7.00e+08     50      3     52  1     26  0 +4.63e-10 +1.44e+02 +6.72e-01 +3.00e+00 +2.39e+00 +5.68e-09 +9.84e-01  1
    136 +1.4550e-05 +7.00e-03 +7.00e+08     50      2     51  1     12  0 +3.14e-09 +2.01e+03 +3.45e+00 +3.00e+00 +2.70e+00 +3.55e-09 +9.65e-01  1
    137 +1.4513e-05 +7.00e-03 +7.00e+08     50      2     51  1     12  0 +6.88e-12 +5.10e+03 +1.79e+01 +3.00e+00 +2.42e+00 +4.44e-09 +8.77e-01  1
    138 +1.4308e-05 +7.00e-03 +7.00e+08     50      2     51  1     10  0 +5.61e-08 +3.38e+03 +7.30e+00 +3.00e+00 +2.30e+00 +2.78e-09 +9.95e-01  1
    139 +1.4295e-05 +7.00e-03 +7.00e+08     50      2     51  1     11  0 +6.66e-12 +1.56e+03 +2.62e+00 +3.00e+00 +2.87e+00 +2.78e-08 +8.49e-01  1
--------------------------------------------------------------------------------------------------------------------------------------------------
  Iter.  Objective   St. Rad.  Tr. Rad.  |Pts| In Its QP Pts L? QP Its S?   QP KKT    |Step|   |Step|_H  |Grad.|  |G. Cmb.|  Stepsize Up. Fact. U?
--------------------------------------------------------------------------------------------------------------------------------------------------
    140 +1.4127e-05 +7.00e-03 +7.00e+08     50      2     51  1     13  0 +7.04e-11 +4.60e+02 +2.79e+00 +3.00e+00 +2.90e+00 +6.94e-08 +9.73e-01  1
    141 +1.3900e-05 +7.00e-03 +7.00e+08     50      3     52  1     24  0 +2.00e-08 +6.61e+02 +1.43e+00 +3.00e+00 +2.69e+00 +4.34e-08 +8.54e-01  1
    142 +1.3823e-05 +7.00e-03 +7.00e+08     50      3     52  1     26  0 +3.06e-12 +1.11e+02 +4.77e-01 +3.00e+00 +2.58e+00 +3.39e-09 +9.87e-01  1
    143 +1.3823e-05 +7.00e-03 +7.00e+08     50      3     52  1     27  0 +6.31e-05 +6.31e-04 +5.74e-05 +3.00e+00 +2.29e+00 +1.53e-03 +8.57e-01  1
    144 +1.3811e-05 +7.00e-03 +7.00e+08     50      3     52  1     25  0 +1.11e-10 +2.06e+01 +3.60e-01 +3.00e+00 +2.31e+00 +5.82e-08 +8.74e-01  1
    145 +1.3792e-05 +7.00e-03 +7.00e+08     50      3     52  1     26  0 +5.29e-06 +1.14e+01 +7.03e-02 +3.00e+00 +2.44e+00 +7.28e-08 +9.20e-01  1
    146 +1.3785e-05 +7.00e-03 +7.00e+08     50      2     51  1     13  0 +1.73e-10 +1.81e+03 +2.54e+00 +3.00e+00 +3.00e+00 +5.68e-09 +8.65e-01  1
    147 +1.3756e-05 +7.00e-03 +7.00e+08     50      3     53  1     28  0 +1.24e-04 +2.68e-03 +5.36e-05 +3.00e+00 +2.84e+00 +8.24e-05 +9.47e-01  1
    148 +1.3754e-05 +7.00e-03 +7.00e+08     50      3     52  1     27  0 +1.85e-03 +8.71e-03 +4.97e-04 +3.00e+00 +2.70e+00 +3.77e-08 +0.00e+00  0
    149 +1.3754e-05 +7.00e-03 +7.00e+08     50      3     52  1     27  0 +5.27e-05 +7.02e-03 +3.08e-04 +3.00e+00 +2.41e+00 +1.89e-07 +0.00e+00  0
    150 +1.3754e-05 +7.00e-03 +7.00e+08     50      3     53  1     28  0 +2.24e-06 +1.97e-02 +2.95e-04 +3.00e+00 +2.68e+00 +1.89e-06 +1.00e+00  1
    151 +1.3754e-05 +7.00e-03 +7.00e+08     50      3     52  1     27  0 +3.03e-04 +8.77e+00 +6.73e-02 +3.00e+00 +3.00e+00 +3.68e-08 +1.00e+00  1
    152 +1.3753e-05 +7.00e-03 +7.00e+08     50      3     52  1     26  0 +9.18e-09 +1.92e+03 +2.76e+01 +3.00e+00 +3.00e+00 +2.88e-09 +9.94e-01  1
    153 +1.3717e-05 +7.00e-03 +7.00e+08     50      3     52  1     26  0 +5.07e-04 +2.56e+02 +2.67e+00 +3.00e+00 +2.85e+00 +1.44e-08 +9.34e-01  1
    154 +1.3715e-05 +7.00e-03 +7.00e+08     50      2     51  1     12  0 +4.81e-11 +2.29e+03 +1.23e+01 +3.00e+00 +3.00e+00 +2.25e-09 +9.82e-01  1
    155 +1.3693e-05 +7.00e-03 +7.00e+08     50      3     52  1     24  0 +6.42e-08 +7.88e+01 +4.52e-01 +3.00e+00 +3.00e+00 +2.25e-08 +8.61e-01  1
    156 +1.3620e-05 +7.00e-03 +7.00e+08     50      3     52  1     26  0 +5.70e-05 +8.26e+01 +4.31e-01 +3.00e+00 +3.00e+00 +2.81e-08 +9.97e-01  1
    157 +1.3596e-05 +7.00e-03 +7.00e+08     50      3     52  1     27  0 +7.37e-04 +8.00e+00 +3.57e-01 +3.00e+00 +2.82e+00 +1.76e-08 +9.77e-01  1
    158 +1.3594e-05 +7.00e-03 +7.00e+08     50      3     52  1     27  0 +2.03e-04 +2.97e+01 +5.34e-01 +3.00e+00 +2.84e+00 +1.76e-07 +9.89e-01  1
    159 +1.3371e-05 +7.00e-03 +7.00e+08     50      3     52  1     23  0 +1.61e-10 +7.07e+01 +1.36e+00 +3.00e+00 +2.75e+00 +1.10e-07 +9.75e-01  1
--------------------------------------------------------------------------------------------------------------------------------------------------
  Iter.  Objective   St. Rad.  Tr. Rad.  |Pts| In Its QP Pts L? QP Its S?   QP KKT    |Step|   |Step|_H  |Grad.|  |G. Cmb.|  Stepsize Up. Fact. U?
--------------------------------------------------------------------------------------------------------------------------------------------------
    160 +1.3312e-05 +7.00e-03 +7.00e+08     50      2     51  1     11  0 +6.37e-08 +4.54e+02 +7.88e+00 +3.00e+00 +2.98e+00 +1.71e-08 +9.85e-01  1
    161 +1.3110e-05 +7.00e-03 +7.00e+08     50      3     52  1     24  0 +6.42e-09 +1.23e+02 +1.27e+00 +3.00e+00 +2.89e+00 +2.14e-08 +9.96e-01  1
    162 +1.2970e-05 +7.00e-03 +7.00e+08     50      3     52  1     24  0 +6.81e-09 +2.69e+02 +5.27e+00 +3.00e+00 +2.75e+00 +1.34e-08 +9.25e-01  1
    163 +1.2960e-05 +7.00e-03 +7.00e+08     50      3     52  1     27  0 +7.01e-08 +5.60e+01 +8.92e-01 +3.00e+00 +2.62e+00 +1.67e-08 +9.56e-01  1
    164 +1.2945e-05 +7.00e-03 +7.00e+08     50      3     52  1     27  0 +3.39e-05 +1.62e+01 +1.41e-01 +3.00e+00 +2.59e+00 +2.62e-09 +9.85e-01  1
    165 +1.2944e-05 +7.00e-03 +7.00e+08     50      3     52  1     27  0 +1.62e-03 +2.03e+00 +1.71e-02 +3.00e+00 +2.59e+00 +3.68e-09 +0.00e+00  0
    166 +1.2944e-05 +7.00e-03 +7.00e+08     50      3     52  1     27  0 +1.68e-04 +6.55e-01 +3.64e-03 +3.00e+00 +2.95e+00 +6.59e-08 +9.68e-01  1
    167 +1.2944e-05 +7.00e-03 +7.00e+08     50      3     52  1     27  0 +1.85e-04 +3.21e-02 +2.92e-04 +3.00e+00 +3.00e+00 +8.69e-07 +9.84e-01  1
    168 +1.2943e-05 +7.00e-03 +7.00e+08     50      3     52  1     27  0 +1.54e-03 +3.57e-02 +5.62e-04 +3.00e+00 +3.00e+00 +8.48e-09 +0.00e+00  0
    169 +1.2943e-05 +7.00e-03 +7.00e+08     50      3     52  1     27  0 +1.81e-03 +3.08e-02 +5.00e-04 +3.00e+00 +3.00e+00 +8.48e-08 +0.00e+00  0
    170 +1.2943e-05 +7.00e-03 +7.00e+08     50      3     52  1     27  0 +9.78e-04 +2.92e-02 +4.79e-04 +3.00e+00 +3.00e+00 +2.12e-07 +0.00e+00  0
    171 +1.2943e-05 +7.00e-03 +7.00e+08     50      3     52  1     27  0 +3.58e-04 +3.93e-02 +4.77e-04 +3.00e+00 +3.00e+00 +1.33e-07 +0.00e+00  0
    172 +1.2943e-05 +7.00e-03 +7.00e+08     50      3     52  1     27  0 +3.17e-04 +2.09e-02 +4.22e-04 +3.00e+00 +3.00e+00 +1.33e-06 +1.00e+00  1
    173 +1.2943e-05 +7.00e-03 +7.00e+08     50      3     52  1     25  0 +1.56e-08 +2.20e+03 +5.03e+01 +3.00e+00 +3.00e+00 +3.24e-09 +9.73e-01  1
    174 +1.2920e-05 +7.00e-03 +7.00e+08     50      3     52  1     25  0 +1.07e-09 +2.19e+03 +5.54e+01 +3.00e+00 +3.00e+00 +1.01e-09 +9.66e-01  1
    175 +1.2912e-05 +7.00e-03 +7.00e+08     50      3     52  1     26  0 +2.70e-10 +2.14e+03 +6.66e+01 +3.00e+00 +3.00e+00 +2.53e-09 +9.89e-01  1
    176 +1.2880e-05 +7.00e-03 +7.00e+08     50      3     52  1     27  0 +8.31e-09 +9.91e+02 +9.69e+01 +3.00e+00 +3.00e+00 +1.58e-09 +9.82e-01  1
    177 +1.2875e-05 +7.00e-03 +7.00e+08     50      3     52  1     22  0 +4.95e-08 +3.22e+02 +1.47e+01 +3.00e+00 +3.00e+00 +1.97e-09 +9.95e-01  1
    178 +1.2869e-05 +7.00e-03 +7.00e+08     50      3     52  1     27  0 +1.12e-07 +2.08e+02 +8.52e+00 +3.00e+00 +3.00e+00 +9.87e-09 +9.14e-01  1
    179 +1.2760e-05 +7.00e-03 +7.00e+08     50      3     52  1     26  0 +6.68e-10 +8.46e+02 +1.03e+01 +3.00e+00 +3.00e+00 +1.23e-08 +9.24e-01  1
--------------------------------------------------------------------------------------------------------------------------------------------------
  Iter.  Objective   St. Rad.  Tr. Rad.  |Pts| In Its QP Pts L? QP Its S?   QP KKT    |Step|   |Step|_H  |Grad.|  |G. Cmb.|  Stepsize Up. Fact. U?
--------------------------------------------------------------------------------------------------------------------------------------------------
    180 +1.2759e-05 +7.00e-03 +7.00e+08     50      3     52  1     24  0 +7.62e-08 +3.80e+02 +9.28e+00 +3.00e+00 +3.00e+00 +1.54e-08 +9.82e-01  1
    181 +1.2710e-05 +7.00e-03 +7.00e+08     50      3     52  1     26  0 +1.37e-09 +1.07e+03 +1.31e+01 +3.00e+00 +3.00e+00 +1.21e-09 +9.89e-01  1
    182 +1.2708e-05 +7.00e-03 +7.00e+08     50      3     52  1     25  0 +6.95e-08 +1.23e+03 +1.16e+01 +3.00e+00 +3.00e+00 +3.01e-09 +9.76e-01  1
    183 +1.2677e-05 +7.00e-03 +7.00e+08     50      3     52  1     26  0 +1.43e-05 +7.41e+02 +4.67e+00 +3.00e+00 +3.00e+00 +1.88e-09 +9.93e-01  1
    184 +1.2668e-05 +7.00e-03 +7.00e+08     50      3     52  1     27  0 +4.32e-06 +9.11e+02 +1.62e+01 +3.00e+00 +3.00e+00 +2.35e-09 +9.84e-01  1
    185 +1.2651e-05 +7.00e-03 +7.00e+08     50      3     52  1     27  0 +3.00e-06 +9.73e+01 +3.30e+00 +3.00e+00 +3.00e+00 +5.89e-09 +9.32e-01  1
    186 +1.2615e-05 +7.00e-03 +7.00e+08     50      3     52  1     26  0 +1.78e-03 +2.78e+01 +1.26e-01 +3.00e+00 +3.00e+00 +1.47e-08 +9.91e-01  1
    187 +1.2610e-05 +7.00e-03 +7.00e+08     50      3     52  1     25  0 +2.21e-03 +2.32e+01 +2.81e-02 +3.00e+00 +3.00e+00 +3.68e-08 +9.72e-01  1
    188 +1.2607e-05 +7.00e-03 +7.00e+08     50      3     52  1     27  0 +7.30e-04 +1.58e+00 +3.25e-03 +3.00e+00 +3.00e+00 +4.60e-08 +9.59e-01  1
    189 +1.2606e-05 +7.00e-03 +7.00e+08     50      3     52  1     27  0 +6.90e-05 +4.17e-02 +4.49e-04 +3.00e+00 +3.00e+00 +6.42e-06 +9.98e-01  1
    190 +1.2601e-05 +7.00e-03 +7.00e+08     50      3     52  1     27  0 +2.52e-04 +4.93e-01 +2.15e-02 +3.00e+00 +3.00e+00 +3.21e-05 +9.46e-01  1
    191 +1.2510e-05 +7.00e-03 +7.00e+08     50      2     51  1     14  0 +1.83e+06 +2.12e+07 +9.78e+04 +3.00e+00 +3.00e+00 +2.99e-13 +9.48e-01  1
    192 +1.2481e-05 +7.00e-03 +7.00e+08     50      3     52  1     27  0 +5.85e+05 +9.44e+06 +4.09e+04 +3.00e+00 +3.00e+00 +1.87e-13 +9.97e-01  1
    193 +1.2480e-05 +7.00e-03 +7.00e+08     50      2     51  1     14  0 +1.81e+01 +8.01e+04 +3.57e+03 +3.00e+00 +3.00e+00 +9.28e-11 +7.62e-01  1
    194 +1.2348e-05 +7.00e-03 +7.00e+08     50      2     51  1     13  0 +1.00e-12 +9.37e+03 +3.25e+02 +3.00e+00 +3.00e+00 +9.28e-10 +9.19e-01  1
    195 +1.2293e-05 +7.00e-03 +7.00e+08     50      2     51  1     12  0 +1.40e-08 +3.60e+03 +1.89e+02 +3.00e+00 +3.00e+00 +4.64e-09 +8.95e-01  1
    196 +1.2033e-05 +7.00e-03 +7.00e+08     50      3     52  1     27  0 +5.66e-08 +5.77e+03 +5.09e+02 +3.00e+00 +3.00e+00 +3.63e-10 +9.72e-01  1
    197 +1.1946e-05 +7.00e-03 +7.00e+08     50      3     52  1     23  0 +4.32e-10 +1.73e+03 +2.87e+01 +3.00e+00 +3.00e+00 +3.63e-09 +9.53e-01  1
    198 +1.1786e-05 +7.00e-03 +7.00e+08     50      2     51  1     12  0 +9.21e-09 +3.08e+03 +8.52e+01 +3.00e+00 +3.00e+00 +2.27e-09 +9.77e-01  1
    199 +1.1744e-05 +7.00e-03 +7.00e+08     50      3     52  1     24  0 +4.06e-08 +1.86e+02 +5.34e+00 +3.00e+00 +3.00e+00 +1.13e-08 +9.85e-01  1
--------------------------------------------------------------------------------------------------------------------------------------------------
  Iter.  Objective   St. Rad.  Tr. Rad.  |Pts| In Its QP Pts L? QP Its S?   QP KKT    |Step|   |Step|_H  |Grad.|  |G. Cmb.|  Stepsize Up. Fact. U?
--------------------------------------------------------------------------------------------------------------------------------------------------
    200 +1.1721e-05 +7.00e-03 +7.00e+08     50      3     52  1     24  0 +3.89e-03 +1.27e+02 +2.30e+00 +3.00e+00 +3.00e+00 +7.08e-09 +9.76e-01  1
    201 +1.1718e-05 +7.00e-03 +7.00e+08     50      3     52  1     27  0 +1.44e-05 +2.15e+01 +7.19e-01 +3.00e+00 +3.00e+00 +1.77e-08 +9.67e-01  1
    202 +1.1697e-05 +7.00e-03 +7.00e+08     50      3     52  1     27  0 +6.45e-03 +1.97e+01 +1.65e-01 +3.00e+00 +3.00e+00 +4.43e-08 +9.74e-01  1
    203 +1.1686e-05 +7.00e-03 +7.00e+08     50      3     52  1     27  0 +1.90e-03 +3.56e+00 +1.99e-02 +3.00e+00 +3.00e+00 +1.73e-09 +0.00e+00  0
    204 +1.1686e-05 +7.00e-03 +7.00e+08     50      3     52  1     24  0 +1.50e-10 +2.64e+02 +8.11e+00 +3.00e+00 +3.00e+00 +8.64e-09 +9.86e-01  1
    205 +1.1667e-05 +7.00e-03 +7.00e+08     50      3     52  1     25  0 +2.86e-06 +4.61e+01 +2.29e+00 +3.00e+00 +3.00e+00 +5.40e-09 +9.82e-01  1
    206 +1.1661e-05 +7.00e-03 +7.00e+08     50      3     52  1     25  0 +4.24e-12 +7.06e+02 +3.24e+00 +3.00e+00 +3.00e+00 +3.38e-09 +9.63e-01  1
    207 +1.1654e-05 +7.00e-03 +7.00e+08     50      3     52  1     25  0 +1.05e-08 +3.77e+02 +1.01e+01 +3.00e+00 +3.00e+00 +4.22e-09 +9.56e-01  1
    208 +1.1641e-05 +7.00e-03 +7.00e+08     50      3     52  1     27  0 +6.41e-04 +1.89e+01 +6.63e-01 +3.00e+00 +3.00e+00 +2.11e-08 +9.52e-01  1
    209 +1.1614e-05 +7.00e-03 +7.00e+08     50      3     52  1     24  0 +3.68e-03 +2.64e+01 +2.85e-01 +3.00e+00 +3.00e+00 +2.64e-08 +9.92e-01  1
    210 +1.1604e-05 +7.00e-03 +7.00e+08     50      3     52  1     27  0 +1.42e-03 +3.35e+00 +1.30e-02 +3.00e+00 +3.00e+00 +1.03e-09 +0.00e+00  0
    211 +1.1604e-05 +7.00e-03 +7.00e+08     50      3     52  1     27  0 +4.37e-05 +6.98e+00 +3.40e-03 +3.00e+00 +3.00e+00 +1.03e-08 +9.99e-01  1
    212 +1.1604e-05 +7.00e-03 +7.00e+08     50      3     52  1     27  0 +6.85e-05 +2.37e-01 +3.02e-04 +3.00e+00 +3.00e+00 +5.15e-08 +9.99e-01  1
    213 +1.1604e-05 +7.00e-03 +7.00e+08     50      3     52  1     27  0 +1.52e-03 +3.89e-02 +9.46e-03 +3.00e+00 +3.00e+00 +2.01e-09 +0.00e+00  0
    214 +1.1604e-05 +7.00e-03 +7.00e+08     50      3     52  1     27  0 +2.67e-04 +1.47e-01 +1.80e-03 +3.00e+00 +3.00e+00 +2.01e-08 +0.00e+00  0
    215 +1.1604e-05 +7.00e-03 +7.00e+08     50      3     52  1     27  0 +1.00e-04 +6.38e-02 +1.62e-03 +3.00e+00 +3.00e+00 +3.88e-07 +9.76e-01  1
    216 +1.1604e-05 +7.00e-03 +7.00e+08     50      3     52  1     27  0 +1.70e-06 +3.73e+02 +3.72e+00 +3.00e+00 +3.00e+00 +7.57e-09 +9.78e-01  1
    217 +1.1575e-05 +7.00e-03 +7.00e+08     50      3     52  1     26  0 +1.70e-06 +7.26e+01 +1.18e+00 +3.00e+00 +3.00e+00 +2.37e-09 +9.95e-01  1
    218 +1.1571e-05 +7.00e-03 +7.00e+08     50      3     52  1     27  0 +4.79e-06 +8.97e+00 +3.93e-01 +3.00e+00 +3.00e+00 +1.18e-08 +9.57e-01  1
    219 +1.1569e-05 +7.00e-03 +7.00e+08     50      3     52  1     27  0 +7.09e-04 +9.14e+00 +1.67e-01 +3.00e+00 +3.00e+00 +1.18e-07 +9.56e-01  1
--------------------------------------------------------------------------------------------------------------------------------------------------
  Iter.  Objective   St. Rad.  Tr. Rad.  |Pts| In Its QP Pts L? QP Its S?   QP KKT    |Step|   |Step|_H  |Grad.|  |G. Cmb.|  Stepsize Up. Fact. U?
--------------------------------------------------------------------------------------------------------------------------------------------------
    220 +1.1558e-05 +7.00e-03 +7.00e+08     50      3     52  1     26  0 +4.42e-04 +6.96e+01 +1.32e+00 +3.00e+00 +3.00e+00 +1.48e-07 +9.73e-01  1
    221 +1.1486e-05 +7.00e-03 +7.00e+08     50      3     52  1     27  0 +3.27e-09 +9.01e+03 +1.03e+02 +3.00e+00 +3.00e+00 +1.44e-09 +9.74e-01  1
    222 +1.1456e-05 +7.00e-03 +7.00e+08     50      3     52  1     27  0 +7.19e-09 +4.07e+03 +7.02e+01 +3.00e+00 +3.00e+00 +3.61e-09 +9.55e-01  1
    223 +1.1287e-05 +7.00e-03 +7.00e+08     50      2     51  1     12  0 +2.97e-08 +2.38e+03 +4.07e+01 +3.00e+00 +3.00e+00 +2.26e-09 +9.85e-01  1
    224 +1.1253e-05 +7.00e-03 +7.00e+08     50      2     51  1     13  0 +9.77e-09 +1.09e+04 +1.26e+02 +3.00e+00 +3.00e+00 +7.05e-10 +9.87e-01  1
    225 +1.1191e-05 +7.00e-03 +7.00e+08     50      2     51  1     12  0 +1.55e-08 +2.68e+03 +3.60e+01 +3.00e+00 +3.00e+00 +3.52e-09 +9.70e-01  1
    226 +1.1109e-05 +7.00e-03 +7.00e+08     50      3     52  1     26  0 +1.70e-08 +4.92e+02 +7.02e+00 +3.00e+00 +3.00e+00 +1.76e-08 +9.62e-01  1
    227 +1.1073e-05 +7.00e-03 +7.00e+08     50      3     52  1     26  0 +1.95e-11 +2.11e+03 +3.16e+01 +3.00e+00 +3.00e+00 +5.51e-09 +9.83e-01  1
    228 +1.0932e-05 +7.00e-03 +7.00e+08     50      3     52  1     25  0 +2.19e-11 +7.82e+02 +1.34e+01 +3.00e+00 +3.00e+00 +1.72e-09 +9.82e-01  1
    229 +1.0891e-05 +7.00e-03 +7.00e+08     50      3     52  1     24  0 +4.48e-06 +1.23e+01 +2.58e-01 +3.00e+00 +3.00e+00 +2.15e-09 +9.93e-01  1
    230 +1.0891e-05 +7.00e-03 +7.00e+08     50      3     52  1     27  0 +1.91e-03 +8.24e+00 +3.25e-02 +3.00e+00 +3.00e+00 +2.15e-08 +9.77e-01  1
    231 +1.0890e-05 +7.00e-03 +7.00e+08     50      3     52  1     27  0 +7.71e-07 +1.34e+04 +3.39e+02 +3.00e+00 +3.00e+00 +8.40e-10 +9.82e-01  1
    232 +1.0652e-05 +7.00e-03 +7.00e+08     50      2     51  1     14  0 +2.91e-08 +1.23e+04 +3.81e+02 +3.00e+00 +3.00e+00 +5.25e-10 +9.51e-01  1
    233 +1.0486e-05 +7.00e-03 +7.00e+08     50      3     52  1     24  0 +2.62e-11 +1.39e+03 +3.25e+01 +3.00e+00 +3.00e+00 +2.63e-09 +9.88e-01  1
    234 +1.0475e-05 +7.00e-03 +7.00e+08     50      3     52  1     26  0 +3.71e-11 +1.44e+02 +5.50e+00 +3.00e+00 +3.00e+00 +6.57e-09 +9.93e-01  1
    235 +1.0439e-05 +7.00e-03 +7.00e+08     50      3     52  1     25  0 +1.55e-03 +8.22e+01 +1.13e+00 +3.00e+00 +3.00e+00 +8.21e-09 +9.82e-01  1
    236 +1.0437e-05 +7.00e-03 +7.00e+08     50      3     52  1     27  0 +2.90e-03 +8.03e+00 +6.49e-01 +3.00e+00 +3.00e+00 +3.85e-09 +9.86e-01  1
    237 +1.0433e-05 +7.00e-03 +7.00e+08     50      3     52  1     27  0 +1.20e-08 +1.56e+01 +2.77e-01 +3.00e+00 +3.00e+00 +3.85e-08 +9.54e-01  1
    238 +1.0433e-05 +7.00e-03 +7.00e+08     50      3     52  1     27  0 +6.03e-03 +2.11e+00 +1.77e-02 +3.00e+00 +3.00e+00 +3.01e-09 +0.00e+00  0
    239 +1.0433e-05 +7.00e-03 +7.00e+08     50      3     52  1     27  0 +2.78e-04 +1.59e-03 +3.51e-04 +3.00e+00 +3.00e+00 +8.22e-07 +0.00e+00  0
--------------------------------------------------------------------------------------------------------------------------------------------------
  Iter.  Objective   St. Rad.  Tr. Rad.  |Pts| In Its QP Pts L? QP Its S?   QP KKT    |Step|   |Step|_H  |Grad.|  |G. Cmb.|  Stepsize Up. Fact. U?
--------------------------------------------------------------------------------------------------------------------------------------------------
    240 +1.0433e-05 +7.00e-03 +7.00e+08     50      3     53  1     28  0 +3.50e-06 +1.46e-02 +3.40e-04 +3.00e+00 +3.00e+00 +3.61e-08 +0.00e+00  0
    241 +1.0433e-05 +7.00e-03 +7.00e+08     50      3     52  1     27  0 +3.72e-04 +1.62e+01 +3.33e-01 +3.00e+00 +3.00e+00 +7.05e-10 +9.97e-01  1
    242 +1.0433e-05 +7.00e-03 +7.00e+08     50      3     52  1     27  0 +2.90e-03 +7.30e+00 +3.63e-02 +3.00e+00 +3.00e+00 +3.53e-09 +1.00e+00  1
    243 +1.0432e-05 +7.00e-03 +7.00e+08     50      3     52  1     26  0 +3.24e-03 +7.00e+00 +1.33e-02 +3.00e+00 +3.00e+00 +1.38e-09 +0.00e+00  0
    244 +1.0432e-05 +7.00e-03 +7.00e+08     50      3     52  1     27  0 +7.30e-06 +2.02e-01 +4.98e-04 +3.00e+00 +3.00e+00 +1.72e-09 +0.00e+00  0
    245 +1.0432e-05 +7.00e-03 +7.00e+08     50      3     52  1     27  0 +3.52e-05 +1.76e-02 +3.20e-04 +3.00e+00 +3.00e+00 +4.77e-05 +9.65e-01  1
    246 +1.0430e-05 +7.00e-03 +7.00e+08     50      3     52  1     27  0 +8.12e-03 +1.72e+02 +3.37e+00 +3.00e+00 +3.00e+00 +3.64e-09 +9.89e-01  1
    247 +1.0425e-05 +7.00e-03 +7.00e+08     50      3     52  1     26  0 +1.07e-10 +1.74e+03 +4.07e+01 +3.00e+00 +3.00e+00 +2.27e-09 +9.58e-01  1
    248 +1.0382e-05 +7.00e-03 +7.00e+08     50      2     51  1     14  0 +2.73e-10 +1.87e+03 +2.97e+01 +3.00e+00 +3.00e+00 +2.84e-09 +9.40e-01  1
    249 +1.0310e-05 +7.00e-03 +7.00e+08     50      2     51  1     14  0 +3.51e-10 +2.26e+03 +3.63e+01 +3.00e+00 +3.00e+00 +7.11e-09 +9.59e-01  1
    250 +1.0298e-05 +7.00e-03 +7.00e+08     50      3     52  1     24  0 +1.07e-10 +4.02e+03 +4.59e+01 +3.00e+00 +3.00e+00 +2.22e-09 +9.71e-01  1
    251 +1.0255e-05 +7.00e-03 +7.00e+08     50      2     51  1     13  0 +5.10e-10 +3.33e+03 +3.63e+01 +3.00e+00 +3.00e+00 +1.39e-09 +9.86e-01  1
    252 +1.0184e-05 +7.00e-03 +7.00e+08     50      3     52  1     24  0 +2.60e-09 +1.12e+03 +8.79e+00 +3.00e+00 +3.00e+00 +1.74e-09 +9.94e-01  1
    253 +1.0158e-05 +7.00e-03 +7.00e+08     50      3     52  1     25  0 +6.13e-08 +6.58e+02 +4.13e+00 +3.00e+00 +3.00e+00 +1.08e-09 +9.95e-01  1
    254 +1.0156e-05 +7.00e-03 +7.00e+08     50      3     52  1     27  0 +1.99e-05 +8.55e+01 +3.45e-01 +3.00e+00 +3.00e+00 +1.08e-08 +9.90e-01  1
    255 +1.0154e-05 +7.00e-03 +7.00e+08     50      3     52  1     26  0 +1.08e-03 +5.03e+01 +2.65e-01 +3.00e+00 +3.00e+00 +3.39e-09 +9.98e-01  1
    256 +1.0154e-05 +7.00e-03 +7.00e+08     50      3     52  1     25  0 +2.25e-07 +3.81e+02 +1.05e+00 +3.00e+00 +3.00e+00 +1.06e-09 +9.98e-01  1
    257 +1.0148e-05 +7.00e-03 +7.00e+08     50      3     52  1     26  0 +5.86e-04 +1.37e+01 +1.36e-01 +3.00e+00 +3.00e+00 +1.32e-09 +9.98e-01  1
    258 +1.0149e-05 +7.00e-03 +7.00e+08     50      3     52  1     27  0 +7.59e-04 +1.18e+00 +6.56e-03 +3.00e+00 +3.00e+00 +4.96e-09 +0.00e+00  0
    259 +1.0149e-05 +7.00e-03 +7.00e+08     50      3     52  1     27  0 +1.24e-03 +4.10e-01 +2.18e-03 +3.00e+00 +3.00e+00 +6.13e-08 +9.95e-01  1
--------------------------------------------------------------------------------------------------------------------------------------------------
  Iter.  Objective   St. Rad.  Tr. Rad.  |Pts| In Its QP Pts L? QP Its S?   QP KKT    |Step|   |Step|_H  |Grad.|  |G. Cmb.|  Stepsize Up. Fact. U?
--------------------------------------------------------------------------------------------------------------------------------------------------
    260 +1.0149e-05 +7.00e-03 +7.00e+08     50      3     52  1     27  0 +3.79e-04 +2.62e-01 +1.25e-03 +3.00e+00 +3.00e+00 +3.83e-08 +1.00e+00  1
    261 +1.0149e-05 +7.00e-03 +7.00e+08     50      3     52  1     27  0 +1.35e-04 +2.92e-01 +1.73e-03 +3.00e+00 +3.00e+00 +2.39e-08 +0.00e+00  0
    262 +1.0149e-05 +7.00e-03 +7.00e+08     50      3     52  1     27  0 +6.38e-04 +2.28e+00 +5.99e-02 +3.00e+00 +3.00e+00 +3.74e-09 +0.00e+00  0
    263 +1.0148e-05 +7.00e-03 +7.00e+08     50      3     52  1     27  0 +3.07e-04 +2.26e-01 +1.54e-03 +3.00e+00 +3.00e+00 +8.40e-08 +1.00e+00  1
    264 +1.0148e-05 +7.00e-03 +7.00e+08     50      3     52  1     27  0 +1.51e-08 +2.59e+03 +6.32e+01 +3.00e+00 +3.00e+00 +4.10e-10 +9.96e-01  1
    265 +1.0137e-05 +7.00e-03 +7.00e+08     50      3     52  1     27  0 +3.81e-08 +3.33e+02 +5.51e+00 +3.00e+00 +3.00e+00 +5.13e-10 +9.95e-01  1
    266 +1.0137e-05 +7.00e-03 +7.00e+08     50      3     52  1     27  0 +3.54e-05 +3.55e+01 +1.63e-01 +3.00e+00 +3.00e+00 +5.13e-09 +9.97e-01  1
    267 +1.0136e-05 +7.00e-03 +7.00e+08     50      3     52  1     26  0 +1.84e-03 +2.07e+02 +3.98e+00 +3.00e+00 +3.00e+00 +3.20e-09 +9.96e-01  1
    268 +1.0130e-05 +7.00e-03 +7.00e+08     50      3     52  1     27  0 +1.35e-06 +2.44e+01 +9.36e-01 +3.00e+00 +3.00e+00 +1.00e-09 +9.93e-01  1
    269 +1.0130e-05 +7.00e-03 +7.00e+08     50      3     52  1     25  0 +4.62e-06 +3.66e+01 +8.98e-01 +3.00e+00 +3.00e+00 +2.50e-09 +9.93e-01  1
    270 +1.0128e-05 +7.00e-03 +7.00e+08     50      3     52  1     27  0 +1.04e-05 +1.33e+01 +1.16e-01 +3.00e+00 +3.00e+00 +7.45e-09 +9.91e-01  1
    271 +1.0128e-05 +7.00e-04 +7.00e+07     50      3     52  1     25  0 +5.74e-07 +1.59e+01 +2.51e-01 +3.00e+00 +3.00e+00 +9.31e-09 +9.92e-01  1
    272 +1.0122e-05 +7.00e-04 +7.00e+07     50      3     52  1     26  0 +3.48e-07 +3.74e+01 +8.46e-01 +3.00e+00 +3.00e+00 +1.46e-09 +9.95e-01  1
    273 +1.0121e-05 +7.00e-04 +7.00e+07     50      3     52  1     27  0 +4.40e-04 +7.41e-01 +8.48e-02 +3.00e+00 +3.00e+00 +3.64e-09 +0.00e+00  0
    274 +1.0121e-05 +7.00e-04 +7.00e+07     50      3     52  1     27  0 +1.49e-04 +4.44e+00 +5.07e-02 +3.00e+00 +3.00e+00 +2.27e-09 +1.00e+00  1
    275 +1.0121e-05 +7.00e-04 +7.00e+07     50      3     52  1     27  0 +3.35e-04 +1.19e+00 +2.24e-02 +3.00e+00 +3.00e+00 +8.53e-09 +9.98e-01  1
    276 +1.0121e-05 +7.00e-04 +7.00e+07     50      3     52  1     27  0 +1.28e-06 +3.09e+00 +1.61e-02 +3.00e+00 +3.00e+00 +2.66e-09 +0.00e+00  0
    277 +1.0121e-05 +7.00e-04 +7.00e+07     50      3     52  1     27  0 +3.87e-04 +1.33e+00 +1.42e-02 +3.00e+00 +3.00e+00 +6.66e-09 +0.00e+00  0
    278 +1.0121e-05 +7.00e-04 +7.00e+07     50      3     52  1     27  0 +2.10e-04 +8.49e-01 +3.82e-02 +3.00e+00 +3.00e+00 +1.04e-09 +0.00e+00  0
    279 +1.0121e-05 +7.00e-04 +7.00e+07     50      3     52  1     27  0 +2.17e-04 +7.56e-01 +1.26e-02 +3.00e+00 +3.00e+00 +1.04e-08 +0.00e+00  0
--------------------------------------------------------------------------------------------------------------------------------------------------
  Iter.  Objective   St. Rad.  Tr. Rad.  |Pts| In Its QP Pts L? QP Its S?   QP KKT    |Step|   |Step|_H  |Grad.|  |G. Cmb.|  Stepsize Up. Fact. U?
--------------------------------------------------------------------------------------------------------------------------------------------------
    280 +1.0120e-05 +7.00e-04 +7.00e+07     50      3     52  1     27  0 +2.06e-04 +2.50e-01 +1.23e-02 +3.00e+00 +3.00e+00 +1.04e-07 +9.98e-01  1
    281 +1.0120e-05 +7.00e-04 +7.00e+07     50      3     52  1     25  0 +1.18e-08 +4.27e+02 +1.40e+01 +3.00e+00 +3.00e+00 +5.08e-10 +9.98e-01  1
    282 +1.0119e-05 +7.00e-04 +7.00e+07     50      3     52  1     26  0 +4.58e-08 +3.03e+03 +1.48e+02 +3.00e+00 +3.00e+00 +3.18e-10 +9.93e-01  1
    283 +1.0076e-05 +7.00e-04 +7.00e+07     50      2     51  1     14  0 +9.10e+04 +1.37e+06 +7.35e+02 +3.00e+00 +3.00e+00 +7.75e-13 +9.95e-01  1
    284 +1.0072e-05 +7.00e-04 +7.00e+07     50      3     52  1     25  0 +1.88e-06 +4.33e+02 +3.97e+01 +3.00e+00 +3.00e+00 +9.87e-11 +9.98e-01  1
    285 +1.0071e-05 +7.00e-04 +7.00e+07     50      3     52  1     25  0 +4.98e-10 +1.06e+03 +2.09e+01 +3.00e+00 +3.00e+00 +2.47e-10 +9.83e-01  1
    286 +1.0068e-05 +7.00e-04 +7.00e+07     50      3     52  1     26  0 +1.27e-09 +4.30e+03 +1.06e+02 +3.00e+00 +3.00e+00 +3.08e-10 +9.86e-01  1
    287 +1.0062e-05 +7.00e-04 +7.00e+07     50      2     51  1     12  0 +6.49e-09 +1.62e+03 +2.24e+01 +3.00e+00 +3.00e+00 +7.71e-10 +9.94e-01  1
    288 +1.0058e-05 +7.00e-04 +7.00e+07     50      2     51  1     12  0 +1.08e-09 +4.73e+03 +6.46e+01 +3.00e+00 +3.00e+00 +4.82e-10 +9.96e-01  1
    289 +1.0038e-05 +7.00e-04 +7.00e+07     50      2     51  1     14  0 +4.57e-03 +4.05e+04 +2.68e+02 +3.00e+00 +3.00e+00 +1.88e-11 +9.98e-01  1
    290 +1.0033e-05 +7.00e-04 +7.00e+07     50      2     51  1     14  0 +4.94e-06 +8.76e+03 +3.13e+02 +3.00e+00 +3.00e+00 +1.88e-10 +9.92e-01  1
    291 +1.0031e-05 +7.00e-04 +7.00e+07     50      2     51  1     13  0 +3.37e-10 +6.36e+03 +2.92e+02 +3.00e+00 +3.00e+00 +1.18e-10 +9.85e-01  1
    292 +1.0026e-05 +7.00e-04 +7.00e+07     50      2     51  1     14  0 +7.44e+02 +1.32e+04 +2.52e+02 +3.00e+00 +3.00e+00 +7.35e-11 +9.90e-01  1
    293 +9.9928e-06 +7.00e-04 +7.00e+07     50      2     51  1     14  0 +3.41e-04 +1.26e+04 +5.82e+02 +3.00e+00 +3.00e+00 +1.84e-10 +9.63e-01  1
    294 +9.9738e-06 +7.00e-04 +7.00e+07     50      2     51  1     14  0 +1.51e+04 +6.01e+04 +6.97e+02 +3.00e+00 +3.00e+00 +1.44e-11 +9.70e-01  1
    295 +9.9552e-06 +7.00e-04 +7.00e+07     50      2     51  1     14  0 +1.51e-09 +6.72e+03 +3.55e+02 +3.00e+00 +3.00e+00 +1.44e-10 +9.93e-01  1
    296 +9.9297e-06 +7.00e-04 +7.00e+07     50      2     51  1     13  0 +4.44e-09 +5.12e+03 +2.91e+02 +3.00e+00 +3.00e+00 +3.59e-10 +9.82e-01  1
    297 +9.8884e-06 +7.00e-04 +7.00e+07     50      3     52  1     27  0 +5.42e+04 +3.22e+04 +1.51e+03 +3.00e+00 +3.00e+00 +3.51e-12 +9.90e-01  1
    298 +9.8823e-06 +7.00e-04 +7.00e+07     50      2     51  1     14  0 +4.27e-06 +3.56e+03 +5.46e+02 +3.00e+00 +3.00e+00 +3.51e-11 +9.95e-01  1
    299 +9.8607e-06 +7.00e-04 +7.00e+07     50      2     51  1     13  0 +2.23e-08 +5.63e+03 +4.15e+02 +3.00e+00 +3.00e+00 +3.51e-10 +9.73e-01  1
--------------------------------------------------------------------------------------------------------------------------------------------------
  Iter.  Objective   St. Rad.  Tr. Rad.  |Pts| In Its QP Pts L? QP Its S?   QP KKT    |Step|   |Step|_H  |Grad.|  |G. Cmb.|  Stepsize Up. Fact. U?
--------------------------------------------------------------------------------------------------------------------------------------------------
    300 +9.7618e-06 +7.00e-04 +7.00e+07     50      2     51  1     14  0 +1.67e+00 +7.01e+05 +1.76e+04 +3.00e+00 +3.00e+00 +6.85e-12 +9.87e-01  1
    301 +9.7096e-06 +7.00e-04 +7.00e+07     50      2     51  1     14  0 +4.77e-12 +6.97e+03 +4.31e+02 +3.00e+00 +3.00e+00 +6.85e-11 +9.94e-01  1
    302 +9.6735e-06 +7.00e-04 +7.00e+07     50      2     51  1     14  0 +1.45e-07 +1.02e+04 +4.86e+02 +3.00e+00 +3.00e+00 +3.42e-10 +9.83e-01  1
    303 +9.5858e-06 +7.00e-04 +7.00e+07     50      2     51  1     11  0 +8.07e-12 +4.13e+03 +1.28e+02 +3.00e+00 +3.00e+00 +4.28e-10 +9.94e-01  1
    304 +9.5801e-06 +7.00e-04 +7.00e+07     50      2     51  1     12  0 +1.11e-09 +8.94e+02 +3.82e+01 +3.00e+00 +3.00e+00 +2.14e-09 +9.76e-01  1
    305 +9.5464e-06 +7.00e-04 +7.00e+07     50      3     52  1     25  0 +4.85e-08 +2.16e+03 +5.16e+01 +3.00e+00 +3.00e+00 +3.34e-10 +9.94e-01  1
    306 +9.5430e-06 +7.00e-04 +7.00e+07     50      2     51  1     11  0 +1.54e-09 +1.55e+03 +4.76e+01 +3.00e+00 +3.00e+00 +4.18e-10 +9.94e-01  1
    307 +9.5384e-06 +7.00e-04 +7.00e+07     50      3     52  1     24  0 +1.68e-12 +4.78e+02 +1.72e+01 +3.00e+00 +3.00e+00 +1.31e-10 +9.99e-01  1
    308 +9.5360e-06 +7.00e-04 +7.00e+07     50      2     51  1     14  0 +1.00e-12 +7.03e+02 +3.04e+01 +3.00e+00 +3.00e+00 +6.53e-10 +9.90e-01  1
    309 +9.5219e-06 +7.00e-04 +7.00e+07     50      3     52  1     23  0 +6.31e-11 +1.21e+03 +2.24e+01 +3.00e+00 +3.00e+00 +4.08e-10 +9.97e-01  1
    310 +9.5217e-06 +7.00e-04 +7.00e+07     50      3     52  1     23  0 +2.00e-08 +3.82e+02 +8.81e+00 +3.00e+00 +3.00e+00 +1.02e-09 +9.98e-01  1
    311 +9.5097e-06 +7.00e-04 +7.00e+07     50      3     52  1     24  0 +5.23e-08 +4.60e+02 +1.09e+01 +3.00e+00 +3.00e+00 +6.38e-10 +9.98e-01  1
    312 +9.5047e-06 +7.00e-04 +7.00e+07     50      3     52  1     27  0 +5.42e-07 +1.34e+02 +1.80e+00 +3.00e+00 +3.00e+00 +3.99e-10 +1.00e+00  1
    313 +9.5038e-06 +7.00e-04 +7.00e+07     50      3     52  1     23  0 +3.95e-05 +2.04e+02 +2.62e+00 +3.00e+00 +3.00e+00 +9.97e-10 +9.99e-01  1
    314 +9.5011e-06 +7.00e-04 +7.00e+07     50      3     52  1     27  0 +5.14e-06 +1.41e+02 +1.81e+00 +3.00e+00 +3.00e+00 +1.25e-09 +9.99e-01  1
    315 +9.4989e-06 +7.00e-04 +7.00e+07     50      3     52  1     23  0 +7.77e-08 +4.06e+02 +5.15e+00 +3.00e+00 +3.00e+00 +3.89e-10 +9.99e-01  1
    316 +9.4975e-06 +7.00e-04 +7.00e+07     50      3     52  1     26  0 +7.57e-11 +3.48e+02 +4.24e+00 +3.00e+00 +3.00e+00 +1.95e-09 +9.94e-01  1
    317 +9.4959e-06 +7.00e-04 +7.00e+07     50      3     52  1     24  0 +1.38e-06 +4.18e+01 +3.46e+00 +3.00e+00 +3.00e+00 +1.22e-09 +9.96e-01  1
    318 +9.4952e-06 +7.00e-04 +7.00e+07     50      3     52  1     27  0 +1.05e-10 +1.59e+02 +1.33e+00 +3.00e+00 +3.00e+00 +1.52e-09 +9.93e-01  1
    319 +9.4935e-06 +7.00e-04 +7.00e+07     50      2     51  1     14  0 +3.40e-09 +2.09e+03 +2.01e+01 +3.00e+00 +3.00e+00 +2.38e-10 +9.97e-01  1
--------------------------------------------------------------------------------------------------------------------------------------------------
  Iter.  Objective   St. Rad.  Tr. Rad.  |Pts| In Its QP Pts L? QP Its S?   QP KKT    |Step|   |Step|_H  |Grad.|  |G. Cmb.|  Stepsize Up. Fact. U?
--------------------------------------------------------------------------------------------------------------------------------------------------
    320 +9.4905e-06 +7.00e-04 +7.00e+07     50      2     51  1     13  0 +7.47e-09 +1.62e+03 +1.39e+01 +3.00e+00 +3.00e+00 +2.97e-10 +9.94e-01  1
    321 +9.4886e-06 +7.00e-04 +7.00e+07     50      3     52  1     25  0 +3.28e-03 +1.92e+01 +1.80e+00 +3.00e+00 +3.00e+00 +9.31e-10 +9.95e-01  1
    322 +9.4887e-06 +1.00e-04 +7.00e+06     50      3     52  1     27  0 +1.36e-03 +1.43e+00 +2.87e-01 +3.00e+00 +3.00e+00 +1.75e-09 +0.00e+00  0
    323 +9.4886e-06 +1.00e-04 +7.00e+06     50      3     52  1     27  0 +4.18e-03 +2.06e+01 +1.29e-01 +3.00e+00 +3.00e+00 +4.37e-09 +9.97e-01  1
    324 +9.4883e-06 +1.00e-04 +7.00e+06     50      3     52  1     26  0 +2.84e-09 +6.20e+02 +2.15e+00 +3.00e+00 +3.00e+00 +1.71e-10 +9.98e-01  1
    325 +9.4875e-06 +1.00e-04 +7.00e+06     50      3     52  1     27  0 +1.77e-04 +1.29e+01 +1.21e-01 +3.00e+00 +3.00e+00 +4.26e-10 +0.00e+00  0
    326 +9.4875e-06 +1.00e-04 +7.00e+06     50      3     52  1     27  0 +3.58e-03 +1.97e+00 +3.33e-02 +3.00e+00 +3.00e+00 +4.26e-09 +0.00e+00  0
    327 +9.4875e-06 +1.00e-04 +7.00e+06     50      3     52  1     27  0 +3.83e-03 +1.63e-01 +2.11e-02 +3.00e+00 +3.00e+00 +1.67e-09 +0.00e+00  0
    328 +9.4876e-06 +1.00e-04 +7.00e+06     50      2     51  1     14  0 +1.17e-02 +9.32e+01 +1.70e+00 +3.00e+00 +3.00e+00 +1.04e-09 +9.99e-01  1
    329 +9.4866e-06 +1.00e-04 +7.00e+06     50      2     51  1     14  0 +3.47e-05 +5.86e+04 +3.29e+02 +3.00e+00 +3.00e+00 +1.27e-12 +9.99e-01  1
    330 +9.4859e-06 +1.00e-04 +7.00e+06     50      3     52  1     26  0 +1.02e-04 +2.81e+01 +1.33e+00 +3.00e+00 +3.00e+00 +5.82e-11 +0.00e+00  0
    331 +9.4859e-06 +1.00e-04 +7.00e+06     50      3     52  1     27  0 +4.46e-03 +1.33e+01 +5.02e-02 +3.00e+00 +3.00e+00 +5.82e-10 +0.00e+00  0
    332 +9.4859e-06 +1.00e-04 +7.00e+06     50      3     52  1     27  0 +2.37e-05 +8.22e+00 +2.64e-02 +3.00e+00 +3.00e+00 +3.64e-10 +0.00e+00  0
    333 +9.4859e-06 +1.00e-04 +7.00e+06     50      3     52  1     27  0 +1.05e-03 +7.24e+00 +2.04e-02 +3.00e+00 +3.00e+00 +4.55e-10 +0.00e+00  0
    334 +9.4860e-06 +1.00e-04 +7.00e+06     50      3     52  1     27  0 +1.53e-04 +5.63e+00 +3.33e-02 +3.00e+00 +3.00e+00 +5.68e-10 +0.00e+00  0
    335 +9.4860e-06 +1.00e-04 +7.00e+06     50      3     52  1     27  0 +7.44e-05 +1.44e+01 +2.99e-02 +3.00e+00 +3.00e+00 +7.10e-10 +9.99e-01  1
    336 +9.4860e-06 +1.00e-04 +7.00e+06     50      3     52  1     27  0 +1.96e-05 +2.48e+01 +6.63e-02 +3.00e+00 +3.00e+00 +1.78e-09 +1.00e+00  1
    337 +9.4861e-06 +1.00e-04 +7.00e+06     50      3     52  1     27  0 +1.56e-03 +4.68e+00 +2.46e-02 +3.00e+00 +3.00e+00 +1.11e-09 +0.00e+00  0
    338 +9.4860e-06 +1.00e-04 +7.00e+06     50      3     52  1     27  0 +1.01e-03 +3.76e-01 +1.67e-02 +3.00e+00 +3.00e+00 +6.94e-10 +0.00e+00  0
    339 +9.4861e-06 +1.00e-04 +7.00e+06     50      3     52  1     27  0 +3.45e-04 +1.67e+01 +1.76e-01 +3.00e+00 +3.00e+00 +8.67e-10 +9.99e-01  1
--------------------------------------------------------------------------------------------------------------------------------------------------
  Iter.  Objective   St. Rad.  Tr. Rad.  |Pts| In Its QP Pts L? QP Its S?   QP KKT    |Step|   |Step|_H  |Grad.|  |G. Cmb.|  Stepsize Up. Fact. U?
--------------------------------------------------------------------------------------------------------------------------------------------------
    340 +9.4857e-06 +1.00e-04 +7.00e+06     50      3     52  1     26  0 +4.58e-09 +6.08e+01 +2.83e-01 +3.00e+00 +3.00e+00 +5.42e-10 +9.99e-01  1
    341 +9.4852e-06 +1.00e-04 +7.00e+06     50      3     52  1     27  0 +1.00e-05 +3.98e-01 +1.71e-01 +3.00e+00 +3.00e+00 +6.77e-10 +0.00e+00  0
    342 +9.4850e-06 +1.00e-04 +7.00e+06     50      3     52  1     27  0 +8.09e-04 +8.24e-01 +2.09e-02 +3.00e+00 +3.00e+00

EXIT: Objective not improving sufficiently.

Objective............................ : 9.485031e-06
Objective (unscaled)................. : 9.485031e-06

Number of iterations................. : 342
Number of inner iterations........... : 840
Number of QP iterations.............. : 6453
Number of function evaluations....... : 3460
Number of gradient evaluations....... : 631

CPU seconds.......................... : 12.051088
CPU seconds in evaluations........... : 0.229234
CPU seconds in direction computations : 11.425350
CPU seconds in line searches......... : 0.161443
