Set value for option 'direction_computation' as Gradient.
+--------------------------------------------------------------+
|       NonOpt = Nonlinear/Nonconvex/Nonsmooth Optimizer       |
| NonOpt is released as open source code under the MIT License |
| Please visit http://coral.ise.lehigh.edu/frankecurtis/nonopt |
+--------------------------------------------------------------+

This is NonOpt version 2.0

Number of variables.................. : 1000
Initial objective.................... : 5.992250e+03
Initial objective (unscaled)......... : 5.992250e+03

Approximate Hessian update strategy.. : BFGS
Derivative checker strategy.......... : FiniteDifference
Direction computation strategy....... : Gradient
Line search strategy................. : WeakWolfe
Point set update strategy............ : Proximity
QP solver (small scale) strategy..... : DualActiveSet
QP solver (large scale) strategy..... : InteriorPoint
Symmetric matrix strategy............ : Dense
Termination strategy................. : Basic

-----------------------------------------------------------------------------------------------------------------------------------------------------
  Iter.  Objective   St. Rad.  Tr. Rad.  |Pts| In. Its.  QP Pts.  QP Its. QP   QP KKT    |Step|   |Step|_H  |Grad.|  |G. Cmb.|  Stepsize Up. Fact. U?
-----------------------------------------------------------------------------------------------------------------------------------------------------
      0 +5.9922e+03 +7.00e-01 +7.00e+10      0        1        1        1  0 +0.00e+00 +7.00e+00 +4.89e+04 +7.00e+00 +7.00e+00 +5.00e-01 +0.00e+00  1
      1 +5.9878e+03 +7.00e-01 +7.00e+10      0        1        1        1  0 +0.00e+00 +1.75e+00 +1.22e+04 +7.00e+00 +7.00e+00 +1.00e+00 +0.00e+00  1
      2 +6.2237e+02 +7.00e-01 +7.00e+10      1        1        1        1  0 +0.00e+00 +3.75e+00 +4.01e+03 +3.50e+00 +3.50e+00 +2.50e-01 +0.00e+00  1
      3 +4.2017e+02 +7.00e-02 +7.00e+09      0        1        1        1  0 +0.00e+00 +6.67e-01 +5.84e+02 +3.37e+00 +3.37e+00 +1.00e+00 +0.00e+00  1
      4 +1.6626e+00 +7.00e-02 +7.00e+09      0        1        1        1  0 +0.00e+00 +1.80e+00 +2.45e+02 +2.50e+00 +2.50e+00 +5.86e-03 +0.00e+00  1
      5 +9.7894e-01 +7.00e-02 +7.00e+09      1        1        1        1  0 +0.00e+00 +7.47e-01 +4.04e+00 +4.48e+00 +4.48e+00 +4.49e-01 +0.00e+00  1
      6 +5.0400e-01 +7.00e-02 +7.00e+09      2        1        1        1  0 +0.00e+00 +1.49e-01 +1.67e-01 +1.81e+00 +1.81e+00 +1.00e+00 +0.00e+00  1
      7 +3.7202e-01 +7.00e-02 +7.00e+09      3        1        1        1  0 +0.00e+00 +1.99e-01 +7.53e-01 +1.51e+00 +1.51e+00 +5.00e-01 +0.00e+00  1
      8 +2.9456e-02 +7.00e-02 +7.00e+09      4        1        1        1  0 +0.00e+00 +9.66e-02 +7.37e-01 +3.31e+00 +3.31e+00 +6.25e-02 +0.00e+00  1
      9 +2.7548e-02 +7.00e-02 +7.00e+09      5        1        1        1  0 +0.00e+00 +8.28e-02 +2.11e-02 +1.30e+00 +1.30e+00 +6.25e-01 +0.00e+00  1
     10 +1.8222e-02 +7.00e-02 +7.00e+09      6        1        1        1  0 +0.00e+00 +3.47e-02 +8.40e-03 +1.20e+00 +1.20e+00 +1.00e+00 +0.00e+00  1
     11 +1.1764e-02 +7.00e-02 +7.00e+09      7        1        1        1  0 +0.00e+00 +4.50e-02 +1.51e-02 +1.13e+00 +1.13e+00 +1.00e+00 +0.00e+00  1
     12 +3.1468e-03 +7.00e-02 +7.00e+09      8        1        1        1  0 +0.00e+00 +4.24e-02 +2.29e-02 +3.04e+00 +3.04e+00 +5.00e-01 +0.00e+00  1
     13 +2.9880e-03 +7.00e-02 +7.00e+09      9        1        1        1  0 +0.00e+00 +1.71e-02 +1.28e-03 +1.00e+00 +1.00e+00 +1.00e+00 +0.00e+00  1
     14 +2.0013e-03 +7.00e-02 +7.00e+09     10        1        1        1  0 +0.00e+00 +2.04e-02 +4.37e-03 +1.03e+00 +1.03e+00 +5.00e-01 +0.00e+00  1
     15 +1.5683e-03 +7.00e-02 +7.00e+09     11        1        1        1  0 +0.00e+00 +1.10e-02 +5.35e-03 +3.05e+00 +3.05e+00 +1.00e+00 +0.00e+00  1
     16 +1.4452e-03 +7.00e-02 +7.00e+09     12        1        1        1  0 +0.00e+00 +5.16e-04 +4.16e-04 +1.03e+00 +1.03e+00 +4.09e+00 +0.00e+00  1
     17 +1.1370e-03 +7.00e-02 +7.00e+09     13        1        1        1  0 +0.00e+00 +4.58e-03 +3.88e-03 +3.02e+00 +3.02e+00 +1.00e+00 +0.00e+00  1
     18 +9.7017e-04 +7.00e-02 +7.00e+09     14        1        1        1  0 +0.00e+00 +9.92e-04 +3.19e-04 +1.02e+00 +1.02e+00 +3.32e+00 +0.00e+00  1
     19 +2.9867e-04 +7.00e-02 +7.00e+09     15        1        1        1  0 +0.00e+00 +2.29e-03 +2.31e-03 +3.01e+00 +3.01e+00 +2.50e-01 +0.00e+00  1
-----------------------------------------------------------------------------------------------------------------------------------------------------
  Iter.  Objective   St. Rad.  Tr. Rad.  |Pts| In. Its.  QP Pts.  QP Its. QP   QP KKT    |Step|   |Step|_H  |Grad.|  |G. Cmb.|  Stepsize Up. Fact. U?
-----------------------------------------------------------------------------------------------------------------------------------------------------
     20 +1.1225e-04 +7.00e-02 +7.00e+09     16        1        1        1  0 +0.00e+00 +2.27e-03 +5.99e-05 +1.01e+00 +1.01e+00 +1.00e+00 +0.00e+00  1
     21 +5.9635e-05 +7.00e-02 +7.00e+09     17        1        1        1  0 +0.00e+00 +8.27e-03 +4.17e-04 +1.01e+00 +1.01e+00 +1.88e-01 +0.00e+00  1
     22 +4.8401e-05 +7.00e-02 +7.00e+09     18        1        1        1  0 +0.00e+00 +2.67e-04 +1.56e-04 +3.00e+00 +3.00e+00 +1.00e+00 +0.00e+00  1
     23 +3.6606e-05 +7.00e-02 +7.00e+09     19        1        1        1  0 +0.00e+00 +2.94e-04 +1.34e-05 +1.00e+00 +1.00e+00 +3.32e+00 +0.00e+00  1
     24 +1.9304e-05 +7.00e-02 +7.00e+09     20        1        1        1  0 +0.00e+00 +3.51e-04 +9.38e-05 +3.00e+00 +3.00e+00 +5.00e-01 +6.09e-01  1
     25 +9.2807e-06 +7.00e-02 +7.00e+09     21        1        1        1  0 +0.00e+00 +1.20e-04 +9.99e-06 +1.00e+00 +1.00e+00 +1.00e+00 +7.51e-01  1
     26 +2.2218e-06 +7.00e-02 +7.00e+09     22        1        1        1  0 +0.00e+00 +1.27e-04 +8.97e-05 +3.00e+00 +3.00e+00 +6.25e-02 +9.53e-01  1
     27 +1.1706e-06 +7.00e-02 +7.00e+09     23        1        1        1  0 +0.00e+00 +1.00e-04 +1.00e-05 +1.00e+00 +1.00e+00 +1.17e-01 +9.71e-01  1
     28 +1.2118e-07 +7.00e-02 +7.00e+09     24        1        1        1  0 +0.00e+00 +3.40e-05 +8.97e-05 +3.00e+00 +3.00e+00 +3.91e-03 +9.97e-01  1
     29 +1.1481e-07 +7.00e-02 +7.00e+09     25        1        1        1  0 +0.00e+00 +1.21e-04 +1.00e-05 +1.00e+00 +1.00e+00 +9.77e-03 +9.98e-01  1
     30 +6.3215e-08 +7.00e-02 +7.00e+09     26        1        1        1  0 +0.00e+00 +4.91e-05 +8.96e-05 +3.00e+00 +3.00e+00 +1.53e-03 +9.99e-01  1
     31 +6.2570e-08 +7.00e-02 +7.00e+09     27        1        1        1  0 +0.00e+00 +1.29e-04 +1.00e-05 +1.00e+00 +1.00e+00 +3.81e-03 +9.99e-01  1
     32 +4.0657e-08 +7.00e-02 +7.00e+09     28        1        1        1  0 +0.00e+00 +6.25e-05 +8.96e-05 +3.00e+00 +3.00e+00 +2.98e-04 +1.00e+00  1
     33 +3.3242e-08 +7.00e-02 +7.00e+09     29        1        1        1  0 +0.00e+00 +1.32e-04 +1.00e-05 +1.00e+00 +1.00e+00 +5.59e-04 +1.00e+00  1
     34 +3.0681e-08 +7.00e-02 +7.00e+09     30        1        1        1  0 +0.00e+00 +6.68e-05 +8.96e-05 +3.00e+00 +3.00e+00 +8.73e-05 +0.00e+00  0
     35 +3.0251e-08 +7.00e-02 +7.00e+09     31        1        1        1  0 +0.00e+00 +1.84e-04 +1.00e-05 +1.00e+00 +1.00e+00 +2.18e-04 +1.00e+00  1
     36 +2.9382e-08 +7.00e-02 +7.00e+09     32        1        1        1  0 +0.00e+00 +1.41e-04 +8.93e-05 +3.00e+00 +3.00e+00 +3.41e-05 +0.00e+00  0
     37 +2.9080e-08 +7.00e-02 +7.00e+09     33        1        1        1  0 +0.00e+00 +2.09e-04 +1.00e-05 +1.00e+00 +1.00e+00 +8.53e-05 +1.00e+00  1
     38 +2.8877e-08 +7.00e-02 +7.00e+09     34        1        1        1  0 +0.00e+00 +1.78e-04 +8.92e-05 +3.00e+00 +3.00e+00 +1.33e-05 +0.00e+00  0
     39 +2.8623e-08 +7.00e-02 +7.00e+09     35        1        1        1  0 +0.00e+00 +2.21e-04 +1.00e-05 +1.00e+00 +1.00e+00 +3.33e-05 +0.00e+00  0
-----------------------------------------------------------------------------------------------------------------------------------------------------
  Iter.  Objective   St. Rad.  Tr. Rad.  |Pts| In. Its.  QP Pts.  QP Its. QP   QP KKT    |Step|   |Step|_H  |Grad.|  |G. Cmb.|  Stepsize Up. Fact. U?
-----------------------------------------------------------------------------------------------------------------------------------------------------
     40 +2.8681e-08 +7.00e-02 +7.00e+09     36        1        1        1  0 +0.00e+00 +1.78e-04 +8.92e-05 +3.00e+00 +3.00e+00 +1.04e-05 +0.00e+00  0
     41 +2.8600e-08 +7.00e-02 +7.00e+09     37        1        1        1  0 +0.00e+00 +2.21e-04 +1.00e-05 +1.00e+00 +1.00e+00 +2.60e-05 +0.00e+00  0
     42 +2.8528e-08 +7.00e-02 +7.00e+09     38        1        1        1  0 +0.00e+00 +1.78e-04 +8.92e-05 +3.00e+00 +3.00e+00 +8.13e-06 +0.00e+00  0
     43 +2.8582e-08 +7.00e-02 +7.00e+09     39        1        1        1  0 +0.00e+00 +2.21e-04 +1.00e-05 +1.00e+00 +1.00e+00 +2.03e-05 +0.00e+00  0
     44 +2.8408e-08 +7.00e-02 +7.00e+09     40        1        1        1  0 +0.00e+00 +1.78e-04 +8.92e-05 +3.00e+00 +3.00e+00 +3.18e-06 +0.00e+00  0
     45 +2.8474e-08 +7.00e-02 +7.00e+09     41        1        1        1  0 +0.00e+00 +2.21e-04 +1.00e-05 +1.00e+00 +1.00e+00 +1.19e-05 +0.00e+00  0
     46 +2.8480e-08 +7.00e-02 +7.00e+09     42        1        1        1  0 +0.00e+00 +1.78e-04 +8.92e-05 +3.00e+00 +3.00e+00 +7.44e-06 +0.00e+00  0
     47 +2.8576e-08 +7.00e-02 +7.00e+09     43        1        1        1  0 +0.00e+00 +2.21e-04 +1.00e-05 +1.00e+00 +1.00e+00 +2.79e-05 +0.00e+00  0
     48 +2.8647e-08 +7.00e-02 +7.00e+09     44        1        1        1  0 +0.00e+00 +1.78e-04 +8.92e-05 +3.00e+00 +3.00e+00 +8.72e-06 +0.00e+00  0
     49 +2.8557e-08 +7.00e-02 +7.00e+09     45        1        1        1  0 +0.00e+00 +2.21e-04 +1.00e-05 +1.00e+00 +1.00e+00 +2.18e-05 +0.00e+00  0
     50 +2.8519e-08 +7.00e-02 +7.00e+09     46        1        1        1  0 +0.00e+00 +1.78e-04 +8.92e-05 +3.00e+00 +3.00e+00 +6.82e-06 +0.00e+00  0
     51 +2.8542e-08 +7.00e-02 +7.00e+09     47        1        1        1  0 +0.00e+00 +2.21e-04 +1.00e-05 +1.00e+00 +1.00e+00 +1.70e-05 +0.00e+00  0
     52 +2.8418e-08 +7.00e-02 +7.00e+09     48        1        1        1  0 +0.00e+00 +1.78e-04 +8.92e-05 +3.00e+00 +3.00e+00 +2.66e-06 +0.00e+00  0
     53 +2.8451e-08 +7.00e-02 +7.00e+09     49        1        1        1  0 +0.00e+00 +2.21e-04 +1.00e-05 +1.00e+00 +1.00e+00 +7.63e-06 +0.00e+00  0
     54 +2.8408e-08 +7.00e-03 +7.00e+08     48        1        1        1  0 +0.00e+00 +1.78e-04 +8.92e-05 +3.00e+00 +3.00e+00 +2.38e-06 +0.00e+00  0
     55 +2.8446e-08 +7.00e-03 +7.00e+08     49        1        1        1  0 +0.00e+00 +2.21e-04 +1.00e-05 +1.00e+00 +1.00e+00 +8.94e-06 +0.00e+00  0
     56 +2.8462e-08 +7.00e-03 +7.00e+08     50        1        1        1  0 +0.00e+00 +1.78e-04 +8.92e-05 +3.00e+00 +3.00e+00 +5.59e-06 +0.00e+00  0
     57 +2.8523e-08 +7.00e-03 +7.00e+08     50        1        1        1  0 +0.00e+00 +2.21e-04 +1.00e-05 +1.00e+00 +1.00e+00 +2.10e-05 +0.00e+00  0
     58 +2.8587e-08 +7.00e-03 +7.00e+08     50        1        1        1  0 +0.00e+00 +1.78e-04 +8.92e-05 +3.00e+00 +3.00e+00 +6.55e-06 +0.00e+00  0
     59 +2.8508e-08 +7.00e-03 +7.00e+08     50        1        1        1  0 +0.00e+00 +2.21e-04 +1.00e-05 +1.00e+00 +1.00e+00 +1.64e-05 +0.00e+00  0
-----------------------------------------------------------------------------------------------------------------------------------------------------
  Iter.  Objective   St. Rad.  Tr. Rad.  |Pts| In. Its.  QP Pts.  QP Its. QP   QP KKT    |Step|   |Step|_H  |Grad.|  |G. Cmb.|  Stepsize Up. Fact. U?
-----------------------------------------------------------------------------------------------------------------------------------------------------
     60 +2.8491e-08 +7.00e-03 +7.00e+08     50        1        1        1  0 +0.00e+00 +1.78e-04 +8.92e-05 +3.00e+00 +3.00e+00 +5.12e-06 +0.00e+00  0
     61 +2.8497e-08 +7.00e-03 +7.00e+08     50        1        1        1  0 +0.00e+00 +2.21e-04 +1.00e-05 +1.00e+00 +1.00e+00 +1.28e-05 +0.00e+00  0
     62 +2.8416e-08 +7.00e-03 +7.00e+08     50        1        1        1  0 +0.00e+00 +1.78e-04 +8.92e-05 +3.00e+00 +3.00e+00 +4.00e-06 +0.00e+00  0
     63 +2.8488e-08 +7.00e-03 +7.00e+08     50        1        1        1  0 +0.00e+00 +2.21e-04 +1.00e-05 +1.00e+00 +1.00e+00 +1.50e-05 +0.00e+00  0
     64 +2.8506e-08 +7.00e-03 +7.00e+08     50        1        1        1  0 +0.00e+00 +1.78e-04 +8.92e-05 +3.00e+00 +3.00e+00 +4.68e-06 +0.00e+00  0
     65 +2.8477e-08 +7.00e-03 +7.00e+08     50        1        1        1  0 +0.00e+00 +2.21e-04 +1.00e-05 +1.00e+00 +1.00e+00 +1.17e-05 +0.00e+00  0
     66 +2.8437e-08 +7.00e-03 +7.00e+08     50        1        1        1  0 +0.00e+00 +1.78e-04 +8.92e-05 +3.00e+00 +3.00e+00 +3.66e-06 +0.00e+00  0
     67 +2.8469e-08 +7.00e-03 +7.00e+08     50        1        1        1  0 +0.00e+00 +2.21e-04 +1.00e-05 +1.00e+00 +1.00e+00 +9.15e-06 +0.00e+00  0
     68 +2.8383e-08 +7.00e-03 +7.00e+08     50        1        1        1  0 +0.00e+00 +1.78e-04 +8.92e-05 +3.00e+00 +3.00e+00 +2.86e-06 +0.00e+00  0
     69 +2.8463e-08 +7.00e-03 +7.00e+08     50        1        1        1  0 +0.00e+00 +2.21e-04 +1.00e-05 +1.00e+00 +1.00e+00 +1.43e-05 +0.00e+00  0
     70 +2.8553e-08 +7.00e-03 +7.00e+08     50        1        1        1  0 +0.00e+00 +1.78e-04 +8.92e-05 +3.00e+00 +3.00e+00 +8.93e-06 +0.00e+00  0
     71 +2.8586e-08 +7.00e-03 +7.00e+08     50        1        1        1  0 +0.00e+00 +2.21e-04 +1.00e-05 +1.00e+00 +1.00e+00 +2.23e-05 +0.00e+00  0
     72 +2.8422e-08 +7.00e-03 +7.00e+08     50        1        1        1  0 +0.00e+00 +1.78e-04 +8.92e-05 +3.00e+00 +3.00e+00 +3.49e-06 +0.00e+00  0
     73 +2.8467e-08 +7.00e-03 +7.00e+08     50        1        1        1  0 +0.00e+00 +2.21e-04 +1.00e-05 +1.00e+00 +1.00e+00 +1.31e-05 +0.00e+00  0
     74 +2.8500e-08 +7.00e-03 +7.00e+08     50        1        1        1  0 +0.00e+00 +1.78e-04 +8.92e-05 +3.00e+00 +3.00e+00 +7.63e-06 +0.00e+00  0
     75 +2.8563e-08 +7.00e-04 +7.00e+07     50        1        1        1  0 +0.00e+00 +2.21e-04 +1.00e-05 +1.00e+00 +1.00e+00 +1.91e-05 +0.00e+00  0
     76 +2.8388e-08 +7.00e-04 +7.00e+07     50        1        1        1  0 +0.00e+00 +1.78e-04 +8.92e-05 +3.00e+00 +3.00e+00 +2.98e-06 +0.00e+00  0
     77 +2.8461e-08 +7.00e-04 +7.00e+07     50        1        1        1  0 +0.00e+00 +2.21e-04 +1.00e-05 +1.00e+00 +1.00e+00 +1.12e-05 +0.00e+00  0
     78 +2.8455e-08 +7.00e-04 +7.00e+07     50        1        1        1  0 +0.00e+00 +1.78e-04 +8.92e-05 +3.00e+00 +3.00e+00 +3.49e-06 +0.00e+00  0
     79 +2.8453e-08 +7.00e-04 +7.00e+07     50        1        1        1  0 +0.00e+00 +2.21e-04 +1.00e-05 +1.00e+00 +1.00e+00 +8.73e-06 +0.00e+00  0
-----------------------------------------------------------------------------------------------------------------------------------------------------
  Iter.  Objective   St. Rad.  Tr. Rad.  |Pts| In. Its.  QP Pts.  QP Its. QP   QP KKT    |Step|   |Step|_H  |Grad.|  |G. Cmb.|  Stepsize Up. Fact. U?
-----------------------------------------------------------------------------------------------------------------------------------------------------
     80 +2.8404e-08 +7.00e-04 +7.00e+07     50        1        1        1  0 +0.00e+00 +1.78e-04 +8.92e-05 +3.00e+00 +3.00e+00 +2.73e-06 +0.00e+00  0
     81 +2.8447e-08 +7.00e-04 +7.00e+07     50        1        1        1  0 +0.00e+00 +2.21e-04 +1.00e-05 +1.00e+00 +1.00e+00 +1.02e-05 +0.00e+00  0
     82 +2.8465e-08 +7.00e-04 +7.00e+07     50        1        1        1  0 +0.00e+00 +1.78e-04 +8.92e-05 +3.00e+00 +3.00e+00 +6.39e-06 +0.00e+00  0
     83 +2.8536e-08 +7.00e-04 +7.00e+07     50        1        1        1  0 +0.00e+00 +2.21e-04 +1.00e-05 +1.00e+00 +1.00e+00 +2.40e-05 +0.00e+00  0
     84 +2.8609e-08 +7.00e-04 +7.00e+07     50        1        1        1  0 +0.00e+00 +1.78e-04 +8.92e-05 +3.00e+00 +3.00e+00 +7.49e-06 +0.00e+00  0
     85 +2.8519e-08 +7.00e-04 +7.00e+07     50        1        1        1  0 +0.00e+00 +2.21e-04 +1.00e-05 +1.00e+00 +1.00e+00 +1.87e-05 +0.00e+00  0
     86 +2.8499e-08 +7.00e-04 +7.00e+07     50        1        1        1  0 +0.00e+00 +1.78e-04 +8.92e-05 +3.00e+00 +3.00e+00 +5.85e-06 +0.00e+00  0
     87 +2.8506e-08 +7.00e-04 +7.00e+07     50        1        1        1  0 +0.00e+00 +2.21e-04 +1.00e-05 +1.00e+00 +1.00e+00 +1.46e-05 +0.00e+00  0
     88 +2.8412e-08 +7.00e-04 +7.00e+07     50        1        1        1  0 +0.00e+00 +1.78e-04 +8.92e-05 +3.00e+00 +3.00e+00 +4.57e-06 +0.00e+00  0
     89 +2.8496e-08 +7.00e-04 +7.00e+07     50        1        1        1  0 +0.00e+00 +2.21e-04 +1.00e-05 +1.00e+00 +1.00e+00 +1.72e-05 +0.00e+00  0
     90 +2.8515e-08 +7.00e-04 +7.00e+07     50        1        1        1  0 +0.00e+00 +1.78e-04 +8.92e-05 +3.00e+00 +3.00e+00 +5.36e-06 +0.00e+00  0
     91 +2.8484e-08 +7.00e-04 +7.00e+07     50        1        1        1  0 +0.00e+00 +2.21e-04 +1.00e-05 +1.00e+00 +1.00e+00 +1.34e-05 +0.00e+00  0
     92 +2.8436e-08 +7.00e-04 +7.00e+07     50        1        1        1  0 +0.00e+00 +1.78e-04 +8.92e-05 +3.00e+00 +3.00e+00 +4.19e-06 +0.00e+00  0
     93 +2.8475e-08 +7.00e-04 +7.00e+07     50        1        1        1  0 +0.00e+00 +2.21e-04 +1.00e-05 +1.00e+00 +1.00e+00 +1.05e-05 +0.00e+00  0
     94 +2.8375e-08 +7.00e-04 +7.00e+07     50        1        1        1  0 +0.00e+00 +1.78e-04 +8.92e-05 +3.00e+00 +3.00e+00 +3.27e-06 +0.00e+00  0
     95 +2.8468e-08 +7.00e-04 +7.00e+07     50        1        1        1  0 +0.00e+00 +2.21e-04 +1.00e-05 +1.00e+00 +1.00e+00 +1.53e-05 +0.00e+00  0
     96 +2.8537e-08 +1.00e-04 +7.00e+06     50        1        1        1  0 +0.00e+00 +1.78e-04 +8.92e-05 +3.00e+00 +3.00e+00 +9.54e-06 +0.00e+00  0
     97 +2.8599e-08 +1.00e-04 +7.00e+06     50        1        1        1  0 +0.00e+00 +2.21e-04 +1.00e-05 +1.00e+00 +1.00e+00 +2.38e-05 +0.00e+00  0
     98 +2.8397e-08 +1.00e-04 +7.00e+06     50        1        1        1  0 +0.00e+00 +1.78e-04 +8.92e-05 +3.00e+00 +3.00e+00 +3.73e-06 +0.00e+00  0
     99 +2.8472e-08 +1.00e-04 +7.00e+06     50        1        1        1  0 +0.00e+00 +2.21e-04 +1.00e-05 +1.00e+00 +1.00e+00 +1.40e-05 +0.00e+00  0
-----------------------------------------------------------------------------------------------------------------------------------------------------
  Iter.  Objective   St. Rad.  Tr. Rad.  |Pts| In. Its.  QP Pts.  QP Its. QP   QP KKT    |Step|   |Step|_H  |Grad.|  |G. Cmb.|  Stepsize Up. Fact. U?
-----------------------------------------------------------------------------------------------------------------------------------------------------
    100 +2.8481e-08 +1.00e-04 +7.00e+06     50        1        1        1  0 +0.00e+00 +1.78e-04 +8.92e-05 +3.00e+00 +3.00e+00 +4.37e-06 +0.00e+00  0
    101 +2.8462e-08 +1.00e-04 +7.00e+06     50        1        1        1  0 +0.00e+00 +2.21e-04 +1.00e-05 +1.00e+00 +1.00e+00 +1.09e-05 +0.00e+00  0
    102 +2.8416e-08 +1.00e-04 +7.00e+06     50        1        1        1  0 +0.00e+00 +1.78e-04 +8.92e-05 +3.00e+00 +3.00e+00 +3.41e-06 +0.00e+00  0
    103 +2.8454e-08 +1.00e-04 +7.00e+06     50        1        1        1  0 +0.00e+00 +2.21e-04 +1.00e-05 +1.00e+00 +1.00e+00 +1.28e-05 +0.00e+00  0
    104 +2.8493e-08 +1.00e-04 +7.00e+06     50        1        1        1  0 +0.00e+00 +1.78e-04 +8.92e-05 +3.00e+00 +3.00e+00 +7.99e-06 +0.00e+00  0
    105 +2.8565e-08 +1.00e-04 +7.00e+06     50        1        1        1  0 +0.00e+00 +2.21e-04 +1.00e-05 +1.00e+00 +1.00e+00 +2.00e-05 +0.00e+00  0
    106 +2.8375e-08 +1.00e-04 +7.00e+06     50        1        1        1  0 +0.00e+00 +1.78e-04 +8.92e-05 +3.00e+00 +3.00e+00 +3.12e-06 +0.00e+00  0
    107 +2.8458e-08 +1.00e-04 +7.00e+06     50        1        1        1  0 +0.00e+00 +2.21e-04 +1.00e-05 +1.00e+00 +1.00e+00 +1.17e-05 +0.00e+00  0
    108 +2.8446e-08 +1.00e-04 +7.00e+06     50        1        1        1  0 +0.00e+00 +1.78e-04 +8.92e-05 +3.00e+00 +3.00e+00 +3.66e-06 +0.00e+00  0
    109 +2.8450e-08 +1.00e-04 +7.00e+06     50        1        1        1  0 +0.00e+00 +2.21e-04 +1.00e-05 +1.00e+00 +1.00e+00 +9.15e-06 +0.00e+00  0
    110 +2.8392e-08 +1.00e-04 +7.00e+06     50        1        1        1  0 +0.00e+00 +1.78e-04 +8.92e-05 +3.00e+00 +3.00e+00 +2.86e-06 +0.00e+00  0
    111 +2.8443e-08 +1.00e-04 +7.00e+06     50        1        1        1  0 +0.00e+00 +2.21e-04 +1.00e-05 +1.00e+00 +1.00e+00 +1.07e-05 +0.00e+00  0
    112 +2.8456e-08 +1.00e-04 +7.00e+06     50        1        1        1  0 +0.00e+00 +1.78e-04 +8.92e-05 +3.00e+00 +3.00e+00 +6.70e-06 +0.00e+00  0
    113 +2.8536e-08 +1.00e-04 +7.00e+06     50        1        1        1  0 +0.00e+00 +2.21e-04 +1.00e-05 +1.00e+00 +1.00e+00 +2.51e-05 +0.00e+00  0
    114 +2.8607e-08 +1.00e-04 +7.00e+06     50        1        1        1  0 +0.00e+00 +1.78e-04 +8.92e-05 +3.00e+00 +3.00e+00 +7.85e-06 +0.00e+00  0
    115 +2.8518e-08 +1.00e-04 +7.00e+06     50        1        1        1  0 +0.00e+00 +2.21e-04 +1.00e-05 +1.00e+00 +1.00e+00 +1.96e-05 +0.00e+00  0
    116 +2.8491e-08 +1.00e-04 +7.00e+06     50        1        1        1  0 +0.00e+00 +1.78e-04 +8.92e-05 +3.00e+00 +3.00e+00

EXIT: Objective not improving sufficiently.

Objective............................ : 2.849132e-08
Objective (unscaled)................. : 2.849132e-08

Number of iterations................. : 116
Number of inner iterations........... : 117
Number of QP iterations.............. : 117
Number of function evaluations....... : 551
Number of gradient evaluations....... : 142

CPU seconds.......................... : 0.283621
CPU seconds in evaluations........... : 0.035771
CPU seconds in direction computations : 0.182697
CPU seconds in line searches......... : 0.038542
