Set value for option 'direction_computation' as CuttingPlane.
+--------------------------------------------------------------+
|       NonOpt = Nonlinear/Nonconvex/Nonsmooth Optimizer       |
| NonOpt is released as open source code under the MIT License |
| Please visit http://coral.ise.lehigh.edu/frankecurtis/nonopt |
+--------------------------------------------------------------+

This is NonOpt version 2.0

Number of variables.................. : 1000
Initial objective.................... : 4.745250e+03
Initial objective (unscaled)......... : 4.745250e+03

Approximate Hessian update strategy.. : BFGS
Derivative checker strategy.......... : FiniteDifference
Direction computation strategy....... : CuttingPlane
Line search strategy................. : WeakWolfe
Point set update strategy............ : Proximity
QP solver (small scale) strategy..... : DualActiveSet
QP solver (large scale) strategy..... : InteriorPoint
Symmetric matrix strategy............ : Dense
Termination strategy................. : Basic

--------------------------------------------------------------------------------------------------------------------------------------------------
  Iter.  Objective   St. Rad.  Tr. Rad.  |Pts| In Its QP Pts L? QP Its S?   QP KKT    |Step|   |Step|_H  |Grad.|  |G. Cmb.|  Stepsize Up. Fact. U?
--------------------------------------------------------------------------------------------------------------------------------------------------
      0 +4.7452e+03 +1.60e+00 +1.60e+11      0      1      1  0      1  0 +0.00e+00 +1.60e+01 +2.56e+05 +1.60e+01 +1.60e+01 +1.25e-01 +0.00e+00  1
      1 +2.7407e+03 +1.60e-01 +1.60e+10      0      1      1  0      1  0 +0.00e+00 +3.75e+00 +1.31e+04 +1.40e+01 +1.40e+01 +1.00e+00 +0.00e+00  1
      2 -2.2898e+02 +1.60e-01 +1.60e+10      0      1      1  0      1  0 +0.00e+00 +2.54e+01 +1.24e+03 +2.76e+01 +2.76e+01 +2.50e-01 +0.00e+00  1
      3 -2.6840e+02 +1.60e-01 +1.60e+10      1      1      1  0      1  0 +0.00e+00 +2.71e+00 +1.56e+02 +2.01e+01 +2.01e+01 +1.00e+00 +0.00e+00  1
      4 -3.6683e+02 +1.60e-01 +1.60e+10      2      1      1  0      1  0 +0.00e+00 +2.11e+00 +1.09e+02 +9.16e-01 +9.16e-01 +1.00e+00 +0.00e+00  1
      5 -4.5237e+02 +1.60e-02 +1.60e+09      0      1      1  0      1  0 +0.00e+00 +1.94e+01 +6.98e+02 +1.61e+01 +1.61e+01 +2.50e-01 +0.00e+00  1
      6 -4.9232e+02 +1.60e-02 +1.60e+09      0      1      1  0      1  0 +5.68e-14 +2.58e+00 +2.15e+02 +4.07e+01 +4.07e+01 +1.00e+00 +0.00e+00  1
      7 -6.1935e+02 +1.60e-02 +1.60e+09      0      1      1  0      1  0 +0.00e+00 +1.95e+01 +1.29e+03 +2.98e+01 +2.98e+01 +1.56e-02 +0.00e+00  1
      8 -6.3823e+02 +1.60e-02 +1.60e+09      1      1      1  0      1  0 +0.00e+00 +2.96e+00 +2.04e+02 +2.55e+01 +2.55e+01 +5.86e-02 +0.00e+00  1
      9 -6.4234e+02 +1.60e-02 +1.60e+09      2      1      1  0      1  0 +0.00e+00 +7.45e+00 +4.96e+02 +2.42e+01 +2.42e+01 +5.86e-01 +0.00e+00  1
     10 -6.6972e+02 +1.60e-02 +1.60e+09      0      1      1  0      1  0 +5.68e-14 +9.62e+00 +3.98e+02 +1.91e+01 +1.91e+01 +1.25e-01 +0.00e+00  1
     11 -6.7513e+02 +1.60e-02 +1.60e+09      0      1      1  0      1  0 +0.00e+00 +3.05e+00 +8.96e+01 +2.06e+01 +2.06e+01 +5.00e-01 +0.00e+00  1
     12 -7.0092e+02 +1.60e-02 +1.60e+09      0      1      1  0      1  0 +0.00e+00 +4.39e+00 +3.61e+01 +6.73e+00 +6.73e+00 +2.50e-01 +0.00e+00  1
     13 -7.0116e+02 +1.60e-02 +1.60e+09      1      1      1  0      1  0 +0.00e+00 +9.56e-01 +2.29e+00 +1.13e+00 +1.13e+00 +5.00e-01 +0.00e+00  1
     14 -7.0205e+02 +1.60e-02 +1.60e+09      2      1      1  0      1  0 +3.62e-14 +5.38e-01 +1.39e+00 +1.04e+00 +1.04e+00 +4.69e-02 +0.00e+00  1
     15 -7.0206e+02 +1.60e-02 +1.60e+09      3      1      1  0      1  0 +1.07e-14 +7.62e-01 +2.01e+00 +6.10e+00 +6.10e+00 +2.34e-01 +0.00e+00  1
     16 -7.0231e+02 +1.60e-02 +1.60e+09      3      1      1  0      1  0 +1.78e-14 +3.23e+00 +1.16e+01 +1.25e+01 +1.25e+01 +6.25e-02 +0.00e+00  1
     17 -7.0236e+02 +1.60e-02 +1.60e+09      4      1      1  0      1  0 +1.24e-14 +1.43e+00 +6.27e+00 +5.93e+00 +5.93e+00 +7.81e-02 +0.00e+00  1
     18 -7.0242e+02 +1.60e-02 +1.60e+09      5      1      1  0      1  0 +1.42e-14 +5.86e+00 +2.76e+01 +5.89e+00 +5.89e+00 +1.22e-02 +0.00e+00  1
     19 -7.0261e+02 +1.60e-02 +1.60e+09      6      1      1  0      1  0 +3.20e-14 +1.61e+00 +1.28e+01 +1.23e+01 +1.23e+01 +6.10e-02 +0.00e+00  1
--------------------------------------------------------------------------------------------------------------------------------------------------
  Iter.  Objective   St. Rad.  Tr. Rad.  |Pts| In Its QP Pts L? QP Its S?   QP KKT    |Step|   |Step|_H  |Grad.|  |G. Cmb.|  Stepsize Up. Fact. U?
--------------------------------------------------------------------------------------------------------------------------------------------------
     20 -7.0273e+02 +1.60e-02 +1.60e+09      7      1      1  0      1  0 +3.20e-14 +1.28e+00 +1.14e+01 +1.20e+01 +1.20e+01 +1.53e-01 +0.00e+00  1
     21 -7.0359e+02 +1.60e-02 +1.60e+09      8      1      1  0      1  0 +4.09e-14 +3.42e+00 +1.55e+01 +5.01e+00 +5.01e+00 +6.25e-02 +0.00e+00  1
     22 -7.0379e+02 +1.60e-02 +1.60e+09      9      1      1  0      1  0 +0.00e+00 +8.60e-01 +8.62e+00 +9.99e+00 +9.99e+00 +1.56e-01 +0.00e+00  1
     23 -7.0395e+02 +1.60e-02 +1.60e+09     10      1      1  0      1  0 +0.00e+00 +9.71e-02 +3.17e-01 +7.20e-01 +7.20e-01 +4.09e+00 +0.00e+00  1
     24 -7.0397e+02 +1.60e-02 +1.60e+09     11      1      1  0      1  0 +3.73e-14 +1.42e+00 +5.09e+00 +6.50e+00 +6.50e+00 +1.25e-01 +0.00e+00  1
     25 -7.0405e+02 +1.60e-02 +1.60e+09     11      1      1  0      1  0 +0.00e+00 +5.26e-01 +3.89e+00 +6.81e+00 +6.81e+00 +5.00e-01 +0.00e+00  1
     26 -7.0503e+02 +1.60e-02 +1.60e+09     12      1      1  0      1  0 +5.61e-14 +5.87e-02 +8.50e-01 +6.36e-01 +6.36e-01 +1.39e+00 +0.00e+00  1
     27 -7.0613e+02 +1.60e-02 +1.60e+09     13      1      1  0      1  0 +1.42e-14 +6.84e-01 +8.68e+00 +5.46e+00 +5.46e+00 +1.27e-02 +0.00e+00  1
     28 -7.0621e+02 +1.60e-02 +1.60e+09     14      1      1  0      1  0 +0.00e+00 +1.41e-01 +4.01e+00 +9.61e+00 +9.61e+00 +1.59e-02 +0.00e+00  1
     29 -7.0622e+02 +1.60e-02 +1.60e+09     15      1      1  0      1  0 +0.00e+00 +3.87e+00 +5.84e+01 +5.49e+00 +5.49e+00 +1.24e-03 +0.00e+00  1
     30 -7.0625e+02 +1.60e-02 +1.60e+09     16      1      1  0      1  0 +2.11e-14 +9.44e-02 +4.02e-01 +5.48e+00 +5.48e+00 +6.20e-03 +0.00e+00  1
     31 -7.0625e+02 +1.60e-02 +1.60e+09     17      2      5  0      3  0 +3.54e-11 +4.99e+00 +2.10e+01 +9.61e+00 +8.30e+00 +2.42e-04 +0.00e+00  1
     32 -7.0625e+02 +1.60e-02 +1.60e+09     18      2      6  0      2  0 +0.00e+00 +9.79e+00 +4.10e+01 +5.48e+00 +5.48e+00 +6.05e-04 +0.00e+00  1
     33 -7.0625e+02 +1.60e-02 +1.60e+09     19      1      1  0      1  0 +0.00e+00 +7.97e+00 +3.30e+01 +9.61e+00 +9.61e+00 +7.57e-04 +0.00e+00  1
     34 -7.0625e+02 +1.60e-02 +1.60e+09     20      1      1  0      1  0 +4.26e-14 +6.56e+00 +2.69e+01 +5.03e+00 +5.03e+00 +9.46e-04 +0.00e+00  1
     35 -7.0627e+02 +1.60e-02 +1.60e+09     21      2      3  0      2  0 +7.11e-15 +9.32e+00 +3.78e+01 +9.61e+00 +9.61e+00 +2.96e-04 +0.00e+00  1
     36 -7.0627e+02 +1.60e-02 +1.60e+09     22      1      1  0      1  0 +0.00e+00 +9.11e-02 +1.50e-01 +9.69e+00 +9.69e+00 +3.94e-01 +0.00e+00  1
     37 -7.0629e+02 +1.60e-02 +1.60e+09     23      1      1  0      1  0 +0.00e+00 +5.17e+01 +8.47e+01 +4.70e+00 +4.70e+00 +9.77e-04 +0.00e+00  1
     38 -7.0629e+02 +1.60e-02 +1.60e+09     24      2      1  0      2  0 +0.00e+00 +1.43e+01 +2.34e+01 +9.72e+00 +9.72e+00 +6.10e-04 +0.00e+00  1
     39 -7.0630e+02 +1.60e-02 +1.60e+09     25      2      2  0      2  0 +9.13e-03 +7.90e+00 +1.28e+01 +9.73e+00 +9.73e+00 +3.81e-04 +0.00e+00  1
--------------------------------------------------------------------------------------------------------------------------------------------------
  Iter.  Objective   St. Rad.  Tr. Rad.  |Pts| In Its QP Pts L? QP Its S?   QP KKT    |Step|   |Step|_H  |Grad.|  |G. Cmb.|  Stepsize Up. Fact. U?
--------------------------------------------------------------------------------------------------------------------------------------------------
     40 -7.0630e+02 +1.60e-02 +1.60e+09     26      2      3  0      2  0 +1.49e-02 +1.02e+01 +1.66e+01 +9.73e+00 +9.73e+00 +1.19e-04 +0.00e+00  1
     41 -7.0630e+02 +1.60e-02 +1.60e+09     27      2      4  0      2  0 +1.98e-02 +1.30e+01 +2.09e+01 +9.72e+00 +9.72e+00 +7.45e-05 +0.00e+00  1
     42 -7.0630e+02 +1.60e-02 +1.60e+09     28      2      5  0      3  0 +1.55e-15 +1.61e+01 +2.58e+01 +9.72e+00 +9.72e+00 +9.31e-05 +0.00e+00  1
     43 -7.0630e+02 +1.60e-02 +1.60e+09     29      2      6  0      2  0 +1.07e-14 +1.94e+01 +3.10e+01 +9.72e+00 +9.72e+00 +2.33e-04 +0.00e+00  1
     44 -7.0630e+02 +1.60e-02 +1.60e+09     30      2      6  0      2  0 +0.00e+00 +2.24e+01 +3.58e+01 +9.72e+00 +9.72e+00 +2.91e-04 +0.00e+00  1
     45 -7.0631e+02 +1.60e-02 +1.60e+09     31      2      6  0      2  0 +0.00e+00 +2.46e+01 +3.91e+01 +9.70e+00 +9.70e+00 +1.82e-04 +0.00e+00  1
     46 -7.0631e+02 +1.60e-02 +1.60e+09     32      2      4  0      2  0 +1.64e-03 +7.62e+00 +1.21e+01 +9.61e+00 +9.61e+00 +1.14e-04 +0.00e+00  1
     47 -7.0631e+02 +1.60e-02 +1.60e+09     33      2      4  0      2  0 +5.43e-03 +4.01e+00 +6.30e+00 +4.70e+00 +4.70e+00 +6.10e-05 +0.00e+00  1
     48 -7.0631e+02 +1.60e-03 +1.60e+08     15      2      3  0      2  0 +1.15e-03 +4.81e+00 +7.49e+00 +9.61e+00 +9.61e+00 +2.38e-06 +9.53e-01  1
     49 -7.0631e+02 +1.60e-03 +1.60e+08     16      2      4  0      2  0 +1.87e-04 +5.69e+00 +8.81e+00 +4.70e+00 +9.61e+00 +2.79e-07 +9.94e-01  1
     50 -7.0631e+02 +1.60e-03 +1.60e+08     17      3      6  0      5  0 +1.73e-14 +3.57e+00 +5.48e+00 +9.61e+00 +8.51e+00 +3.41e-10 +0.00e+00  0
     51 -7.0631e+02 +1.60e-03 +1.60e+08     19      3      8  0      7  0 +1.30e-11 +2.04e+00 +3.10e+00 +9.61e+00 +6.88e+00 +8.53e-10 +0.00e+00  0
     52 -7.0631e+02 +1.60e-03 +1.60e+08     21      3     10  0      7  0 +6.94e-04 +1.73e+00 +2.62e+00 +9.61e+00 +6.55e+00 +7.54e-07 +9.96e-01  1
     53 -7.0631e+02 +1.60e-03 +1.60e+08     23      3     12  0      4  0 +4.90e-12 +2.20e+01 +2.11e+01 +4.70e+00 +8.61e+00 +1.18e-07 +9.96e-01  1
     54 -7.0631e+02 +1.60e-03 +1.60e+08     25      3     14  0      5  0 +2.58e-12 +3.37e+01 +3.18e+01 +9.61e+00 +9.27e+00 +1.47e-07 +9.93e-01  1
     55 -7.0631e+02 +1.60e-03 +1.60e+08     27      2     15  0      3  0 +2.25e-12 +1.16e+02 +7.37e+01 +9.61e+00 +9.61e+00 +1.47e-06 +0.00e+00  1
     56 -7.0631e+02 +1.60e-03 +1.60e+08     28      2     16  0      3  0 +9.21e-12 +1.35e+02 +1.11e+02 +4.70e+00 +9.61e+00 +1.15e-07 +9.81e-01  1
     57 -7.0631e+02 +1.60e-03 +1.60e+08     29      2     17  0      2  0 +0.00e+00 +5.43e+01 +3.34e+01 +9.61e+00 +9.61e+00 +7.19e-08 +0.00e+00  1
     58 -7.0631e+02 +1.60e-03 +1.60e+08     30      2     18  0      6  0 +7.96e-04 +1.94e-01 +5.49e-01 +9.61e+00 +9.23e+00 +1.53e-05 +9.86e-01  1
     59 -7.0631e+02 +1.60e-04 +1.60e+07     19      2      4  0      2  0 +0.00e+00 +8.24e+00 +2.21e+01 +5.33e+00 +4.70e+00 +5.96e-07 +9.79e-01  1
--------------------------------------------------------------------------------------------------------------------------------------------------
  Iter.  Objective   St. Rad.  Tr. Rad.  |Pts| In Its QP Pts L? QP Its S?   QP KKT    |Step|   |Step|_H  |Grad.|  |G. Cmb.|  Stepsize Up. Fact. U?
--------------------------------------------------------------------------------------------------------------------------------------------------
     60 -7.0631e+02 +1.60e-04 +1.60e+07     20      2      5  0      2  0 +0.00e+00 +1.04e+01 +2.67e+01 +9.61e+00 +4.70e+00 +3.73e-07 +9.79e-01  1
     61 -7.0631e+02 +1.60e-04 +1.60e+07     21      2      6  0      2  0 +0.00e+00 +1.41e+01 +3.16e+01 +5.33e+00 +4.70e+00 +4.66e-07 +9.65e-01  1
     62 -7.0631e+02 +1.60e-04 +1.60e+07     22      2      7  0      2  0 +0.00e+00 +1.39e+01 +4.00e+01 +9.61e+00 +4.70e+00 +3.64e-08 +9.98e-01  1
     63 -7.0631e+02 +1.60e-04 +1.60e+07     23      2      8  0      2  0 +0.00e+00 +5.79e+01 +1.85e+02 +9.61e+00 +4.70e+00 +3.64e-07 +9.35e-01  1
     64 -7.0631e+02 +1.60e-04 +1.60e+07     24      2      9  0      2  0 +0.00e+00 +2.37e+01 +7.77e+01 +9.61e+00 +4.70e+00 +2.27e-07 +9.70e-01  1
     65 -7.0631e+02 +1.60e-04 +1.60e+07     25      2     10  0      2  0 +0.00e+00 +7.03e+00 +2.26e+01 +5.33e+00 +4.70e+00 +2.84e-07 +0.00e+00  1
     66 -7.0631e+02 +1.60e-04 +1.60e+07     26      2     11  0      2  0 +0.00e+00 +6.08e+00 +1.67e+01 +9.61e+00 +4.70e+00 +7.11e-07 +9.83e-01  1
     67 -7.0631e+02 +1.60e-04 +1.60e+07     27      2     12  0      2  0 +3.20e-14 +1.13e+01 +3.08e+01 +9.61e+00 +4.70e+00 +8.88e-07 +9.62e-01  1
     68 -7.0631e+02 +1.60e-04 +1.60e+07     28      2     13  0      2  0 +7.11e-15 +1.25e+01 +3.40e+01 +9.61e+00 +4.70e+00 +1.11e-06 +9.41e-01  1
     69 -7.0631e+02 +1.60e-04 +1.60e+07     29      2     14  0      2  0 +0.00e+00 +1.58e+01 +4.29e+01 +9.61e+00 +4.70e+00 +1.53e-05 +3.61e-02  1
     70 -7.0631e+02 +1.00e-04 +1.60e+06     30      2      1  0      2  0 +1.42e-14 +1.30e+01 +3.56e+01 +9.61e+00 +9.61e+00 +3.81e-05 +0.00e+00  1
     71 -7.0631e+02 +1.00e-04 +1.60e+06     30      2      1  0      2  0 +0.00e+00 +7.52e+01 +2.07e+02 +9.61e+00 +9.61e+00 +1.49e-06 +0.00e+00  1
     72 -7.0631e+02 +1.00e-04 +1.60e+06     31      2      1  0      2  0 +2.31e-14 +1.81e+00 +9.90e+00 +9.61e+00 +9.61e+00 +1.49e-05 +0.00e+00  1
     73 -7.0631e+02 +1.00e-04 +1.60e+06     32      2      2  0      2  0 +5.68e-14 +3.01e+00 +2.88e+01 +9.61e+00 +9.61e+00 +9.31e-06 +0.00e+00  1
     74 -7.0631e+02 +1.00e-04 +1.60e+06     33      1      1  0      1  0 +0.00e+00 +7.91e-02 +1.94e-01 +9.61e+00 +9.61e+00 +1.95e-01 +0.00e+00  1
     75 -7.0632e+02 +1.00e-04 +1.60e+06      0      2      1  0      2  0 +1.42e-14 +7.87e+00 +1.95e+01 +9.65e+00 +9.65e+00 +2.44e-04 +0.00e+00  1
     76 -7.0632e+02 +1.00e-04 +1.60e+06      1      2      1  0      2  0 +5.33e-15 +3.39e+00 +8.57e+00 +9.64e+00 +9.64e+00 +3.05e-04 +0.00e+00  1
     77 -7.0632e+02 +1.00e-04 +1.60e+06      2      2      1  0      2  0 +1.78e-14 +5.45e+00 +1.39e+01 +9.64e+00 +9.64e+00 +9.54e-05 +0.00e+00  1
     78 -7.0632e+02 +1.00e-04 +1.60e+06      3      2      1  0      2  0 +0.00e+00 +7.79e+00 +2.00e+01 +9.64e+00 +9.64e+00 +2.98e-05 +0.00e+00  1
     79 -7.0632e+02 +1.00e-04 +1.60e+06      4      2      1  0      2  0 +4.09e-14 +6.05e+00 +1.57e+01 +9.64e+00 +9.64e+00 +9.31e-06 +6.71e-01  1
--------------------------------------------------------------------------------------------------------------------------------------------------
  Iter.  Objective   St. Rad.  Tr. Rad.  |Pts| In Its QP Pts L? QP Its S?   QP KKT    |Step|   |Step|_H  |Grad.|  |G. Cmb.|  Stepsize Up. Fact. U?
--------------------------------------------------------------------------------------------------------------------------------------------------
     80 -7.0632e+02 +1.00e-04 +1.60e+06      5      2      2  0      2  0 +0.00e+00 +7.06e+00 +1.85e+01 +9.64e+00 +9.64e+00 +1.16e-05 +6.69e-01  1
     81 -7.0632e+02 +1.00e-04 +1.60e+06      6      2      2  0      2  0 +2.84e-14 +1.36e+01 +3.60e+01 +9.64e+00 +9.64e+00 +2.91e-05 +0.00e+00  1
     82 -7.0632e+02 +1.00e-04 +1.60e+06      7      2      1  0      2  0 +4.26e-14 +1.64e+01 +4.36e+01 +9.64e+00 +9.64e+00

EXIT: Objective not improving sufficiently.

Objective............................ : -7.063199e+02
Objective (unscaled)................. : -7.063199e+02

Number of iterations................. : 82
Number of inner iterations........... : 135
Number of QP iterations.............. : 156
Number of function evaluations....... : 646
Number of gradient evaluations....... : 98

CPU seconds.......................... : 0.459288
CPU seconds in evaluations........... : 0.033414
CPU seconds in direction computations : 0.314210
CPU seconds in line searches......... : 0.026752
