Set value for option 'direction_computation' as Gradient.
+--------------------------------------------------------------+
|       NonOpt = Nonlinear/Nonconvex/Nonsmooth Optimizer       |
| NonOpt is released as open source code under the MIT License |
| Please visit http://coral.ise.lehigh.edu/frankecurtis/nonopt |
+--------------------------------------------------------------+

This is NonOpt version 2.0

Number of variables.................. : 1000
Initial objective.................... : 7.485471e+00
Initial objective (unscaled)......... : 7.485471e+00

Approximate Hessian update strategy.. : BFGS
Derivative checker strategy.......... : FiniteDifference
Direction computation strategy....... : Gradient
Line search strategy................. : WeakWolfe
Point set update strategy............ : Proximity
QP solver (small scale) strategy..... : DualActiveSet
QP solver (large scale) strategy..... : InteriorPoint
Symmetric matrix strategy............ : Dense
Termination strategy................. : Basic

-----------------------------------------------------------------------------------------------------------------------------------------------------
  Iter.  Objective   St. Rad.  Tr. Rad.  |Pts| In. Its.  QP Pts.  QP Its. QP   QP KKT    |Step|   |Step|_H  |Grad.|  |G. Cmb.|  Stepsize Up. Fact. U?
-----------------------------------------------------------------------------------------------------------------------------------------------------
      0 +7.4855e+00 +1.00e-01 +1.00e+10      0        1        1        1  0 +0.00e+00 +1.00e+00 +1.64e+00 +1.00e+00 +1.00e+00 +7.19e+00 +0.00e+00  1
      1 +4.3303e+00 +1.00e-01 +1.00e+10      1        1        1        1  0 +0.00e+00 +3.59e+00 +5.91e+00 +1.00e+00 +1.00e+00 +1.00e+00 +0.00e+00  1
      2 +3.5776e+00 +1.00e-01 +1.00e+10      2        1        1        1  0 +1.11e-16 +6.09e-01 +3.24e-01 +1.43e-01 +1.43e-01 +1.00e+00 +0.00e+00  1
      3 +3.2841e+00 +1.00e-01 +1.00e+10      3        1        1        1  0 +0.00e+00 +3.30e+00 +1.55e+00 +1.11e-01 +1.11e-01 +5.00e-01 +0.00e+00  1
      4 +2.7005e+00 +1.00e-01 +1.00e+10      4        1        1        1  0 +0.00e+00 +1.44e+00 +2.55e+00 +1.00e+00 +1.00e+00 +3.12e-02 +0.00e+00  1
      5 +2.6916e+00 +1.00e-01 +1.00e+10      5        1        1        1  0 +3.82e-17 +8.32e-02 +3.02e-02 +5.56e-02 +5.56e-02 +5.05e+01 +0.00e+00  1
      6 +1.6633e+00 +1.00e-02 +1.00e+09      0        1        1        1  0 +0.00e+00 +9.01e+00 +2.24e+00 +1.00e+00 +1.00e+00 +2.50e-01 +0.00e+00  1
      7 +1.2409e+00 +1.00e-02 +1.00e+09      0        1        1        1  0 +0.00e+00 +1.06e+00 +2.65e-01 +5.00e-01 +5.00e-01 +5.00e-01 +0.00e+00  1
      8 +1.2108e+00 +1.00e-02 +1.00e+09      0        1        1        1  0 +8.33e-17 +2.07e-01 +1.01e-01 +1.00e+00 +1.00e+00 +1.00e+00 +0.00e+00  1
      9 +1.1147e+00 +1.00e-02 +1.00e+09      1        1        1        1  0 +9.71e-17 +8.65e-02 +1.12e-01 +5.00e-01 +5.00e-01 +1.00e+00 +0.00e+00  1
     10 +1.0543e+00 +1.00e-02 +1.00e+09      2        1        1        1  0 +0.00e+00 +4.50e-02 +1.44e-02 +1.12e-02 +1.12e-02 +1.34e+01 +0.00e+00  1
     11 +1.0415e+00 +1.00e-02 +1.00e+09      0        1        1        1  0 +0.00e+00 +2.02e-01 +8.16e-02 +5.00e-01 +5.00e-01 +7.19e+00 +0.00e+00  1
     12 +7.8511e-01 +1.00e-02 +1.00e+09      0        1        1        1  0 +0.00e+00 +3.30e-01 +3.44e-01 +2.50e-01 +2.50e-01 +1.25e-01 +0.00e+00  1
     13 +7.6265e-01 +1.00e-02 +1.00e+09      1        1        1        1  0 +0.00e+00 +1.64e+00 +7.59e-01 +1.00e+00 +1.00e+00 +2.50e-01 +0.00e+00  1
     14 +7.1452e-01 +1.00e-02 +1.00e+09      0        1        1        1  0 +0.00e+00 +1.44e-01 +3.77e-02 +7.04e-03 +7.04e-03 +1.77e+00 +0.00e+00  1
     15 +6.9347e-01 +1.00e-02 +1.00e+09      1        1        1        1  0 +0.00e+00 +1.79e-01 +8.82e-02 +2.50e-01 +2.50e-01 +1.00e+00 +0.00e+00  1
     16 +6.8865e-01 +1.00e-02 +1.00e+09      2        1        1        1  0 +2.78e-17 +4.63e-02 +1.56e-02 +6.71e-03 +6.71e-03 +2.55e+00 +0.00e+00  1
     17 +6.7976e-01 +1.00e-02 +1.00e+09      3        1        1        1  0 +0.00e+00 +6.97e-02 +4.71e-02 +1.00e+00 +1.00e+00 +1.00e+00 +0.00e+00  1
     18 +6.6716e-01 +1.00e-02 +1.00e+09      4        1        1        1  0 +0.00e+00 +2.94e-02 +1.23e-02 +6.45e-03 +6.45e-03 +1.00e+00 +0.00e+00  1
     19 +6.6112e-01 +1.00e-02 +1.00e+09      5        1        1        1  0 +0.00e+00 +3.15e-02 +1.69e-02 +2.50e-01 +2.50e-01 +1.00e+00 +0.00e+00  1
-----------------------------------------------------------------------------------------------------------------------------------------------------
  Iter.  Objective   St. Rad.  Tr. Rad.  |Pts| In. Its.  QP Pts.  QP Its. QP   QP KKT    |Step|   |Step|_H  |Grad.|  |G. Cmb.|  Stepsize Up. Fact. U?
-----------------------------------------------------------------------------------------------------------------------------------------------------
     20 +6.5878e-01 +1.00e-02 +1.00e+09      6        1        1        1  0 +0.00e+00 +2.45e-02 +5.64e-03 +6.37e-03 +6.37e-03 +4.09e+00 +0.00e+00  1
     21 +6.5506e-01 +1.00e-02 +1.00e+09      6        1        1        1  0 +0.00e+00 +3.57e-02 +2.01e-02 +1.00e+00 +1.00e+00 +1.00e+00 +0.00e+00  1
     22 +6.3753e-01 +1.00e-02 +1.00e+09      7        1        1        1  0 +5.55e-17 +1.06e-01 +1.87e-02 +2.50e-01 +2.50e-01 +1.00e+00 +0.00e+00  1
     23 +6.2363e-01 +1.00e-02 +1.00e+09      7        1        1        1  0 +0.00e+00 +7.84e-01 +9.93e-02 +6.13e-03 +6.13e-03 +7.19e+00 +0.00e+00  1
     24 +4.8809e-01 +1.00e-02 +1.00e+09      0        1        1        1  0 +2.78e-17 +2.40e+00 +2.32e-01 +4.35e-02 +4.35e-02 +1.00e+00 +0.00e+00  1
     25 +3.4890e-01 +1.00e-02 +1.00e+09      0        1        1        1  0 +0.00e+00 +1.04e-01 +7.35e-03 +9.09e-02 +9.09e-02 +1.00e+00 +0.00e+00  1
     26 +3.4213e-01 +1.00e-02 +1.00e+09      1        1        1        1  0 +0.00e+00 +5.30e-01 +1.29e-01 +1.00e-01 +1.00e-01 +1.00e+00 +0.00e+00  1
     27 +3.3390e-01 +1.00e-02 +1.00e+09      0        1        1        1  0 +0.00e+00 +4.81e-01 +5.79e-02 +4.05e-03 +4.05e-03 +2.55e+00 +0.00e+00  1
     28 +2.7118e-01 +1.00e-02 +1.00e+09      0        1        1        1  0 +0.00e+00 +2.46e-01 +7.23e-02 +6.67e-02 +6.67e-02 +1.00e+00 +0.00e+00  1
     29 +2.2353e-01 +1.00e-02 +1.00e+09      1        1        1        1  0 +6.94e-18 +6.90e-01 +5.13e-02 +2.91e-03 +2.91e-03 +5.00e-01 +0.00e+00  1
     30 +2.1051e-01 +1.00e-02 +1.00e+09      1        1        1        1  0 +0.00e+00 +2.24e-01 +2.89e-02 +5.00e-01 +5.00e-01 +5.00e-01 +0.00e+00  1
     31 +2.0530e-01 +1.00e-02 +1.00e+09      2        1        1        1  0 +0.00e+00 +2.95e-02 +4.04e-03 +2.72e-03 +2.72e-03 +1.39e+00 +0.00e+00  1
     32 +2.0292e-01 +1.00e-02 +1.00e+09      3        1        1        1  0 +0.00e+00 +1.20e-01 +1.55e-02 +5.88e-02 +5.88e-02 +1.25e-01 +0.00e+00  1
     33 +2.0164e-01 +1.00e-02 +1.00e+09      4        1        1        1  0 +8.67e-18 +4.17e-02 +6.03e-03 +5.00e-01 +5.00e-01 +5.00e-01 +0.00e+00  1
     34 +2.0087e-01 +1.00e-02 +1.00e+09      5        1        1        1  0 +0.00e+00 +1.42e-02 +1.75e-03 +2.67e-03 +2.67e-03 +7.19e+00 +0.00e+00  1
     35 +2.0054e-01 +1.00e-02 +1.00e+09      5        1        1        1  0 +8.67e-19 +2.72e-02 +3.65e-03 +5.88e-02 +5.88e-02 +1.00e+00 +0.00e+00  1
     36 +2.0007e-01 +1.00e-02 +1.00e+09      6        1        1        1  0 +0.00e+00 +6.79e-02 +1.92e-02 +1.00e+00 +1.00e+00 +1.00e+00 +0.00e+00  1
     37 +1.9598e-01 +1.00e-02 +1.00e+09      7        1        1        1  0 +0.00e+00 +5.50e-02 +5.32e-03 +5.00e-01 +5.00e-01 +2.50e-01 +0.00e+00  1
     38 +1.9532e-01 +1.00e-02 +1.00e+09      8        1        1        1  0 +0.00e+00 +5.45e-03 +1.38e-03 +2.64e-03 +2.64e-03 +1.00e+00 +0.00e+00  1
     39 +1.9461e-01 +1.00e-03 +1.00e+08      2        1        1        1  0 +0.00e+00 +1.66e-02 +1.44e-03 +5.00e-01 +5.00e-01 +4.09e+00 +0.00e+00  1
-----------------------------------------------------------------------------------------------------------------------------------------------------
  Iter.  Objective   St. Rad.  Tr. Rad.  |Pts| In. Its.  QP Pts.  QP Its. QP   QP KKT    |Step|   |Step|_H  |Grad.|  |G. Cmb.|  Stepsize Up. Fact. U?
-----------------------------------------------------------------------------------------------------------------------------------------------------
     40 +1.9192e-01 +1.00e-03 +1.00e+08      0        1        1        1  0 +1.30e-18 +2.43e-02 +2.68e-03 +5.88e-02 +5.88e-02 +5.00e-01 +0.00e+00  1
     41 +1.9143e-01 +1.00e-03 +1.00e+08      1        1        1        1  0 +1.39e-17 +4.17e-02 +1.24e-02 +1.00e+00 +1.00e+00 +5.00e-01 +0.00e+00  1
     42 +1.9095e-01 +1.00e-03 +1.00e+08      1        1        1        1  0 +0.00e+00 +1.60e-02 +1.90e-03 +2.61e-03 +2.61e-03 +4.09e+00 +0.00e+00  1
     43 +1.9055e-01 +1.00e-03 +1.00e+08      0        1        1        1  0 +8.67e-19 +1.28e-02 +3.58e-03 +1.00e+00 +1.00e+00 +4.09e+00 +0.00e+00  1
     44 +1.9035e-01 +1.00e-03 +1.00e+08      0        1        1        1  0 +0.00e+00 +4.61e-02 +4.71e-03 +2.63e-03 +2.63e-03 +4.09e+00 +0.00e+00  1
     45 +1.8792e-01 +1.00e-03 +1.00e+08      0        1        1        1  0 +0.00e+00 +3.88e-02 +8.53e-03 +5.56e-02 +5.56e-02 +4.09e+00 +0.00e+00  1
     46 +1.8397e-01 +1.00e-03 +1.00e+08      0        1        1        1  0 +0.00e+00 +1.66e-01 +1.15e-02 +2.65e-03 +2.65e-03 +7.19e+00 +0.00e+00  1
     47 +1.6752e-01 +1.00e-03 +1.00e+08      0        1        1        1  0 +1.04e-17 +3.09e-01 +2.48e-02 +4.55e-02 +4.55e-02 +7.19e+00 +0.00e+00  1
     48 +7.5324e-02 +1.00e-03 +1.00e+08      0        1        1        1  0 +0.00e+00 +3.27e+00 +1.06e-01 +1.94e-03 +1.94e-03 +3.12e-02 +0.00e+00  1
     49 +7.3516e-02 +1.00e-03 +1.00e+08      0        1        1        1  0 +0.00e+00 +8.86e-02 +1.23e-02 +1.67e-01 +1.67e-01 +1.87e+00 +0.00e+00  1
     50 +5.5436e-02 +1.00e-03 +1.00e+08      0        1        1        1  0 +0.00e+00 +1.05e-01 +3.50e-02 +2.33e-02 +2.33e-02 +1.56e-02 +0.00e+00  1
     51 +5.5353e-02 +1.00e-03 +1.00e+08      1        1        1        1  0 +0.00e+00 +5.32e-02 +1.47e-03 +1.47e-03 +1.47e-03 +3.28e+00 +0.00e+00  1
     52 +5.4496e-02 +1.00e-03 +1.00e+08      0        1        1        1  0 +0.00e+00 +7.14e-02 +1.92e-03 +1.67e-01 +1.67e-01 +1.00e+00 +0.00e+00  1
     53 +5.3477e-02 +1.00e-03 +1.00e+08      0        1        1        1  0 +0.00e+00 +7.85e-02 +2.21e-03 +2.00e-01 +2.00e-01 +5.00e-01 +0.00e+00  1
     54 +5.3473e-02 +1.00e-03 +1.00e+08      1        1        1        1  0 +3.25e-18 +3.00e-02 +9.37e-04 +2.27e-02 +2.27e-02 +4.09e+00 +0.00e+00  1
     55 +5.3103e-02 +1.00e-03 +1.00e+08      0        1        1        1  0 +1.73e-18 +3.98e-02 +1.21e-03 +1.67e-01 +1.67e-01 +2.55e+00 +0.00e+00  1
     56 +5.2239e-02 +1.00e-03 +1.00e+08      0        1        1        1  0 +0.00e+00 +5.62e-02 +1.69e-03 +1.43e-03 +1.43e-03 +1.00e+00 +0.00e+00  1
     57 +5.0762e-02 +1.00e-03 +1.00e+08      0        1        1        1  0 +0.00e+00 +1.14e-02 +1.20e-03 +1.67e-01 +1.67e-01 +1.00e+00 +0.00e+00  1
     58 +5.0186e-02 +1.00e-03 +1.00e+08      1        1        1        1  0 +3.47e-18 +9.87e-02 +3.69e-03 +2.13e-02 +2.13e-02 +2.55e+00 +0.00e+00  1
     59 +4.1590e-02 +1.00e-03 +1.00e+08      0        1        1        1  0 +0.00e+00 +1.07e+00 +3.30e-02 +1.85e-02 +1.85e-02 +5.86e-03 +0.00e+00  1
-----------------------------------------------------------------------------------------------------------------------------------------------------
  Iter.  Objective   St. Rad.  Tr. Rad.  |Pts| In. Its.  QP Pts.  QP Its. QP   QP KKT    |Step|   |Step|_H  |Grad.|  |G. Cmb.|  Stepsize Up. Fact. U?
-----------------------------------------------------------------------------------------------------------------------------------------------------
     60 +4.1441e-02 +1.00e-03 +1.00e+08      1        1        1        1  0 +3.04e-18 +1.03e-02 +8.64e-04 +5.00e-01 +5.00e-01 +8.39e-01 +0.00e+00  1
     61 +4.1303e-02 +1.00e-03 +1.00e+08      2        1        1        1  0 +1.63e-18 +1.12e-02 +3.96e-04 +1.85e-02 +1.85e-02 +2.50e-01 +0.00e+00  1
     62 +4.1247e-02 +1.00e-03 +1.00e+08      3        1        1        1  0 +7.59e-19 +1.61e-03 +1.08e-04 +1.29e-03 +1.29e-03 +5.00e-01 +0.00e+00  1
     63 +4.1216e-02 +1.00e-03 +1.00e+08      4        1        1        1  0 +0.00e+00 +4.41e-03 +2.69e-04 +1.43e-01 +1.43e-01 +1.00e+00 +0.00e+00  1
     64 +4.1122e-02 +1.00e-03 +1.00e+08      5        1        1        1  0 +0.00e+00 +7.54e-03 +2.47e-04 +1.85e-02 +1.85e-02 +5.00e-01 +0.00e+00  1
     65 +4.1097e-02 +1.00e-03 +1.00e+08      6        1        1        1  0 +0.00e+00 +3.61e-03 +2.25e-04 +5.00e-01 +5.00e-01 +1.00e+00 +0.00e+00  1
     66 +4.0927e-02 +1.00e-03 +1.00e+08      7        1        1        1  0 +4.88e-19 +1.66e-02 +3.99e-04 +1.85e-02 +1.85e-02 +1.00e+00 +0.00e+00  1
     67 +4.0709e-02 +1.00e-03 +1.00e+08      7        1        1        1  0 +2.49e-18 +2.19e-02 +3.19e-04 +1.29e-03 +1.29e-03 +2.27e+01 +0.00e+00  1
     68 +3.7246e-02 +1.00e-03 +1.00e+08      0        1        1        1  0 +0.00e+00 +3.95e-01 +2.45e-02 +1.00e+00 +1.00e+00 +5.00e-01 +0.00e+00  1
     69 +3.6361e-02 +1.00e-03 +1.00e+08      0        1        1        1  0 +3.47e-18 +4.31e-02 +6.36e-04 +1.26e-03 +1.26e-03 +4.09e+00 +0.00e+00  1
     70 +3.4096e-02 +1.00e-03 +1.00e+08      0        1        1        1  0 +0.00e+00 +1.30e-01 +7.18e-03 +1.00e+00 +1.00e+00 +1.25e-01 +0.00e+00  1
     71 +3.4001e-02 +1.00e-03 +1.00e+08      1        1        1        1  0 +1.33e-18 +1.03e-02 +1.63e-04 +1.24e-03 +1.24e-03 +7.19e+00 +0.00e+00  1
     72 +3.3738e-02 +1.00e-03 +1.00e+08      0        1        1        1  0 +1.52e-18 +1.00e-03 +5.40e-04 +1.00e+00 +1.00e+00 +2.58e+01 +0.00e+00  1
     73 +3.3418e-02 +1.00e-03 +1.00e+08      0        1        1        1  0 +0.00e+00 +4.67e-02 +9.95e-04 +5.00e-01 +5.00e-01 +1.00e+00 +0.00e+00  1
     74 +3.2530e-02 +1.00e-03 +1.00e+08      0        1        1        1  0 +0.00e+00 +2.81e-01 +3.65e-03 +1.25e-01 +1.25e-01 +1.77e+00 +0.00e+00  1
     75 +2.9944e-02 +1.00e-03 +1.00e+08      0        1        1        1  0 +0.00e+00 +1.31e-01 +6.53e-03 +1.00e+00 +1.00e+00 +1.00e+00 +0.00e+00  1
     76 +2.7867e-02 +1.00e-03 +1.00e+08      0        1        1        1  0 +0.00e+00 +2.36e-01 +2.94e-03 +1.25e-01 +1.25e-01 +1.00e+00 +0.00e+00  1
     77 +2.4942e-02 +1.00e-03 +1.00e+08      0        1        1        1  0 +0.00e+00 +1.60e+00 +1.75e-02 +1.11e-01 +1.11e-01 +1.00e+00 +0.00e+00  1
     78 +1.4981e-02 +1.00e-03 +1.00e+08      0        1        1        1  0 +0.00e+00 +3.01e-01 +8.52e-04 +5.88e-02 +5.88e-02 +1.00e+00 +0.00e+00  1
     79 +1.4964e-02 +1.00e-03 +1.00e+08      0        1        1        1  0 +0.00e+00 +3.22e-01 +2.38e-03 +1.00e+00 +1.00e+00 +5.00e-01 +0.00e+00  1
-----------------------------------------------------------------------------------------------------------------------------------------------------
  Iter.  Objective   St. Rad.  Tr. Rad.  |Pts| In. Its.  QP Pts.  QP Its. QP   QP KKT    |Step|   |Step|_H  |Grad.|  |G. Cmb.|  Stepsize Up. Fact. U?
-----------------------------------------------------------------------------------------------------------------------------------------------------
     80 +1.4880e-02 +1.00e-03 +1.00e+08      0        1        1        1  0 +0.00e+00 +2.75e-01 +9.70e-04 +7.69e-02 +7.69e-02 +1.00e+00 +0.00e+00  1
     81 +1.4421e-02 +1.00e-03 +1.00e+08      0        1        1        1  0 +7.59e-19 +1.49e-02 +8.99e-05 +6.67e-02 +6.67e-02 +1.00e+00 +0.00e+00  1
     82 +1.4337e-02 +1.00e-03 +1.00e+08      1        1        1        1  0 +8.67e-19 +6.11e-02 +2.93e-03 +6.25e-02 +6.25e-02 +1.00e+00 +0.00e+00  1
     83 +1.3441e-02 +1.00e-03 +1.00e+08      0        1        1        1  0 +0.00e+00 +2.59e-02 +2.23e-04 +8.06e-03 +8.06e-03 +7.19e+00 +0.00e+00  1
     84 +1.1959e-02 +1.00e-03 +1.00e+08      0        1        1        1  0 +0.00e+00 +1.06e+00 +8.56e-03 +7.25e-03 +7.25e-03 +8.59e-02 +0.00e+00  1
     85 +1.1657e-02 +1.00e-03 +1.00e+08      0        1        1        1  0 +0.00e+00 +7.35e-02 +5.44e-03 +1.00e+00 +1.00e+00 +8.59e-01 +0.00e+00  1
     86 +1.1621e-02 +1.00e-03 +1.00e+08      0        1        1        1  0 +0.00e+00 +9.66e-03 +2.27e-04 +7.09e-03 +7.09e-03 +2.58e+01 +0.00e+00  1
     87 +1.0853e-02 +1.00e-03 +1.00e+08      0        1        1        1  0 +0.00e+00 +5.94e-02 +3.14e-03 +1.00e+00 +1.00e+00 +1.00e+00 +0.00e+00  1
     88 +9.7373e-03 +1.00e-03 +1.00e+08      0        1        1        1  0 +0.00e+00 +3.39e-01 +4.41e-03 +2.00e-01 +2.00e-01 +5.00e-01 +0.00e+00  1
     89 +8.1905e-03 +1.00e-03 +1.00e+08      0        1        1        1  0 +4.34e-19 +2.54e-02 +1.96e-03 +7.19e-03 +7.19e-03 +1.00e+00 +0.00e+00  1
     90 +7.2860e-03 +1.00e-03 +1.00e+08      0        1        1        1  0 +0.00e+00 +1.68e-01 +3.20e-03 +2.00e-01 +2.00e-01 +2.50e-01 +0.00e+00  1
     91 +6.5619e-03 +1.00e-03 +1.00e+08      0        1        1        1  0 +3.25e-19 +1.92e-02 +6.09e-04 +1.00e-03 +1.00e-03 +1.25e-01 +0.00e+00  1
     92 +6.5346e-03 +1.00e-03 +1.00e+08      1        1        1        1  0 +1.08e-19 +5.51e-03 +7.88e-05 +2.00e-01 +2.00e-01 +2.55e+00 +0.00e+00  1
     93 +6.4314e-03 +1.00e-03 +1.00e+08      2        1        1        1  0 +3.25e-19 +4.08e-03 +2.01e-04 +4.55e-02 +4.55e-02 +2.50e-01 +0.00e+00  1
     94 +6.4206e-03 +1.00e-03 +1.00e+08      3        1        1        1  0 +0.00e+00 +5.75e-03 +5.56e-05 +1.00e-03 +1.00e-03 +1.77e+00 +0.00e+00  1
     95 +6.3361e-03 +1.00e-03 +1.00e+08      4        1        1        1  0 +0.00e+00 +1.23e-02 +3.49e-04 +7.75e-03 +7.75e-03 +2.50e-01 +0.00e+00  1
     96 +6.3292e-03 +1.00e-03 +1.00e+08      5        1        1        1  0 +2.03e-19 +4.65e-03 +5.80e-05 +1.00e-03 +1.00e-03 +6.25e-02 +0.00e+00  1
     97 +6.3291e-03 +1.00e-03 +1.00e+08      6        1        1        1  0 +0.00e+00 +6.55e-04 +1.74e-05 +2.00e-01 +2.00e-01 +2.55e+01 +0.00e+00  1
     98 +6.3043e-03 +1.00e-03 +1.00e+08      7        1        1        1  0 +0.00e+00 +2.17e-03 +6.95e-05 +7.58e-03 +7.58e-03 +1.34e+01 +0.00e+00  1
     99 +6.2831e-03 +1.00e-03 +1.00e+08      0        1        1        1  0 +0.00e+00 +3.56e-03 +6.73e-05 +4.35e-02 +4.35e-02 +2.16e+00 +0.00e+00  1
-----------------------------------------------------------------------------------------------------------------------------------------------------
  Iter.  Objective   St. Rad.  Tr. Rad.  |Pts| In. Its.  QP Pts.  QP Its. QP   QP KKT    |Step|   |Step|_H  |Grad.|  |G. Cmb.|  Stepsize Up. Fact. U?
-----------------------------------------------------------------------------------------------------------------------------------------------------
    100 +6.1858e-03 +1.00e-03 +1.00e+08      1        1        1        1  0 +4.34e-19 +1.08e-02 +6.46e-04 +1.00e+00 +1.00e+00 +1.00e+00 +0.00e+00  1
    101 +6.1357e-03 +1.00e-03 +1.00e+08      2        1        1        1  0 +0.00e+00 +1.04e-02 +1.48e-04 +4.35e-02 +4.35e-02 +1.00e+00 +0.00e+00  1
    102 +5.9922e-03 +1.00e-03 +1.00e+08      2        1        1        1  0 +4.34e-19 +9.18e-02 +1.29e-03 +4.55e-02 +4.55e-02 +3.12e-02 +0.00e+00  1
    103 +5.9902e-03 +1.00e-03 +1.00e+08      3        1        1        1  0 +0.00e+00 +3.90e-03 +4.99e-05 +1.00e-03 +1.00e-03 +1.56e-01 +0.00e+00  1
    104 +5.9891e-03 +1.00e-03 +1.00e+08      4        1        1        1  0 +2.71e-19 +2.04e-02 +2.80e-04 +7.58e-03 +7.58e-03 +1.00e+00 +0.00e+00  1
    105 +5.8790e-03 +1.00e-03 +1.00e+08      2        1        1        1  0 +0.00e+00 +1.02e-02 +3.86e-04 +1.00e+00 +1.00e+00 +5.00e-01 +0.00e+00  1
    106 +5.8703e-03 +1.00e-03 +1.00e+08      3        1        1        1  0 +3.25e-19 +2.41e-03 +4.26e-05 +4.35e-02 +4.35e-02 +7.19e+00 +0.00e+00  1
    107 +5.6613e-03 +1.00e-03 +1.00e+08      2        1        1        1  0 +0.00e+00 +3.18e-02 +3.30e-04 +7.41e-03 +7.41e-03 +9.38e-02 +0.00e+00  1
    108 +5.6448e-03 +1.00e-03 +1.00e+08      3        1        1        1  0 +0.00e+00 +2.18e-03 +9.94e-05 +5.00e-01 +5.00e-01 +4.69e-01 +0.00e+00  1
    109 +5.6386e-03 +1.00e-03 +1.00e+08      4        1        1        1  0 +0.00e+00 +6.33e-04 +8.63e-06 +7.41e-03 +7.41e-03 +2.58e+01 +0.00e+00  1
    110 +5.6223e-03 +1.00e-03 +1.00e+08      3        1        1        1  0 +0.00e+00 +1.08e-02 +1.51e-04 +1.00e+00 +1.00e+00 +1.00e+00 +0.00e+00  1
    111 +5.5900e-03 +1.00e-03 +1.00e+08      3        1        1        1  0 +1.08e-19 +3.95e-03 +4.61e-05 +5.00e-01 +5.00e-01 +2.58e+01 +0.00e+00  1
    112 +5.5243e-03 +1.00e-03 +1.00e+08      0        1        1        1  0 +1.36e-19 +1.95e-03 +4.47e-05 +2.00e-01 +2.00e-01 +1.34e+01 +0.00e+00  1
    113 +5.3360e-03 +1.00e-03 +1.00e+08      0        1        1        1  0 +0.00e+00 +3.35e-02 +7.23e-04 +5.00e-01 +5.00e-01 +1.00e+00 +0.00e+00  1
    114 +5.1875e-03 +1.00e-03 +1.00e+08      1        1        1        1  0 +2.71e-20 +5.58e-02 +1.95e-04 +1.00e-03 +1.00e-03 +1.00e+00 +0.00e+00  1
    115 +4.9931e-03 +1.00e-03 +1.00e+08      0        1        1        1  0 +0.00e+00 +3.16e-01 +8.70e-04 +4.00e-02 +4.00e-02 +1.00e+00 +0.00e+00  1
    116 +4.4894e-03 +1.00e-03 +1.00e+08      0        1        1        1  0 +4.34e-19 +4.21e-02 +6.10e-05 +3.12e-02 +3.12e-02 +1.00e+00 +0.00e+00  1
    117 +4.4371e-03 +1.00e-03 +1.00e+08      0        1        1        1  0 +4.34e-19 +1.38e-01 +3.66e-04 +3.03e-02 +3.03e-02 +1.00e+00 +0.00e+00  1
    118 +4.2044e-03 +1.00e-03 +1.00e+08      0        1        1        1  0 +2.17e-19 +5.02e-02 +5.36e-04 +2.56e-02 +2.56e-02 +1.00e+00 +0.00e+00  1
    119 +4.0531e-03 +1.00e-03 +1.00e+08      0        1        1        1  0 +0.00e+00 +2.82e-02 +3.65e-04 +5.00e-01 +5.00e-01 +1.00e+00 +0.00e+00  1
-----------------------------------------------------------------------------------------------------------------------------------------------------
  Iter.  Objective   St. Rad.  Tr. Rad.  |Pts| In. Its.  QP Pts.  QP Its. QP   QP KKT    |Step|   |Step|_H  |Grad.|  |G. Cmb.|  Stepsize Up. Fact. U?
-----------------------------------------------------------------------------------------------------------------------------------------------------
    120 +3.8482e-03 +1.00e-03 +1.00e+08      1        1        1        1  0 +0.00e+00 +2.48e-02 +4.69e-05 +1.43e-01 +1.43e-01 +5.00e-01 +0.00e+00  1
    121 +3.8359e-03 +1.00e-03 +1.00e+08      1        1        1        1  0 +0.00e+00 +1.20e-02 +6.48e-05 +2.27e-02 +2.27e-02 +1.00e+00 +0.00e+00  1
    122 +3.8008e-03 +1.00e-03 +1.00e+08      2        1        1        1  0 +0.00e+00 +5.66e-02 +1.11e-04 +1.43e-01 +1.43e-01 +1.00e+00 +0.00e+00  1
    123 +3.7733e-03 +1.00e-03 +1.00e+08      0        1        1        1  0 +0.00e+00 +5.82e-02 +1.45e-04 +5.00e-01 +5.00e-01 +5.00e-01 +0.00e+00  1
    124 +3.7669e-03 +1.00e-03 +1.00e+08      1        1        1        1  0 +0.00e+00 +4.45e-02 +1.66e-04 +1.25e-01 +1.25e-01 +4.09e+00 +0.00e+00  1
    125 +3.4703e-03 +1.00e-03 +1.00e+08      0        1        1        1  0 +0.00e+00 +7.18e-02 +5.52e-04 +2.78e-02 +2.78e-02 +1.00e+00 +0.00e+00  1
    126 +3.2624e-03 +1.00e-03 +1.00e+08      0        1        1        1  0 +0.00e+00 +4.32e-01 +1.53e-03 +1.00e-03 +1.00e-03 +5.00e-01 +0.00e+00  1
    127 +2.8315e-03 +1.00e-03 +1.00e+08      0        1        1        1  0 +0.00e+00 +1.47e-02 +2.80e-04 +1.11e-01 +1.11e-01 +1.00e+00 +0.00e+00  1
    128 +2.5777e-03 +1.00e-03 +1.00e+08      1        1        1        1  0 +1.08e-19 +1.36e-01 +4.17e-04 +1.00e-03 +1.00e-03 +1.00e+00 +0.00e+00  1
    129 +2.3228e-03 +1.00e-03 +1.00e+08      0        1        1        1  0 +0.00e+00 +6.90e-02 +2.20e-04 +9.09e-02 +9.09e-02 +1.00e+00 +0.00e+00  1
    130 +2.1372e-03 +1.00e-03 +1.00e+08      0        1        1        1  0 +0.00e+00 +7.28e-02 +5.36e-04 +8.33e-02 +8.33e-02 +1.00e+00 +0.00e+00  1
    131 +1.8230e-03 +1.00e-03 +1.00e+08      0        1        1        1  0 +0.00e+00 +2.88e-01 +7.42e-04 +1.00e-03 +1.00e-03 +5.86e-03 +0.00e+00  1
    132 +1.8206e-03 +1.00e-03 +1.00e+08      1        1        1        1  0 +0.00e+00 +1.47e-03 +1.37e-05 +2.50e-01 +2.50e-01 +1.62e+00 +0.00e+00  1
    133 +1.8168e-03 +1.00e-03 +1.00e+08      2        1        1        1  0 +8.13e-20 +2.01e-03 +4.08e-05 +6.67e-02 +6.67e-02 +1.25e-01 +0.00e+00  1
    134 +1.8166e-03 +1.00e-03 +1.00e+08      3        1        1        1  0 +6.69e-20 +4.14e-04 +2.71e-06 +1.00e-03 +1.00e-03 +1.34e+01 +0.00e+00  1
    135 +1.8159e-03 +1.00e-04 +1.00e+07      0        1        1        1  0 +5.42e-20 +1.92e-03 +1.85e-05 +2.50e-01 +2.50e-01 +1.34e+01 +0.00e+00  1
    136 +1.8026e-03 +1.00e-04 +1.00e+07      0        1        1        1  0 +0.00e+00 +4.05e-03 +2.59e-05 +7.14e-02 +7.14e-02 +1.34e+01 +0.00e+00  1
    137 +1.7401e-03 +1.00e-04 +1.00e+07      0        1        1        1  0 +0.00e+00 +1.51e-02 +1.59e-04 +2.50e-01 +2.50e-01 +4.09e+00 +0.00e+00  1
    138 +1.5815e-03 +1.00e-04 +1.00e+07      0        1        1        1  0 +0.00e+00 +3.04e-02 +3.01e-04 +8.33e-02 +8.33e-02 +1.00e+00 +0.00e+00  1
    139 +1.4843e-03 +1.00e-04 +1.00e+07      0        1        1        1  0 +0.00e+00 +2.78e-01 +2.25e-03 +1.72e-02 +1.72e-02 +3.12e-02 +0.00e+00  1
-----------------------------------------------------------------------------------------------------------------------------------------------------
  Iter.  Objective   St. Rad.  Tr. Rad.  |Pts| In. Its.  QP Pts.  QP Its. QP   QP KKT    |Step|   |Step|_H  |Grad.|  |G. Cmb.|  Stepsize Up. Fact. U?
-----------------------------------------------------------------------------------------------------------------------------------------------------
    140 +1.4842e-03 +1.00e-04 +1.00e+07      0        1        1        1  0 +0.00e+00 +1.08e-02 +2.09e-04 +1.00e+00 +1.00e+00 +1.87e+00 +0.00e+00  1
    141 +1.4114e-03 +1.00e-04 +1.00e+07      0        1        1        1  0 +5.42e-20 +7.68e-03 +9.05e-05 +7.69e-02 +7.69e-02 +2.55e+00 +0.00e+00  1
    142 +1.3333e-03 +1.00e-04 +1.00e+07      0        1        1        1  0 +0.00e+00 +8.18e-03 +1.70e-04 +1.00e+00 +1.00e+00 +1.00e+00 +0.00e+00  1
    143 +1.2508e-03 +1.00e-04 +1.00e+07      0        1        1        1  0 +0.00e+00 +4.88e-03 +8.66e-05 +7.69e-02 +7.69e-02 +2.50e-01 +0.00e+00  1
    144 +1.2433e-03 +1.00e-04 +1.00e+07      1        1        1        1  0 +0.00e+00 +1.58e-03 +3.97e-05 +2.50e-01 +2.50e-01 +5.00e-01 +0.00e+00  1
    145 +1.2390e-03 +1.00e-04 +1.00e+07      1        1        1        1  0 +5.76e-20 +9.50e-04 +2.80e-05 +1.75e-02 +1.75e-02 +1.00e+00 +0.00e+00  1
    146 +1.2260e-03 +1.00e-04 +1.00e+07      2        1        1        1  0 +5.42e-20 +1.12e-03 +1.45e-05 +2.50e-01 +2.50e-01 +1.34e+01 +0.00e+00  1
    147 +1.1719e-03 +1.00e-04 +1.00e+07      0        1        1        1  0 +0.00e+00 +1.36e-02 +1.11e-04 +1.00e+00 +1.00e+00 +1.00e+00 +0.00e+00  1
    148 +1.1324e-03 +1.00e-04 +1.00e+07      0        1        1        1  0 +0.00e+00 +3.93e-03 +2.86e-05 +1.00e-03 +1.00e-03 +2.50e-01 +0.00e+00  1
    149 +1.1305e-03 +1.00e-04 +1.00e+07      1        1        1        1  0 +1.08e-19 +3.83e-03 +4.43e-05 +5.00e-01 +5.00e-01 +1.00e+00 +0.00e+00  1
    150 +1.1041e-03 +1.00e-04 +1.00e+07      0        1        1        1  0 +0.00e+00 +1.13e-02 +8.62e-05 +1.00e-03 +1.00e-03 +5.00e-01 +0.00e+00  1
    151 +1.0795e-03 +1.00e-04 +1.00e+07      0        1        1        1  0 +1.36e-20 +5.35e-03 +5.45e-05 +1.85e-02 +1.85e-02 +5.00e-01 +0.00e+00  1
    152 +1.0715e-03 +1.00e-04 +1.00e+07      1        1        1        1  0 +0.00e+00 +1.25e-03 +1.03e-05 +1.00e-03 +1.00e-03 +1.34e+01 +0.00e+00  1
    153 +1.0595e-03 +1.00e-04 +1.00e+07      0        1        1        1  0 +0.00e+00 +4.18e-03 +2.06e-05 +1.96e-02 +1.96e-02 +7.19e+00 +0.00e+00  1
    154 +1.0389e-03 +1.00e-04 +1.00e+07      0        1        1        1  0 +0.00e+00 +2.17e-02 +2.06e-04 +4.39e-03 +4.39e-03 +1.00e+00 +0.00e+00  1
    155 +9.8301e-04 +1.00e-04 +1.00e+07      0        1        1        1  0 +0.00e+00 +1.85e-03 +6.30e-05 +5.00e-01 +5.00e-01 +2.50e-01 +0.00e+00  1
    156 +9.7839e-04 +1.00e-04 +1.00e+07      1        1        1        1  0 +1.36e-20 +6.86e-03 +2.93e-05 +1.96e-02 +1.96e-02 +1.00e+00 +0.00e+00  1
    157 +9.5104e-04 +1.00e-04 +1.00e+07      0        1        1        1  0 +0.00e+00 +4.16e-02 +1.35e-04 +5.00e-01 +5.00e-01 +1.25e-01 +0.00e+00  1
    158 +9.4378e-04 +1.00e-04 +1.00e+07      1        1        1        1  0 +2.71e-20 +4.32e-03 +3.99e-05 +4.37e-03 +4.37e-03 +2.50e-01 +0.00e+00  1
    159 +9.4205e-04 +1.00e-04 +1.00e+07      2        1        1        1  0 +2.71e-20 +3.98e-04 +1.55e-05 +2.50e-01 +2.50e-01 +5.00e-01 +0.00e+00  1
-----------------------------------------------------------------------------------------------------------------------------------------------------
  Iter.  Objective   St. Rad.  Tr. Rad.  |Pts| In. Its.  QP Pts.  QP Its. QP   QP KKT    |Step|   |Step|_H  |Grad.|  |G. Cmb.|  Stepsize Up. Fact. U?
-----------------------------------------------------------------------------------------------------------------------------------------------------
    160 +9.3931e-04 +1.00e-04 +1.00e+07      3        1        1        1  0 +4.07e-20 +5.64e-04 +4.56e-06 +5.00e-01 +5.00e-01 +1.00e+00 +0.00e+00  1
    161 +9.3534e-04 +1.00e-04 +1.00e+07      4        1        1        1  0 +6.78e-21 +5.75e-03 +4.11e-05 +2.04e-02 +2.04e-02 +2.50e-01 +0.00e+00  1
    162 +9.3300e-04 +1.00e-04 +1.00e+07      4        1        1        1  0 +3.39e-20 +3.45e-04 +8.05e-06 +4.37e-03 +4.37e-03 +3.12e-02 +0.00e+00  1
    163 +9.3283e-04 +1.00e-04 +1.00e+07      5        1        1        1  0 +0.00e+00 +4.38e-04 +2.28e-06 +1.00e-03 +1.00e-03 +3.12e-01 +0.00e+00  1
    164 +9.3213e-04 +1.00e-04 +1.00e+07      6        1        1        1  0 +0.00e+00 +7.46e-03 +3.64e-05 +4.37e-03 +4.37e-03 +3.12e-02 +0.00e+00  1
    165 +9.3149e-04 +1.00e-04 +1.00e+07      7        1        1        1  0 +2.03e-20 +2.03e-04 +1.97e-06 +2.50e-01 +2.50e-01 +1.87e+00 +0.00e+00  1
    166 +9.3045e-04 +1.00e-04 +1.00e+07      8        1        1        1  0 +3.39e-21 +5.82e-04 +3.87e-06 +2.04e-02 +2.04e-02 +1.00e+00 +0.00e+00  1
    167 +9.2991e-04 +1.00e-04 +1.00e+07      9        1        1        1  0 +0.00e+00 +3.20e-04 +1.08e-06 +1.00e-03 +1.00e-03 +5.05e+01 +0.00e+00  1
    168 +9.1775e-04 +1.00e-04 +1.00e+07      0        1        1        1  0 +0.00e+00 +5.75e-03 +7.32e-06 +2.00e-02 +2.00e-02 +6.25e-02 +0.00e+00  1
    169 +9.1755e-04 +1.00e-04 +1.00e+07      1        1        1        1  0 +0.00e+00 +3.28e-04 +2.18e-06 +7.69e-02 +7.69e-02 +6.25e-01 +0.00e+00  1
    170 +9.1636e-04 +1.00e-04 +1.00e+07      2        1        1        1  0 +3.05e-20 +1.29e-03 +1.12e-05 +2.00e-02 +2.00e-02 +1.77e+00 +0.00e+00  1
    171 +9.0653e-04 +1.00e-04 +1.00e+07      0        1        1        1  0 +6.78e-21 +2.46e-03 +1.89e-05 +4.35e-03 +4.35e-03 +1.00e+00 +0.00e+00  1
    172 +9.0605e-04 +1.00e-04 +1.00e+07      0        1        1        1  0 +1.36e-20 +9.16e-04 +5.63e-06 +2.00e-02 +2.00e-02 +4.09e+00 +0.00e+00  1
    173 +9.0359e-04 +1.00e-04 +1.00e+07      0        1        1        1  0 +0.00e+00 +1.50e-03 +1.09e-05 +4.37e-03 +4.37e-03 +2.55e+00 +0.00e+00  1
    174 +8.9622e-04 +1.00e-04 +1.00e+07      0        1        1        1  0 +0.00e+00 +3.48e-03 +1.00e-05 +5.00e-01 +5.00e-01 +7.19e+00 +0.00e+00  1
    175 +8.8928e-04 +1.00e-04 +1.00e+07      0        1        1        1  0 +0.00e+00 +9.03e-03 +2.04e-05 +4.39e-03 +4.39e-03 +1.77e+00 +0.00e+00  1
    176 +8.7880e-04 +1.00e-04 +1.00e+07      0        1        1        1  0 +0.00e+00 +6.32e-03 +3.91e-05 +1.00e+00 +1.00e+00 +1.00e+00 +0.00e+00  1
    177 +8.6472e-04 +1.00e-04 +1.00e+07      0        1        1        1  0 +2.54e-20 +5.56e-03 +1.50e-05 +4.35e-03 +4.35e-03 +2.58e+01 +0.00e+00  1
    178 +8.5561e-04 +1.00e-04 +1.00e+07      0        1        1        1  0 +0.00e+00 +2.62e-02 +7.47e-05 +1.72e-02 +1.72e-02 +1.34e+01 +0.00e+00  1
    179 +8.4728e-04 +1.00e-04 +1.00e+07      0        1        1        1  0 +0.00e+00 +2.02e-02 +5.77e-05 +1.00e+00 +1.00e+00 +1.03e+01 +0.00e+00  1
-----------------------------------------------------------------------------------------------------------------------------------------------------
  Iter.  Objective   St. Rad.  Tr. Rad.  |Pts| In. Its.  QP Pts.  QP Its. QP   QP KKT    |Step|   |Step|_H  |Grad.|  |G. Cmb.|  Stepsize Up. Fact. U?
-----------------------------------------------------------------------------------------------------------------------------------------------------
    180 +6.5865e-04 +1.00e-04 +1.00e+07      0        1        1        1  0 +0.00e+00 +7.12e-02 +7.53e-04 +8.93e-03 +8.93e-03 +1.00e+00 +0.00e+00  1
    181 +5.6174e-04 +1.00e-04 +1.00e+07      0        1        1        1  0 +0.00e+00 +8.92e-02 +1.70e-04 +1.00e+00 +1.00e+00 +1.00e+00 +0.00e+00  1
    182 +3.9270e-04 +1.00e-04 +1.00e+07      0        1        1        1  0 +0.00e+00 +1.15e-01 +1.56e-04 +3.33e-01 +3.33e-01 +1.00e+00 +0.00e+00  1
    183 +3.8678e-04 +1.00e-04 +1.00e+07      0        1        1        1  0 +0.00e+00 +1.65e-01 +1.87e-04 +1.00e+00 +1.00e+00 +1.00e+00 +0.00e+00  1
    184 +3.5078e-04 +1.00e-04 +1.00e+07      0        1        1        1  0 +0.00e+00 +7.85e-02 +8.53e-05 +3.65e-03 +3.65e-03 +1.00e+00 +0.00e+00  1
    185 +2.7010e-04 +1.00e-04 +1.00e+07      0        1        1        1  0 +0.00e+00 +8.36e-01 +7.07e-04 +3.33e-03 +3.33e-03 +3.12e-02 +0.00e+00  1
    186 +2.5649e-04 +1.00e-04 +1.00e+07      0        1        1        1  0 +0.00e+00 +2.32e-02 +4.72e-05 +1.00e+00 +1.00e+00 +1.09e+00 +0.00e+00  1
    187 +2.3731e-04 +1.00e-04 +1.00e+07      0        1        1        1  0 +0.00e+00 +3.21e-02 +4.20e-05 +3.33e-01 +3.33e-01 +5.00e-01 +0.00e+00  1
    188 +2.3052e-04 +1.00e-04 +1.00e+07      0        1        1        1  0 +0.00e+00 +8.03e-03 +4.69e-06 +3.03e-03 +3.03e-03 +1.77e+00 +0.00e+00  1
    189 +2.2908e-04 +1.00e-04 +1.00e+07      0        1        1        1  0 +0.00e+00 +6.18e-03 +8.16e-06 +3.33e-01 +3.33e-01 +1.00e+00 +0.00e+00  1
    190 +2.2681e-04 +1.00e-04 +1.00e+07      0        1        1        1  0 +1.36e-20 +4.81e-03 +2.12e-06 +3.03e-03 +3.03e-03 +1.77e+00 +0.00e+00  1
    191 +2.2535e-04 +1.00e-04 +1.00e+07      0        1        1        1  0 +0.00e+00 +1.34e-03 +2.97e-06 +3.33e-01 +3.33e-01 +1.00e+00 +0.00e+00  1
    192 +2.2455e-04 +1.00e-04 +1.00e+07      1        1        1        1  0 +9.32e-21 +3.88e-03 +1.13e-06 +3.06e-03 +3.06e-03 +4.09e+00 +0.00e+00  1
    193 +2.2389e-04 +1.00e-04 +1.00e+07      0        1        1        1  0 +0.00e+00 +3.81e-03 +1.78e-06 +3.33e-01 +3.33e-01 +7.19e+00 +0.00e+00  1
    194 +2.2220e-04 +1.00e-04 +1.00e+07      0        1        1        1  0 +0.00e+00 +5.40e-03 +3.06e-06 +3.39e-03 +3.39e-03 +1.00e+00 +0.00e+00  1
    195 +2.1941e-04 +1.00e-04 +1.00e+07      0        1        1        1  0 +1.36e-20 +4.31e-03 +2.31e-05 +3.30e-03 +3.30e-03 +2.50e-01 +0.00e+00  1
    196 +2.1661e-04 +1.00e-04 +1.00e+07      1        1        1        1  0 +0.00e+00 +7.97e-03 +4.70e-06 +3.33e-01 +3.33e-01 +1.00e+00 +0.00e+00  1
    197 +2.1227e-04 +1.00e-04 +1.00e+07      0        1        1        1  0 +1.36e-20 +3.81e-02 +1.54e-05 +3.26e-03 +3.26e-03 +1.88e-01 +0.00e+00  1
    198 +2.1140e-04 +1.00e-04 +1.00e+07      0        1        1        1  0 +0.00e+00 +1.19e-02 +7.98e-06 +3.33e-02 +3.33e-02 +1.00e+00 +0.00e+00  1
    199 +2.0888e-04 +1.00e-04 +1.00e+07      0        1        1        1  0 +0.00e+00 +7.23e-03 +2.70e-06 +3.17e-03 +3.17e-03 +5.00e-01 +0.00e+00  1
-----------------------------------------------------------------------------------------------------------------------------------------------------
  Iter.  Objective   St. Rad.  Tr. Rad.  |Pts| In. Its.  QP Pts.  QP Its. QP   QP KKT    |Step|   |Step|_H  |Grad.|  |G. Cmb.|  Stepsize Up. Fact. U?
-----------------------------------------------------------------------------------------------------------------------------------------------------
    200 +2.0848e-04 +1.00e-04 +1.00e+07      1        1        1        1  0 +0.00e+00 +1.97e-03 +8.22e-07 +3.70e-02 +3.70e-02 +1.00e+00 +0.00e+00  1
    201 +2.0825e-04 +1.00e-04 +1.00e+07      2        1        1        1  0 +0.00e+00 +7.53e-04 +1.03e-06 +3.33e-01 +3.33e-01 +5.00e-01 +0.00e+00  1
    202 +2.0824e-04 +1.00e-04 +1.00e+07      3        1        1        1  0 +5.51e-21 +1.02e-03 +5.58e-07 +3.15e-03 +3.15e-03 +1.00e+00 +0.00e+00  1
    203 +2.0794e-04 +1.00e-04 +1.00e+07      4        1        1        1  0 +0.00e+00 +8.02e-04 +3.30e-07 +3.70e-02 +3.70e-02 +1.00e+00 +0.00e+00  1
    204 +2.0779e-04 +1.00e-04 +1.00e+07      5        1        1        1  0 +1.29e-20 +5.25e-04 +2.65e-07 +3.14e-03 +3.14e-03 +1.34e+01 +0.00e+00  1
    205 +2.0698e-04 +1.00e-04 +1.00e+07      0        1        1        1  0 +0.00e+00 +3.84e-03 +2.36e-06 +3.45e-02 +3.45e-02 +1.00e+00 +0.00e+00  1
    206 +2.0544e-04 +1.00e-04 +1.00e+07      1        1        1        1  0 +0.00e+00 +7.30e-03 +6.11e-06 +3.57e-02 +3.57e-02 +1.00e+00 +0.00e+00  1
    207 +2.0027e-04 +1.00e-04 +1.00e+07      0        1        1        1  0 +0.00e+00 +2.24e-02 +2.11e-05 +3.70e-02 +3.70e-02 +5.00e-01 +0.00e+00  1
    208 +1.9151e-04 +1.00e-04 +1.00e+07      0        1        1        1  0 +0.00e+00 +2.00e-02 +1.90e-05 +4.00e-02 +4.00e-02 +3.75e-01 +0.00e+00  1
    209 +1.8528e-04 +1.00e-04 +1.00e+07      0        1        1        1  0 +0.00e+00 +8.69e-03 +3.42e-05 +1.11e-02 +1.11e-02 +1.00e+00 +0.00e+00  1
    210 +1.8146e-04 +1.00e-04 +1.00e+07      0        1        1        1  0 +0.00e+00 +5.60e-03 +1.01e-05 +3.85e-02 +3.85e-02 +1.56e-01 +0.00e+00  1
    211 +1.8131e-04 +1.00e-04 +1.00e+07      1        1        1        1  0 +0.00e+00 +5.71e-04 +1.34e-05 +1.00e+00 +1.00e+00 +1.00e+00 +0.00e+00  1
    212 +1.8046e-04 +1.00e-04 +1.00e+07      2        1        1        1  0 +0.00e+00 +9.25e-04 +9.25e-07 +3.85e-02 +3.85e-02 +7.19e+00 +0.00e+00  1
    213 +1.7569e-04 +1.00e-04 +1.00e+07      0        1        1        1  0 +0.00e+00 +3.95e-03 +2.71e-06 +3.57e-02 +3.57e-02 +6.25e-01 +0.00e+00  1
    214 +1.7499e-04 +1.00e-04 +1.00e+07      1        1        1        1  0 +0.00e+00 +3.06e-03 +1.33e-05 +5.00e-01 +5.00e-01 +1.00e+00 +0.00e+00  1
    215 +1.7458e-04 +1.00e-04 +1.00e+07      2        1        1        1  0 +3.39e-21 +7.96e-04 +1.02e-06 +3.57e-02 +3.57e-02 +1.34e+01 +0.00e+00  1
    216 +1.7066e-04 +1.00e-04 +1.00e+07      0        1        1        1  0 +0.00e+00 +2.46e-03 +8.60e-06 +1.00e+00 +1.00e+00 +1.00e+00 +0.00e+00  1
    217 +1.6313e-04 +1.00e-04 +1.00e+07      1        1        1        1  0 +0.00e+00 +3.82e-03 +1.76e-06 +2.78e-03 +2.78e-03 +2.16e+00 +0.00e+00  1
    218 +1.6269e-04 +1.00e-04 +1.00e+07      0        1        1        1  0 +0.00e+00 +5.95e-03 +1.42e-05 +1.10e-02 +1.10e-02 +1.00e+00 +0.00e+00  1
    219 +1.6094e-04 +1.00e-04 +1.00e+07      0        1        1        1  0 +9.32e-21 +1.84e-03 +1.78e-06 +2.77e-03 +2.77e-03 +2.50e-01 +0.00e+00  1
-----------------------------------------------------------------------------------------------------------------------------------------------------
  Iter.  Objective   St. Rad.  Tr. Rad.  |Pts| In. Its.  QP Pts.  QP Its. QP   QP KKT    |Step|   |Step|_H  |Grad.|  |G. Cmb.|  Stepsize Up. Fact. U?
-----------------------------------------------------------------------------------------------------------------------------------------------------
    220 +1.6050e-04 +1.00e-04 +1.00e+07      1        1        1        1  0 +0.00e+00 +1.19e-03 +1.36e-06 +5.00e-01 +5.00e-01 +1.00e+00 +0.00e+00  1
    221 +1.6022e-04 +1.00e-04 +1.00e+07      2        1        1        1  0 +1.10e-20 +2.83e-03 +1.11e-06 +2.76e-03 +2.76e-03 +1.77e+00 +0.00e+00  1
    222 +1.5963e-04 +1.00e-04 +1.00e+07      0        1        1        1  0 +0.00e+00 +3.85e-03 +7.26e-06 +1.10e-02 +1.10e-02 +5.00e-01 +0.00e+00  1
    223 +1.5897e-04 +1.00e-04 +1.00e+07      1        1        1        1  0 +4.24e-21 +5.61e-04 +3.02e-07 +2.75e-03 +2.75e-03 +7.19e+00 +0.00e+00  1
    224 +1.5884e-04 +1.00e-04 +1.00e+07      1        1        1        1  0 +0.00e+00 +1.61e-03 +2.12e-06 +1.10e-02 +1.10e-02 +1.00e+00 +0.00e+00  1
    225 +1.5752e-04 +1.00e-04 +1.00e+07      2        1        1        1  0 +0.00e+00 +1.30e-03 +8.53e-07 +2.75e-03 +2.75e-03 +1.00e+00 +0.00e+00  1
    226 +1.5703e-04 +1.00e-04 +1.00e+07      3        1        1        1  0 +0.00e+00 +2.64e-03 +1.32e-06 +5.00e-01 +5.00e-01 +1.00e+00 +0.00e+00  1
    227 +1.5700e-04 +1.00e-04 +1.00e+07      2        1        1        1  0 +8.47e-21 +1.62e-03 +1.24e-06 +1.10e-02 +1.10e-02 +5.05e+01 +0.00e+00  1
    228 +1.3073e-04 +1.00e-04 +1.00e+07      0        1        1        1  0 +0.00e+00 +3.37e-02 +2.04e-05 +9.09e-02 +9.09e-02 +5.00e-01 +0.00e+00  1
    229 +1.2577e-04 +1.00e-04 +1.00e+07      0        1        1        1  0 +0.00e+00 +5.44e-03 +1.82e-06 +2.50e-01 +2.50e-01 +1.00e+00 +0.00e+00  1
    230 +1.2478e-04 +1.00e-04 +1.00e+07      0        1        1        1  0 +0.00e+00 +5.83e-04 +1.59e-06 +1.00e-01 +1.00e-01 +1.00e+00 +0.00e+00  1
    231 +1.2377e-04 +1.00e-04 +1.00e+07      1        1        1        1  0 +0.00e+00 +7.71e-03 +2.54e-06 +2.50e-01 +2.50e-01 +7.19e+00 +0.00e+00  1
    232 +1.1549e-04 +1.00e-04 +1.00e+07      0        1        1        1  0 +0.00e+00 +1.85e-02 +8.42e-06 +7.69e-02 +7.69e-02 +1.00e+00 +0.00e+00  1
    233 +1.1443e-04 +1.00e-04 +1.00e+07      0        1        1        1  0 +0.00e+00 +2.59e-02 +5.99e-06 +1.27e-02 +1.27e-02 +2.50e-01 +0.00e+00  1
    234 +1.1302e-04 +1.00e-04 +1.00e+07      0        1        1        1  0 +0.00e+00 +5.30e-02 +1.62e-05 +1.23e-02 +1.23e-02 +9.77e-04 +0.00e+00  1
    235 +1.1301e-04 +1.00e-04 +1.00e+07      1        1        1        1  0 +0.00e+00 +2.99e-03 +3.33e-07 +9.09e-02 +9.09e-02 +3.13e+00 +0.00e+00  1
    236 +1.1220e-04 +1.00e-04 +1.00e+07      0        1        1        1  0 +0.00e+00 +2.28e-02 +2.04e-06 +1.27e-02 +1.27e-02 +7.81e-03 +0.00e+00  1
    237 +1.1220e-04 +1.00e-04 +1.00e+07      1        1        1        1  0 +0.00e+00 +5.84e-05 +3.74e-07 +8.33e-02 +8.33e-02 +1.26e+01 +0.00e+00  1
    238 +1.1008e-04 +1.00e-04 +1.00e+07      2        1        1        1  0 +0.00e+00 +8.04e-04 +7.28e-07 +2.50e-01 +2.50e-01 +1.34e+01 +0.00e+00  1
    239 +1.1000e-04 +1.00e-04 +1.00e+07      0        1        1        1  0 +0.00e+00 +1.74e-03 +5.37e-06 +1.00e-03 +1.00e-03 +5.00e-01 +0.00e+00  1
-----------------------------------------------------------------------------------------------------------------------------------------------------
  Iter.  Objective   St. Rad.  Tr. Rad.  |Pts| In. Its.  QP Pts.  QP Its. QP   QP KKT    |Step|   |Step|_H  |Grad.|  |G. Cmb.|  Stepsize Up. Fact. U?
-----------------------------------------------------------------------------------------------------------------------------------------------------
    240 +1.0949e-04 +1.00e-04 +1.00e+07      1        1        1        1  0 +3.39e-21 +1.65e-03 +1.06e-06 +1.33e-02 +1.33e-02 +1.77e+00 +0.00e+00  1
    241 +1.0903e-04 +1.00e-04 +1.00e+07      1        1        1        1  0 +5.08e-21 +2.09e-04 +1.05e-06 +1.00e-03 +1.00e-03 +1.00e+00 +0.00e+00  1
    242 +1.0829e-04 +1.00e-04 +1.00e+07      2        1        1        1  0 +0.00e+00 +1.82e-03 +5.31e-07 +1.32e-02 +1.32e-02 +1.00e+00 +0.00e+00  1
    243 +1.0813e-04 +1.00e-04 +1.00e+07      2        1        1        1  0 +3.81e-21 +3.36e-03 +5.52e-07 +1.00e-03 +1.00e-03 +1.39e+00 +0.00e+00  1
    244 +1.0764e-04 +1.00e-04 +1.00e+07      0        1        1        1  0 +0.00e+00 +4.06e-03 +3.66e-06 +2.50e-01 +2.50e-01 +5.00e-01 +0.00e+00  1
    245 +1.0752e-04 +1.00e-04 +1.00e+07      1        1        1        1  0 +0.00e+00 +3.51e-05 +3.78e-07 +1.00e-03 +1.00e-03 +7.81e-03 +0.00e+00  1
    246 +1.0752e-04 +1.00e-04 +1.00e+07      2        1        1        1  0 +0.00e+00 +3.65e-04 +1.24e-07 +1.30e-02 +1.30e-02 +6.32e+00 +0.00e+00  1
    247 +1.0691e-04 +1.00e-04 +1.00e+07      3        1        1        1  0 +0.00e+00 +1.16e-03 +8.90e-07 +2.50e-01 +2.50e-01 +5.00e-01 +0.00e+00  1
    248 +1.0684e-04 +1.00e-04 +1.00e+07      4        1        1        1  0 +0.00e+00 +3.73e-04 +3.61e-07 +1.00e-03 +1.00e-03 +7.19e+00 +0.00e+00  1
    249 +1.0606e-04 +1.00e-04 +1.00e+07      3        1        1        1  0 +0.00e+00 +1.22e-03 +8.94e-07 +5.00e-01 +5.00e-01 +1.77e+00 +0.00e+00  1
    250 +1.0570e-04 +1.00e-04 +1.00e+07      4        1        1        1  0 +0.00e+00 +7.93e-04 +9.18e-07 +1.28e-02 +1.28e-02 +1.00e+00 +0.00e+00  1
    251 +1.0492e-04 +1.00e-04 +1.00e+07      5        1        1        1  0 +0.00e+00 +5.64e-04 +5.61e-07 +5.00e-01 +5.00e-01 +1.00e+00 +0.00e+00  1
    252 +1.0467e-04 +1.00e-04 +1.00e+07      6        1        1        1  0 +3.39e-21 +1.30e-03 +1.61e-06 +1.28e-02 +1.28e-02 +1.00e+00 +0.00e+00  1
    253 +1.0322e-04 +1.00e-04 +1.00e+07      6        1        1        1  0 +0.00e+00 +1.04e-02 +1.01e-05 +9.09e-02 +9.09e-02 +1.77e+00 +0.00e+00  1
    254 +9.0344e-05 +1.00e-04 +1.00e+07      0        1        1        1  0 +0.00e+00 +1.25e-02 +3.70e-05 +1.00e+00 +1.00e+00 +2.50e-01 +0.00e+00  1
    255 +8.8417e-05 +1.00e-04 +1.00e+07      0        1        1        1  0 +0.00e+00 +1.81e-03 +1.41e-06 +9.09e-02 +9.09e-02 +4.09e+00 +0.00e+00  1
    256 +8.8222e-05 +1.00e-04 +1.00e+07      0        1        1        1  0 +0.00e+00 +2.31e-03 +5.00e-06 +1.00e+00 +1.00e+00 +1.00e+00 +0.00e+00  1
    257 +8.4773e-05 +1.00e-04 +1.00e+07      1        1        1        1  0 +0.00e+00 +2.96e-03 +1.99e-06 +9.09e-02 +9.09e-02 +1.00e+00 +0.00e+00  1
    258 +8.3342e-05 +1.00e-04 +1.00e+07      1        1        1        1  0 +0.00e+00 +7.02e-03 +4.32e-06 +1.00e+00 +1.00e+00 +1.34e+01 +0.00e+00  1
    259 +4.0737e-05 +1.00e-04 +1.00e+07      0        1        1        1  0 +0.00e+00 +6.50e-02 +1.59e-05 +8.55e-03 +8.55e-03 +2.50e-01 +0.00e+00  1
-----------------------------------------------------------------------------------------------------------------------------------------------------
  Iter.  Objective   St. Rad.  Tr. Rad.  |Pts| In. Its.  QP Pts.  QP Its. QP   QP KKT    |Step|   |Step|_H  |Grad.|  |G. Cmb.|  Stepsize Up. Fact. U?
-----------------------------------------------------------------------------------------------------------------------------------------------------
    260 +3.7722e-05 +1.00e-04 +1.00e+07      0        1        1        1  0 +0.00e+00 +1.84e-02 +2.42e-06 +7.81e-03 +7.81e-03 +9.38e-02 +0.00e+00  1
    261 +3.7648e-05 +1.00e-04 +1.00e+07      1        1        1        1  0 +0.00e+00 +5.76e-05 +7.30e-07 +2.70e-02 +2.70e-02 +9.38e-01 +0.00e+00  1
    262 +3.7482e-05 +1.00e-04 +1.00e+07      2        1        1        1  0 +0.00e+00 +1.70e-03 +2.37e-07 +7.75e-03 +7.75e-03 +7.19e+00 +0.00e+00  1
    263 +3.6954e-05 +1.00e-04 +1.00e+07      0        1        1        1  0 +0.00e+00 +1.02e-02 +7.30e-06 +3.33e-01 +3.33e-01 +5.00e-01 +0.00e+00  1
    264 +3.6592e-05 +1.00e-04 +1.00e+07      0        1        1        1  0 +0.00e+00 +6.41e-04 +1.09e-07 +7.52e-03 +7.52e-03 +7.19e+00 +0.00e+00  1
    265 +3.6337e-05 +1.00e-04 +1.00e+07      0        1        1        1  0 +0.00e+00 +3.67e-03 +2.48e-06 +3.33e-01 +3.33e-01 +5.00e-01 +0.00e+00  1
    266 +3.6106e-05 +1.00e-04 +1.00e+07      1        1        1        1  0 +0.00e+00 +2.92e-04 +1.14e-07 +7.41e-03 +7.41e-03 +7.19e+00 +0.00e+00  1
    267 +3.6079e-05 +1.00e-04 +1.00e+07      2        1        1        1  0 +0.00e+00 +1.19e-03 +7.29e-07 +3.33e-01 +3.33e-01 +1.00e+00 +0.00e+00  1
    268 +3.5535e-05 +1.00e-04 +1.00e+07      3        1        1        1  0 +0.00e+00 +2.43e-04 +3.32e-07 +7.41e-03 +7.41e-03 +1.00e+00 +0.00e+00  1
    269 +3.5270e-05 +1.00e-04 +1.00e+07      4        1        1        1  0 +0.00e+00 +3.14e-04 +1.40e-06 +3.33e-01 +3.33e-01 +7.19e+00 +0.00e+00  1
    270 +3.3445e-05 +1.00e-04 +1.00e+07      0        1        1        1  0 +0.00e+00 +8.27e-04 +1.63e-06 +2.25e-03 +2.25e-03 +2.55e+00 +0.00e+00  1
    271 +3.3371e-05 +1.00e-04 +1.00e+07      0        1        1        1  0 +0.00e+00 +1.30e-03 +5.46e-06 +3.33e-01 +3.33e-01 +1.00e+00 +0.00e+00  1
    272 +3.2025e-05 +1.00e-04 +1.00e+07      1        1        1        1  0 +0.00e+00 +5.07e-04 +8.59e-07 +2.20e-03 +2.20e-03 +1.77e+00 +0.00e+00  1
    273 +3.0849e-05 +1.00e-04 +1.00e+07      2        1        1        1  0 +0.00e+00 +4.87e-04 +2.01e-06 +3.33e-01 +3.33e-01 +2.50e-01 +0.00e+00  1
    274 +3.0773e-05 +1.00e-04 +1.00e+07      3        1        1        1  0 +1.27e-21 +1.76e-04 +1.38e-07 +2.15e-03 +2.15e-03 +4.09e+00 +0.00e+00  1
    275 +3.0677e-05 +1.00e-04 +1.00e+07      4        1        1        1  0 +1.69e-21 +8.35e-05 +2.71e-07 +3.33e-01 +3.33e-01 +7.19e+00 +0.00e+00  1
    276 +3.0633e-05 +1.00e-04 +1.00e+07      4        1        1        1  0 +0.00e+00 +6.30e-04 +4.16e-07 +2.17e-03 +2.17e-03 +1.34e+01 +0.00e+00  1
    277 +2.9019e-05 +1.00e-04 +1.00e+07      0        1        1        1  0 +0.00e+00 +3.11e-03 +1.75e-06 +3.33e-01 +3.33e-01 +1.00e+00 +0.00e+00  1
    278 +2.8619e-05 +1.00e-04 +1.00e+07      0        1        1        1  0 +0.00e+00 +3.66e-03 +3.24e-06 +5.00e-01 +5.00e-01 +1.00e+00 +0.00e+00  1
    279 +2.6594e-05 +1.00e-04 +1.00e+07      0        1        1        1  0 +0.00e+00 +4.79e-03 +3.82e-06 +3.33e-01 +3.33e-01 +6.25e-02 +0.00e+00  1
-----------------------------------------------------------------------------------------------------------------------------------------------------
  Iter.  Objective   St. Rad.  Tr. Rad.  |Pts| In. Its.  QP Pts.  QP Its. QP   QP KKT    |Step|   |Step|_H  |Grad.|  |G. Cmb.|  Stepsize Up. Fact. U?
-----------------------------------------------------------------------------------------------------------------------------------------------------
    280 +2.6402e-05 +1.00e-04 +1.00e+07      1        1        1        1  0 +5.29e-22 +7.86e-04 +4.92e-07 +2.12e-03 +2.12e-03 +6.25e-01 +0.00e+00  1
    281 +2.6338e-05 +1.00e-04 +1.00e+07      2        1        1        1  0 +0.00e+00 +1.88e-04 +7.38e-07 +5.56e-02 +5.56e-02 +5.00e-01 +0.00e+00  1
    282 +2.6318e-05 +1.00e-04 +1.00e+07      3        1        1        1  0 +0.00e+00 +1.14e-04 +1.08e-07 +3.33e-01 +3.33e-01 +2.55e+00 +0.00e+00  1
    283 +2.6268e-05 +1.00e-04 +1.00e+07      4        1        1        1  0 +0.00e+00 +1.73e-04 +1.61e-07 +2.12e-03 +2.12e-03 +4.09e+00 +0.00e+00  1
    284 +2.6189e-05 +1.00e-04 +1.00e+07      5        1        1        1  0 +0.00e+00 +3.06e-05 +2.55e-07 +5.56e-02 +5.56e-02 +1.00e+00 +0.00e+00  1
    285 +2.6149e-05 +1.00e-04 +1.00e+07      6        1        1        1  0 +0.00e+00 +9.17e-04 +9.27e-07 +5.00e-01 +5.00e-01 +1.25e-01 +0.00e+00  1
    286 +2.6130e-05 +1.00e-04 +1.00e+07      7        1        1        1  0 +0.00e+00 +3.09e-04 +2.06e-07 +3.33e-01 +3.33e-01 +2.55e+00 +0.00e+00  1
    287 +2.5956e-05 +1.00e-04 +1.00e+07      8        1        1        1  0 +5.29e-22 +2.38e-04 +2.24e-07 +2.11e-03 +2.11e-03 +1.00e+00 +0.00e+00  1
    288 +2.5760e-05 +1.00e-04 +1.00e+07      9        1        1        1  0 +0.00e+00 +2.19e-04 +1.39e-07 +7.41e-03 +7.41e-03 +2.50e-01 +0.00e+00  1
    289 +2.5740e-05 +1.00e-04 +1.00e+07     10        1        1        1  0 +0.00e+00 +1.36e-04 +1.64e-07 +3.33e-01 +3.33e-01 +6.25e-02 +0.00e+00  1
    290 +2.5736e-05 +1.00e-04 +1.00e+07     11        1        1        1  0 +0.00e+00 +5.82e-05 +5.61e-08 +2.11e-03 +2.11e-03 +3.12e-01 +0.00e+00  1
    291 +2.5736e-05 +1.00e-04 +1.00e+07     12        1        1        1  0 +4.24e-22 +1.38e-05 +4.37e-08 +5.00e-01 +5.00e-01 +2.50e-01 +0.00e+00  1
    292 +2.5733e-05 +1.00e-04 +1.00e+07     13        1        1        1  0 +0.00e+00 +5.04e-05 +6.84e-08 +5.56e-02 +5.56e-02 +5.00e-01 +0.00e+00  1
    293 +2.5722e-05 +1.00e-04 +1.00e+07     14        1        1        1  0 +0.00e+00 +9.92e-06 +2.10e-08 +7.41e-03 +7.41e-03 +1.00e+00 +0.00e+00  1
    294 +2.5701e-05 +1.00e-04 +1.00e+07     15        1        1        1  0 +0.00e+00 +1.85e-05 +2.08e-08 +2.11e-03 +2.11e-03 +1.00e+00 +0.00e+00  1
    295 +2.5685e-05 +1.00e-04 +1.00e+07     16        1        1        1  0 +0.00e+00 +1.70e-04 +1.58e-07 +5.56e-02 +5.56e-02 +1.34e+01 +0.00e+00  1
    296 +2.3930e-05 +1.00e-04 +1.00e+07      0        1        1        1  0 +0.00e+00 +6.16e-03 +4.16e-06 +6.99e-03 +6.99e-03 +4.69e-02 +0.00e+00  1
    297 +2.3831e-05 +1.00e-04 +1.00e+07      1        1        1        1  0 +0.00e+00 +2.02e-04 +1.32e-06 +1.00e+00 +1.00e+00 +4.69e-01 +0.00e+00  1
    298 +2.3804e-05 +1.00e-04 +1.00e+07      2        1        1        1  0 +7.41e-22 +6.16e-05 +3.96e-08 +6.94e-03 +6.94e-03 +8.73e+00 +0.00e+00  1
    299 +2.3653e-05 +1.00e-04 +1.00e+07      3        1        1        1  0 +0.00e+00 +3.92e-04 +1.07e-06 +1.43e-01 +1.43e-01 +5.00e-01 +0.00e+00  1
-----------------------------------------------------------------------------------------------------------------------------------------------------
  Iter.  Objective   St. Rad.  Tr. Rad.  |Pts| In. Its.  QP Pts.  QP Its. QP   QP KKT    |Step|   |Step|_H  |Grad.|  |G. Cmb.|  Stepsize Up. Fact. U?
-----------------------------------------------------------------------------------------------------------------------------------------------------
    300 +2.3589e-05 +1.00e-04 +1.00e+07      4        1        1        1  0 +1.59e-22 +7.23e-05 +4.03e-08 +6.90e-03 +6.90e-03 +4.09e+00 +0.00e+00  1
    301 +2.3465e-05 +1.00e-04 +1.00e+07      5        1        1        1  0 +0.00e+00 +1.41e-04 +2.63e-07 +1.43e-01 +1.43e-01 +2.50e-01 +0.00e+00  1
    302 +2.3445e-05 +1.00e-04 +1.00e+07      6        1        1        1  0 +2.65e-22 +7.55e-05 +3.67e-08 +6.90e-03 +6.90e-03 +5.05e+01 +0.00e+00  1
    303 +2.3088e-05 +1.00e-04 +1.00e+07      0        1        1        1  0 +3.18e-22 +2.70e-04 +2.31e-08 +2.01e-03 +2.01e-03 +5.05e+01 +0.00e+00  1
    304 +2.2495e-05 +1.00e-04 +1.00e+07      0        1        1        1  0 +0.00e+00 +1.40e-02 +6.55e-07 +5.26e-02 +5.26e-02 +1.00e+00 +0.00e+00  1
    305 +2.2117e-05 +1.00e-04 +1.00e+07      0        1        1        1  0 +0.00e+00 +8.43e-03 +2.11e-07 +5.00e-02 +5.00e-02 +1.00e+00 +0.00e+00  1
    306 +2.2036e-05 +1.00e-04 +1.00e+07      0        1        1        1  0 +0.00e+00 +1.22e-03 +1.01e-07 +4.76e-02 +4.76e-02 +1.34e+01 +0.00e+00  1
    307 +2.1625e-05 +1.00e-04 +1.00e+07      0        1        1        1  0 +0.00e+00 +1.64e-02 +2.37e-06 +1.43e-01 +1.43e-01 +1.00e+00 +0.00e+00  1
    308 +2.1368e-05 +1.00e-04 +1.00e+07      0        1        1        1  0 +0.00e+00 +2.00e-03 +4.37e-07 +4.76e-02 +4.76e-02 +7.19e+00 +0.00e+00  1
    309 +2.1058e-05 +1.00e-04 +1.00e+07      0        1        1        1  0 +0.00e+00 +1.08e-02 +1.46e-06 +1.43e-01 +1.43e-01 +1.77e+00 +0.00e+00  1
    310 +1.9926e-05 +1.00e-04 +1.00e+07      0        1        1        1  0 +0.00e+00 +5.34e-03 +1.22e-06 +4.17e-02 +4.17e-02 +1.00e+00 +0.00e+00  1
    311 +1.9687e-05 +1.00e-04 +1.00e+07      0        1        1        1  0 +0.00e+00 +3.14e-03 +4.15e-07 +1.25e-01 +1.25e-01 +1.00e+00 +0.00e+00  1
    312 +1.9329e-05 +1.00e-04 +1.00e+07      0        1        1        1  0 +0.00e+00 +6.87e-02 +2.09e-05 +1.43e-01 +1.43e-01 +1.95e-03 +0.00e+00  1
    313 +1.9301e-05 +1.00e-04 +1.00e+07      1        1        1        1  0 +0.00e+00 +1.07e-03 +6.79e-08 +4.35e-02 +4.35e-02 +3.14e+00 +0.00e+00  1
    314 +1.9297e-05 +1.00e-04 +1.00e+07      0        1        1        1  0 +0.00e+00 +7.93e-04 +4.73e-08 +1.25e-01 +1.25e-01 +7.19e+00 +0.00e+00  1
    315 +1.9222e-05 +1.00e-04 +1.00e+07      0        1        1        1  0 +0.00e+00 +1.61e-03 +1.34e-07 +4.35e-02 +4.35e-02 +2.58e+01 +0.00e+00  1
    316 +1.8968e-05 +1.00e-04 +1.00e+07      0        1        1        1  0 +1.69e-21 +2.05e-04 +3.37e-07 +1.25e-01 +1.25e-01 +2.58e+01 +0.00e+00  1
    317 +1.5386e-05 +1.00e-04 +1.00e+07      0        1        1        1  0 +0.00e+00 +2.41e-02 +3.20e-06 +1.00e+00 +1.00e+00 +1.00e+00 +0.00e+00  1
    318 +1.3013e-05 +1.00e-04 +1.00e+07      0        1        1        1  0 +0.00e+00 +2.53e-03 +2.13e-06 +1.11e-01 +1.11e-01 +5.00e-01 +0.00e+00  1
    319 +1.2621e-05 +1.00e-04 +1.00e+07      1        1        1        1  0 +0.00e+00 +2.00e-02 +1.13e-06 +1.00e+00 +1.00e+00 +3.75e-01 +0.00e+00  1
-----------------------------------------------------------------------------------------------------------------------------------------------------
  Iter.  Objective   St. Rad.  Tr. Rad.  |Pts| In. Its.  QP Pts.  QP Its. QP   QP KKT    |Step|   |Step|_H  |Grad.|  |G. Cmb.|  Stepsize Up. Fact. U?
-----------------------------------------------------------------------------------------------------------------------------------------------------
    320 +1.2203e-05 +1.00e-04 +1.00e+07      0        1        1        1  0 +0.00e+00 +7.88e-03 +1.52e-06 +9.62e-03 +9.62e-03 +1.00e+00 +0.00e+00  1
    321 +1.2018e-05 +1.00e-04 +1.00e+07      0        1        1        1  0 +0.00e+00 +4.33e-03 +7.73e-07 +1.00e+00 +1.00e+00 +1.00e+00 +0.00e+00  1
    322 +1.1581e-05 +1.00e-04 +1.00e+07      0        1        1        1  0 +0.00e+00 +6.46e-03 +2.21e-06 +1.11e-01 +1.11e-01 +4.09e+00 +0.00e+00  1
    323 +7.6908e-06 +1.00e-04 +1.00e+07      0        1        1        1  0 +0.00e+00 +1.25e-02 +2.25e-06 +2.23e-03 +2.23e-03 +1.00e+00 +0.00e+00  1
    324 +7.1198e-06 +1.00e-04 +1.00e+07      0        1        1        1  0 +0.00e+00 +1.29e-02 +1.39e-06 +1.00e-03 +1.00e-03 +6.25e-01 +0.00e+00  1
    325 +6.6771e-06 +1.00e-04 +1.00e+07      0        1        1        1  0 +0.00e+00 +6.50e-03 +2.05e-06 +1.00e-01 +1.00e-01 +5.00e-01 +0.00e+00  1
    326 +6.5698e-06 +1.00e-04 +1.00e+07      0        1        1        1  0 +0.00e+00 +3.80e-04 +9.44e-08 +1.00e-03 +1.00e-03 +3.32e+00 +0.00e+00  1
    327 +6.4269e-06 +1.00e-04 +1.00e+07      1        1        1        1  0 +0.00e+00 +8.12e-04 +5.64e-07 +1.11e-01 +1.11e-01 +5.00e-01 +0.00e+00  1
    328 +6.3590e-06 +1.00e-04 +1.00e+07      2        1        1        1  0 +0.00e+00 +1.96e-04 +4.53e-08 +1.00e-03 +1.00e-03 +2.55e+00 +0.00e+00  1
    329 +6.2912e-06 +1.00e-04 +1.00e+07      3        1        1        1  0 +0.00e+00 +1.34e-04 +1.11e-07 +1.11e-01 +1.11e-01 +1.00e+00 +0.00e+00  1
    330 +6.2786e-06 +1.00e-04 +1.00e+07      4        1        1        1  0 +1.06e-22 +2.29e-04 +4.86e-08 +1.00e-03 +1.00e-03 +2.55e+00 +0.00e+00  1
    331 +6.2590e-06 +1.00e-04 +1.00e+07      5        1        1        1  0 +0.00e+00 +1.34e-03 +1.29e-07 +1.35e-02 +1.35e-02 +1.00e+00 +0.00e+00  1
    332 +6.1831e-06 +1.00e-04 +1.00e+07      6        1        1        1  0 +0.00e+00 +1.24e-03 +6.52e-08 +1.00e-03 +1.00e-03 +1.00e+00 +0.00e+00  1
    333 +6.1358e-06 +1.00e-04 +1.00e+07      7        1        1        1  0 +0.00e+00 +4.80e-03 +2.36e-07 +1.11e-01 +1.11e-01 +2.50e-01 +0.00e+00  1
    334 +6.1260e-06 +1.00e-04 +1.00e+07      3        1        1        1  0 +0.00e+00 +1.96e-03 +5.44e-08 +1.43e-02 +1.43e-02 +1.00e+00 +0.00e+00  1
    335 +6.0900e-06 +1.00e-04 +1.00e+07      1        1        1        1  0 +0.00e+00 +2.02e-03 +8.34e-08 +1.47e-02 +1.47e-02 +1.00e+00 +0.00e+00  1
    336 +6.0157e-06 +1.00e-04 +1.00e+07      1        1        1        1  0 +0.00e+00 +6.13e-03 +3.83e-07 +1.52e-02 +1.52e-02 +6.25e-02 +0.00e+00  1
    337 +6.0093e-06 +1.00e-04 +1.00e+07      2        1        1        1  0 +0.00e+00 +1.57e-03 +2.71e-08 +1.00e-03 +1.00e-03 +8.68e-01 +0.00e+00  1
    338 +5.9987e-06 +1.00e-04 +1.00e+07      2        1        1        1  0 +0.00e+00 +1.29e-03 +2.46e-07 +2.22e-03 +2.22e-03 +5.00e-01 +0.00e+00  1
    339 +5.9924e-06 +1.00e-04 +1.00e+07      3        1        1        1  0 +0.00e+00 +2.29e-06 +8.97e-09 +1.00e-03 +1.00e-03 +5.00e-01 +0.00e+00  1
-----------------------------------------------------------------------------------------------------------------------------------------------------
  Iter.  Objective   St. Rad.  Tr. Rad.  |Pts| In. Its.  QP Pts.  QP Its. QP   QP KKT    |Step|   |Step|_H  |Grad.|  |G. Cmb.|  Stepsize Up. Fact. U?
-----------------------------------------------------------------------------------------------------------------------------------------------------
    340 +5.9896e-06 +1.00e-04 +1.00e+07      4        1        1        1  0 +3.18e-22 +2.21e-05 +4.53e-09 +1.52e-02 +1.52e-02 +1.00e+00 +0.00e+00  1
    341 +5.9869e-06 +1.00e-04 +1.00e+07      5        1        1        1  0 +0.00e+00 +6.98e-05 +9.05e-09 +1.00e-03 +1.00e-03 +1.00e+00 +0.00e+00  1
    342 +5.9858e-06 +1.00e-04 +1.00e+07      6        1        1        1  0 +0.00e+00 +1.88e-04 +1.67e-08 +1.11e-01 +1.11e-01 +1.19e+00 +0.00e+00  1
    343 +5.9777e-06 +1.00e-04 +1.00e+07      7        1        1        1  0 +3.18e-22 +2.42e-04 +6.21e-08 +2.22e-03 +2.22e-03 +1.00e+00 +0.00e+00  1
    344 +5.9720e-06 +1.00e-04 +1.00e+07      8        1        1        1  0 +0.00e+00 +2.97e-05 +6.62e-09 +1.00e-03 +1.00e-03 +7.19e+00 +0.00e+00  1
    345 +5.9510e-06 +1.00e-04 +1.00e+07      9        1        1        1  0 +1.06e-22 +1.56e-04 +3.27e-08 +2.22e-03 +2.22e-03 +1.00e+00 +0.00e+00  1
    346 +5.9358e-06 +1.00e-04 +1.00e+07     10        1        1        1  0 +0.00e+00 +4.72e-04 +3.90e-08 +1.11e-01 +1.11e-01 +1.00e+00 +0.00e+00  1
    347 +5.9112e-06 +1.00e-04 +1.00e+07     11        1        1        1  0 +0.00e+00 +1.15e-03 +6.22e-08 +1.49e-02 +1.49e-02 +1.00e+00 +0.00e+00  1
    348 +5.8554e-06 +1.00e-04 +1.00e+07     12        1        1        1  0 +0.00e+00 +4.62e-03 +2.07e-07 +1.47e-02 +1.47e-02 +1.00e+00 +0.00e+00  1
    349 +5.8118e-06 +1.00e-04 +1.00e+07      0        1        1        1  0 +0.00e+00 +1.80e-03 +5.61e-08 +1.33e-02 +1.33e-02 +1.00e+00 +0.00e+00  1
    350 +5.7861e-06 +1.00e-04 +1.00e+07      1        1        1        1  0 +0.00e+00 +6.78e-05 +6.48e-09 +1.39e-02 +1.39e-02 +1.34e+01 +0.00e+00  1
    351 +5.7740e-06 +1.00e-04 +1.00e+07      1        1        1        1  0 +0.00e+00 +1.61e-03 +1.17e-07 +2.25e-03 +2.25e-03 +1.00e+00 +0.00e+00  1
    352 +5.7170e-06 +1.00e-04 +1.00e+07      2        1        1        1  0 +0.00e+00 +7.42e-04 +4.10e-08 +1.37e-02 +1.37e-02 +1.00e+00 +0.00e+00  1
    353 +5.6835e-06 +1.00e-04 +1.00e+07      3        1        1        1  0 +0.00e+00 +8.91e-04 +1.38e-07 +1.33e-02 +1.33e-02 +5.00e-01 +0.00e+00  1
    354 +5.6708e-06 +1.00e-04 +1.00e+07      3        1        1        1  0 +0.00e+00 +8.63e-04 +3.87e-08 +2.27e-03 +2.27e-03 +2.55e+00 +0.00e+00  1
    355 +5.6322e-06 +1.00e-04 +1.00e+07      1        1        1        1  0 +0.00e+00 +4.63e-04 +3.22e-08 +1.27e-02 +1.27e-02 +1.00e+00 +0.00e+00  1
    356 +5.6008e-06 +1.00e-04 +1.00e+07      2        1        1        1  0 +0.00e+00 +2.96e-03 +4.47e-07 +1.28e-02 +1.28e-02 +1.56e-02 +0.00e+00  1
    357 +5.5977e-06 +1.00e-04 +1.00e+07      3        1        1        1  0 +2.12e-22 +4.36e-04 +2.39e-08 +2.28e-03 +2.28e-03 +3.28e+00 +0.00e+00  1
    358 +5.5447e-06 +1.00e-04 +1.00e+07      3        1        1        1  0 +0.00e+00 +1.28e-03 +7.86e-08 +1.23e-02 +1.23e-02 +1.25e-01 +0.00e+00  1
    359 +5.5398e-06 +1.00e-04 +1.00e+07      4        1        1        1  0 +3.18e-22 +7.85e-05 +1.33e-07 +3.85e-02 +3.85e-02 +1.00e+00 +0.00e+00  1
-----------------------------------------------------------------------------------------------------------------------------------------------------
  Iter.  Objective   St. Rad.  Tr. Rad.  |Pts| In. Its.  QP Pts.  QP Its. QP   QP KKT    |Step|   |Step|_H  |Grad.|  |G. Cmb.|  Stepsize Up. Fact. U?
-----------------------------------------------------------------------------------------------------------------------------------------------------
    360 +5.4287e-06 +1.00e-04 +1.00e+07      5        1        1        1  0 +0.00e+00 +8.54e-04 +1.05e-06 +1.25e-02 +1.25e-02 +1.00e+00 +0.00e+00  1
    361 +4.9779e-06 +1.00e-04 +1.00e+07      6        1        1        1  0 +0.00e+00 +1.10e-04 +4.74e-08 +2.50e-01 +2.50e-01 +1.34e+01 +0.00e+00  1
    362 +4.8523e-06 +1.00e-04 +1.00e+07      7        1        1        1  0 +0.00e+00 +1.19e-03 +3.55e-06 +5.56e-03 +5.56e-03 +1.00e+00 +0.00e+00  1
    363 +4.8240e-06 +1.00e-04 +1.00e+07      8        1        1        1  0 +0.00e+00 +3.91e-04 +1.26e-07 +2.50e-01 +2.50e-01 +7.19e+00 +0.00e+00  1
    364 +4.3582e-06 +1.00e-04 +1.00e+07      4        1        1        1  0 +0.00e+00 +2.20e-04 +1.03e-07 +1.00e-03 +1.00e-03 +8.75e-01 +0.00e+00  1
    365 +4.3254e-06 +1.00e-04 +1.00e+07      5        1        1        1  0 +0.00e+00 +1.55e-03 +6.37e-07 +5.62e-03 +5.62e-03 +1.00e+00 +0.00e+00  1
    366 +4.2829e-06 +1.00e-04 +1.00e+07      6        1        1        1  0 +0.00e+00 +1.19e-03 +2.91e-07 +2.50e-01 +2.50e-01 +5.00e-01 +0.00e+00  1
    367 +4.1990e-06 +1.00e-04 +1.00e+07      7        1        1        1  0 +0.00e+00 +2.57e-04 +5.21e-08 +1.00e-03 +1.00e-03 +1.00e+00 +0.00e+00  1
    368 +4.1801e-06 +1.00e-04 +1.00e+07      8        1        1        1  0 +0.00e+00 +8.62e-05 +3.97e-08 +2.50e-01 +2.50e-01 +1.00e+00 +0.00e+00  1
    369 +4.1499e-06 +1.00e-04 +1.00e+07      9        1        1        1  0 +7.94e-23 +1.23e-04 +4.24e-08 +1.00e-03 +1.00e-03 +1.39e+00 +0.00e+00  1
    370 +4.1097e-06 +1.00e-04 +1.00e+07     10        1        1        1  0 +4.24e-22 +8.84e-05 +2.18e-07 +5.56e-03 +5.56e-03 +5.00e-01 +0.00e+00  1
    371 +4.1091e-06 +1.00e-04 +1.00e+07     11        1        1        1  0 +2.12e-22 +1.74e-05 +2.14e-08 +2.50e-01 +2.50e-01 +1.00e+00 +0.00e+00  1
    372 +4.1064e-06 +1.00e-04 +1.00e+07     12        1        1        1  0 +1.85e-22 +1.27e-04 +2.59e-08 +1.00e-03 +1.00e-03 +4.09e+00 +0.00e+00  1
    373 +4.0773e-06 +1.00e-04 +1.00e+07     13        1        1        1  0 +3.97e-22 +2.52e-05 +6.43e-08 +5.56e-03 +5.56e-03 +7.19e+00 +0.00e+00  1
    374 +4.0747e-06 +1.00e-04 +1.00e+07     14        1        1        1  0 +3.71e-22 +4.50e-04 +8.02e-08 +1.00e-03 +1.00e-03 +2.58e+01 +0.00e+00  1
    375 +3.6697e-06 +1.00e-04 +1.00e+07      0        1        1        1  0 +0.00e+00 +7.19e-04 +3.55e-07 +4.93e-03 +4.93e-03 +5.00e-01 +0.00e+00  1
    376 +3.6641e-06 +1.00e-04 +1.00e+07      1        1        1        1  0 +0.00e+00 +3.25e-03 +2.01e-07 +2.00e-01 +2.00e-01 +2.55e+00 +0.00e+00  1
    377 +3.5197e-06 +1.00e-04 +1.00e+07      0        1        1        1  0 +0.00e+00 +5.93e-03 +9.10e-07 +1.45e-02 +1.45e-02 +1.00e+00 +0.00e+00  1
    378 +3.5069e-06 +1.00e-04 +1.00e+07      0        1        1        1  0 +0.00e+00 +1.62e-03 +1.09e-07 +2.00e-01 +2.00e-01 +2.55e+00 +0.00e+00  1
    379 +3.2415e-06 +1.00e-04 +1.00e+07      0        1        1        1  0 +0.00e+00 +2.88e-03 +4.28e-07 +1.43e-02 +1.43e-02 +6.25e-02 +0.00e+00  1
-----------------------------------------------------------------------------------------------------------------------------------------------------
  Iter.  Objective   St. Rad.  Tr. Rad.  |Pts| In. Its.  QP Pts.  QP Its. QP   QP KKT    |Step|   |Step|_H  |Grad.|  |G. Cmb.|  Stepsize Up. Fact. U?
-----------------------------------------------------------------------------------------------------------------------------------------------------
    380 +3.2396e-06 +1.00e-04 +1.00e+07      1        1        1        1  0 +0.00e+00 +1.54e-05 +1.36e-08 +2.00e-01 +2.00e-01 +2.55e+01 +0.00e+00  1
    381 +3.2316e-06 +1.00e-04 +1.00e+07      2        1        1        1  0 +2.12e-22 +3.35e-04 +1.67e-07 +5.24e-03 +5.24e-03 +1.00e+00 +0.00e+00  1
    382 +3.1473e-06 +1.00e-04 +1.00e+07      3        1        1        1  0 +0.00e+00 +3.52e-04 +3.99e-08 +1.41e-02 +1.41e-02 +2.55e+00 +0.00e+00  1
    383 +3.1396e-06 +1.00e-04 +1.00e+07      3        1        1        1  0 +0.00e+00 +4.06e-04 +8.14e-08 +3.57e-02 +3.57e-02 +1.00e+00 +0.00e+00  1
    384 +3.0853e-06 +1.00e-04 +1.00e+07      4        1        1        1  0 +2.12e-22 +2.12e-04 +3.19e-08 +1.39e-02 +1.39e-02 +1.00e+00 +0.00e+00  1
    385 +3.0589e-06 +1.00e-04 +1.00e+07      5        1        1        1  0 +0.00e+00 +3.25e-04 +7.74e-08 +3.57e-02 +3.57e-02 +9.38e-02 +0.00e+00  1
    386 +3.0574e-06 +1.00e-04 +1.00e+07      6        1        1        1  0 +0.00e+00 +1.57e-05 +1.08e-08 +5.15e-03 +5.15e-03 +9.38e-01 +0.00e+00  1
    387 +3.0521e-06 +1.00e-04 +1.00e+07      7        1        1        1  0 +2.12e-22 +4.14e-05 +6.10e-09 +3.57e-02 +3.57e-02 +1.00e+00 +0.00e+00  1
    388 +3.0505e-06 +1.00e-04 +1.00e+07      8        1        1        1  0 +0.00e+00 +3.73e-04 +2.91e-08 +1.39e-02 +1.39e-02 +4.09e+00 +0.00e+00  1
    389 +3.0066e-06 +1.00e-04 +1.00e+07      6        1        1        1  0 +0.00e+00 +1.01e-03 +2.82e-07 +2.00e-01 +2.00e-01 +5.00e-01 +0.00e+00  1
    390 +2.9829e-06 +1.00e-04 +1.00e+07      7        1        1        1  0 +2.12e-22 +1.55e-04 +1.61e-08 +5.10e-03 +5.10e-03 +7.19e+00 +0.00e+00  1
    391 +2.9668e-06 +1.00e-04 +1.00e+07      5        1        1        1  0 +0.00e+00 +3.21e-04 +7.99e-08 +2.00e-01 +2.00e-01 +1.00e+00 +0.00e+00  1
    392 +2.9015e-06 +1.00e-04 +1.00e+07      6        1        1        1  0 +0.00e+00 +4.51e-04 +3.99e-08 +1.35e-02 +1.35e-02 +1.00e+00 +0.00e+00  1
    393 +2.8674e-06 +1.00e-04 +1.00e+07      4        1        1        1  0 +0.00e+00 +4.36e-03 +3.64e-07 +2.00e-01 +2.00e-01 +5.00e-01 +0.00e+00  1
    394 +2.7950e-06 +1.00e-04 +1.00e+07      0        1        1        1  0 +0.00e+00 +5.48e-04 +2.02e-08 +8.33e-02 +8.33e-02 +1.00e+00 +0.00e+00  1
    395 +2.7753e-06 +1.00e-04 +1.00e+07      1        1        1        1  0 +0.00e+00 +3.30e-04 +1.52e-08 +3.33e-02 +3.33e-02 +6.25e-02 +4.60e-02  1
    396 +2.7752e-06 +1.00e-04 +1.00e+07      2        1        1        1  0 +0.00e+00 +3.98e-05 +4.76e-09 +8.33e-02 +8.33e-02 +6.25e-01 +4.29e-02  1
    397 +2.7725e-06 +1.00e-04 +1.00e+07      3        1        1        1  0 +0.00e+00 +3.32e-05 +8.15e-09 +3.33e-02 +3.33e-02 +7.19e+00 +0.00e+00  1
    398 +2.7509e-06 +1.00e-04 +1.00e+07      4        1        1        1  0 +3.97e-23 +3.96e-05 +1.53e-08 +4.90e-03 +4.90e-03 +2.55e+00 +0.00e+00  1
    399 +2.7451e-06 +1.00e-04 +1.00e+07      5        1        1        1  0 +0.00e+00 +1.10e-04 +2.75e-08 +8.33e-02 +8.33e-02 +1.00e+00 +0.00e+00  1
-----------------------------------------------------------------------------------------------------------------------------------------------------
  Iter.  Objective   St. Rad.  Tr. Rad.  |Pts| In. Its.  QP Pts.  QP Its. QP   QP KKT    |Step|   |Step|_H  |Grad.|  |G. Cmb.|  Stepsize Up. Fact. U?
-----------------------------------------------------------------------------------------------------------------------------------------------------
    400 +2.7196e-06 +1.00e-04 +1.00e+07      6        1        1        1  0 +0.00e+00 +9.89e-05 +1.96e-08 +4.90e-03 +4.90e-03 +1.00e+00 +0.00e+00  1
    401 +2.7067e-06 +1.00e-04 +1.00e+07      7        1        1        1  0 +0.00e+00 +1.77e-03 +2.56e-07 +3.33e-02 +3.33e-02 +3.75e-01 +0.00e+00  1
    402 +2.6408e-06 +1.00e-04 +1.00e+07      8        1        1        1  0 +0.00e+00 +3.56e-04 +6.37e-08 +1.67e-01 +1.67e-01 +5.00e-01 +0.00e+00  1
    403 +2.6347e-06 +1.00e-04 +1.00e+07      9        1        1        1  0 +1.06e-22 +7.61e-05 +1.44e-08 +8.33e-02 +8.33e-02 +1.77e+00 +0.00e+00  1
    404 +2.6247e-06 +1.00e-04 +1.00e+07     10        1        1        1  0 +0.00e+00 +5.36e-05 +1.27e-08 +1.67e-01 +1.67e-01 +1.00e+00 +0.00e+00  1
    405 +2.6136e-06 +1.00e-04 +1.00e+07     11        1        1        1  0 +1.59e-22 +4.63e-05 +6.37e-09 +1.30e-02 +1.30e-02 +1.00e+00 +0.00e+00  1
    406 +2.6108e-06 +1.00e-04 +1.00e+07     12        1        1        1  0 +0.00e+00 +3.71e-05 +2.56e-08 +3.33e-01 +3.33e-01 +5.00e-01 +0.00e+00  1
    407 +2.6097e-06 +1.00e-04 +1.00e+07     13        1        1        1  0 +0.00e+00 +6.50e-05 +1.52e-08 +1.67e-01 +1.67e-01 +1.00e+00 +0.00e+00  1
    408 +2.6096e-06 +1.00e-04 +1.00e+07     14        1        1        1  0 +0.00e+00 +1.02e-04 +9.60e-09 +3.33e-02 +3.33e-02 +1.00e+00 +0.00e+00  1
    409 +2.6073e-06 +1.00e-04 +1.00e+07     15        1        1        1  0 +2.12e-22 +5.41e-05 +3.42e-09 +1.30e-02 +1.30e-02 +5.05e+01 +0.00e+00  1
    410 +2.5785e-06 +1.00e-04 +1.00e+07     16        1        1        1  0 +0.00e+00 +5.06e-04 +1.32e-08 +5.00e-03 +5.00e-03 +4.09e+00 +0.00e+00  1
    411 +2.5725e-06 +1.00e-04 +1.00e+07      1        1        1        1  0 +0.00e+00 +1.76e-03 +1.53e-07 +1.87e-03 +1.87e-03 +1.00e+00 +0.00e+00  1
    412 +2.5533e-06 +1.00e-04 +1.00e+07      2        1        1        1  0 +0.00e+00 +7.95e-05 +1.85e-08 +5.03e-03 +5.03e-03 +7.19e+00 +0.00e+00  1
    413 +2.5309e-06 +1.00e-04 +1.00e+07      3        1        1        1  0 +0.00e+00 +5.23e-04 +4.36e-08 +3.33e-01 +3.33e-01 +1.00e+00 +0.00e+00  1
    414 +2.5227e-06 +1.00e-04 +1.00e+07      4        1        1        1  0 +1.06e-22 +6.79e-04 +6.17e-08 +1.87e-03 +1.87e-03 +1.00e+00 +0.00e+00  1
    415 +2.4956e-06 +1.00e-04 +1.00e+07      5        1        1        1  0 +0.00e+00 +8.95e-05 +5.44e-08 +5.03e-03 +5.03e-03 +5.00e-01 +0.00e+00  1
    416 +2.4866e-06 +1.00e-04 +1.00e+07      6        1        1        1  0 +0.00e+00 +1.33e-04 +1.61e-08 +3.33e-01 +3.33e-01 +1.00e+00 +0.00e+00  1
    417 +2.4773e-06 +1.00e-04 +1.00e+07      7        1        1        1  0 +5.29e-23 +2.46e-04 +2.04e-08 +1.87e-03 +1.87e-03 +1.00e+00 +0.00e+00  1
    418 +2.4769e-06 +1.00e-04 +1.00e+07      8        1        1        1  0 +0.00e+00 +8.24e-05 +1.40e-08 +5.03e-03 +5.03e-03 +1.00e+00 +0.00e+00  1
    419 +2.4638e-06 +1.00e-04 +1.00e+07      9        1        1        1  0 +0.00e+00 +2.01e-04 +1.83e-08 +3.33e-01 +3.33e-01 +5.00e-01 +0.00e+00  1
-----------------------------------------------------------------------------------------------------------------------------------------------------
  Iter.  Objective   St. Rad.  Tr. Rad.  |Pts| In. Its.  QP Pts.  QP Its. QP   QP KKT    |Step|   |Step|_H  |Grad.|  |G. Cmb.|  Stepsize Up. Fact. U?
-----------------------------------------------------------------------------------------------------------------------------------------------------
    420 +2.4583e-06 +1.00e-04 +1.00e+07     10        1        1        1  0 +2.12e-22 +1.44e-04 +1.35e-08 +1.33e-02 +1.33e-02 +5.00e-01 +0.00e+00  1
    421 +2.4571e-06 +1.00e-04 +1.00e+07     11        1        1        1  0 +2.12e-22 +7.91e-05 +6.40e-09 +5.03e-03 +5.03e-03 +1.00e+00 +0.00e+00  1
    422 +2.4563e-06 +1.00e-04 +1.00e+07     12        1        1        1  0 +3.97e-23 +6.60e-05 +6.17e-09 +1.87e-03 +1.87e-03 +1.00e+00 +0.00e+00  1
    423 +2.4548e-06 +1.00e-04 +1.00e+07     13        1        1        1  0 +0.00e+00 +2.74e-05 +4.73e-09 +3.33e-01 +3.33e-01 +1.00e+00 +0.00e+00  1
    424 +2.4549e-06 +1.00e-04 +1.00e+07     14        1        1        1  0 +0.00e+00 +4.37e-05 +3.64e-09 +1.33e-02 +1.33e-02 +2.55e+00 +0.00e+00  1
    425 +2.4539e-06 +1.00e-04 +1.00e+07     15        1        1        1  0 +1.85e-22 +4.18e-05 +4.08e-09 +1.87e-03 +1.87e-03 +1.00e+00 +0.00e+00  1
    426 +2.4507e-06 +1.00e-04 +1.00e+07     16        1        1        1  0 +0.00e+00 +5.66e-05 +6.79e-09 +5.03e-03 +5.03e-03 +5.00e-01 +0.00e+00  1
    427 +2.4508e-06 +1.00e-04 +1.00e+07     17        1        1        1  0 +0.00e+00 +3.37e-05 +3.23e-09 +1.33e-02 +1.33e-02 +1.00e+00 +5.60e-02  1
    428 +2.4480e-06 +1.00e-04 +1.00e+07     18        1        1        1  0 +0.00e+00 +9.51e-05 +8.42e-09 +3.33e-01 +3.33e-01 +1.00e+00 +0.00e+00  1
    429 +2.4476e-06 +1.00e-04 +1.00e+07     19        1        1        1  0 +0.00e+00 +2.35e-05 +4.53e-09 +1.87e-03 +1.87e-03 +2.58e+01 +0.00e+00  1
    430 +2.4041e-06 +1.00e-04 +1.00e+07     20        1        1        1  0 +0.00e+00 +1.85e-04 +3.12e-08 +1.67e-01 +1.67e-01 +1.00e+00 +0.00e+00  1
    431 +2.3880e-06 +1.00e-04 +1.00e+07     21        1        1        1  0 +0.00e+00 +1.76e-04 +1.88e-08 +1.32e-02 +1.32e-02 +1.00e+00 +0.00e+00  1
    432 +2.3802e-06 +1.00e-04 +1.00e+07     22        1        1        1  0 +0.00e+00 +9.43e-05 +1.29e-08 +1.67e-01 +1.67e-01 +2.55e+00 +0.00e+00  1
    433 +2.3723e-06 +1.00e-04 +1.00e+07     23        1        1        1  0 +0.00e+00 +7.01e-05 +1.26e-08 +1.87e-03 +1.87e-03 +4.09e+00 +0.00e+00  1
    434 +2.3666e-06 +1.00e-04 +1.00e+07     24        1        1        1  0 +0.00e+00 +2.46e-04 +1.92e-08 +1.67e-01 +1.67e-01 +7.19e+00 +0.00e+00  1
    435 +2.3207e-06 +1.00e-04 +1.00e+07     23        1        1        1  0 +2.12e-22 +1.17e-03 +5.06e-08 +1.88e-03 +1.88e-03 +1.56e-02 +2.98e-01  1
    436 +2.3203e-06 +1.00e-04 +1.00e+07     24        1        1        1  0 +0.00e+00 +6.63e-05 +7.05e-09 +5.00e-01 +5.00e-01 +6.40e+00 +0.00e+00  1
    437 +2.2881e-06 +1.00e-04 +1.00e+07     25        1        1        1  0 +0.00e+00 +3.43e-04 +4.46e-08 +1.67e-01 +1.67e-01 +1.25e-01 +0.00e+00  1
    438 +2.2869e-06 +1.00e-04 +1.00e+07     26        1        1        1  0 +0.00e+00 +4.28e-06 +2.89e-09 +1.88e-03 +1.88e-03 +1.34e+01 +0.00e+00  1
    439 +2.2844e-06 +1.00e-04 +1.00e+07     27        1        1        1  0 +2.65e-23 +9.52e-06 +1.34e-08 +7.69e-02 +7.69e-02 +1.00e+00 +0.00e+00  1
-----------------------------------------------------------------------------------------------------------------------------------------------------
  Iter.  Objective   St. Rad.  Tr. Rad.  |Pts| In. Its.  QP Pts.  QP Its. QP   QP KKT    |Step|   |Step|_H  |Grad.|  |G. Cmb.|  Stepsize Up. Fact. U?
-----------------------------------------------------------------------------------------------------------------------------------------------------
    440 +2.2798e-06 +1.00e-04 +1.00e+07     28        1        1        1  0 +0.00e+00 +5.50e-05 +6.08e-09 +1.67e-01 +1.67e-01 +1.00e+00 +0.00e+00  1
    441 +2.2747e-06 +1.00e-04 +1.00e+07     29        1        1        1  0 +1.45e-22 +2.36e-05 +6.82e-09 +1.00e-03 +1.00e-03 +2.50e-01 +0.00e+00  1
    442 +2.2745e-06 +1.00e-04 +1.00e+07     30        1        1        1  0 +0.00e+00 +2.28e-06 +1.43e-09 +5.03e-03 +5.03e-03 +1.00e+00 +0.00e+00  1
    443 +2.2731e-06 +1.00e-04 +1.00e+07     31        1        1        1  0 +0.00e+00 +3.60e-05 +2.64e-09 +1.67e-01 +1.67e-01 +1.00e+00 +0.00e+00  1
    444 +2.2721e-06 +1.00e-04 +1.00e+07     32        1        1        1  0 +1.85e-22 +6.09e-05 +3.72e-09 +1.00e-03 +1.00e-03 +1.25e-01 +0.00e+00  1
    445 +2.2722e-06 +1.00e-04 +1.00e+06     33        1        1        1  0 +1.99e-23 +1.13e-05 +1.79e-09 +1.88e-03 +1.88e-03 +1.00e+00 +0.00e+00  1
    446 +2.2705e-06 +1.00e-04 +1.00e+06     34        1        1        1  0 +3.97e-23 +9.25e-05 +8.42e-09 +1.00e-03 +1.00e-03 +5.00e-01 +0.00e+00  1
    447 +2.2664e-06 +1.00e-04 +1.00e+06     35        1        1        1  0 +0.00e+00 +3.64e-06 +3.02e-09 +7.69e-02 +7.69e-02 +1.25e-01 +3.59e-01  1
    448 +2.2665e-06 +1.00e-04 +1.00e+06     36        1        1        1  0 +3.31e-23 +3.26e-05 +1.11e-09 +1.00e-03 +1.00e-03 +5.05e+01 +0.00e+00  1
    449 +2.2176e-06 +1.00e-04 +1.00e+06     15        1        1        1  0 +0.00e+00 +1.11e-02 +3.29e-07 +1.88e-03 +1.88e-03 +5.00e-01 +0.00e+00  1
    450 +2.0749e-06 +1.00e-04 +1.00e+06      0        1        1        1  0 +0.00e+00 +9.89e-03 +1.87e-07 +3.23e-02 +3.23e-02 +3.91e-03 +2.58e-01  1
    451 +2.0743e-06 +1.00e-04 +1.00e+06      1        1        1        1  0 +0.00e+00 +2.86e-04 +5.06e-08 +1.00e+00 +1.00e+00 +3.91e-02 +7.50e-01  1
    452 +2.0740e-06 +1.00e-04 +1.00e+06      2        1        1        1  0 +0.00e+00 +4.82e-06 +1.21e-09 +3.23e-02 +3.23e-02 +5.02e+01 +0.00e+00  1
    453 +2.0654e-06 +1.00e-04 +1.00e+06      3        1        1        1  0 +1.52e-22 +3.67e-05 +2.97e-09 +1.87e-03 +1.87e-03 +4.09e+00 +0.00e+00  1
    454 +2.0633e-06 +1.00e-04 +1.00e+06      4        1        1        1  0 +0.00e+00 +8.90e-05 +9.27e-09 +1.28e-02 +1.28e-02 +1.00e+00 +0.00e+00  1
    455 +2.0596e-06 +1.00e-04 +1.00e+06      5        1        1        1  0 +0.00e+00 +3.16e-05 +3.10e-09 +1.87e-03 +1.87e-03 +1.00e+00 +0.00e+00  1
    456 +2.0573e-06 +1.00e-04 +1.00e+06      6        1        1        1  0 +0.00e+00 +2.18e-05 +2.28e-09 +1.28e-02 +1.28e-02 +5.00e-01 +0.00e+00  1
    457 +2.0570e-06 +1.00e-04 +1.00e+06      7        1        1        1  0 +0.00e+00 +4.23e-06 +9.60e-10 +1.87e-03 +1.87e-03 +1.00e+00 +0.00e+00  0
    458 +2.0560e-06 +1.00e-04 +1.00e+06      8        1        1        1  0 +0.00e+00 +4.23e-06 +9.60e-10 +1.87e-03 +1.87e-03 +1.00e+00 +0.00e+00  1
    459 +2.0552e-06 +1.00e-04 +1.00e+06      9        1        1        1  0 +1.06e-22 +5.19e-05 +5.58e-09 +1.28e-02 +1.28e-02 +6.25e-02 +8.54e-01  1
-----------------------------------------------------------------------------------------------------------------------------------------------------
  Iter.  Objective   St. Rad.  Tr. Rad.  |Pts| In. Its.  QP Pts.  QP Its. QP   QP KKT    |Step|   |Step|_H  |Grad.|  |G. Cmb.|  Stepsize Up. Fact. U?
-----------------------------------------------------------------------------------------------------------------------------------------------------
    460 +2.0552e-06 +1.00e-04 +1.00e+06     10        1        1        1  0 +0.00e+00 +4.12e-05 +1.36e-08 +1.00e+00 +1.00e+00 +3.12e-01 +5.91e-01  1
    461 +2.0550e-06 +1.00e-04 +1.00e+06     11        1        1        1  0 +5.29e-23 +4.15e-06 +1.04e-09 +1.28e-02 +1.28e-02 +1.00e+00 +0.00e+00  1
    462 +2.0541e-06 +1.00e-04 +1.00e+06     12        1        1        1  0 +1.06e-22 +6.57e-05 +1.63e-08 +1.87e-03 +1.87e-03 +5.00e-01 +0.00e+00  1
    463 +2.0536e-06 +1.00e-04 +1.00e+06     13        1        1        1  0 +0.00e+00 +5.04e-06 +7.37e-09 +3.23e-02 +3.23e-02 +1.00e+00 +5.48e-01  1
    464 +2.0502e-06 +1.00e-04 +1.00e+06     14        1        1        1  0 +0.00e+00 +1.31e-05 +1.37e-08 +1.00e+00 +1.00e+00 +1.25e-01 +8.38e-01  1
    465 +2.0501e-06 +1.00e-04 +1.00e+06     15        1        1        1  0 +0.00e+00 +9.30e-06 +2.42e-09 +1.87e-03 +1.87e-03 +1.00e+00 +6.14e-01  1
    466 +2.0491e-06 +1.00e-04 +1.00e+06     16        1        1        1  0 +0.00e+00 +2.19e-05 +7.62e-09 +1.00e+00 +1.00e+00 +1.00e+00 +3.98e-01  1
    467 +2.0464e-06 +1.00e-04 +1.00e+06     17        1        1        1  0 +6.62e-23 +1.23e-05 +4.76e-09 +1.87e-03 +1.87e-03 +5.00e-01 +0.00e+00  1
    468 +2.0457e-06 +1.00e-04 +1.00e+06     18        1        1        1  0 +0.00e+00 +1.47e-05 +3.28e-09 +3.23e-02 +3.23e-02 +1.00e+00 +0.00e+00  1
    469 +2.0432e-06 +1.00e-04 +1.00e+06     19        1        1        1  0 +0.00e+00 +5.38e-05 +5.97e-09 +1.87e-03 +1.87e-03

EXIT: Objective not improving sufficiently.

Objective............................ : 2.043153e-06
Objective (unscaled)................. : 2.043153e-06

Number of iterations................. : 469
Number of inner iterations........... : 470
Number of QP iterations.............. : 470
Number of function evaluations....... : 1493
Number of gradient evaluations....... : 642

CPU seconds.......................... : 8.779602
CPU seconds in evaluations........... : 7.277338
CPU seconds in direction computations : 0.763229
CPU seconds in line searches......... : 7.282552
