Set value for option 'direction_computation' as CuttingPlane.
+--------------------------------------------------------------+
|       NonOpt = Nonlinear/Nonconvex/Nonsmooth Optimizer       |
| NonOpt is released as open source code under the MIT License |
| Please visit http://coral.ise.lehigh.edu/frankecurtis/nonopt |
+--------------------------------------------------------------+

This is NonOpt version 2.0

Number of variables.................. : 1000
Initial objective.................... : 7.485471e+00
Initial objective (unscaled)......... : 7.485471e+00

Approximate Hessian update strategy.. : BFGS
Derivative checker strategy.......... : FiniteDifference
Direction computation strategy....... : CuttingPlane
Line search strategy................. : WeakWolfe
Point set update strategy............ : Proximity
QP solver (small scale) strategy..... : DualActiveSet
QP solver (large scale) strategy..... : InteriorPoint
Symmetric matrix strategy............ : Dense
Termination strategy................. : Basic

--------------------------------------------------------------------------------------------------------------------------------------------------
  Iter.  Objective   St. Rad.  Tr. Rad.  |Pts| In Its QP Pts L? QP Its S?   QP KKT    |Step|   |Step|_H  |Grad.|  |G. Cmb.|  Stepsize Up. Fact. U?
--------------------------------------------------------------------------------------------------------------------------------------------------
      0 +7.4855e+00 +1.00e-01 +1.00e+10      0      1      1  0      1  0 +0.00e+00 +1.00e+00 +1.64e+00 +1.00e+00 +1.00e+00 +7.19e+00 +0.00e+00  1
      1 +4.3303e+00 +1.00e-01 +1.00e+10      1      1      1  0      1  0 +0.00e+00 +3.59e+00 +5.91e+00 +1.00e+00 +1.00e+00 +1.00e+00 +0.00e+00  1
      2 +3.5776e+00 +1.00e-01 +1.00e+10      2      1      1  0      1  0 +1.11e-16 +6.09e-01 +3.24e-01 +1.43e-01 +1.43e-01 +1.00e+00 +0.00e+00  1
      3 +3.2841e+00 +1.00e-01 +1.00e+10      3      1      1  0      1  0 +0.00e+00 +3.30e+00 +1.55e+00 +1.11e-01 +1.11e-01 +5.00e-01 +0.00e+00  1
      4 +2.7005e+00 +1.00e-01 +1.00e+10      4      1      1  0      1  0 +0.00e+00 +1.44e+00 +2.55e+00 +1.00e+00 +1.00e+00 +3.12e-02 +0.00e+00  1
      5 +2.6916e+00 +1.00e-01 +1.00e+10      5      1      1  0      1  0 +3.82e-17 +8.32e-02 +3.02e-02 +5.56e-02 +5.56e-02 +5.05e+01 +0.00e+00  1
      6 +1.6633e+00 +1.00e-02 +1.00e+09      0      1      1  0      1  0 +0.00e+00 +9.01e+00 +2.24e+00 +1.00e+00 +1.00e+00 +2.50e-01 +0.00e+00  1
      7 +1.2409e+00 +1.00e-02 +1.00e+09      0      1      1  0      1  0 +0.00e+00 +1.06e+00 +2.65e-01 +5.00e-01 +5.00e-01 +5.00e-01 +0.00e+00  1
      8 +1.2108e+00 +1.00e-02 +1.00e+09      0      1      1  0      1  0 +8.33e-17 +2.07e-01 +1.01e-01 +1.00e+00 +1.00e+00 +1.00e+00 +0.00e+00  1
      9 +1.1147e+00 +1.00e-02 +1.00e+09      1      1      1  0      1  0 +9.71e-17 +8.65e-02 +1.12e-01 +5.00e-01 +5.00e-01 +1.00e+00 +0.00e+00  1
     10 +1.0543e+00 +1.00e-02 +1.00e+09      2      1      1  0      1  0 +0.00e+00 +4.50e-02 +1.44e-02 +1.12e-02 +1.12e-02 +1.34e+01 +0.00e+00  1
     11 +1.0415e+00 +1.00e-02 +1.00e+09      0      1      1  0      1  0 +0.00e+00 +2.02e-01 +8.16e-02 +5.00e-01 +5.00e-01 +7.19e+00 +0.00e+00  1
     12 +7.8511e-01 +1.00e-02 +1.00e+09      0      1      1  0      1  0 +0.00e+00 +3.30e-01 +3.44e-01 +2.50e-01 +2.50e-01 +1.25e-01 +0.00e+00  1
     13 +7.6265e-01 +1.00e-02 +1.00e+09      1      1      1  0      1  0 +0.00e+00 +1.64e+00 +7.59e-01 +1.00e+00 +1.00e+00 +2.50e-01 +0.00e+00  1
     14 +7.1452e-01 +1.00e-02 +1.00e+09      0      1      1  0      1  0 +0.00e+00 +1.44e-01 +3.77e-02 +7.04e-03 +7.04e-03 +1.77e+00 +0.00e+00  1
     15 +6.9347e-01 +1.00e-02 +1.00e+09      1      1      1  0      1  0 +0.00e+00 +1.79e-01 +8.82e-02 +2.50e-01 +2.50e-01 +1.00e+00 +0.00e+00  1
     16 +6.8865e-01 +1.00e-02 +1.00e+09      2      1      1  0      1  0 +2.78e-17 +4.63e-02 +1.56e-02 +6.71e-03 +6.71e-03 +2.55e+00 +0.00e+00  1
     17 +6.7976e-01 +1.00e-02 +1.00e+09      3      1      1  0      1  0 +0.00e+00 +6.97e-02 +4.71e-02 +1.00e+00 +1.00e+00 +1.00e+00 +0.00e+00  1
     18 +6.6716e-01 +1.00e-02 +1.00e+09      4      1      1  0      1  0 +0.00e+00 +2.94e-02 +1.23e-02 +6.45e-03 +6.45e-03 +1.00e+00 +0.00e+00  1
     19 +6.6112e-01 +1.00e-02 +1.00e+09      5      1      1  0      1  0 +0.00e+00 +3.15e-02 +1.69e-02 +2.50e-01 +2.50e-01 +1.00e+00 +0.00e+00  1
--------------------------------------------------------------------------------------------------------------------------------------------------
  Iter.  Objective   St. Rad.  Tr. Rad.  |Pts| In Its QP Pts L? QP Its S?   QP KKT    |Step|   |Step|_H  |Grad.|  |G. Cmb.|  Stepsize Up. Fact. U?
--------------------------------------------------------------------------------------------------------------------------------------------------
     20 +6.5878e-01 +1.00e-02 +1.00e+09      6      1      1  0      1  0 +0.00e+00 +2.45e-02 +5.64e-03 +6.37e-03 +6.37e-03 +4.09e+00 +0.00e+00  1
     21 +6.5506e-01 +1.00e-02 +1.00e+09      6      1      1  0      1  0 +0.00e+00 +3.57e-02 +2.01e-02 +1.00e+00 +1.00e+00 +1.00e+00 +0.00e+00  1
     22 +6.3753e-01 +1.00e-02 +1.00e+09      7      1      1  0      1  0 +5.55e-17 +1.06e-01 +1.87e-02 +2.50e-01 +2.50e-01 +1.00e+00 +0.00e+00  1
     23 +6.2363e-01 +1.00e-02 +1.00e+09      7      1      1  0      1  0 +0.00e+00 +7.84e-01 +9.93e-02 +6.13e-03 +6.13e-03 +7.19e+00 +0.00e+00  1
     24 +4.8809e-01 +1.00e-02 +1.00e+09      0      1      1  0      1  0 +2.78e-17 +2.40e+00 +2.32e-01 +4.35e-02 +4.35e-02 +1.00e+00 +0.00e+00  1
     25 +3.4890e-01 +1.00e-02 +1.00e+09      0      1      1  0      1  0 +0.00e+00 +1.04e-01 +7.35e-03 +9.09e-02 +9.09e-02 +1.00e+00 +0.00e+00  1
     26 +3.4213e-01 +1.00e-02 +1.00e+09      1      1      1  0      1  0 +0.00e+00 +5.30e-01 +1.29e-01 +1.00e-01 +1.00e-01 +1.00e+00 +0.00e+00  1
     27 +3.3390e-01 +1.00e-02 +1.00e+09      0      1      1  0      1  0 +0.00e+00 +4.81e-01 +5.79e-02 +4.05e-03 +4.05e-03 +2.55e+00 +0.00e+00  1
     28 +2.7118e-01 +1.00e-02 +1.00e+09      0      1      1  0      1  0 +0.00e+00 +2.46e-01 +7.23e-02 +6.67e-02 +6.67e-02 +1.00e+00 +0.00e+00  1
     29 +2.2353e-01 +1.00e-02 +1.00e+09      1      1      1  0      1  0 +6.94e-18 +6.90e-01 +5.13e-02 +2.91e-03 +2.91e-03 +5.00e-01 +0.00e+00  1
     30 +2.1051e-01 +1.00e-02 +1.00e+09      1      1      1  0      1  0 +0.00e+00 +2.24e-01 +2.89e-02 +5.00e-01 +5.00e-01 +5.00e-01 +0.00e+00  1
     31 +2.0530e-01 +1.00e-02 +1.00e+09      2      1      1  0      1  0 +0.00e+00 +2.95e-02 +4.04e-03 +2.72e-03 +2.72e-03 +1.39e+00 +0.00e+00  1
     32 +2.0292e-01 +1.00e-02 +1.00e+09      3      1      1  0      1  0 +0.00e+00 +1.20e-01 +1.55e-02 +5.88e-02 +5.88e-02 +1.25e-01 +0.00e+00  1
     33 +2.0164e-01 +1.00e-02 +1.00e+09      4      1      1  0      1  0 +8.67e-18 +4.17e-02 +6.03e-03 +5.00e-01 +5.00e-01 +5.00e-01 +0.00e+00  1
     34 +2.0087e-01 +1.00e-02 +1.00e+09      5      1      1  0      1  0 +0.00e+00 +1.42e-02 +1.75e-03 +2.67e-03 +2.67e-03 +7.19e+00 +0.00e+00  1
     35 +2.0054e-01 +1.00e-02 +1.00e+09      5      1      1  0      1  0 +8.67e-19 +2.72e-02 +3.65e-03 +5.88e-02 +5.88e-02 +1.00e+00 +0.00e+00  1
     36 +2.0007e-01 +1.00e-02 +1.00e+09      6      1      1  0      1  0 +0.00e+00 +6.79e-02 +1.92e-02 +1.00e+00 +1.00e+00 +1.00e+00 +0.00e+00  1
     37 +1.9598e-01 +1.00e-02 +1.00e+09      7      1      1  0      1  0 +0.00e+00 +5.50e-02 +5.32e-03 +5.00e-01 +5.00e-01 +2.50e-01 +0.00e+00  1
     38 +1.9532e-01 +1.00e-02 +1.00e+09      8      1      1  0      1  0 +0.00e+00 +5.45e-03 +1.38e-03 +2.64e-03 +2.64e-03 +1.00e+00 +0.00e+00  1
     39 +1.9461e-01 +1.00e-03 +1.00e+08      2      1      1  0      1  0 +0.00e+00 +1.66e-02 +1.44e-03 +5.00e-01 +5.00e-01 +4.09e+00 +0.00e+00  1
--------------------------------------------------------------------------------------------------------------------------------------------------
  Iter.  Objective   St. Rad.  Tr. Rad.  |Pts| In Its QP Pts L? QP Its S?   QP KKT    |Step|   |Step|_H  |Grad.|  |G. Cmb.|  Stepsize Up. Fact. U?
--------------------------------------------------------------------------------------------------------------------------------------------------
     40 +1.9192e-01 +1.00e-03 +1.00e+08      0      1      1  0      1  0 +1.30e-18 +2.43e-02 +2.68e-03 +5.88e-02 +5.88e-02 +5.00e-01 +0.00e+00  1
     41 +1.9143e-01 +1.00e-03 +1.00e+08      1      1      1  0      1  0 +1.39e-17 +4.17e-02 +1.24e-02 +1.00e+00 +1.00e+00 +5.00e-01 +0.00e+00  1
     42 +1.9095e-01 +1.00e-03 +1.00e+08      1      1      1  0      1  0 +0.00e+00 +1.60e-02 +1.90e-03 +2.61e-03 +2.61e-03 +4.09e+00 +0.00e+00  1
     43 +1.9055e-01 +1.00e-03 +1.00e+08      0      1      1  0      1  0 +8.67e-19 +1.28e-02 +3.58e-03 +1.00e+00 +1.00e+00 +4.09e+00 +0.00e+00  1
     44 +1.9035e-01 +1.00e-03 +1.00e+08      0      1      1  0      1  0 +0.00e+00 +4.61e-02 +4.71e-03 +2.63e-03 +2.63e-03 +4.09e+00 +0.00e+00  1
     45 +1.8792e-01 +1.00e-03 +1.00e+08      0      1      1  0      1  0 +0.00e+00 +3.88e-02 +8.53e-03 +5.56e-02 +5.56e-02 +4.09e+00 +0.00e+00  1
     46 +1.8397e-01 +1.00e-03 +1.00e+08      0      1      1  0      1  0 +0.00e+00 +1.66e-01 +1.15e-02 +2.65e-03 +2.65e-03 +7.19e+00 +0.00e+00  1
     47 +1.6752e-01 +1.00e-03 +1.00e+08      0      1      1  0      1  0 +1.04e-17 +3.09e-01 +2.48e-02 +4.55e-02 +4.55e-02 +7.19e+00 +0.00e+00  1
     48 +7.5324e-02 +1.00e-03 +1.00e+08      0      1      1  0      1  0 +0.00e+00 +3.27e+00 +1.06e-01 +1.94e-03 +1.94e-03 +3.12e-02 +0.00e+00  1
     49 +7.3516e-02 +1.00e-03 +1.00e+08      0      1      1  0      1  0 +0.00e+00 +8.86e-02 +1.23e-02 +1.67e-01 +1.67e-01 +1.87e+00 +0.00e+00  1
     50 +5.5436e-02 +1.00e-03 +1.00e+08      0      1      1  0      1  0 +0.00e+00 +1.05e-01 +3.50e-02 +2.33e-02 +2.33e-02 +1.56e-02 +0.00e+00  1
     51 +5.5353e-02 +1.00e-03 +1.00e+08      1      1      1  0      1  0 +0.00e+00 +5.32e-02 +1.47e-03 +1.47e-03 +1.47e-03 +3.28e+00 +0.00e+00  1
     52 +5.4496e-02 +1.00e-03 +1.00e+08      0      1      1  0      1  0 +0.00e+00 +7.14e-02 +1.92e-03 +1.67e-01 +1.67e-01 +1.00e+00 +0.00e+00  1
     53 +5.3477e-02 +1.00e-03 +1.00e+08      0      1      1  0      1  0 +0.00e+00 +7.85e-02 +2.21e-03 +2.00e-01 +2.00e-01 +5.00e-01 +0.00e+00  1
     54 +5.3473e-02 +1.00e-03 +1.00e+08      1      1      1  0      1  0 +3.25e-18 +3.00e-02 +9.37e-04 +2.27e-02 +2.27e-02 +4.09e+00 +0.00e+00  1
     55 +5.3103e-02 +1.00e-03 +1.00e+08      0      1      1  0      1  0 +1.73e-18 +3.98e-02 +1.21e-03 +1.67e-01 +1.67e-01 +2.55e+00 +0.00e+00  1
     56 +5.2239e-02 +1.00e-03 +1.00e+08      0      1      1  0      1  0 +0.00e+00 +5.62e-02 +1.69e-03 +1.43e-03 +1.43e-03 +1.00e+00 +0.00e+00  1
     57 +5.0762e-02 +1.00e-03 +1.00e+08      0      1      1  0      1  0 +0.00e+00 +1.14e-02 +1.20e-03 +1.67e-01 +1.67e-01 +1.00e+00 +0.00e+00  1
     58 +5.0186e-02 +1.00e-03 +1.00e+08      1      1      1  0      1  0 +3.47e-18 +9.87e-02 +3.69e-03 +2.13e-02 +2.13e-02 +2.55e+00 +0.00e+00  1
     59 +4.1590e-02 +1.00e-03 +1.00e+08      0      1      1  0      1  0 +0.00e+00 +1.07e+00 +3.30e-02 +1.85e-02 +1.85e-02 +5.86e-03 +0.00e+00  1
--------------------------------------------------------------------------------------------------------------------------------------------------
  Iter.  Objective   St. Rad.  Tr. Rad.  |Pts| In Its QP Pts L? QP Its S?   QP KKT    |Step|   |Step|_H  |Grad.|  |G. Cmb.|  Stepsize Up. Fact. U?
--------------------------------------------------------------------------------------------------------------------------------------------------
     60 +4.1441e-02 +1.00e-03 +1.00e+08      1      1      1  0      1  0 +3.04e-18 +1.03e-02 +8.64e-04 +5.00e-01 +5.00e-01 +8.39e-01 +0.00e+00  1
     61 +4.1303e-02 +1.00e-03 +1.00e+08      2      1      1  0      1  0 +1.63e-18 +1.12e-02 +3.96e-04 +1.85e-02 +1.85e-02 +2.50e-01 +0.00e+00  1
     62 +4.1247e-02 +1.00e-03 +1.00e+08      3      1      1  0      1  0 +7.59e-19 +1.61e-03 +1.08e-04 +1.29e-03 +1.29e-03 +5.00e-01 +0.00e+00  1
     63 +4.1216e-02 +1.00e-03 +1.00e+08      4      1      1  0      1  0 +0.00e+00 +4.41e-03 +2.69e-04 +1.43e-01 +1.43e-01 +1.00e+00 +0.00e+00  1
     64 +4.1122e-02 +1.00e-03 +1.00e+08      5      1      1  0      1  0 +0.00e+00 +7.54e-03 +2.47e-04 +1.85e-02 +1.85e-02 +5.00e-01 +0.00e+00  1
     65 +4.1097e-02 +1.00e-03 +1.00e+08      6      1      1  0      1  0 +0.00e+00 +3.61e-03 +2.25e-04 +5.00e-01 +5.00e-01 +1.00e+00 +0.00e+00  1
     66 +4.0927e-02 +1.00e-03 +1.00e+08      7      1      1  0      1  0 +4.88e-19 +1.66e-02 +3.99e-04 +1.85e-02 +1.85e-02 +1.00e+00 +0.00e+00  1
     67 +4.0709e-02 +1.00e-03 +1.00e+08      7      1      1  0      1  0 +2.49e-18 +2.19e-02 +3.19e-04 +1.29e-03 +1.29e-03 +2.27e+01 +0.00e+00  1
     68 +3.7246e-02 +1.00e-03 +1.00e+08      0      1      1  0      1  0 +0.00e+00 +3.95e-01 +2.45e-02 +1.00e+00 +1.00e+00 +5.00e-01 +0.00e+00  1
     69 +3.6361e-02 +1.00e-03 +1.00e+08      0      1      1  0      1  0 +3.47e-18 +4.31e-02 +6.36e-04 +1.26e-03 +1.26e-03 +4.09e+00 +0.00e+00  1
     70 +3.4096e-02 +1.00e-03 +1.00e+08      0      1      1  0      1  0 +0.00e+00 +1.30e-01 +7.18e-03 +1.00e+00 +1.00e+00 +1.25e-01 +0.00e+00  1
     71 +3.4001e-02 +1.00e-03 +1.00e+08      1      1      1  0      1  0 +1.33e-18 +1.03e-02 +1.63e-04 +1.24e-03 +1.24e-03 +7.19e+00 +0.00e+00  1
     72 +3.3738e-02 +1.00e-03 +1.00e+08      0      1      1  0      1  0 +1.52e-18 +1.00e-03 +5.40e-04 +1.00e+00 +1.00e+00 +2.58e+01 +0.00e+00  1
     73 +3.3418e-02 +1.00e-03 +1.00e+08      0      1      1  0      1  0 +0.00e+00 +4.67e-02 +9.95e-04 +5.00e-01 +5.00e-01 +1.00e+00 +0.00e+00  1
     74 +3.2530e-02 +1.00e-03 +1.00e+08      0      1      1  0      1  0 +0.00e+00 +2.81e-01 +3.65e-03 +1.25e-01 +1.25e-01 +1.77e+00 +0.00e+00  1
     75 +2.9944e-02 +1.00e-03 +1.00e+08      0      1      1  0      1  0 +0.00e+00 +1.31e-01 +6.53e-03 +1.00e+00 +1.00e+00 +1.00e+00 +0.00e+00  1
     76 +2.7867e-02 +1.00e-03 +1.00e+08      0      1      1  0      1  0 +0.00e+00 +2.36e-01 +2.94e-03 +1.25e-01 +1.25e-01 +1.00e+00 +0.00e+00  1
     77 +2.4942e-02 +1.00e-03 +1.00e+08      0      1      1  0      1  0 +0.00e+00 +1.60e+00 +1.75e-02 +1.11e-01 +1.11e-01 +1.00e+00 +0.00e+00  1
     78 +1.4981e-02 +1.00e-03 +1.00e+08      0      1      1  0      1  0 +0.00e+00 +3.01e-01 +8.52e-04 +5.88e-02 +5.88e-02 +1.00e+00 +0.00e+00  1
     79 +1.4964e-02 +1.00e-03 +1.00e+08      0      1      1  0      1  0 +0.00e+00 +3.22e-01 +2.38e-03 +1.00e+00 +1.00e+00 +5.00e-01 +0.00e+00  1
--------------------------------------------------------------------------------------------------------------------------------------------------
  Iter.  Objective   St. Rad.  Tr. Rad.  |Pts| In Its QP Pts L? QP Its S?   QP KKT    |Step|   |Step|_H  |Grad.|  |G. Cmb.|  Stepsize Up. Fact. U?
--------------------------------------------------------------------------------------------------------------------------------------------------
     80 +1.4880e-02 +1.00e-03 +1.00e+08      0      1      1  0      1  0 +0.00e+00 +2.75e-01 +9.70e-04 +7.69e-02 +7.69e-02 +1.00e+00 +0.00e+00  1
     81 +1.4421e-02 +1.00e-03 +1.00e+08      0      1      1  0      1  0 +7.59e-19 +1.49e-02 +8.99e-05 +6.67e-02 +6.67e-02 +1.00e+00 +0.00e+00  1
     82 +1.4337e-02 +1.00e-03 +1.00e+08      1      1      1  0      1  0 +8.67e-19 +6.11e-02 +2.93e-03 +6.25e-02 +6.25e-02 +1.00e+00 +0.00e+00  1
     83 +1.3441e-02 +1.00e-03 +1.00e+08      0      1      1  0      1  0 +0.00e+00 +2.59e-02 +2.23e-04 +8.06e-03 +8.06e-03 +7.19e+00 +0.00e+00  1
     84 +1.1959e-02 +1.00e-03 +1.00e+08      0      1      1  0      1  0 +0.00e+00 +1.06e+00 +8.56e-03 +7.25e-03 +7.25e-03 +8.59e-02 +0.00e+00  1
     85 +1.1657e-02 +1.00e-03 +1.00e+08      0      1      1  0      1  0 +0.00e+00 +7.35e-02 +5.44e-03 +1.00e+00 +1.00e+00 +8.59e-01 +0.00e+00  1
     86 +1.1621e-02 +1.00e-03 +1.00e+08      0      1      1  0      1  0 +0.00e+00 +9.66e-03 +2.27e-04 +7.09e-03 +7.09e-03 +2.58e+01 +0.00e+00  1
     87 +1.0853e-02 +1.00e-03 +1.00e+08      0      1      1  0      1  0 +0.00e+00 +5.94e-02 +3.14e-03 +1.00e+00 +1.00e+00 +1.00e+00 +0.00e+00  1
     88 +9.7373e-03 +1.00e-03 +1.00e+08      0      1      1  0      1  0 +0.00e+00 +3.39e-01 +4.41e-03 +2.00e-01 +2.00e-01 +5.00e-01 +0.00e+00  1
     89 +8.1905e-03 +1.00e-03 +1.00e+08      0      1      1  0      1  0 +4.34e-19 +2.54e-02 +1.96e-03 +7.19e-03 +7.19e-03 +1.00e+00 +0.00e+00  1
     90 +7.2860e-03 +1.00e-03 +1.00e+08      0      1      1  0      1  0 +0.00e+00 +1.68e-01 +3.20e-03 +2.00e-01 +2.00e-01 +2.50e-01 +0.00e+00  1
     91 +6.5619e-03 +1.00e-03 +1.00e+08      0      1      1  0      1  0 +3.25e-19 +1.92e-02 +6.09e-04 +1.00e-03 +1.00e-03 +1.25e-01 +0.00e+00  1
     92 +6.5346e-03 +1.00e-03 +1.00e+08      1      1      1  0      1  0 +1.08e-19 +5.51e-03 +7.88e-05 +2.00e-01 +2.00e-01 +2.55e+00 +0.00e+00  1
     93 +6.4314e-03 +1.00e-03 +1.00e+08      2      1      1  0      1  0 +3.25e-19 +4.08e-03 +2.01e-04 +4.55e-02 +4.55e-02 +2.50e-01 +0.00e+00  1
     94 +6.4206e-03 +1.00e-03 +1.00e+08      3      1      1  0      1  0 +0.00e+00 +5.75e-03 +5.56e-05 +1.00e-03 +1.00e-03 +1.77e+00 +0.00e+00  1
     95 +6.3361e-03 +1.00e-03 +1.00e+08      4      1      1  0      1  0 +0.00e+00 +1.23e-02 +3.49e-04 +7.75e-03 +7.75e-03 +2.50e-01 +0.00e+00  1
     96 +6.3292e-03 +1.00e-03 +1.00e+08      5      1      1  0      1  0 +2.03e-19 +4.65e-03 +5.80e-05 +1.00e-03 +1.00e-03 +6.25e-02 +0.00e+00  1
     97 +6.3291e-03 +1.00e-03 +1.00e+08      6      1      1  0      1  0 +0.00e+00 +6.55e-04 +1.74e-05 +2.00e-01 +2.00e-01 +2.55e+01 +0.00e+00  1
     98 +6.3043e-03 +1.00e-03 +1.00e+08      7      1      1  0      1  0 +0.00e+00 +2.17e-03 +6.95e-05 +7.58e-03 +7.58e-03 +1.34e+01 +0.00e+00  1
     99 +6.2831e-03 +1.00e-03 +1.00e+08      0      1      1  0      1  0 +0.00e+00 +3.56e-03 +6.73e-05 +4.35e-02 +4.35e-02 +2.16e+00 +0.00e+00  1
--------------------------------------------------------------------------------------------------------------------------------------------------
  Iter.  Objective   St. Rad.  Tr. Rad.  |Pts| In Its QP Pts L? QP Its S?   QP KKT    |Step|   |Step|_H  |Grad.|  |G. Cmb.|  Stepsize Up. Fact. U?
--------------------------------------------------------------------------------------------------------------------------------------------------
    100 +6.1858e-03 +1.00e-03 +1.00e+08      1      1      1  0      1  0 +4.34e-19 +1.08e-02 +6.46e-04 +1.00e+00 +1.00e+00 +1.00e+00 +0.00e+00  1
    101 +6.1357e-03 +1.00e-03 +1.00e+08      2      1      1  0      1  0 +0.00e+00 +1.04e-02 +1.48e-04 +4.35e-02 +4.35e-02 +1.00e+00 +0.00e+00  1
    102 +5.9922e-03 +1.00e-03 +1.00e+08      2      1      1  0      1  0 +4.34e-19 +9.18e-02 +1.29e-03 +4.55e-02 +4.55e-02 +3.12e-02 +0.00e+00  1
    103 +5.9902e-03 +1.00e-03 +1.00e+08      3      1      1  0      1  0 +0.00e+00 +3.90e-03 +4.99e-05 +1.00e-03 +1.00e-03 +1.56e-01 +0.00e+00  1
    104 +5.9891e-03 +1.00e-03 +1.00e+08      4      1      1  0      1  0 +2.71e-19 +2.04e-02 +2.80e-04 +7.58e-03 +7.58e-03 +1.00e+00 +0.00e+00  1
    105 +5.8790e-03 +1.00e-03 +1.00e+08      2      1      1  0      1  0 +0.00e+00 +1.02e-02 +3.86e-04 +1.00e+00 +1.00e+00 +5.00e-01 +0.00e+00  1
    106 +5.8703e-03 +1.00e-03 +1.00e+08      3      1      1  0      1  0 +3.25e-19 +2.41e-03 +4.26e-05 +4.35e-02 +4.35e-02 +7.19e+00 +0.00e+00  1
    107 +5.6613e-03 +1.00e-03 +1.00e+08      2      1      1  0      1  0 +0.00e+00 +3.18e-02 +3.30e-04 +7.41e-03 +7.41e-03 +9.38e-02 +0.00e+00  1
    108 +5.6448e-03 +1.00e-03 +1.00e+08      3      1      1  0      1  0 +0.00e+00 +2.18e-03 +9.94e-05 +5.00e-01 +5.00e-01 +4.69e-01 +0.00e+00  1
    109 +5.6386e-03 +1.00e-03 +1.00e+08      4      1      1  0      1  0 +0.00e+00 +6.33e-04 +8.63e-06 +7.41e-03 +7.41e-03 +2.58e+01 +0.00e+00  1
    110 +5.6223e-03 +1.00e-03 +1.00e+08      3      1      1  0      1  0 +0.00e+00 +1.08e-02 +1.51e-04 +1.00e+00 +1.00e+00 +1.00e+00 +0.00e+00  1
    111 +5.5900e-03 +1.00e-03 +1.00e+08      3      1      1  0      1  0 +1.08e-19 +3.95e-03 +4.61e-05 +5.00e-01 +5.00e-01 +2.58e+01 +0.00e+00  1
    112 +5.5243e-03 +1.00e-03 +1.00e+08      0      1      1  0      1  0 +1.36e-19 +1.95e-03 +4.47e-05 +2.00e-01 +2.00e-01 +1.34e+01 +0.00e+00  1
    113 +5.3360e-03 +1.00e-03 +1.00e+08      0      1      1  0      1  0 +0.00e+00 +3.35e-02 +7.23e-04 +5.00e-01 +5.00e-01 +1.00e+00 +0.00e+00  1
    114 +5.1875e-03 +1.00e-03 +1.00e+08      1      1      1  0      1  0 +2.71e-20 +5.58e-02 +1.95e-04 +1.00e-03 +1.00e-03 +1.00e+00 +0.00e+00  1
    115 +4.9931e-03 +1.00e-03 +1.00e+08      0      1      1  0      1  0 +0.00e+00 +3.16e-01 +8.70e-04 +4.00e-02 +4.00e-02 +1.00e+00 +0.00e+00  1
    116 +4.4894e-03 +1.00e-03 +1.00e+08      0      1      1  0      1  0 +4.34e-19 +4.21e-02 +6.10e-05 +3.12e-02 +3.12e-02 +1.00e+00 +0.00e+00  1
    117 +4.4371e-03 +1.00e-03 +1.00e+08      0      1      1  0      1  0 +4.34e-19 +1.38e-01 +3.66e-04 +3.03e-02 +3.03e-02 +1.00e+00 +0.00e+00  1
    118 +4.2044e-03 +1.00e-03 +1.00e+08      0      1      1  0      1  0 +2.17e-19 +5.02e-02 +5.36e-04 +2.56e-02 +2.56e-02 +1.00e+00 +0.00e+00  1
    119 +4.0531e-03 +1.00e-03 +1.00e+08      0      1      1  0      1  0 +0.00e+00 +2.82e-02 +3.65e-04 +5.00e-01 +5.00e-01 +1.00e+00 +0.00e+00  1
--------------------------------------------------------------------------------------------------------------------------------------------------
  Iter.  Objective   St. Rad.  Tr. Rad.  |Pts| In Its QP Pts L? QP Its S?   QP KKT    |Step|   |Step|_H  |Grad.|  |G. Cmb.|  Stepsize Up. Fact. U?
--------------------------------------------------------------------------------------------------------------------------------------------------
    120 +3.8482e-03 +1.00e-03 +1.00e+08      1      1      1  0      1  0 +0.00e+00 +2.48e-02 +4.69e-05 +1.43e-01 +1.43e-01 +5.00e-01 +0.00e+00  1
    121 +3.8359e-03 +1.00e-03 +1.00e+08      1      1      1  0      1  0 +0.00e+00 +1.20e-02 +6.48e-05 +2.27e-02 +2.27e-02 +1.00e+00 +0.00e+00  1
    122 +3.8008e-03 +1.00e-03 +1.00e+08      2      1      1  0      1  0 +0.00e+00 +5.66e-02 +1.11e-04 +1.43e-01 +1.43e-01 +1.00e+00 +0.00e+00  1
    123 +3.7733e-03 +1.00e-03 +1.00e+08      0      1      1  0      1  0 +0.00e+00 +5.82e-02 +1.45e-04 +5.00e-01 +5.00e-01 +5.00e-01 +0.00e+00  1
    124 +3.7669e-03 +1.00e-03 +1.00e+08      1      1      1  0      1  0 +0.00e+00 +4.45e-02 +1.66e-04 +1.25e-01 +1.25e-01 +4.09e+00 +0.00e+00  1
    125 +3.4703e-03 +1.00e-03 +1.00e+08      0      1      1  0      1  0 +0.00e+00 +7.18e-02 +5.52e-04 +2.78e-02 +2.78e-02 +1.00e+00 +0.00e+00  1
    126 +3.2624e-03 +1.00e-03 +1.00e+08      0      1      1  0      1  0 +0.00e+00 +4.32e-01 +1.53e-03 +1.00e-03 +1.00e-03 +5.00e-01 +0.00e+00  1
    127 +2.8315e-03 +1.00e-03 +1.00e+08      0      1      1  0      1  0 +0.00e+00 +1.47e-02 +2.80e-04 +1.11e-01 +1.11e-01 +1.00e+00 +0.00e+00  1
    128 +2.5777e-03 +1.00e-03 +1.00e+08      1      1      1  0      1  0 +1.08e-19 +1.36e-01 +4.17e-04 +1.00e-03 +1.00e-03 +1.00e+00 +0.00e+00  1
    129 +2.3228e-03 +1.00e-03 +1.00e+08      0      1      1  0      1  0 +0.00e+00 +6.90e-02 +2.20e-04 +9.09e-02 +9.09e-02 +1.00e+00 +0.00e+00  1
    130 +2.1372e-03 +1.00e-03 +1.00e+08      0      1      1  0      1  0 +0.00e+00 +7.28e-02 +5.36e-04 +8.33e-02 +8.33e-02 +1.00e+00 +0.00e+00  1
    131 +1.8230e-03 +1.00e-03 +1.00e+08      0      1      1  0      1  0 +0.00e+00 +2.88e-01 +7.42e-04 +1.00e-03 +1.00e-03 +5.86e-03 +0.00e+00  1
    132 +1.8206e-03 +1.00e-03 +1.00e+08      1      1      1  0      1  0 +0.00e+00 +1.47e-03 +1.37e-05 +2.50e-01 +2.50e-01 +1.62e+00 +0.00e+00  1
    133 +1.8168e-03 +1.00e-03 +1.00e+08      2      1      1  0      1  0 +8.13e-20 +2.01e-03 +4.08e-05 +6.67e-02 +6.67e-02 +1.25e-01 +0.00e+00  1
    134 +1.8166e-03 +1.00e-03 +1.00e+08      3      1      1  0      1  0 +6.69e-20 +4.14e-04 +2.71e-06 +1.00e-03 +1.00e-03 +1.34e+01 +0.00e+00  1
    135 +1.8159e-03 +1.00e-04 +1.00e+07      0      1      1  0      1  0 +5.42e-20 +1.92e-03 +1.85e-05 +2.50e-01 +2.50e-01 +1.34e+01 +0.00e+00  1
    136 +1.8026e-03 +1.00e-04 +1.00e+07      0      1      1  0      1  0 +0.00e+00 +4.05e-03 +2.59e-05 +7.14e-02 +7.14e-02 +1.34e+01 +0.00e+00  1
    137 +1.7401e-03 +1.00e-04 +1.00e+07      0      1      1  0      1  0 +0.00e+00 +1.51e-02 +1.59e-04 +2.50e-01 +2.50e-01 +4.09e+00 +0.00e+00  1
    138 +1.5815e-03 +1.00e-04 +1.00e+07      0      1      1  0      1  0 +0.00e+00 +3.04e-02 +3.01e-04 +8.33e-02 +8.33e-02 +1.00e+00 +0.00e+00  1
    139 +1.4843e-03 +1.00e-04 +1.00e+07      0      1      1  0      1  0 +0.00e+00 +2.78e-01 +2.25e-03 +1.72e-02 +1.72e-02 +3.12e-02 +0.00e+00  1
--------------------------------------------------------------------------------------------------------------------------------------------------
  Iter.  Objective   St. Rad.  Tr. Rad.  |Pts| In Its QP Pts L? QP Its S?   QP KKT    |Step|   |Step|_H  |Grad.|  |G. Cmb.|  Stepsize Up. Fact. U?
--------------------------------------------------------------------------------------------------------------------------------------------------
    140 +1.4842e-03 +1.00e-04 +1.00e+07      0      1      1  0      1  0 +0.00e+00 +1.08e-02 +2.09e-04 +1.00e+00 +1.00e+00 +1.87e+00 +0.00e+00  1
    141 +1.4114e-03 +1.00e-04 +1.00e+07      0      1      1  0      1  0 +5.42e-20 +7.68e-03 +9.05e-05 +7.69e-02 +7.69e-02 +2.55e+00 +0.00e+00  1
    142 +1.3333e-03 +1.00e-04 +1.00e+07      0      1      1  0      1  0 +0.00e+00 +8.18e-03 +1.70e-04 +1.00e+00 +1.00e+00 +1.00e+00 +0.00e+00  1
    143 +1.2508e-03 +1.00e-04 +1.00e+07      0      1      1  0      1  0 +0.00e+00 +4.88e-03 +8.66e-05 +7.69e-02 +7.69e-02 +2.50e-01 +0.00e+00  1
    144 +1.2433e-03 +1.00e-04 +1.00e+07      1      1      1  0      1  0 +0.00e+00 +1.58e-03 +3.97e-05 +2.50e-01 +2.50e-01 +5.00e-01 +0.00e+00  1
    145 +1.2390e-03 +1.00e-04 +1.00e+07      1      1      1  0      1  0 +5.76e-20 +9.50e-04 +2.80e-05 +1.75e-02 +1.75e-02 +1.00e+00 +0.00e+00  1
    146 +1.2260e-03 +1.00e-04 +1.00e+07      2      1      1  0      1  0 +5.42e-20 +1.12e-03 +1.45e-05 +2.50e-01 +2.50e-01 +1.34e+01 +0.00e+00  1
    147 +1.1719e-03 +1.00e-04 +1.00e+07      0      1      1  0      1  0 +0.00e+00 +1.36e-02 +1.11e-04 +1.00e+00 +1.00e+00 +1.00e+00 +0.00e+00  1
    148 +1.1324e-03 +1.00e-04 +1.00e+07      0      1      1  0      1  0 +0.00e+00 +3.93e-03 +2.86e-05 +1.00e-03 +1.00e-03 +2.50e-01 +0.00e+00  1
    149 +1.1305e-03 +1.00e-04 +1.00e+07      1      1      1  0      1  0 +1.08e-19 +3.83e-03 +4.43e-05 +5.00e-01 +5.00e-01 +1.00e+00 +0.00e+00  1
    150 +1.1041e-03 +1.00e-04 +1.00e+07      0      1      1  0      1  0 +0.00e+00 +1.13e-02 +8.62e-05 +1.00e-03 +1.00e-03 +5.00e-01 +0.00e+00  1
    151 +1.0795e-03 +1.00e-04 +1.00e+07      0      1      1  0      1  0 +1.36e-20 +5.35e-03 +5.45e-05 +1.85e-02 +1.85e-02 +5.00e-01 +0.00e+00  1
    152 +1.0715e-03 +1.00e-04 +1.00e+07      1      1      1  0      1  0 +0.00e+00 +1.25e-03 +1.03e-05 +1.00e-03 +1.00e-03 +1.34e+01 +0.00e+00  1
    153 +1.0595e-03 +1.00e-04 +1.00e+07      0      1      1  0      1  0 +0.00e+00 +4.18e-03 +2.06e-05 +1.96e-02 +1.96e-02 +7.19e+00 +0.00e+00  1
    154 +1.0389e-03 +1.00e-04 +1.00e+07      0      1      1  0      1  0 +0.00e+00 +2.17e-02 +2.06e-04 +4.39e-03 +4.39e-03 +1.00e+00 +0.00e+00  1
    155 +9.8301e-04 +1.00e-04 +1.00e+07      0      1      1  0      1  0 +0.00e+00 +1.85e-03 +6.30e-05 +5.00e-01 +5.00e-01 +2.50e-01 +0.00e+00  1
    156 +9.7839e-04 +1.00e-04 +1.00e+07      1      1      1  0      1  0 +1.36e-20 +6.86e-03 +2.93e-05 +1.96e-02 +1.96e-02 +1.00e+00 +0.00e+00  1
    157 +9.5104e-04 +1.00e-04 +1.00e+07      0      1      1  0      1  0 +0.00e+00 +4.16e-02 +1.35e-04 +5.00e-01 +5.00e-01 +1.25e-01 +0.00e+00  1
    158 +9.4378e-04 +1.00e-04 +1.00e+07      1      1      1  0      1  0 +2.71e-20 +4.32e-03 +3.99e-05 +4.37e-03 +4.37e-03 +2.50e-01 +0.00e+00  1
    159 +9.4205e-04 +1.00e-04 +1.00e+07      2      1      1  0      1  0 +2.71e-20 +3.98e-04 +1.55e-05 +2.50e-01 +2.50e-01 +5.00e-01 +0.00e+00  1
--------------------------------------------------------------------------------------------------------------------------------------------------
  Iter.  Objective   St. Rad.  Tr. Rad.  |Pts| In Its QP Pts L? QP Its S?   QP KKT    |Step|   |Step|_H  |Grad.|  |G. Cmb.|  Stepsize Up. Fact. U?
--------------------------------------------------------------------------------------------------------------------------------------------------
    160 +9.3931e-04 +1.00e-04 +1.00e+07      3      1      1  0      1  0 +4.07e-20 +5.64e-04 +4.56e-06 +5.00e-01 +5.00e-01 +1.00e+00 +0.00e+00  1
    161 +9.3534e-04 +1.00e-04 +1.00e+07      4      1      1  0      1  0 +6.78e-21 +5.75e-03 +4.11e-05 +2.04e-02 +2.04e-02 +2.50e-01 +0.00e+00  1
    162 +9.3300e-04 +1.00e-04 +1.00e+07      4      1      1  0      1  0 +3.39e-20 +3.45e-04 +8.05e-06 +4.37e-03 +4.37e-03 +3.12e-02 +0.00e+00  1
    163 +9.3283e-04 +1.00e-04 +1.00e+07      5      1      1  0      1  0 +0.00e+00 +4.38e-04 +2.28e-06 +1.00e-03 +1.00e-03 +3.12e-01 +0.00e+00  1
    164 +9.3213e-04 +1.00e-04 +1.00e+07      6      1      1  0      1  0 +0.00e+00 +7.46e-03 +3.64e-05 +4.37e-03 +4.37e-03 +3.12e-02 +0.00e+00  1
    165 +9.3149e-04 +1.00e-04 +1.00e+07      7      1      1  0      1  0 +2.03e-20 +2.03e-04 +1.97e-06 +2.50e-01 +2.50e-01 +1.87e+00 +0.00e+00  1
    166 +9.3045e-04 +1.00e-04 +1.00e+07      8      1      1  0      1  0 +3.39e-21 +5.82e-04 +3.87e-06 +2.04e-02 +2.04e-02 +1.00e+00 +0.00e+00  1
    167 +9.2991e-04 +1.00e-04 +1.00e+07      9      1      1  0      1  0 +0.00e+00 +3.20e-04 +1.08e-06 +1.00e-03 +1.00e-03 +5.05e+01 +0.00e+00  1
    168 +9.1775e-04 +1.00e-04 +1.00e+07      0      1      1  0      1  0 +0.00e+00 +5.75e-03 +7.32e-06 +2.00e-02 +2.00e-02 +6.25e-02 +0.00e+00  1
    169 +9.1755e-04 +1.00e-04 +1.00e+07      1      1      1  0      1  0 +0.00e+00 +3.28e-04 +2.18e-06 +7.69e-02 +7.69e-02 +6.25e-01 +0.00e+00  1
    170 +9.1636e-04 +1.00e-04 +1.00e+07      2      1      1  0      1  0 +3.05e-20 +1.29e-03 +1.12e-05 +2.00e-02 +2.00e-02 +1.77e+00 +0.00e+00  1
    171 +9.0653e-04 +1.00e-04 +1.00e+06      0      1      1  0      1  0 +6.78e-21 +2.46e-03 +1.89e-05 +4.35e-03 +4.35e-03 +1.00e+00 +0.00e+00  1
    172 +9.0605e-04 +1.00e-04 +1.00e+06      0      1      1  0      1  0 +1.36e-20 +9.16e-04 +5.63e-06 +2.00e-02 +2.00e-02 +4.09e+00 +0.00e+00  1
    173 +9.0359e-04 +1.00e-04 +1.00e+06      0      1      1  0      1  0 +0.00e+00 +1.50e-03 +1.09e-05 +4.37e-03 +4.37e-03 +2.55e+00 +0.00e+00  1
    174 +8.9622e-04 +1.00e-04 +1.00e+06      0      1      1  0      1  0 +0.00e+00 +3.48e-03 +1.00e-05 +5.00e-01 +5.00e-01 +7.19e+00 +0.00e+00  1
    175 +8.8928e-04 +1.00e-04 +1.00e+06      0      1      1  0      1  0 +0.00e+00 +9.03e-03 +2.04e-05 +4.39e-03 +4.39e-03 +1.77e+00 +0.00e+00  1
    176 +8.7880e-04 +1.00e-04 +1.00e+06      0      1      1  0      1  0 +0.00e+00 +6.32e-03 +3.91e-05 +1.00e+00 +1.00e+00 +1.00e+00 +0.00e+00  1
    177 +8.6472e-04 +1.00e-04 +1.00e+06      0      1      1  0      1  0 +2.54e-20 +5.56e-03 +1.50e-05 +4.35e-03 +4.35e-03 +2.58e+01 +0.00e+00  1
    178 +8.5561e-04 +1.00e-04 +1.00e+06      0      1      1  0      1  0 +0.00e+00 +2.62e-02 +7.47e-05 +1.72e-02 +1.72e-02 +1.34e+01 +0.00e+00  1
    179 +8.4728e-04 +1.00e-04 +1.00e+06      0      1      1  0      1  0 +0.00e+00 +2.02e-02 +5.77e-05 +1.00e+00 +1.00e+00 +1.03e+01 +0.00e+00  1
--------------------------------------------------------------------------------------------------------------------------------------------------
  Iter.  Objective   St. Rad.  Tr. Rad.  |Pts| In Its QP Pts L? QP Its S?   QP KKT    |Step|   |Step|_H  |Grad.|  |G. Cmb.|  Stepsize Up. Fact. U?
--------------------------------------------------------------------------------------------------------------------------------------------------
    180 +6.5865e-04 +1.00e-04 +1.00e+06      0      1      1  0      1  0 +0.00e+00 +7.12e-02 +7.53e-04 +8.93e-03 +8.93e-03 +1.00e+00 +0.00e+00  1
    181 +5.6174e-04 +1.00e-04 +1.00e+06      0      1      1  0      1  0 +0.00e+00 +8.92e-02 +1.70e-04 +1.00e+00 +1.00e+00 +1.00e+00 +0.00e+00  1
    182 +3.9270e-04 +1.00e-04 +1.00e+06      0      1      1  0      1  0 +0.00e+00 +1.15e-01 +1.56e-04 +3.33e-01 +3.33e-01 +1.00e+00 +0.00e+00  1
    183 +3.8678e-04 +1.00e-04 +1.00e+06      0      1      1  0      1  0 +0.00e+00 +1.65e-01 +1.87e-04 +1.00e+00 +1.00e+00 +1.00e+00 +0.00e+00  1
    184 +3.5078e-04 +1.00e-04 +1.00e+06      0      1      1  0      1  0 +0.00e+00 +7.85e-02 +8.53e-05 +3.65e-03 +3.65e-03 +1.00e+00 +0.00e+00  1
    185 +2.7010e-04 +1.00e-04 +1.00e+06      0      1      1  0      1  0 +0.00e+00 +8.36e-01 +7.07e-04 +3.33e-03 +3.33e-03 +3.12e-02 +0.00e+00  1
    186 +2.5649e-04 +1.00e-04 +1.00e+06      0      1      1  0      1  0 +0.00e+00 +2.32e-02 +4.72e-05 +1.00e+00 +1.00e+00 +1.09e+00 +0.00e+00  1
    187 +2.3731e-04 +1.00e-04 +1.00e+06      0      1      1  0      1  0 +0.00e+00 +3.21e-02 +4.20e-05 +3.33e-01 +3.33e-01 +5.00e-01 +0.00e+00  1
    188 +2.3052e-04 +1.00e-04 +1.00e+06      0      1      1  0      1  0 +0.00e+00 +8.03e-03 +4.69e-06 +3.03e-03 +3.03e-03 +1.77e+00 +0.00e+00  1
    189 +2.2908e-04 +1.00e-04 +1.00e+06      0      1      1  0      1  0 +0.00e+00 +6.18e-03 +8.16e-06 +3.33e-01 +3.33e-01 +1.00e+00 +0.00e+00  1
    190 +2.2681e-04 +1.00e-04 +1.00e+06      0      1      1  0      1  0 +1.36e-20 +4.81e-03 +2.12e-06 +3.03e-03 +3.03e-03 +1.77e+00 +0.00e+00  1
    191 +2.2535e-04 +1.00e-04 +1.00e+06      0      1      1  0      1  0 +0.00e+00 +1.34e-03 +2.97e-06 +3.33e-01 +3.33e-01 +1.00e+00 +0.00e+00  1
    192 +2.2455e-04 +1.00e-04 +1.00e+06      1      1      1  0      1  0 +9.32e-21 +3.88e-03 +1.13e-06 +3.06e-03 +3.06e-03 +4.09e+00 +0.00e+00  1
    193 +2.2389e-04 +1.00e-04 +1.00e+06      0      1      1  0      1  0 +0.00e+00 +3.81e-03 +1.78e-06 +3.33e-01 +3.33e-01 +7.19e+00 +0.00e+00  1
    194 +2.2220e-04 +1.00e-04 +1.00e+06      0      1      1  0      1  0 +0.00e+00 +5.40e-03 +3.06e-06 +3.39e-03 +3.39e-03 +1.00e+00 +0.00e+00  1
    195 +2.1941e-04 +1.00e-04 +1.00e+06      0      1      1  0      1  0 +1.36e-20 +4.31e-03 +2.31e-05 +3.30e-03 +3.30e-03 +2.50e-01 +0.00e+00  1
    196 +2.1661e-04 +1.00e-04 +1.00e+06      1      1      1  0      1  0 +0.00e+00 +7.97e-03 +4.70e-06 +3.33e-01 +3.33e-01 +1.00e+00 +0.00e+00  1
    197 +2.1227e-04 +1.00e-04 +1.00e+06      0      1      1  0      1  0 +1.36e-20 +3.81e-02 +1.54e-05 +3.26e-03 +3.26e-03 +1.88e-01 +0.00e+00  1
    198 +2.1140e-04 +1.00e-04 +1.00e+06      0      1      1  0      1  0 +0.00e+00 +1.19e-02 +7.98e-06 +3.33e-02 +3.33e-02

EXIT: Objective not improving sufficiently.

Objective............................ : 2.114027e-04
Objective (unscaled)................. : 2.114027e-04

Number of iterations................. : 198
Number of inner iterations........... : 199
Number of QP iterations.............. : 199
Number of function evaluations....... : 858
Number of gradient evaluations....... : 275

CPU seconds.......................... : 4.502786
CPU seconds in evaluations........... : 3.856452
CPU seconds in direction computations : 1.014544
CPU seconds in line searches......... : 3.177740
